May 15, 2023 1:15:09 AM managers.LogPrinter print
INFO: Client started running on [
May 15, 2023 1:15:09 AM managers.LogPrinter print
INFO: localhost
May 15, 2023 1:15:09 AM managers.LogPrinter print
INFO: ][
May 15, 2023 1:15:09 AM managers.LogPrinter print
INFO: 1234
May 15, 2023 1:15:09 AM managers.LogPrinter print
INFO: ]


May 15, 2023 1:15:09 AM managers.LogPrinter print
INFO: >>> 
May 15, 2023 1:15:11 AM managers.CommandExecutor run
INFO: add
May 15, 2023 1:15:11 AM managers.LogPrinter print
INFO: Введите Name (String), /q для отмены:
May 15, 2023 1:15:11 AM managers.LogPrinter println
INFO: Введите Name (String), /q для отмены:
May 15, 2023 1:15:12 AM managers.LogPrinter print
INFO: Введите координаты x, y (Long, Double):
May 15, 2023 1:15:12 AM managers.LogPrinter println
INFO: Введите координаты x, y (Long, Double):
May 15, 2023 1:15:12 AM managers.LogPrinter print
INFO: Введите area (Integer): 
May 15, 2023 1:15:12 AM managers.LogPrinter println
INFO: Введите area (Integer): 
May 15, 2023 1:15:13 AM managers.LogPrinter print
INFO: Введите numberOfRooms (Integer):
May 15, 2023 1:15:13 AM managers.LogPrinter println
INFO: Введите numberOfRooms (Integer):
May 15, 2023 1:15:13 AM managers.LogPrinter print
INFO: Введите timeToMetroOnFoot (Float):
May 15, 2023 1:15:13 AM managers.LogPrinter println
INFO: Введите timeToMetroOnFoot (Float):
May 15, 2023 1:15:13 AM managers.LogPrinter print
INFO: Введите timeToMetroByTransport (Double):
May 15, 2023 1:15:13 AM managers.LogPrinter println
INFO: Введите timeToMetroByTransport (Double):
May 15, 2023 1:15:13 AM managers.LogPrinter print
INFO: Введите furnish (Enum [NONE, DESIGNER, FINE, LITTLE]):
May 15, 2023 1:15:13 AM managers.LogPrinter println
INFO: Введите furnish (Enum [NONE, DESIGNER, FINE, LITTLE]):
May 15, 2023 1:15:17 AM managers.LogPrinter print
INFO: Введите name of House (String):
May 15, 2023 1:15:17 AM managers.LogPrinter println
INFO: Введите name of House (String):
May 15, 2023 1:15:18 AM managers.LogPrinter print
INFO: Введите year of House (Long):
May 15, 2023 1:15:18 AM managers.LogPrinter println
INFO: Введите year of House (Long):
May 15, 2023 1:15:18 AM managers.LogPrinter print
INFO: Введите numberOfFloors of House (Long):
May 15, 2023 1:15:18 AM managers.LogPrinter println
INFO: Введите numberOfFloors of House (Long):
May 15, 2023 1:15:19 AM managers.LogPrinter print
INFO: Введите numberOfLifts of House (Int):
May 15, 2023 1:15:19 AM managers.LogPrinter println
INFO: Введите numberOfLifts of House (Int):
May 15, 2023 1:15:19 AM managers.LogPrinter print
INFO:     ***    ***    ***
Flat №470420375
    name: 1
    coordinates: X: 1; Y: 1.0
    creationDate: 2023-05-15T01:15:19.652806189+03:00[Europe/Moscow]
    area: 1
    numberOfRooms: 1
    timeToMetroOnFoot: 1.0
    timeToMetroByTransport: 1.0
    furnish: DESIGNER
House:
    name: 1
    year: 1
    numberOfFloors: 1
    numberOfLifts: 1

    ***    ***    ***

