May 15, 2023 3:25:55 AM managers.LogPrinter print
INFO: Client started running on [
May 15, 2023 3:25:55 AM managers.LogPrinter print
INFO: localhost
May 15, 2023 3:25:55 AM managers.LogPrinter print
INFO: ][
May 15, 2023 3:25:55 AM managers.LogPrinter print
INFO: 1234
May 15, 2023 3:25:55 AM managers.LogPrinter print
INFO: ]


May 15, 2023 3:25:55 AM managers.LogPrinter print
INFO: >>> 
May 15, 2023 3:26:00 AM managers.CommandExecutor run
INFO: /reg
May 15, 2023 3:26:00 AM managers.LogPrinter print
INFO: Регистрация нового пользователя
May 15, 2023 3:26:00 AM managers.LogPrinter println
INFO: Регистрация нового пользователя
May 15, 2023 3:26:00 AM managers.LogPrinter print
INFO: Введите логин: 
May 15, 2023 3:26:02 AM managers.LogPrinter print
INFO: Введите пароль: 
May 15, 2023 3:26:03 AM managers.LogPrinter print
INFO: Пользователь Kuhcizu успешно зарегистрирован
May 15, 2023 3:26:03 AM managers.LogPrinter println
INFO: Пользователь Kuhcizu успешно зарегистрирован
May 15, 2023 3:26:03 AM managers.LogPrinter print
INFO: 
/reg
May 15, 2023 3:26:03 AM managers.LogPrinter println
INFO: 
/reg
May 15, 2023 3:26:03 AM managers.LogPrinter print
INFO: [
May 15, 2023 3:26:03 AM managers.LogPrinter print
INFO: Kuhcizu
May 15, 2023 3:26:03 AM managers.LogPrinter print
INFO: ] >>> 
May 15, 2023 3:26:05 AM managers.CommandExecutor run
INFO: 
May 15, 2023 3:26:05 AM managers.LogPrinter print
INFO: [
May 15, 2023 3:26:05 AM managers.LogPrinter print
INFO: Kuhcizu
May 15, 2023 3:26:05 AM managers.LogPrinter print
INFO: ] >>> 
May 15, 2023 3:26:07 AM managers.CommandExecutor run
INFO: 
May 15, 2023 3:26:07 AM managers.LogPrinter print
INFO: [
May 15, 2023 3:26:07 AM managers.LogPrinter print
INFO: Kuhcizu
May 15, 2023 3:26:07 AM managers.LogPrinter print
INFO: ] >>> 
