May 15, 2023 3:50:59 AM managers.LogPrinter print
INFO: Client started running on [
May 15, 2023 3:50:59 AM managers.LogPrinter print
INFO: localhost
May 15, 2023 3:50:59 AM managers.LogPrinter print
INFO: ][
May 15, 2023 3:50:59 AM managers.LogPrinter print
INFO: 1234
May 15, 2023 3:50:59 AM managers.LogPrinter print
INFO: ]


May 15, 2023 3:50:59 AM managers.LogPrinter print
INFO: >>> 
May 15, 2023 3:51:02 AM managers.CommandExecutor run
INFO: /login
May 15, 2023 3:51:02 AM managers.LogPrinter print
INFO: Введите логин: 
May 15, 2023 3:51:16 AM managers.LogPrinter print
INFO: Введите пароль: 
May 15, 2023 3:51:19 AM managers.LogPrinter print
INFO: Успешная авторизация.
May 15, 2023 3:51:19 AM managers.LogPrinter println
INFO: Успешная авторизация.
May 15, 2023 3:51:19 AM managers.LogPrinter print
INFO: [
May 15, 2023 3:51:19 AM managers.LogPrinter print
INFO: Kuchizu
May 15, 2023 3:51:19 AM managers.LogPrinter print
INFO: ] >>> 
May 15, 2023 3:51:23 AM managers.CommandExecutor run
INFO: info
May 15, 2023 3:51:23 AM managers.LogPrinter print
INFO: 
Collection ArrayDeque
Size: 2 elements
CreationDate: 2023-05-15T03:37:37.485313+03:00[Europe/Moscow]
LastElementID: 4

May 15, 2023 3:51:23 AM managers.LogPrinter println
INFO: 
Collection ArrayDeque
Size: 2 elements
CreationDate: 2023-05-15T03:37:37.485313+03:00[Europe/Moscow]
LastElementID: 4

May 15, 2023 3:51:23 AM managers.LogPrinter print
INFO: [
May 15, 2023 3:51:23 AM managers.LogPrinter print
INFO: Kuchizu
May 15, 2023 3:51:23 AM managers.LogPrinter print
INFO: ] >>> 
May 15, 2023 3:51:25 AM managers.CommandExecutor run
INFO: show
May 15, 2023 3:51:25 AM managers.LogPrinter print
INFO: 
    ***    ***    ***

Flat №3
    name: 1
    coordinates: X: 1; Y: 1.0
    creationDate: 2023-05-15T03:37:37.485313+03:00[Europe/Moscow]
    area: 2
    numberOfRooms: 3
    timeToMetroOnFoot: 4.0
    timeToMetroByTransport: 5.0
    furnish: DESIGNER
House:
    name: 123123
    year: 12
    numberOfFloors: 22
    numberOfLifts: 33

    ***    ***    ***
    ***    ***    ***

Flat №4
    name: 1
    coordinates: X: 2; Y: 3.0
    creationDate: 2023-05-15T03:39:08.038840+03:00[Europe/Moscow]
    area: 3
    numberOfRooms: 4
    timeToMetroOnFoot: 5.5
    timeToMetroByTransport: 1.0
    furnish: FINE
House:
    name: 1
    year: 1
    numberOfFloors: 1
    numberOfLifts: 1

    ***    ***    ***

May 15, 2023 3:51:25 AM managers.LogPrinter println
INFO: 
    ***    ***    ***

Flat №3
    name: 1
    coordinates: X: 1; Y: 1.0
    creationDate: 2023-05-15T03:37:37.485313+03:00[Europe/Moscow]
    area: 2
    numberOfRooms: 3
    timeToMetroOnFoot: 4.0
    timeToMetroByTransport: 5.0
    furnish: DESIGNER
House:
    name: 123123
    year: 12
    numberOfFloors: 22
    numberOfLifts: 33

    ***    ***    ***
    ***    ***    ***

Flat №4
    name: 1
    coordinates: X: 2; Y: 3.0
    creationDate: 2023-05-15T03:39:08.038840+03:00[Europe/Moscow]
    area: 3
    numberOfRooms: 4
    timeToMetroOnFoot: 5.5
    timeToMetroByTransport: 1.0
    furnish: FINE
House:
    name: 1
    year: 1
    numberOfFloors: 1
    numberOfLifts: 1

    ***    ***    ***

May 15, 2023 3:51:25 AM managers.LogPrinter print
INFO: [
May 15, 2023 3:51:25 AM managers.LogPrinter print
INFO: Kuchizu
May 15, 2023 3:51:25 AM managers.LogPrinter print
INFO: ] >>> 
May 15, 2023 3:51:28 AM managers.CommandExecutor run
INFO: help
