May 15, 2023 6:00:49 AM managers.LogPrinter print
INFO: Client started running on [
May 15, 2023 6:00:49 AM managers.LogPrinter print
INFO: localhost
May 15, 2023 6:00:49 AM managers.LogPrinter print
INFO: ][
May 15, 2023 6:00:49 AM managers.LogPrinter print
INFO: 1234
May 15, 2023 6:00:49 AM managers.LogPrinter print
INFO: ]


May 15, 2023 6:00:49 AM managers.LogPrinter print
INFO: >>> 
May 15, 2023 6:00:55 AM managers.CommandExecutor run
INFO: execute_script 1234
May 15, 2023 6:00:55 AM managers.LogPrinter print
INFO: Для использования команд войдите в систему (/login) или зарегистрируйтесь (/reg)
May 15, 2023 6:00:55 AM managers.LogPrinter println
INFO: Для использования команд войдите в систему (/login) или зарегистрируйтесь (/reg)
May 15, 2023 6:00:55 AM managers.LogPrinter print
INFO: >>> 
May 15, 2023 6:00:59 AM managers.CommandExecutor run
INFO: /login
May 15, 2023 6:00:59 AM managers.LogPrinter print
INFO: Введите логин: 
May 15, 2023 6:01:00 AM managers.LogPrinter print
INFO: Введите пароль: 
May 15, 2023 6:01:01 AM managers.LogPrinter print
INFO: Успешная авторизация.
May 15, 2023 6:01:01 AM managers.LogPrinter println
INFO: Успешная авторизация.
May 15, 2023 6:01:01 AM managers.LogPrinter print
INFO: [
May 15, 2023 6:01:01 AM managers.LogPrinter print
INFO: Kuchizu
May 15, 2023 6:01:01 AM managers.LogPrinter print
INFO: ] >>> 
May 15, 2023 6:01:05 AM managers.CommandExecutor run
INFO: execute_script 1234
