May 15, 2023 6:19:13 PM managers.LogPrinter print
INFO: Client started running on [
May 15, 2023 6:19:13 PM managers.LogPrinter print
INFO: localhost
May 15, 2023 6:19:13 PM managers.LogPrinter print
INFO: ][
May 15, 2023 6:19:13 PM managers.LogPrinter print
INFO: 1234
May 15, 2023 6:19:13 PM managers.LogPrinter print
INFO: ]


May 15, 2023 6:19:13 PM managers.LogPrinter print
INFO: >>> 
May 15, 2023 6:19:22 PM managers.CommandExecutor run
INFO: /login
May 15, 2023 6:19:22 PM managers.LogPrinter print
INFO: Введите логин: 
May 15, 2023 6:19:24 PM managers.LogPrinter print
INFO: Введите пароль: 
May 15, 2023 6:19:26 PM managers.LogPrinter print
INFO: Успешная авторизация.
May 15, 2023 6:19:26 PM managers.LogPrinter println
INFO: Успешная авторизация.
May 15, 2023 6:19:26 PM managers.LogPrinter print
INFO: [
May 15, 2023 6:19:26 PM managers.LogPrinter print
INFO: Kuchizu
May 15, 2023 6:19:26 PM managers.LogPrinter print
INFO: ] >>> 
May 15, 2023 6:19:28 PM managers.CommandExecutor run
INFO: help
May 15, 2023 6:19:28 PM managers.LogPrinter print
INFO: 
remove_head: Вывести первый элемент коллекции и удалить его
add {element}: Добавить новый элемент в коллекцию
count_by_time_to_metro_on_foot timeToMetroOnFoot: Вывести количество элементов, значение поля timeToMetroOnFoot которых равно заданному
execute_script file_name: Cчитать и исполнить скрипт из указанного файла. В скрипте содержатся команды в таком же виде, в котором их вводит пользователь в интерактивном режиме.
show: Вывести в стандартный поток вывода все элементы коллекции в строковом представлении
clear: Очистить коллекцию
update id {element}: Обновить значение элемента коллекции, id которого равен заданному
remove_by_id id: Удалить элемент из коллекции по его id
remove_lower: Удалить из коллекции все элементы, меньшие, чем заданный
head: Вывести первый элемент коллекции
help: Вывести справку по доступным командам
exit: Завершить программу (без сохранения в файл)
print_descending: Вывести элементы коллекции в порядке убывания
average_of_time_to_metro_by_transport: Вывести среднее значение поля timeToMetroByTransport для всех элементов коллекции
info: Вывести в стандартный поток вывода информацию о коллекции (тип, дата инициализации, количество элементов и т.д.)

May 15, 2023 6:19:28 PM managers.LogPrinter println
INFO: 
remove_head: Вывести первый элемент коллекции и удалить его
add {element}: Добавить новый элемент в коллекцию
count_by_time_to_metro_on_foot timeToMetroOnFoot: Вывести количество элементов, значение поля timeToMetroOnFoot которых равно заданному
execute_script file_name: Cчитать и исполнить скрипт из указанного файла. В скрипте содержатся команды в таком же виде, в котором их вводит пользователь в интерактивном режиме.
show: Вывести в стандартный поток вывода все элементы коллекции в строковом представлении
clear: Очистить коллекцию
update id {element}: Обновить значение элемента коллекции, id которого равен заданному
remove_by_id id: Удалить элемент из коллекции по его id
remove_lower: Удалить из коллекции все элементы, меньшие, чем заданный
head: Вывести первый элемент коллекции
help: Вывести справку по доступным командам
exit: Завершить программу (без сохранения в файл)
print_descending: Вывести элементы коллекции в порядке убывания
average_of_time_to_metro_by_transport: Вывести среднее значение поля timeToMetroByTransport для всех элементов коллекции
info: Вывести в стандартный поток вывода информацию о коллекции (тип, дата инициализации, количество элементов и т.д.)

May 15, 2023 6:19:28 PM managers.LogPrinter print
INFO: [
May 15, 2023 6:19:28 PM managers.LogPrinter print
INFO: Kuchizu
May 15, 2023 6:19:28 PM managers.LogPrinter print
INFO: ] >>> 
May 15, 2023 6:19:31 PM managers.CommandExecutor run
INFO: add
May 15, 2023 6:19:31 PM managers.LogPrinter print
INFO: Введите Name (String), /q для отмены:
May 15, 2023 6:19:31 PM managers.LogPrinter println
INFO: Введите Name (String), /q для отмены:
May 15, 2023 6:19:31 PM managers.LogPrinter print
INFO: Введите координаты x, y (Long, Double):
May 15, 2023 6:19:31 PM managers.LogPrinter println
INFO: Введите координаты x, y (Long, Double):
May 15, 2023 6:19:33 PM managers.LogPrinter print
INFO: Введите area (Integer): 
May 15, 2023 6:19:33 PM managers.LogPrinter println
INFO: Введите area (Integer): 
May 15, 2023 6:19:33 PM managers.LogPrinter print
INFO: Введите numberOfRooms (Integer):
May 15, 2023 6:19:33 PM managers.LogPrinter println
INFO: Введите numberOfRooms (Integer):
May 15, 2023 6:19:34 PM managers.LogPrinter print
INFO: Введите timeToMetroOnFoot (Float):
May 15, 2023 6:19:34 PM managers.LogPrinter println
INFO: Введите timeToMetroOnFoot (Float):
May 15, 2023 6:19:35 PM managers.LogPrinter print
INFO: Введите timeToMetroByTransport (Double):
May 15, 2023 6:19:35 PM managers.LogPrinter println
INFO: Введите timeToMetroByTransport (Double):
May 15, 2023 6:19:35 PM managers.LogPrinter print
INFO: Введите furnish (Enum [NONE, DESIGNER, FINE, LITTLE]):
May 15, 2023 6:19:35 PM managers.LogPrinter println
INFO: Введите furnish (Enum [NONE, DESIGNER, FINE, LITTLE]):
May 15, 2023 6:19:38 PM managers.LogPrinter print
INFO: Введите name of House (String):
May 15, 2023 6:19:38 PM managers.LogPrinter println
INFO: Введите name of House (String):
May 15, 2023 6:19:39 PM managers.LogPrinter print
INFO: Введите year of House (Long):
May 15, 2023 6:19:39 PM managers.LogPrinter println
INFO: Введите year of House (Long):
May 15, 2023 6:19:39 PM managers.LogPrinter print
INFO: Введите numberOfFloors of House (Long):
May 15, 2023 6:19:39 PM managers.LogPrinter println
INFO: Введите numberOfFloors of House (Long):
May 15, 2023 6:19:40 PM managers.LogPrinter print
INFO: Введите numberOfLifts of House (Int):
May 15, 2023 6:19:40 PM managers.LogPrinter println
INFO: Введите numberOfLifts of House (Int):
May 15, 2023 6:19:40 PM managers.LogPrinter print
INFO: Объект 1 добавлен в коллекцию.
May 15, 2023 6:19:40 PM managers.LogPrinter println
INFO: Объект 1 добавлен в коллекцию.
May 15, 2023 6:19:40 PM managers.LogPrinter print
INFO: [
May 15, 2023 6:19:40 PM managers.LogPrinter print
INFO: Kuchizu
May 15, 2023 6:19:40 PM managers.LogPrinter print
INFO: ] >>> 
May 15, 2023 6:19:44 PM managers.CommandExecutor run
INFO: info
May 15, 2023 6:19:44 PM managers.LogPrinter print
INFO: 
Collection ArrayDeque
Size: 9 elements
CreationDate: 2023-05-15T06:13:10.190003+03:00[Europe/Moscow]
LastElementID: 19

May 15, 2023 6:19:44 PM managers.LogPrinter println
INFO: 
Collection ArrayDeque
Size: 9 elements
CreationDate: 2023-05-15T06:13:10.190003+03:00[Europe/Moscow]
LastElementID: 19

May 15, 2023 6:19:44 PM managers.LogPrinter print
INFO: [
May 15, 2023 6:19:44 PM managers.LogPrinter print
INFO: Kuchizu
May 15, 2023 6:19:44 PM managers.LogPrinter print
INFO: ] >>> 
May 15, 2023 6:37:15 PM managers.CommandExecutor run
INFO: info
May 15, 2023 6:37:15 PM managers.LogPrinter print
INFO: 
Collection ArrayDeque
Size: 9 elements
CreationDate: 2023-05-15T06:13:10.190003+03:00[Europe/Moscow]
LastElementID: 19

May 15, 2023 6:37:15 PM managers.LogPrinter println
INFO: 
Collection ArrayDeque
Size: 9 elements
CreationDate: 2023-05-15T06:13:10.190003+03:00[Europe/Moscow]
LastElementID: 19

May 15, 2023 6:37:15 PM managers.LogPrinter print
INFO: [
May 15, 2023 6:37:15 PM managers.LogPrinter print
INFO: Kuchizu
May 15, 2023 6:37:15 PM managers.LogPrinter print
INFO: ] >>> 
May 15, 2023 6:37:17 PM managers.CommandExecutor run
INFO: help
May 15, 2023 6:37:17 PM managers.LogPrinter print
INFO: 
remove_head: Вывести первый элемент коллекции и удалить его
add {element}: Добавить новый элемент в коллекцию
count_by_time_to_metro_on_foot timeToMetroOnFoot: Вывести количество элементов, значение поля timeToMetroOnFoot которых равно заданному
execute_script file_name: Cчитать и исполнить скрипт из указанного файла. В скрипте содержатся команды в таком же виде, в котором их вводит пользователь в интерактивном режиме.
show: Вывести в стандартный поток вывода все элементы коллекции в строковом представлении
clear: Очистить коллекцию
update id {element}: Обновить значение элемента коллекции, id которого равен заданному
remove_by_id id: Удалить элемент из коллекции по его id
remove_lower: Удалить из коллекции все элементы, меньшие, чем заданный
head: Вывести первый элемент коллекции
help: Вывести справку по доступным командам
exit: Завершить программу (без сохранения в файл)
print_descending: Вывести элементы коллекции в порядке убывания
average_of_time_to_metro_by_transport: Вывести среднее значение поля timeToMetroByTransport для всех элементов коллекции
info: Вывести в стандартный поток вывода информацию о коллекции (тип, дата инициализации, количество элементов и т.д.)

May 15, 2023 6:37:17 PM managers.LogPrinter println
INFO: 
remove_head: Вывести первый элемент коллекции и удалить его
add {element}: Добавить новый элемент в коллекцию
count_by_time_to_metro_on_foot timeToMetroOnFoot: Вывести количество элементов, значение поля timeToMetroOnFoot которых равно заданному
execute_script file_name: Cчитать и исполнить скрипт из указанного файла. В скрипте содержатся команды в таком же виде, в котором их вводит пользователь в интерактивном режиме.
show: Вывести в стандартный поток вывода все элементы коллекции в строковом представлении
clear: Очистить коллекцию
update id {element}: Обновить значение элемента коллекции, id которого равен заданному
remove_by_id id: Удалить элемент из коллекции по его id
remove_lower: Удалить из коллекции все элементы, меньшие, чем заданный
head: Вывести первый элемент коллекции
help: Вывести справку по доступным командам
exit: Завершить программу (без сохранения в файл)
print_descending: Вывести элементы коллекции в порядке убывания
average_of_time_to_metro_by_transport: Вывести среднее значение поля timeToMetroByTransport для всех элементов коллекции
info: Вывести в стандартный поток вывода информацию о коллекции (тип, дата инициализации, количество элементов и т.д.)

May 15, 2023 6:37:17 PM managers.LogPrinter print
INFO: [
May 15, 2023 6:37:17 PM managers.LogPrinter print
INFO: Kuchizu
May 15, 2023 6:37:17 PM managers.LogPrinter print
INFO: ] >>> 
May 15, 2023 6:37:19 PM managers.CommandExecutor run
INFO: a
May 15, 2023 6:37:19 PM managers.LogPrinter print
INFO: Неизвестная команда
May 15, 2023 6:37:19 PM managers.LogPrinter println
INFO: Неизвестная команда
May 15, 2023 6:37:19 PM managers.LogPrinter print
INFO: [
May 15, 2023 6:37:19 PM managers.LogPrinter print
INFO: Kuchizu
May 15, 2023 6:37:19 PM managers.LogPrinter print
INFO: ] >>> 
May 15, 2023 6:37:22 PM managers.CommandExecutor run
INFO: clear
May 15, 2023 6:37:30 PM managers.CommandExecutor run
INFO: 
May 15, 2023 6:37:30 PM managers.LogPrinter print
INFO: [
May 15, 2023 6:37:30 PM managers.LogPrinter print
INFO: Kuchizu
May 15, 2023 6:37:30 PM managers.LogPrinter print
INFO: ] >>> 
May 15, 2023 6:37:31 PM managers.CommandExecutor run
INFO: info
May 15, 2023 6:37:31 PM managers.LogPrinter print
INFO: 
Collection ArrayDeque
Size: 4 elements
CreationDate: 2023-05-15T06:13:24.362786+03:00[Europe/Moscow]
LastElementID: 18

May 15, 2023 6:37:31 PM managers.LogPrinter println
INFO: 
Collection ArrayDeque
Size: 4 elements
CreationDate: 2023-05-15T06:13:24.362786+03:00[Europe/Moscow]
LastElementID: 18

May 15, 2023 6:37:31 PM managers.LogPrinter print
INFO: [
May 15, 2023 6:37:31 PM managers.LogPrinter print
INFO: Kuchizu
May 15, 2023 6:37:31 PM managers.LogPrinter print
INFO: ] >>> 
May 15, 2023 6:37:36 PM managers.CommandExecutor run
INFO: head
May 15, 2023 6:37:36 PM managers.LogPrinter print
INFO:     ***    ***    ***

Flat №9
    name: 1
    coordinates: X: 2; Y: 3.0
    creationDate: 2023-05-15T06:13:24.362786+03:00[Europe/Moscow]
    area: 4
    numberOfRooms: 5
    timeToMetroOnFoot: 6.0
    timeToMetroByTransport: 7.0
    furnish: FINE
House:
    name: 8
    year: 9
    numberOfFloors: 10
    numberOfLifts: 11

    ***    ***    ***

May 15, 2023 6:37:36 PM managers.LogPrinter println
INFO:     ***    ***    ***

Flat №9
    name: 1
    coordinates: X: 2; Y: 3.0
    creationDate: 2023-05-15T06:13:24.362786+03:00[Europe/Moscow]
    area: 4
    numberOfRooms: 5
    timeToMetroOnFoot: 6.0
    timeToMetroByTransport: 7.0
    furnish: FINE
House:
    name: 8
    year: 9
    numberOfFloors: 10
    numberOfLifts: 11

    ***    ***    ***

May 15, 2023 6:37:36 PM managers.LogPrinter print
INFO: [
May 15, 2023 6:37:36 PM managers.LogPrinter print
INFO: Kuchizu
May 15, 2023 6:37:36 PM managers.LogPrinter print
INFO: ] >>> 
May 15, 2023 6:37:46 PM managers.CommandExecutor run
INFO: print_descending
May 15, 2023 6:37:46 PM managers.LogPrinter print
INFO:     ***    ***    ***

Flat №18
    name: 1
    coordinates: X: 1; Y: 1.0
    creationDate: 2023-05-15T07:04:30.682844+03:00[Europe/Moscow]
    area: 1
    numberOfRooms: 1
    timeToMetroOnFoot: 1.0
    timeToMetroByTransport: 1.0
    furnish: LITTLE
House:
    name: 1
    year: 1
    numberOfFloors: 1
    numberOfLifts: 1

    ***    ***    ***

    ***    ***    ***

Flat №13
    name: 1
    coordinates: X: 2; Y: 3.0
    creationDate: 2023-05-15T06:13:27.048866+03:00[Europe/Moscow]
    area: 4
    numberOfRooms: 5
    timeToMetroOnFoot: 6.0
    timeToMetroByTransport: 7.0
    furnish: FINE
House:
    name: 8
    year: 9
    numberOfFloors: 10
    numberOfLifts: 11

    ***    ***    ***

    ***    ***    ***

Flat №11
    name: 1
    coordinates: X: 2; Y: 3.0
    creationDate: 2023-05-15T06:13:25.679623+03:00[Europe/Moscow]
    area: 4
    numberOfRooms: 5
    timeToMetroOnFoot: 6.0
    timeToMetroByTransport: 7.0
    furnish: FINE
House:
    name: 8
    year: 9
    numberOfFloors: 10
    numberOfLifts: 11

    ***    ***    ***

    ***    ***    ***

Flat №9
    name: 1
    coordinates: X: 2; Y: 3.0
    creationDate: 2023-05-15T06:13:24.362786+03:00[Europe/Moscow]
    area: 4
    numberOfRooms: 5
    timeToMetroOnFoot: 6.0
    timeToMetroByTransport: 7.0
    furnish: FINE
House:
    name: 8
    year: 9
    numberOfFloors: 10
    numberOfLifts: 11

    ***    ***    ***


May 15, 2023 6:37:46 PM managers.LogPrinter println
INFO:     ***    ***    ***

Flat №18
    name: 1
    coordinates: X: 1; Y: 1.0
    creationDate: 2023-05-15T07:04:30.682844+03:00[Europe/Moscow]
    area: 1
    numberOfRooms: 1
    timeToMetroOnFoot: 1.0
    timeToMetroByTransport: 1.0
    furnish: LITTLE
House:
    name: 1
    year: 1
    numberOfFloors: 1
    numberOfLifts: 1

    ***    ***    ***

    ***    ***    ***

Flat №13
    name: 1
    coordinates: X: 2; Y: 3.0
    creationDate: 2023-05-15T06:13:27.048866+03:00[Europe/Moscow]
    area: 4
    numberOfRooms: 5
    timeToMetroOnFoot: 6.0
    timeToMetroByTransport: 7.0
    furnish: FINE
House:
    name: 8
    year: 9
    numberOfFloors: 10
    numberOfLifts: 11

    ***    ***    ***

    ***    ***    ***

Flat №11
    name: 1
    coordinates: X: 2; Y: 3.0
    creationDate: 2023-05-15T06:13:25.679623+03:00[Europe/Moscow]
    area: 4
    numberOfRooms: 5
    timeToMetroOnFoot: 6.0
    timeToMetroByTransport: 7.0
    furnish: FINE
House:
    name: 8
    year: 9
    numberOfFloors: 10
    numberOfLifts: 11

    ***    ***    ***

    ***    ***    ***

Flat №9
    name: 1
    coordinates: X: 2; Y: 3.0
    creationDate: 2023-05-15T06:13:24.362786+03:00[Europe/Moscow]
    area: 4
    numberOfRooms: 5
    timeToMetroOnFoot: 6.0
    timeToMetroByTransport: 7.0
    furnish: FINE
House:
    name: 8
    year: 9
    numberOfFloors: 10
    numberOfLifts: 11

    ***    ***    ***


May 15, 2023 6:37:46 PM managers.LogPrinter print
INFO: [
May 15, 2023 6:37:46 PM managers.LogPrinter print
INFO: Kuchizu
May 15, 2023 6:37:46 PM managers.LogPrinter print
INFO: ] >>> 
May 15, 2023 6:37:48 PM managers.CommandExecutor run
INFO: info
May 15, 2023 6:37:48 PM managers.LogPrinter print
INFO: 
Collection ArrayDeque
Size: 4 elements
CreationDate: 2023-05-15T06:13:24.362786+03:00[Europe/Moscow]
LastElementID: 18

May 15, 2023 6:37:48 PM managers.LogPrinter println
INFO: 
Collection ArrayDeque
Size: 4 elements
CreationDate: 2023-05-15T06:13:24.362786+03:00[Europe/Moscow]
LastElementID: 18

May 15, 2023 6:37:48 PM managers.LogPrinter print
INFO: [
May 15, 2023 6:37:48 PM managers.LogPrinter print
INFO: Kuchizu
May 15, 2023 6:37:48 PM managers.LogPrinter print
INFO: ] >>> 
May 15, 2023 6:37:50 PM managers.CommandExecutor run
INFO: clear
May 15, 2023 6:38:00 PM managers.CommandExecutor run
INFO: info
May 15, 2023 6:38:00 PM managers.LogPrinter print
INFO: 
Collection ArrayDeque
Size: 2 elements
CreationDate: 2023-05-15T06:13:25.679623+03:00[Europe/Moscow]
LastElementID: 18

May 15, 2023 6:38:00 PM managers.LogPrinter println
INFO: 
Collection ArrayDeque
Size: 2 elements
CreationDate: 2023-05-15T06:13:25.679623+03:00[Europe/Moscow]
LastElementID: 18

May 15, 2023 6:38:00 PM managers.LogPrinter print
INFO: [
May 15, 2023 6:38:00 PM managers.LogPrinter print
INFO: Kuchizu
May 15, 2023 6:38:00 PM managers.LogPrinter print
INFO: ] >>> 
May 15, 2023 6:38:02 PM managers.CommandExecutor run
INFO: info
May 15, 2023 6:38:02 PM managers.LogPrinter print
INFO: 
Collection ArrayDeque
Size: 2 elements
CreationDate: 2023-05-15T06:13:25.679623+03:00[Europe/Moscow]
LastElementID: 18

May 15, 2023 6:38:02 PM managers.LogPrinter println
INFO: 
Collection ArrayDeque
Size: 2 elements
CreationDate: 2023-05-15T06:13:25.679623+03:00[Europe/Moscow]
LastElementID: 18

May 15, 2023 6:38:02 PM managers.LogPrinter print
INFO: [
May 15, 2023 6:38:02 PM managers.LogPrinter print
INFO: Kuchizu
May 15, 2023 6:38:02 PM managers.LogPrinter print
INFO: ] >>> 
May 15, 2023 6:38:03 PM managers.CommandExecutor run
INFO: clear
