May 15, 2023 3:17:57 AM managers.LogPrinter print
INFO: Client started running on [
May 15, 2023 3:17:57 AM managers.LogPrinter print
INFO: localhost
May 15, 2023 3:17:57 AM managers.LogPrinter print
INFO: ][
May 15, 2023 3:17:57 AM managers.LogPrinter print
INFO: 1234
May 15, 2023 3:17:57 AM managers.LogPrinter print
INFO: ]


May 15, 2023 3:17:57 AM managers.LogPrinter print
INFO: >>> 
May 15, 2023 3:18:04 AM managers.CommandExecutor run
INFO: /login
May 15, 2023 3:18:04 AM managers.LogPrinter print
INFO: Введите логин: 
May 15, 2023 3:18:05 AM managers.LogPrinter print
INFO: Введите пароль: 
May 15, 2023 3:18:06 AM managers.LogPrinter print
INFO: InfoPacket{cmd = 'null', arg = 'null', login = 'null', password = 'null'}
May 15, 2023 3:18:06 AM managers.LogPrinter print
INFO: 
null
May 15, 2023 3:18:06 AM managers.LogPrinter println
INFO: 
null
May 15, 2023 3:18:06 AM managers.LogPrinter print
INFO: >>> 
May 15, 2023 3:19:13 AM managers.CommandExecutor run
INFO: /login
May 15, 2023 3:19:13 AM managers.LogPrinter print
INFO: Введите логин: 
May 15, 2023 3:19:14 AM managers.LogPrinter print
INFO: Введите пароль: 
May 15, 2023 3:19:14 AM managers.LogPrinter print
INFO: InfoPacket{cmd = 'User with login 1 not found.', arg = 'null', login = 'null', password = 'null'}
May 15, 2023 3:19:14 AM managers.LogPrinter print
INFO: 
User with login 1 not found.
May 15, 2023 3:19:14 AM managers.LogPrinter println
INFO: 
User with login 1 not found.
May 15, 2023 3:19:14 AM managers.LogPrinter print
INFO: >>> 
