May 15, 2023 5:50:29 AM managers.LogPrinter print
INFO: Client started running on [
May 15, 2023 5:50:29 AM managers.LogPrinter print
INFO: localhost
May 15, 2023 5:50:29 AM managers.LogPrinter print
INFO: ][
May 15, 2023 5:50:29 AM managers.LogPrinter print
INFO: 1234
May 15, 2023 5:50:29 AM managers.LogPrinter print
INFO: ]


May 15, 2023 5:50:29 AM managers.LogPrinter print
INFO: >>> 
May 15, 2023 5:50:35 AM managers.CommandExecutor run
INFO: remove_by_id 123
May 15, 2023 5:50:35 AM managers.LogPrinter print
INFO: Для использования команд войдите в систему (/login) или зарегистрируйтесь (/reg)
May 15, 2023 5:50:35 AM managers.LogPrinter println
INFO: Для использования команд войдите в систему (/login) или зарегистрируйтесь (/reg)
May 15, 2023 5:50:35 AM managers.LogPrinter print
INFO: >>> 
May 15, 2023 5:50:37 AM managers.CommandExecutor run
INFO: /login
May 15, 2023 5:50:37 AM managers.LogPrinter print
INFO: Введите логин: 
May 15, 2023 5:50:39 AM managers.LogPrinter print
INFO: Введите пароль: 
May 15, 2023 5:50:40 AM managers.LogPrinter print
INFO: Успешная авторизация.
May 15, 2023 5:50:40 AM managers.LogPrinter println
INFO: Успешная авторизация.
May 15, 2023 5:50:40 AM managers.LogPrinter print
INFO: [
May 15, 2023 5:50:40 AM managers.LogPrinter print
INFO: Kuchizu
May 15, 2023 5:50:40 AM managers.LogPrinter print
INFO: ] >>> 
May 15, 2023 5:50:42 AM managers.CommandExecutor run
INFO: remove_by_id 123
May 15, 2023 5:50:43 AM managers.LogPrinter print
INFO: Element by id: 123 not found.
May 15, 2023 5:50:43 AM managers.LogPrinter println
INFO: Element by id: 123 not found.
May 15, 2023 5:50:43 AM managers.LogPrinter print
INFO: [
May 15, 2023 5:50:43 AM managers.LogPrinter print
INFO: Kuchizu
May 15, 2023 5:50:43 AM managers.LogPrinter print
INFO: ] >>> 
May 15, 2023 5:50:48 AM managers.CommandExecutor run
INFO: show
May 15, 2023 5:50:48 AM managers.LogPrinter print
INFO: Clear collection, nothing to show.
May 15, 2023 5:50:48 AM managers.LogPrinter println
INFO: Clear collection, nothing to show.
May 15, 2023 5:50:48 AM managers.LogPrinter print
INFO: [
May 15, 2023 5:50:48 AM managers.LogPrinter print
INFO: Kuchizu
May 15, 2023 5:50:48 AM managers.LogPrinter print
INFO: ] >>> 
May 15, 2023 5:50:54 AM managers.CommandExecutor run
INFO: add
May 15, 2023 5:50:54 AM managers.LogPrinter print
INFO: Введите Name (String), /q для отмены:
May 15, 2023 5:50:54 AM managers.LogPrinter println
INFO: Введите Name (String), /q для отмены:
May 15, 2023 5:50:54 AM managers.LogPrinter print
INFO: Введите координаты x, y (Long, Double):
May 15, 2023 5:50:54 AM managers.LogPrinter println
INFO: Введите координаты x, y (Long, Double):
May 15, 2023 5:50:55 AM managers.LogPrinter print
INFO: Введите area (Integer): 
May 15, 2023 5:50:55 AM managers.LogPrinter println
INFO: Введите area (Integer): 
May 15, 2023 5:50:56 AM managers.LogPrinter print
INFO: Введите numberOfRooms (Integer):
May 15, 2023 5:50:56 AM managers.LogPrinter println
INFO: Введите numberOfRooms (Integer):
May 15, 2023 5:50:56 AM managers.LogPrinter print
INFO: Введите timeToMetroOnFoot (Float):
May 15, 2023 5:50:56 AM managers.LogPrinter println
INFO: Введите timeToMetroOnFoot (Float):
May 15, 2023 5:50:56 AM managers.LogPrinter print
INFO: Введите timeToMetroByTransport (Double):
May 15, 2023 5:50:56 AM managers.LogPrinter println
INFO: Введите timeToMetroByTransport (Double):
May 15, 2023 5:50:56 AM managers.LogPrinter print
INFO: Введите furnish (Enum [NONE, DESIGNER, FINE, LITTLE]):
May 15, 2023 5:50:56 AM managers.LogPrinter println
INFO: Введите furnish (Enum [NONE, DESIGNER, FINE, LITTLE]):
May 15, 2023 5:50:59 AM managers.LogPrinter print
INFO: Введите name of House (String):
May 15, 2023 5:50:59 AM managers.LogPrinter println
INFO: Введите name of House (String):
May 15, 2023 5:51:01 AM managers.LogPrinter print
INFO: Введите year of House (Long):
May 15, 2023 5:51:01 AM managers.LogPrinter println
INFO: Введите year of House (Long):
May 15, 2023 5:51:01 AM managers.LogPrinter print
INFO: Введите numberOfFloors of House (Long):
May 15, 2023 5:51:01 AM managers.LogPrinter println
INFO: Введите numberOfFloors of House (Long):
May 15, 2023 5:51:01 AM managers.LogPrinter print
INFO: Введите numberOfLifts of House (Int):
May 15, 2023 5:51:01 AM managers.LogPrinter println
INFO: Введите numberOfLifts of House (Int):
May 15, 2023 5:51:01 AM managers.LogPrinter print
INFO: Объект 1 добавлен в коллекцию.
May 15, 2023 5:51:01 AM managers.LogPrinter println
INFO: Объект 1 добавлен в коллекцию.
May 15, 2023 5:51:01 AM managers.LogPrinter print
INFO: [
May 15, 2023 5:51:01 AM managers.LogPrinter print
INFO: Kuchizu
May 15, 2023 5:51:01 AM managers.LogPrinter print
INFO: ] >>> 
May 15, 2023 5:51:03 AM managers.CommandExecutor run
INFO: help
May 15, 2023 5:51:03 AM managers.LogPrinter print
INFO: 
remove_head: Вывести первый элемент коллекции и удалить его
add {element}: Добавить новый элемент в коллекцию
count_by_time_to_metro_on_foot timeToMetroOnFoot: Вывести количество элементов, значение поля timeToMetroOnFoot которых равно заданному
execute_script file_name: Cчитать и исполнить скрипт из указанного файла. В скрипте содержатся команды в таком же виде, в котором их вводит пользователь в интерактивном режиме.
show: Вывести в стандартный поток вывода все элементы коллекции в строковом представлении
clear: Очистить коллекцию
update id {element}: Обновить значение элемента коллекции, id которого равен заданному
remove_by_id id: Удалить элемент из коллекции по его id
remove_lower: Удалить из коллекции все элементы, меньшие, чем заданный
head: Вывести первый элемент коллекции
help: Вывести справку по доступным командам
exit: Завершить программу (без сохранения в файл)
print_descending: Вывести элементы коллекции в порядке убывания
average_of_time_to_metro_by_transport: Вывести среднее значение поля timeToMetroByTransport для всех элементов коллекции
info: Вывести в стандартный поток вывода информацию о коллекции (тип, дата инициализации, количество элементов и т.д.)

May 15, 2023 5:51:03 AM managers.LogPrinter println
INFO: 
remove_head: Вывести первый элемент коллекции и удалить его
add {element}: Добавить новый элемент в коллекцию
count_by_time_to_metro_on_foot timeToMetroOnFoot: Вывести количество элементов, значение поля timeToMetroOnFoot которых равно заданному
execute_script file_name: Cчитать и исполнить скрипт из указанного файла. В скрипте содержатся команды в таком же виде, в котором их вводит пользователь в интерактивном режиме.
show: Вывести в стандартный поток вывода все элементы коллекции в строковом представлении
clear: Очистить коллекцию
update id {element}: Обновить значение элемента коллекции, id которого равен заданному
remove_by_id id: Удалить элемент из коллекции по его id
remove_lower: Удалить из коллекции все элементы, меньшие, чем заданный
head: Вывести первый элемент коллекции
help: Вывести справку по доступным командам
exit: Завершить программу (без сохранения в файл)
print_descending: Вывести элементы коллекции в порядке убывания
average_of_time_to_metro_by_transport: Вывести среднее значение поля timeToMetroByTransport для всех элементов коллекции
info: Вывести в стандартный поток вывода информацию о коллекции (тип, дата инициализации, количество элементов и т.д.)

May 15, 2023 5:51:03 AM managers.LogPrinter print
INFO: [
May 15, 2023 5:51:03 AM managers.LogPrinter print
INFO: Kuchizu
May 15, 2023 5:51:03 AM managers.LogPrinter print
INFO: ] >>> 
May 15, 2023 5:51:04 AM managers.CommandExecutor run
INFO: show
May 15, 2023 5:51:04 AM managers.LogPrinter print
INFO:     ***    ***    ***

Flat №6
    name: 1
    coordinates: X: 1; Y: 1.0
    creationDate: 2023-05-15T05:51:01.586411281+03:00[Europe/Moscow]
    area: 1
    numberOfRooms: 1
    timeToMetroOnFoot: 1.0
    timeToMetroByTransport: 1.0
    furnish: DESIGNER
House:
    name: 1
    year: 1
    numberOfFloors: 1
    numberOfLifts: 1

    ***    ***    ***

May 15, 2023 5:51:04 AM managers.LogPrinter println
INFO:     ***    ***    ***

Flat №6
    name: 1
    coordinates: X: 1; Y: 1.0
    creationDate: 2023-05-15T05:51:01.586411281+03:00[Europe/Moscow]
    area: 1
    numberOfRooms: 1
    timeToMetroOnFoot: 1.0
    timeToMetroByTransport: 1.0
    furnish: DESIGNER
House:
    name: 1
    year: 1
    numberOfFloors: 1
    numberOfLifts: 1

    ***    ***    ***

May 15, 2023 5:51:04 AM managers.LogPrinter print
INFO: [
May 15, 2023 5:51:04 AM managers.LogPrinter print
INFO: Kuchizu
May 15, 2023 5:51:04 AM managers.LogPrinter print
INFO: ] >>> 
May 15, 2023 5:51:09 AM managers.CommandExecutor run
INFO: remove_by_id 6
May 15, 2023 5:51:09 AM managers.LogPrinter print
INFO: Object by id:6 was deleted.
May 15, 2023 5:51:09 AM managers.LogPrinter println
INFO: Object by id:6 was deleted.
May 15, 2023 5:51:09 AM managers.LogPrinter print
INFO: [
May 15, 2023 5:51:09 AM managers.LogPrinter print
INFO: Kuchizu
May 15, 2023 5:51:09 AM managers.LogPrinter print
INFO: ] >>> 
May 15, 2023 5:51:17 AM managers.CommandExecutor run
INFO: show
May 15, 2023 5:51:17 AM managers.LogPrinter print
INFO: Clear collection, nothing to show.
May 15, 2023 5:51:17 AM managers.LogPrinter println
INFO: Clear collection, nothing to show.
May 15, 2023 5:51:17 AM managers.LogPrinter print
INFO: [
May 15, 2023 5:51:17 AM managers.LogPrinter print
INFO: Kuchizu
May 15, 2023 5:51:17 AM managers.LogPrinter print
INFO: ] >>> 
May 15, 2023 5:52:03 AM managers.CommandExecutor run
INFO: hlep
May 15, 2023 5:52:03 AM managers.LogPrinter print
INFO: Неизвестная команда
May 15, 2023 5:52:03 AM managers.LogPrinter println
INFO: Неизвестная команда
May 15, 2023 5:52:03 AM managers.LogPrinter print
INFO: [
May 15, 2023 5:52:03 AM managers.LogPrinter print
INFO: Kuchizu
May 15, 2023 5:52:03 AM managers.LogPrinter print
INFO: ] >>> 
May 15, 2023 5:52:05 AM managers.CommandExecutor run
INFO: help
May 15, 2023 5:52:05 AM managers.LogPrinter print
INFO: 
remove_head: Вывести первый элемент коллекции и удалить его
add {element}: Добавить новый элемент в коллекцию
count_by_time_to_metro_on_foot timeToMetroOnFoot: Вывести количество элементов, значение поля timeToMetroOnFoot которых равно заданному
execute_script file_name: Cчитать и исполнить скрипт из указанного файла. В скрипте содержатся команды в таком же виде, в котором их вводит пользователь в интерактивном режиме.
show: Вывести в стандартный поток вывода все элементы коллекции в строковом представлении
clear: Очистить коллекцию
update id {element}: Обновить значение элемента коллекции, id которого равен заданному
remove_by_id id: Удалить элемент из коллекции по его id
remove_lower: Удалить из коллекции все элементы, меньшие, чем заданный
head: Вывести первый элемент коллекции
help: Вывести справку по доступным командам
exit: Завершить программу (без сохранения в файл)
print_descending: Вывести элементы коллекции в порядке убывания
average_of_time_to_metro_by_transport: Вывести среднее значение поля timeToMetroByTransport для всех элементов коллекции
info: Вывести в стандартный поток вывода информацию о коллекции (тип, дата инициализации, количество элементов и т.д.)

May 15, 2023 5:52:05 AM managers.LogPrinter println
INFO: 
remove_head: Вывести первый элемент коллекции и удалить его
add {element}: Добавить новый элемент в коллекцию
count_by_time_to_metro_on_foot timeToMetroOnFoot: Вывести количество элементов, значение поля timeToMetroOnFoot которых равно заданному
execute_script file_name: Cчитать и исполнить скрипт из указанного файла. В скрипте содержатся команды в таком же виде, в котором их вводит пользователь в интерактивном режиме.
show: Вывести в стандартный поток вывода все элементы коллекции в строковом представлении
clear: Очистить коллекцию
update id {element}: Обновить значение элемента коллекции, id которого равен заданному
remove_by_id id: Удалить элемент из коллекции по его id
remove_lower: Удалить из коллекции все элементы, меньшие, чем заданный
head: Вывести первый элемент коллекции
help: Вывести справку по доступным командам
exit: Завершить программу (без сохранения в файл)
print_descending: Вывести элементы коллекции в порядке убывания
average_of_time_to_metro_by_transport: Вывести среднее значение поля timeToMetroByTransport для всех элементов коллекции
info: Вывести в стандартный поток вывода информацию о коллекции (тип, дата инициализации, количество элементов и т.д.)

May 15, 2023 5:52:05 AM managers.LogPrinter print
INFO: [
May 15, 2023 5:52:05 AM managers.LogPrinter print
INFO: Kuchizu
May 15, 2023 5:52:05 AM managers.LogPrinter print
INFO: ] >>> 
May 15, 2023 5:52:11 AM managers.CommandExecutor run
INFO: head
May 15, 2023 5:52:11 AM managers.LogPrinter print
INFO: Clear collection, nothing to show.
May 15, 2023 5:52:11 AM managers.LogPrinter println
INFO: Clear collection, nothing to show.
May 15, 2023 5:52:11 AM managers.LogPrinter print
INFO: [
May 15, 2023 5:52:11 AM managers.LogPrinter print
INFO: Kuchizu
May 15, 2023 5:52:11 AM managers.LogPrinter print
INFO: ] >>> 
May 15, 2023 5:52:18 AM managers.CommandExecutor run
INFO: 
May 15, 2023 5:52:18 AM managers.LogPrinter print
INFO: [
May 15, 2023 5:52:18 AM managers.LogPrinter print
INFO: Kuchizu
May 15, 2023 5:52:18 AM managers.LogPrinter print
INFO: ] >>> 
May 15, 2023 5:52:18 AM managers.CommandExecutor run
INFO: 
May 15, 2023 5:52:18 AM managers.LogPrinter print
INFO: [
May 15, 2023 5:52:18 AM managers.LogPrinter print
INFO: Kuchizu
May 15, 2023 5:52:18 AM managers.LogPrinter print
INFO: ] >>> 
May 15, 2023 5:52:19 AM managers.CommandExecutor run
INFO: print_descending
May 15, 2023 5:52:19 AM managers.LogPrinter print
INFO: Clear collection, nothing to show.
May 15, 2023 5:52:19 AM managers.LogPrinter println
INFO: Clear collection, nothing to show.
May 15, 2023 5:52:19 AM managers.LogPrinter print
INFO: [
May 15, 2023 5:52:19 AM managers.LogPrinter print
INFO: Kuchizu
May 15, 2023 5:52:19 AM managers.LogPrinter print
INFO: ] >>> 
May 15, 2023 5:52:21 AM managers.CommandExecutor run
INFO: add
May 15, 2023 5:52:21 AM managers.LogPrinter print
INFO: Введите Name (String), /q для отмены:
May 15, 2023 5:52:21 AM managers.LogPrinter println
INFO: Введите Name (String), /q для отмены:
May 15, 2023 5:52:22 AM managers.LogPrinter print
INFO: Введите координаты x, y (Long, Double):
May 15, 2023 5:52:22 AM managers.LogPrinter println
INFO: Введите координаты x, y (Long, Double):
May 15, 2023 5:52:23 AM managers.LogPrinter print
INFO: Введите area (Integer): 
May 15, 2023 5:52:23 AM managers.LogPrinter println
INFO: Введите area (Integer): 
May 15, 2023 5:52:23 AM managers.LogPrinter print
INFO: Введите numberOfRooms (Integer):
May 15, 2023 5:52:23 AM managers.LogPrinter println
INFO: Введите numberOfRooms (Integer):
May 15, 2023 5:52:23 AM managers.LogPrinter print
INFO: Введите timeToMetroOnFoot (Float):
May 15, 2023 5:52:23 AM managers.LogPrinter println
INFO: Введите timeToMetroOnFoot (Float):
May 15, 2023 5:52:24 AM managers.LogPrinter print
INFO: Введите timeToMetroByTransport (Double):
May 15, 2023 5:52:24 AM managers.LogPrinter println
INFO: Введите timeToMetroByTransport (Double):
May 15, 2023 5:52:24 AM managers.LogPrinter print
INFO: Введите furnish (Enum [NONE, DESIGNER, FINE, LITTLE]):
May 15, 2023 5:52:24 AM managers.LogPrinter println
INFO: Введите furnish (Enum [NONE, DESIGNER, FINE, LITTLE]):
May 15, 2023 5:52:26 AM managers.LogPrinter print
INFO: Введите name of House (String):
May 15, 2023 5:52:26 AM managers.LogPrinter println
INFO: Введите name of House (String):
May 15, 2023 5:52:27 AM managers.LogPrinter print
INFO: Введите year of House (Long):
May 15, 2023 5:52:27 AM managers.LogPrinter println
INFO: Введите year of House (Long):
May 15, 2023 5:52:27 AM managers.LogPrinter print
INFO: Введите numberOfFloors of House (Long):
May 15, 2023 5:52:27 AM managers.LogPrinter println
INFO: Введите numberOfFloors of House (Long):
May 15, 2023 5:52:27 AM managers.LogPrinter print
INFO: Введите numberOfLifts of House (Int):
May 15, 2023 5:52:27 AM managers.LogPrinter println
INFO: Введите numberOfLifts of House (Int):
May 15, 2023 5:52:28 AM managers.LogPrinter print
INFO: Объект 1 добавлен в коллекцию.
May 15, 2023 5:52:28 AM managers.LogPrinter println
INFO: Объект 1 добавлен в коллекцию.
May 15, 2023 5:52:28 AM managers.LogPrinter print
INFO: [
May 15, 2023 5:52:28 AM managers.LogPrinter print
INFO: Kuchizu
May 15, 2023 5:52:28 AM managers.LogPrinter print
INFO: ] >>> 
May 15, 2023 5:52:32 AM managers.CommandExecutor run
INFO: print_descending
May 15, 2023 5:52:32 AM managers.LogPrinter print
INFO:     ***    ***    ***

Flat №7
    name: 1
    coordinates: X: 1; Y: 1.0
    creationDate: 2023-05-15T05:52:28.392838188+03:00[Europe/Moscow]
    area: 1
    numberOfRooms: 1
    timeToMetroOnFoot: 1.0
    timeToMetroByTransport: 1.0
    furnish: DESIGNER
House:
    name: 1
    year: 1
    numberOfFloors: 1
    numberOfLifts: 1

    ***    ***    ***


May 15, 2023 5:52:32 AM managers.LogPrinter println
INFO:     ***    ***    ***

Flat №7
    name: 1
    coordinates: X: 1; Y: 1.0
    creationDate: 2023-05-15T05:52:28.392838188+03:00[Europe/Moscow]
    area: 1
    numberOfRooms: 1
    timeToMetroOnFoot: 1.0
    timeToMetroByTransport: 1.0
    furnish: DESIGNER
House:
    name: 1
    year: 1
    numberOfFloors: 1
    numberOfLifts: 1

    ***    ***    ***


May 15, 2023 5:52:32 AM managers.LogPrinter print
INFO: [
May 15, 2023 5:52:32 AM managers.LogPrinter print
INFO: Kuchizu
May 15, 2023 5:52:32 AM managers.LogPrinter print
INFO: ] >>> 
May 15, 2023 5:52:34 AM managers.CommandExecutor run
INFO: help
May 15, 2023 5:52:34 AM managers.LogPrinter print
INFO: 
remove_head: Вывести первый элемент коллекции и удалить его
add {element}: Добавить новый элемент в коллекцию
count_by_time_to_metro_on_foot timeToMetroOnFoot: Вывести количество элементов, значение поля timeToMetroOnFoot которых равно заданному
execute_script file_name: Cчитать и исполнить скрипт из указанного файла. В скрипте содержатся команды в таком же виде, в котором их вводит пользователь в интерактивном режиме.
show: Вывести в стандартный поток вывода все элементы коллекции в строковом представлении
clear: Очистить коллекцию
update id {element}: Обновить значение элемента коллекции, id которого равен заданному
remove_by_id id: Удалить элемент из коллекции по его id
remove_lower: Удалить из коллекции все элементы, меньшие, чем заданный
head: Вывести первый элемент коллекции
help: Вывести справку по доступным командам
exit: Завершить программу (без сохранения в файл)
print_descending: Вывести элементы коллекции в порядке убывания
average_of_time_to_metro_by_transport: Вывести среднее значение поля timeToMetroByTransport для всех элементов коллекции
info: Вывести в стандартный поток вывода информацию о коллекции (тип, дата инициализации, количество элементов и т.д.)

May 15, 2023 5:52:34 AM managers.LogPrinter println
INFO: 
remove_head: Вывести первый элемент коллекции и удалить его
add {element}: Добавить новый элемент в коллекцию
count_by_time_to_metro_on_foot timeToMetroOnFoot: Вывести количество элементов, значение поля timeToMetroOnFoot которых равно заданному
execute_script file_name: Cчитать и исполнить скрипт из указанного файла. В скрипте содержатся команды в таком же виде, в котором их вводит пользователь в интерактивном режиме.
show: Вывести в стандартный поток вывода все элементы коллекции в строковом представлении
clear: Очистить коллекцию
update id {element}: Обновить значение элемента коллекции, id которого равен заданному
remove_by_id id: Удалить элемент из коллекции по его id
remove_lower: Удалить из коллекции все элементы, меньшие, чем заданный
head: Вывести первый элемент коллекции
help: Вывести справку по доступным командам
exit: Завершить программу (без сохранения в файл)
print_descending: Вывести элементы коллекции в порядке убывания
average_of_time_to_metro_by_transport: Вывести среднее значение поля timeToMetroByTransport для всех элементов коллекции
info: Вывести в стандартный поток вывода информацию о коллекции (тип, дата инициализации, количество элементов и т.д.)

May 15, 2023 5:52:34 AM managers.LogPrinter print
INFO: [
May 15, 2023 5:52:34 AM managers.LogPrinter print
INFO: Kuchizu
May 15, 2023 5:52:34 AM managers.LogPrinter print
INFO: ] >>> 
May 15, 2023 5:52:38 AM managers.CommandExecutor run
INFO: average_of_time_to_metro_by_transport
May 15, 2023 5:52:38 AM managers.LogPrinter print
INFO: Среднее значение timeToMetroByTransport: 1.0
May 15, 2023 5:52:38 AM managers.LogPrinter println
INFO: Среднее значение timeToMetroByTransport: 1.0
May 15, 2023 5:52:38 AM managers.LogPrinter print
INFO: [
May 15, 2023 5:52:38 AM managers.LogPrinter print
INFO: Kuchizu
May 15, 2023 5:52:38 AM managers.LogPrinter print
INFO: ] >>> 
May 15, 2023 5:52:42 AM managers.CommandExecutor run
INFO: info
May 15, 2023 5:52:42 AM managers.LogPrinter print
INFO: 
Collection ArrayDeque
Size: 1 elements
CreationDate: 2023-05-15T05:52:28.392838188+03:00[Europe/Moscow]
LastElementID: 7

May 15, 2023 5:52:42 AM managers.LogPrinter println
INFO: 
Collection ArrayDeque
Size: 1 elements
CreationDate: 2023-05-15T05:52:28.392838188+03:00[Europe/Moscow]
LastElementID: 7

May 15, 2023 5:52:42 AM managers.LogPrinter print
INFO: [
May 15, 2023 5:52:42 AM managers.LogPrinter print
INFO: Kuchizu
May 15, 2023 5:52:42 AM managers.LogPrinter print
INFO: ] >>> 
May 15, 2023 5:55:51 AM managers.CommandExecutor run
INFO: execute_script 1
May 15, 2023 5:55:51 AM managers.LogPrinter print
INFO: Файл не существует.
May 15, 2023 5:55:51 AM managers.LogPrinter print
INFO: [
May 15, 2023 5:55:51 AM managers.LogPrinter print
INFO: Kuchizu
May 15, 2023 5:55:51 AM managers.LogPrinter print
INFO: ] >>> 
