May 17, 2023 2:30:40 PM managers.LogPrinter print
INFO: Client started running on [
May 17, 2023 2:30:40 PM managers.LogPrinter print
INFO: localhost
May 17, 2023 2:30:40 PM managers.LogPrinter print
INFO: ][
May 17, 2023 2:30:40 PM managers.LogPrinter print
INFO: 1234
May 17, 2023 2:30:40 PM managers.LogPrinter print
INFO: ]


May 17, 2023 2:30:40 PM managers.LogPrinter print
INFO: >>> 
May 17, 2023 2:30:42 PM managers.CommandExecutor run
INFO: /login
May 17, 2023 2:30:42 PM managers.LogPrinter print
INFO: Введите логин: 
May 17, 2023 2:30:44 PM managers.LogPrinter print
INFO: Введите пароль: 
May 17, 2023 2:30:45 PM managers.LogPrinter print
INFO: Успешная авторизация.
May 17, 2023 2:30:45 PM managers.LogPrinter println
INFO: Успешная авторизация.
May 17, 2023 2:30:45 PM managers.LogPrinter print
INFO: [
May 17, 2023 2:30:45 PM managers.LogPrinter print
INFO: Kuchizu
May 17, 2023 2:30:45 PM managers.LogPrinter print
INFO: ] >>> 
May 17, 2023 2:30:51 PM managers.CommandExecutor run
INFO: execute_script 1234
May 17, 2023 2:30:51 PM managers.LogPrinter print
INFO: add 1 2 3 4 5 6 7 FINE 8 9 10 11
May 17, 2023 2:30:51 PM managers.LogPrinter print
INFO: : info :
May 17, 2023 2:30:51 PM managers.LogPrinter println
INFO: : info :
May 17, 2023 2:30:51 PM managers.LogPrinter print
INFO: : help :
May 17, 2023 2:30:51 PM managers.LogPrinter println
INFO: : help :
May 17, 2023 2:30:51 PM managers.LogPrinter print
INFO: add 1 2 3 4 5 2 7 FINE 1 9 10 11
May 17, 2023 2:30:51 PM managers.LogPrinter print
INFO: :  :
May 17, 2023 2:30:51 PM managers.LogPrinter println
INFO: :  :
