May 15, 2023 5:56:31 AM managers.LogPrinter print
INFO: Client started running on [
May 15, 2023 5:56:31 AM managers.LogPrinter print
INFO: localhost
May 15, 2023 5:56:31 AM managers.LogPrinter print
INFO: ][
May 15, 2023 5:56:31 AM managers.LogPrinter print
INFO: 1234
May 15, 2023 5:56:31 AM managers.LogPrinter print
INFO: ]


May 15, 2023 5:56:31 AM managers.LogPrinter print
INFO: >>> 
May 15, 2023 5:56:58 AM managers.CommandExecutor run
INFO: execute_script 1234
May 15, 2023 5:56:58 AM managers.LogPrinter print
INFO: Для использования команд войдите в систему (/login) или зарегистрируйтесь (/reg)
May 15, 2023 5:56:58 AM managers.LogPrinter println
INFO: Для использования команд войдите в систему (/login) или зарегистрируйтесь (/reg)
May 15, 2023 5:56:58 AM managers.LogPrinter print
INFO: >>> 
May 15, 2023 5:57:01 AM managers.CommandExecutor run
INFO: /login
May 15, 2023 5:57:01 AM managers.LogPrinter print
INFO: Введите логин: 
May 15, 2023 5:57:03 AM managers.LogPrinter print
INFO: Введите пароль: 
May 15, 2023 5:57:04 AM managers.LogPrinter print
INFO: Успешная авторизация.
May 15, 2023 5:57:04 AM managers.LogPrinter println
INFO: Успешная авторизация.
May 15, 2023 5:57:04 AM managers.LogPrinter print
INFO: [
May 15, 2023 5:57:04 AM managers.LogPrinter print
INFO: Kuchizu
May 15, 2023 5:57:04 AM managers.LogPrinter print
INFO: ] >>> 
May 15, 2023 5:57:08 AM managers.CommandExecutor run
INFO: execute_script 1234
May 15, 2023 5:57:08 AM managers.LogPrinter print
INFO: Файл не существует.

May 15, 2023 5:57:08 AM managers.LogPrinter print
INFO: [
May 15, 2023 5:57:08 AM managers.LogPrinter print
INFO: Kuchizu
May 15, 2023 5:57:08 AM managers.LogPrinter print
INFO: ] >>> 
May 15, 2023 5:57:31 AM managers.CommandExecutor run
INFO: execute_script 1234
May 15, 2023 5:57:31 AM managers.LogPrinter print
INFO: add
1
2 3
4
5
6
7
FINE
8
9
10
11
info

May 15, 2023 5:57:31 AM managers.LogPrinter println
INFO: add
1
2 3
4
5
6
7
FINE
8
9
10
11
info

