May 15, 2023 6:43:44 PM managers.LogPrinter print
INFO: Client started running on [
May 15, 2023 6:43:44 PM managers.LogPrinter print
INFO: localhost
May 15, 2023 6:43:44 PM managers.LogPrinter print
INFO: ][
May 15, 2023 6:43:44 PM managers.LogPrinter print
INFO: 1234
May 15, 2023 6:43:44 PM managers.LogPrinter print
INFO: ]


May 15, 2023 6:43:44 PM managers.LogPrinter print
INFO: >>> 
May 15, 2023 6:43:49 PM managers.CommandExecutor run
INFO: /login
May 15, 2023 6:43:49 PM managers.LogPrinter print
INFO: Введите логин: 
May 15, 2023 6:43:50 PM managers.LogPrinter print
INFO: Введите пароль: 
May 15, 2023 6:43:53 PM managers.LogPrinter print
INFO: Успешная авторизация.
May 15, 2023 6:43:53 PM managers.LogPrinter println
INFO: Успешная авторизация.
May 15, 2023 6:43:53 PM managers.LogPrinter print
INFO: [
May 15, 2023 6:43:53 PM managers.LogPrinter print
INFO: Kuchizu
May 15, 2023 6:43:53 PM managers.LogPrinter print
INFO: ] >>> 
May 15, 2023 6:43:56 PM managers.CommandExecutor run
INFO: info
May 15, 2023 6:43:56 PM managers.LogPrinter print
INFO: 
Collection ArrayDeque
Size: 1 elements
CreationDate: 2023-05-15T07:04:30.682844+03:00[Europe/Moscow]
LastElementID: 18

May 15, 2023 6:43:56 PM managers.LogPrinter println
INFO: 
Collection ArrayDeque
Size: 1 elements
CreationDate: 2023-05-15T07:04:30.682844+03:00[Europe/Moscow]
LastElementID: 18

May 15, 2023 6:43:56 PM managers.LogPrinter print
INFO: [
May 15, 2023 6:43:56 PM managers.LogPrinter print
INFO: Kuchizu
May 15, 2023 6:43:56 PM managers.LogPrinter print
INFO: ] >>> 
May 15, 2023 6:44:08 PM managers.CommandExecutor run
INFO: execute_script 1234
May 15, 2023 6:44:08 PM managers.LogPrinter print
INFO: Объект 1 добавлен в коллекцию.

Collection ArrayDeque
Size: 2 elements
CreationDate: 2023-05-15T07:04:30.682844+03:00[Europe/Moscow]
LastElementID: 29

May 15, 2023 6:44:08 PM managers.LogPrinter println
INFO: Объект 1 добавлен в коллекцию.

Collection ArrayDeque
Size: 2 elements
CreationDate: 2023-05-15T07:04:30.682844+03:00[Europe/Moscow]
LastElementID: 29

May 15, 2023 6:44:08 PM managers.LogPrinter print
INFO: [
May 15, 2023 6:44:08 PM managers.LogPrinter print
INFO: Kuchizu
May 15, 2023 6:44:08 PM managers.LogPrinter print
INFO: ] >>> 
May 15, 2023 6:44:08 PM managers.CommandExecutor run
INFO: execute_script 1234
May 15, 2023 6:44:08 PM managers.LogPrinter print
INFO: Объект 1 добавлен в коллекцию.

Collection ArrayDeque
Size: 3 elements
CreationDate: 2023-05-15T07:04:30.682844+03:00[Europe/Moscow]
LastElementID: 30

May 15, 2023 6:44:08 PM managers.LogPrinter println
INFO: Объект 1 добавлен в коллекцию.

Collection ArrayDeque
Size: 3 elements
CreationDate: 2023-05-15T07:04:30.682844+03:00[Europe/Moscow]
LastElementID: 30

May 15, 2023 6:44:08 PM managers.LogPrinter print
INFO: [
May 15, 2023 6:44:08 PM managers.LogPrinter print
INFO: Kuchizu
May 15, 2023 6:44:08 PM managers.LogPrinter print
INFO: ] >>> 
May 15, 2023 6:44:09 PM managers.CommandExecutor run
INFO: execute_script 1234
May 15, 2023 6:44:09 PM managers.LogPrinter print
INFO: Объект 1 добавлен в коллекцию.

Collection ArrayDeque
Size: 4 elements
CreationDate: 2023-05-15T07:04:30.682844+03:00[Europe/Moscow]
LastElementID: 31

May 15, 2023 6:44:09 PM managers.LogPrinter println
INFO: Объект 1 добавлен в коллекцию.

Collection ArrayDeque
Size: 4 elements
CreationDate: 2023-05-15T07:04:30.682844+03:00[Europe/Moscow]
LastElementID: 31

May 15, 2023 6:44:09 PM managers.LogPrinter print
INFO: [
May 15, 2023 6:44:09 PM managers.LogPrinter print
INFO: Kuchizu
May 15, 2023 6:44:09 PM managers.LogPrinter print
INFO: ] >>> 
May 15, 2023 6:44:09 PM managers.CommandExecutor run
INFO: execute_script 1234
May 15, 2023 6:44:09 PM managers.LogPrinter print
INFO: Объект 1 добавлен в коллекцию.

Collection ArrayDeque
Size: 5 elements
CreationDate: 2023-05-15T07:04:30.682844+03:00[Europe/Moscow]
LastElementID: 32

May 15, 2023 6:44:09 PM managers.LogPrinter println
INFO: Объект 1 добавлен в коллекцию.

Collection ArrayDeque
Size: 5 elements
CreationDate: 2023-05-15T07:04:30.682844+03:00[Europe/Moscow]
LastElementID: 32

May 15, 2023 6:44:09 PM managers.LogPrinter print
INFO: [
May 15, 2023 6:44:09 PM managers.LogPrinter print
INFO: Kuchizu
May 15, 2023 6:44:09 PM managers.LogPrinter print
INFO: ] >>> 
May 15, 2023 6:44:10 PM managers.CommandExecutor run
INFO: execute_script 1234
May 15, 2023 6:44:10 PM managers.LogPrinter print
INFO: Объект 1 добавлен в коллекцию.

Collection ArrayDeque
Size: 6 elements
CreationDate: 2023-05-15T07:04:30.682844+03:00[Europe/Moscow]
LastElementID: 33

May 15, 2023 6:44:10 PM managers.LogPrinter println
INFO: Объект 1 добавлен в коллекцию.

Collection ArrayDeque
Size: 6 elements
CreationDate: 2023-05-15T07:04:30.682844+03:00[Europe/Moscow]
LastElementID: 33

May 15, 2023 6:44:10 PM managers.LogPrinter print
INFO: [
May 15, 2023 6:44:10 PM managers.LogPrinter print
INFO: Kuchizu
May 15, 2023 6:44:10 PM managers.LogPrinter print
INFO: ] >>> 
May 15, 2023 6:44:10 PM managers.CommandExecutor run
INFO: clear
May 15, 2023 6:44:11 PM managers.LogPrinter print
INFO: Removed 5 objects from collection.
May 15, 2023 6:44:11 PM managers.LogPrinter println
INFO: Removed 5 objects from collection.
May 15, 2023 6:44:11 PM managers.LogPrinter print
INFO: [
May 15, 2023 6:44:11 PM managers.LogPrinter print
INFO: Kuchizu
May 15, 2023 6:44:11 PM managers.LogPrinter print
INFO: ] >>> 
May 15, 2023 6:44:13 PM managers.CommandExecutor run
INFO: execute_script 1234
May 15, 2023 6:44:13 PM managers.LogPrinter print
INFO: Объект 1 добавлен в коллекцию.

Collection ArrayDeque
Size: 2 elements
CreationDate: 2023-05-15T07:04:30.682844+03:00[Europe/Moscow]
LastElementID: 34

May 15, 2023 6:44:13 PM managers.LogPrinter println
INFO: Объект 1 добавлен в коллекцию.

Collection ArrayDeque
Size: 2 elements
CreationDate: 2023-05-15T07:04:30.682844+03:00[Europe/Moscow]
LastElementID: 34

May 15, 2023 6:44:13 PM managers.LogPrinter print
INFO: [
May 15, 2023 6:44:13 PM managers.LogPrinter print
INFO: Kuchizu
May 15, 2023 6:44:13 PM managers.LogPrinter print
INFO: ] >>> 
May 15, 2023 6:44:13 PM managers.CommandExecutor run
INFO: execute_script 1234
May 15, 2023 6:44:13 PM managers.LogPrinter print
INFO: Объект 1 добавлен в коллекцию.

Collection ArrayDeque
Size: 3 elements
CreationDate: 2023-05-15T07:04:30.682844+03:00[Europe/Moscow]
LastElementID: 35

May 15, 2023 6:44:13 PM managers.LogPrinter println
INFO: Объект 1 добавлен в коллекцию.

Collection ArrayDeque
Size: 3 elements
CreationDate: 2023-05-15T07:04:30.682844+03:00[Europe/Moscow]
LastElementID: 35

May 15, 2023 6:44:13 PM managers.LogPrinter print
INFO: [
May 15, 2023 6:44:13 PM managers.LogPrinter print
INFO: Kuchizu
May 15, 2023 6:44:13 PM managers.LogPrinter print
INFO: ] >>> 
May 15, 2023 6:44:14 PM managers.CommandExecutor run
INFO: execute_script 1234
May 15, 2023 6:44:14 PM managers.LogPrinter print
INFO: Объект 1 добавлен в коллекцию.

Collection ArrayDeque
Size: 4 elements
CreationDate: 2023-05-15T07:04:30.682844+03:00[Europe/Moscow]
LastElementID: 36

May 15, 2023 6:44:14 PM managers.LogPrinter println
INFO: Объект 1 добавлен в коллекцию.

Collection ArrayDeque
Size: 4 elements
CreationDate: 2023-05-15T07:04:30.682844+03:00[Europe/Moscow]
LastElementID: 36

May 15, 2023 6:44:14 PM managers.LogPrinter print
INFO: [
May 15, 2023 6:44:14 PM managers.LogPrinter print
INFO: Kuchizu
May 15, 2023 6:44:14 PM managers.LogPrinter print
INFO: ] >>> 
May 15, 2023 6:44:14 PM managers.CommandExecutor run
INFO: execute_script 1234
May 15, 2023 6:44:14 PM managers.LogPrinter print
INFO: Объект 1 добавлен в коллекцию.

Collection ArrayDeque
Size: 5 elements
CreationDate: 2023-05-15T07:04:30.682844+03:00[Europe/Moscow]
LastElementID: 37

May 15, 2023 6:44:14 PM managers.LogPrinter println
INFO: Объект 1 добавлен в коллекцию.

Collection ArrayDeque
Size: 5 elements
CreationDate: 2023-05-15T07:04:30.682844+03:00[Europe/Moscow]
LastElementID: 37

May 15, 2023 6:44:14 PM managers.LogPrinter print
INFO: [
May 15, 2023 6:44:14 PM managers.LogPrinter print
INFO: Kuchizu
May 15, 2023 6:44:14 PM managers.LogPrinter print
INFO: ] >>> 
May 15, 2023 6:44:14 PM managers.CommandExecutor run
INFO: execute_script 1234
May 15, 2023 6:44:14 PM managers.LogPrinter print
INFO: Объект 1 добавлен в коллекцию.

Collection ArrayDeque
Size: 6 elements
CreationDate: 2023-05-15T07:04:30.682844+03:00[Europe/Moscow]
LastElementID: 38

May 15, 2023 6:44:14 PM managers.LogPrinter println
INFO: Объект 1 добавлен в коллекцию.

Collection ArrayDeque
Size: 6 elements
CreationDate: 2023-05-15T07:04:30.682844+03:00[Europe/Moscow]
LastElementID: 38

May 15, 2023 6:44:14 PM managers.LogPrinter print
INFO: [
May 15, 2023 6:44:14 PM managers.LogPrinter print
INFO: Kuchizu
May 15, 2023 6:44:14 PM managers.LogPrinter print
INFO: ] >>> 
May 15, 2023 6:44:14 PM managers.CommandExecutor run
INFO: execute_script 1234
May 15, 2023 6:44:14 PM managers.LogPrinter print
INFO: Объект 1 добавлен в коллекцию.

Collection ArrayDeque
Size: 7 elements
CreationDate: 2023-05-15T07:04:30.682844+03:00[Europe/Moscow]
LastElementID: 39

May 15, 2023 6:44:14 PM managers.LogPrinter println
INFO: Объект 1 добавлен в коллекцию.

Collection ArrayDeque
Size: 7 elements
CreationDate: 2023-05-15T07:04:30.682844+03:00[Europe/Moscow]
LastElementID: 39

May 15, 2023 6:44:14 PM managers.LogPrinter print
INFO: [
May 15, 2023 6:44:14 PM managers.LogPrinter print
INFO: Kuchizu
May 15, 2023 6:44:14 PM managers.LogPrinter print
INFO: ] >>> 
May 15, 2023 6:44:15 PM managers.CommandExecutor run
INFO: execute_script 1234
May 15, 2023 6:44:15 PM managers.LogPrinter print
INFO: Объект 1 добавлен в коллекцию.

Collection ArrayDeque
Size: 8 elements
CreationDate: 2023-05-15T07:04:30.682844+03:00[Europe/Moscow]
LastElementID: 40

May 15, 2023 6:44:15 PM managers.LogPrinter println
INFO: Объект 1 добавлен в коллекцию.

Collection ArrayDeque
Size: 8 elements
CreationDate: 2023-05-15T07:04:30.682844+03:00[Europe/Moscow]
LastElementID: 40

May 15, 2023 6:44:15 PM managers.LogPrinter print
INFO: [
May 15, 2023 6:44:15 PM managers.LogPrinter print
INFO: Kuchizu
May 15, 2023 6:44:15 PM managers.LogPrinter print
INFO: ] >>> 
May 15, 2023 6:44:15 PM managers.CommandExecutor run
INFO: execute_script 1234
May 15, 2023 6:44:15 PM managers.LogPrinter print
INFO: Объект 1 добавлен в коллекцию.

Collection ArrayDeque
Size: 9 elements
CreationDate: 2023-05-15T07:04:30.682844+03:00[Europe/Moscow]
LastElementID: 41

May 15, 2023 6:44:15 PM managers.LogPrinter println
INFO: Объект 1 добавлен в коллекцию.

Collection ArrayDeque
Size: 9 elements
CreationDate: 2023-05-15T07:04:30.682844+03:00[Europe/Moscow]
LastElementID: 41

May 15, 2023 6:44:15 PM managers.LogPrinter print
INFO: [
May 15, 2023 6:44:15 PM managers.LogPrinter print
INFO: Kuchizu
May 15, 2023 6:44:15 PM managers.LogPrinter print
INFO: ] >>> 
May 15, 2023 6:44:15 PM managers.CommandExecutor run
INFO: execute_script 1234
May 15, 2023 6:44:15 PM managers.LogPrinter print
INFO: Объект 1 добавлен в коллекцию.

Collection ArrayDeque
Size: 10 elements
CreationDate: 2023-05-15T07:04:30.682844+03:00[Europe/Moscow]
LastElementID: 42

May 15, 2023 6:44:15 PM managers.LogPrinter println
INFO: Объект 1 добавлен в коллекцию.

Collection ArrayDeque
Size: 10 elements
CreationDate: 2023-05-15T07:04:30.682844+03:00[Europe/Moscow]
LastElementID: 42

May 15, 2023 6:44:15 PM managers.LogPrinter print
INFO: [
May 15, 2023 6:44:15 PM managers.LogPrinter print
INFO: Kuchizu
May 15, 2023 6:44:15 PM managers.LogPrinter print
INFO: ] >>> 
May 15, 2023 6:44:16 PM managers.CommandExecutor run
INFO: execute_script 1234
May 15, 2023 6:44:16 PM managers.LogPrinter print
INFO: Объект 1 добавлен в коллекцию.

Collection ArrayDeque
Size: 11 elements
CreationDate: 2023-05-15T07:04:30.682844+03:00[Europe/Moscow]
LastElementID: 43

May 15, 2023 6:44:16 PM managers.LogPrinter println
INFO: Объект 1 добавлен в коллекцию.

Collection ArrayDeque
Size: 11 elements
CreationDate: 2023-05-15T07:04:30.682844+03:00[Europe/Moscow]
LastElementID: 43

May 15, 2023 6:44:16 PM managers.LogPrinter print
INFO: [
May 15, 2023 6:44:16 PM managers.LogPrinter print
INFO: Kuchizu
May 15, 2023 6:44:16 PM managers.LogPrinter print
INFO: ] >>> 
May 15, 2023 6:44:16 PM managers.CommandExecutor run
INFO: execute_script 1234
May 15, 2023 6:44:16 PM managers.LogPrinter print
INFO: Объект 1 добавлен в коллекцию.

Collection ArrayDeque
Size: 12 elements
CreationDate: 2023-05-15T07:04:30.682844+03:00[Europe/Moscow]
LastElementID: 44

May 15, 2023 6:44:16 PM managers.LogPrinter println
INFO: Объект 1 добавлен в коллекцию.

Collection ArrayDeque
Size: 12 elements
CreationDate: 2023-05-15T07:04:30.682844+03:00[Europe/Moscow]
LastElementID: 44

May 15, 2023 6:44:16 PM managers.LogPrinter print
INFO: [
May 15, 2023 6:44:16 PM managers.LogPrinter print
INFO: Kuchizu
May 15, 2023 6:44:16 PM managers.LogPrinter print
INFO: ] >>> 
May 15, 2023 6:44:16 PM managers.CommandExecutor run
INFO: execute_script 1234
May 15, 2023 6:44:16 PM managers.LogPrinter print
INFO: Объект 1 добавлен в коллекцию.

Collection ArrayDeque
Size: 13 elements
CreationDate: 2023-05-15T07:04:30.682844+03:00[Europe/Moscow]
LastElementID: 45

May 15, 2023 6:44:16 PM managers.LogPrinter println
INFO: Объект 1 добавлен в коллекцию.

Collection ArrayDeque
Size: 13 elements
CreationDate: 2023-05-15T07:04:30.682844+03:00[Europe/Moscow]
LastElementID: 45

May 15, 2023 6:44:16 PM managers.LogPrinter print
INFO: [
May 15, 2023 6:44:16 PM managers.LogPrinter print
INFO: Kuchizu
May 15, 2023 6:44:16 PM managers.LogPrinter print
INFO: ] >>> 
May 15, 2023 6:44:18 PM managers.CommandExecutor run
INFO: info
May 15, 2023 6:44:18 PM managers.LogPrinter print
INFO: 
Collection ArrayDeque
Size: 13 elements
CreationDate: 2023-05-15T07:04:30.682844+03:00[Europe/Moscow]
LastElementID: 45

May 15, 2023 6:44:18 PM managers.LogPrinter println
INFO: 
Collection ArrayDeque
Size: 13 elements
CreationDate: 2023-05-15T07:04:30.682844+03:00[Europe/Moscow]
LastElementID: 45

May 15, 2023 6:44:18 PM managers.LogPrinter print
INFO: [
May 15, 2023 6:44:18 PM managers.LogPrinter print
INFO: Kuchizu
May 15, 2023 6:44:18 PM managers.LogPrinter print
INFO: ] >>> 
May 15, 2023 6:44:19 PM managers.CommandExecutor run
INFO: help
May 15, 2023 6:44:19 PM managers.LogPrinter print
INFO: 
remove_head: Вывести первый элемент коллекции и удалить его
add {element}: Добавить новый элемент в коллекцию
count_by_time_to_metro_on_foot timeToMetroOnFoot: Вывести количество элементов, значение поля timeToMetroOnFoot которых равно заданному
execute_script file_name: Cчитать и исполнить скрипт из указанного файла. В скрипте содержатся команды в таком же виде, в котором их вводит пользователь в интерактивном режиме.
show: Вывести в стандартный поток вывода все элементы коллекции в строковом представлении
clear: Очистить коллекцию
update id {element}: Обновить значение элемента коллекции, id которого равен заданному
remove_by_id id: Удалить элемент из коллекции по его id
remove_lower: Удалить из коллекции все элементы, меньшие, чем заданный
head: Вывести первый элемент коллекции
help: Вывести справку по доступным командам
exit: Завершить программу (без сохранения в файл)
print_descending: Вывести элементы коллекции в порядке убывания
average_of_time_to_metro_by_transport: Вывести среднее значение поля timeToMetroByTransport для всех элементов коллекции
info: Вывести в стандартный поток вывода информацию о коллекции (тип, дата инициализации, количество элементов и т.д.)

May 15, 2023 6:44:19 PM managers.LogPrinter println
INFO: 
remove_head: Вывести первый элемент коллекции и удалить его
add {element}: Добавить новый элемент в коллекцию
count_by_time_to_metro_on_foot timeToMetroOnFoot: Вывести количество элементов, значение поля timeToMetroOnFoot которых равно заданному
execute_script file_name: Cчитать и исполнить скрипт из указанного файла. В скрипте содержатся команды в таком же виде, в котором их вводит пользователь в интерактивном режиме.
show: Вывести в стандартный поток вывода все элементы коллекции в строковом представлении
clear: Очистить коллекцию
update id {element}: Обновить значение элемента коллекции, id которого равен заданному
remove_by_id id: Удалить элемент из коллекции по его id
remove_lower: Удалить из коллекции все элементы, меньшие, чем заданный
head: Вывести первый элемент коллекции
help: Вывести справку по доступным командам
exit: Завершить программу (без сохранения в файл)
print_descending: Вывести элементы коллекции в порядке убывания
average_of_time_to_metro_by_transport: Вывести среднее значение поля timeToMetroByTransport для всех элементов коллекции
info: Вывести в стандартный поток вывода информацию о коллекции (тип, дата инициализации, количество элементов и т.д.)

May 15, 2023 6:44:19 PM managers.LogPrinter print
INFO: [
May 15, 2023 6:44:19 PM managers.LogPrinter print
INFO: Kuchizu
May 15, 2023 6:44:19 PM managers.LogPrinter print
INFO: ] >>> 
May 15, 2023 6:44:21 PM managers.CommandExecutor run
INFO: execute_script 1234
May 15, 2023 6:44:21 PM managers.LogPrinter print
INFO: Объект 1 добавлен в коллекцию.

Collection ArrayDeque
Size: 14 elements
CreationDate: 2023-05-15T07:04:30.682844+03:00[Europe/Moscow]
LastElementID: 46

May 15, 2023 6:44:21 PM managers.LogPrinter println
INFO: Объект 1 добавлен в коллекцию.

Collection ArrayDeque
Size: 14 elements
CreationDate: 2023-05-15T07:04:30.682844+03:00[Europe/Moscow]
LastElementID: 46

May 15, 2023 6:44:21 PM managers.LogPrinter print
INFO: [
May 15, 2023 6:44:21 PM managers.LogPrinter print
INFO: Kuchizu
May 15, 2023 6:44:21 PM managers.LogPrinter print
INFO: ] >>> 
May 15, 2023 6:44:25 PM managers.CommandExecutor run
INFO: remove_lower 1
May 15, 2023 6:44:25 PM managers.LogPrinter print
INFO: Removed 0 objects in collection.
May 15, 2023 6:44:25 PM managers.LogPrinter println
INFO: Removed 0 objects in collection.
May 15, 2023 6:44:25 PM managers.LogPrinter print
INFO: [
May 15, 2023 6:44:25 PM managers.LogPrinter print
INFO: Kuchizu
May 15, 2023 6:44:25 PM managers.LogPrinter print
INFO: ] >>> 
May 15, 2023 6:44:28 PM managers.CommandExecutor run
INFO: remove_lower 123
May 15, 2023 6:44:54 PM managers.CommandExecutor run
INFO: info
May 15, 2023 6:44:54 PM managers.LogPrinter print
INFO: 
Collection ArrayDeque
Size: 7 elements
CreationDate: 2023-05-15T07:04:30.682844+03:00[Europe/Moscow]
LastElementID: 45

May 15, 2023 6:44:54 PM managers.LogPrinter println
INFO: 
Collection ArrayDeque
Size: 7 elements
CreationDate: 2023-05-15T07:04:30.682844+03:00[Europe/Moscow]
LastElementID: 45

May 15, 2023 6:44:54 PM managers.LogPrinter print
INFO: [
May 15, 2023 6:44:54 PM managers.LogPrinter print
INFO: Kuchizu
May 15, 2023 6:44:54 PM managers.LogPrinter print
INFO: ] >>> 
May 15, 2023 6:44:57 PM managers.CommandExecutor run
INFO: remove_lower 1
May 15, 2023 6:44:57 PM managers.LogPrinter print
INFO: Removed 0 objects in collection.
May 15, 2023 6:44:57 PM managers.LogPrinter println
INFO: Removed 0 objects in collection.
May 15, 2023 6:44:57 PM managers.LogPrinter print
INFO: [
May 15, 2023 6:44:57 PM managers.LogPrinter print
INFO: Kuchizu
May 15, 2023 6:44:57 PM managers.LogPrinter print
INFO: ] >>> 
May 15, 2023 6:45:00 PM managers.CommandExecutor run
INFO: remove_lower 12312
May 15, 2023 6:45:00 PM managers.LogPrinter print
INFO: Removed 6 objects in collection.
May 15, 2023 6:45:00 PM managers.LogPrinter println
INFO: Removed 6 objects in collection.
May 15, 2023 6:45:00 PM managers.LogPrinter print
INFO: [
May 15, 2023 6:45:00 PM managers.LogPrinter print
INFO: Kuchizu
May 15, 2023 6:45:00 PM managers.LogPrinter print
INFO: ] >>> 
May 15, 2023 6:48:13 PM managers.CommandExecutor run
INFO: help
May 15, 2023 6:48:13 PM managers.LogPrinter print
INFO: 
remove_head: Вывести первый элемент коллекции и удалить его
add {element}: Добавить новый элемент в коллекцию
count_by_time_to_metro_on_foot timeToMetroOnFoot: Вывести количество элементов, значение поля timeToMetroOnFoot которых равно заданному
execute_script file_name: Cчитать и исполнить скрипт из указанного файла. В скрипте содержатся команды в таком же виде, в котором их вводит пользователь в интерактивном режиме.
show: Вывести в стандартный поток вывода все элементы коллекции в строковом представлении
clear: Очистить коллекцию
update id {element}: Обновить значение элемента коллекции, id которого равен заданному
remove_by_id id: Удалить элемент из коллекции по его id
remove_lower: Удалить из коллекции все элементы, меньшие, чем заданный
head: Вывести первый элемент коллекции
help: Вывести справку по доступным командам
exit: Завершить программу (без сохранения в файл)
print_descending: Вывести элементы коллекции в порядке убывания
average_of_time_to_metro_by_transport: Вывести среднее значение поля timeToMetroByTransport для всех элементов коллекции
info: Вывести в стандартный поток вывода информацию о коллекции (тип, дата инициализации, количество элементов и т.д.)

May 15, 2023 6:48:13 PM managers.LogPrinter println
INFO: 
remove_head: Вывести первый элемент коллекции и удалить его
add {element}: Добавить новый элемент в коллекцию
count_by_time_to_metro_on_foot timeToMetroOnFoot: Вывести количество элементов, значение поля timeToMetroOnFoot которых равно заданному
execute_script file_name: Cчитать и исполнить скрипт из указанного файла. В скрипте содержатся команды в таком же виде, в котором их вводит пользователь в интерактивном режиме.
show: Вывести в стандартный поток вывода все элементы коллекции в строковом представлении
clear: Очистить коллекцию
update id {element}: Обновить значение элемента коллекции, id которого равен заданному
remove_by_id id: Удалить элемент из коллекции по его id
remove_lower: Удалить из коллекции все элементы, меньшие, чем заданный
head: Вывести первый элемент коллекции
help: Вывести справку по доступным командам
exit: Завершить программу (без сохранения в файл)
print_descending: Вывести элементы коллекции в порядке убывания
average_of_time_to_metro_by_transport: Вывести среднее значение поля timeToMetroByTransport для всех элементов коллекции
info: Вывести в стандартный поток вывода информацию о коллекции (тип, дата инициализации, количество элементов и т.д.)

May 15, 2023 6:48:13 PM managers.LogPrinter print
INFO: [
May 15, 2023 6:48:13 PM managers.LogPrinter print
INFO: Kuchizu
May 15, 2023 6:48:13 PM managers.LogPrinter print
INFO: ] >>> 
May 15, 2023 6:48:15 PM managers.CommandExecutor run
INFO: info
May 15, 2023 6:48:15 PM managers.LogPrinter print
INFO: 
Collection ArrayDeque
Size: 1 elements
CreationDate: 2023-05-15T07:04:30.682844+03:00[Europe/Moscow]
LastElementID: 18

May 15, 2023 6:48:15 PM managers.LogPrinter println
INFO: 
Collection ArrayDeque
Size: 1 elements
CreationDate: 2023-05-15T07:04:30.682844+03:00[Europe/Moscow]
LastElementID: 18

May 15, 2023 6:48:15 PM managers.LogPrinter print
INFO: [
May 15, 2023 6:48:15 PM managers.LogPrinter print
INFO: Kuchizu
May 15, 2023 6:48:15 PM managers.LogPrinter print
INFO: ] >>> 
May 15, 2023 6:48:19 PM managers.CommandExecutor run
INFO: show
May 15, 2023 6:48:19 PM managers.LogPrinter print
INFO:     ***    ***    ***

Flat №18
    name: 1
    coordinates: X: 1; Y: 1.0
    creationDate: 2023-05-15T07:04:30.682844+03:00[Europe/Moscow]
    area: 1
    numberOfRooms: 1
    timeToMetroOnFoot: 1.0
    timeToMetroByTransport: 1.0
    furnish: LITTLE
House:
    name: 1
    year: 1
    numberOfFloors: 1
    numberOfLifts: 1

    ***    ***    ***

May 15, 2023 6:48:19 PM managers.LogPrinter println
INFO:     ***    ***    ***

Flat №18
    name: 1
    coordinates: X: 1; Y: 1.0
    creationDate: 2023-05-15T07:04:30.682844+03:00[Europe/Moscow]
    area: 1
    numberOfRooms: 1
    timeToMetroOnFoot: 1.0
    timeToMetroByTransport: 1.0
    furnish: LITTLE
House:
    name: 1
    year: 1
    numberOfFloors: 1
    numberOfLifts: 1

    ***    ***    ***

May 15, 2023 6:48:19 PM managers.LogPrinter print
INFO: [
May 15, 2023 6:48:19 PM managers.LogPrinter print
INFO: Kuchizu
May 15, 2023 6:48:19 PM managers.LogPrinter print
INFO: ] >>> 
May 15, 2023 6:48:26 PM managers.CommandExecutor run
INFO: add
May 15, 2023 6:48:26 PM managers.LogPrinter print
INFO: Введите Name (String), /q для отмены:
May 15, 2023 6:48:26 PM managers.LogPrinter println
INFO: Введите Name (String), /q для отмены:
May 15, 2023 6:48:26 PM managers.LogPrinter print
INFO: Введите координаты x, y (Long, Double):
May 15, 2023 6:48:26 PM managers.LogPrinter println
INFO: Введите координаты x, y (Long, Double):
May 15, 2023 6:48:27 PM managers.LogPrinter print
INFO: Введите area (Integer): 
May 15, 2023 6:48:27 PM managers.LogPrinter println
INFO: Введите area (Integer): 
May 15, 2023 6:48:27 PM managers.LogPrinter print
INFO: Введите numberOfRooms (Integer):
May 15, 2023 6:48:27 PM managers.LogPrinter println
INFO: Введите numberOfRooms (Integer):
May 15, 2023 6:48:28 PM managers.LogPrinter print
INFO: Введите timeToMetroOnFoot (Float):
May 15, 2023 6:48:28 PM managers.LogPrinter println
INFO: Введите timeToMetroOnFoot (Float):
May 15, 2023 6:48:29 PM managers.LogPrinter print
INFO: Введите timeToMetroByTransport (Double):
May 15, 2023 6:48:29 PM managers.LogPrinter println
INFO: Введите timeToMetroByTransport (Double):
May 15, 2023 6:48:29 PM managers.LogPrinter print
INFO: Введите furnish (Enum [NONE, DESIGNER, FINE, LITTLE]):
May 15, 2023 6:48:29 PM managers.LogPrinter println
INFO: Введите furnish (Enum [NONE, DESIGNER, FINE, LITTLE]):
May 15, 2023 6:48:31 PM managers.LogPrinter print
INFO: Введите name of House (String):
May 15, 2023 6:48:31 PM managers.LogPrinter println
INFO: Введите name of House (String):
May 15, 2023 6:48:31 PM managers.LogPrinter print
INFO: Введите year of House (Long):
May 15, 2023 6:48:31 PM managers.LogPrinter println
INFO: Введите year of House (Long):
May 15, 2023 6:48:32 PM managers.LogPrinter print
INFO: Введите numberOfFloors of House (Long):
May 15, 2023 6:48:32 PM managers.LogPrinter println
INFO: Введите numberOfFloors of House (Long):
May 15, 2023 6:48:32 PM managers.LogPrinter print
INFO: Введите numberOfLifts of House (Int):
May 15, 2023 6:48:32 PM managers.LogPrinter println
INFO: Введите numberOfLifts of House (Int):
May 15, 2023 6:48:33 PM managers.LogPrinter print
INFO: Объект 1 добавлен в коллекцию.
May 15, 2023 6:48:33 PM managers.LogPrinter println
INFO: Объект 1 добавлен в коллекцию.
May 15, 2023 6:48:33 PM managers.LogPrinter print
INFO: [
May 15, 2023 6:48:33 PM managers.LogPrinter print
INFO: Kuchizu
May 15, 2023 6:48:33 PM managers.LogPrinter print
INFO: ] >>> 
May 15, 2023 6:48:34 PM managers.CommandExecutor run
INFO: info
May 15, 2023 6:48:34 PM managers.LogPrinter print
INFO: 
Collection ArrayDeque
Size: 2 elements
CreationDate: 2023-05-15T07:04:30.682844+03:00[Europe/Moscow]
LastElementID: 47

May 15, 2023 6:48:34 PM managers.LogPrinter println
INFO: 
Collection ArrayDeque
Size: 2 elements
CreationDate: 2023-05-15T07:04:30.682844+03:00[Europe/Moscow]
LastElementID: 47

May 15, 2023 6:48:34 PM managers.LogPrinter print
INFO: [
May 15, 2023 6:48:34 PM managers.LogPrinter print
INFO: Kuchizu
May 15, 2023 6:48:34 PM managers.LogPrinter print
INFO: ] >>> 
May 15, 2023 6:48:36 PM managers.CommandExecutor run
INFO: help
May 15, 2023 6:48:36 PM managers.LogPrinter print
INFO: 
remove_head: Вывести первый элемент коллекции и удалить его
add {element}: Добавить новый элемент в коллекцию
count_by_time_to_metro_on_foot timeToMetroOnFoot: Вывести количество элементов, значение поля timeToMetroOnFoot которых равно заданному
execute_script file_name: Cчитать и исполнить скрипт из указанного файла. В скрипте содержатся команды в таком же виде, в котором их вводит пользователь в интерактивном режиме.
show: Вывести в стандартный поток вывода все элементы коллекции в строковом представлении
clear: Очистить коллекцию
update id {element}: Обновить значение элемента коллекции, id которого равен заданному
remove_by_id id: Удалить элемент из коллекции по его id
remove_lower: Удалить из коллекции все элементы, меньшие, чем заданный
head: Вывести первый элемент коллекции
help: Вывести справку по доступным командам
exit: Завершить программу (без сохранения в файл)
print_descending: Вывести элементы коллекции в порядке убывания
average_of_time_to_metro_by_transport: Вывести среднее значение поля timeToMetroByTransport для всех элементов коллекции
info: Вывести в стандартный поток вывода информацию о коллекции (тип, дата инициализации, количество элементов и т.д.)

May 15, 2023 6:48:36 PM managers.LogPrinter println
INFO: 
remove_head: Вывести первый элемент коллекции и удалить его
add {element}: Добавить новый элемент в коллекцию
count_by_time_to_metro_on_foot timeToMetroOnFoot: Вывести количество элементов, значение поля timeToMetroOnFoot которых равно заданному
execute_script file_name: Cчитать и исполнить скрипт из указанного файла. В скрипте содержатся команды в таком же виде, в котором их вводит пользователь в интерактивном режиме.
show: Вывести в стандартный поток вывода все элементы коллекции в строковом представлении
clear: Очистить коллекцию
update id {element}: Обновить значение элемента коллекции, id которого равен заданному
remove_by_id id: Удалить элемент из коллекции по его id
remove_lower: Удалить из коллекции все элементы, меньшие, чем заданный
head: Вывести первый элемент коллекции
help: Вывести справку по доступным командам
exit: Завершить программу (без сохранения в файл)
print_descending: Вывести элементы коллекции в порядке убывания
average_of_time_to_metro_by_transport: Вывести среднее значение поля timeToMetroByTransport для всех элементов коллекции
info: Вывести в стандартный поток вывода информацию о коллекции (тип, дата инициализации, количество элементов и т.д.)

May 15, 2023 6:48:36 PM managers.LogPrinter print
INFO: [
May 15, 2023 6:48:36 PM managers.LogPrinter print
INFO: Kuchizu
May 15, 2023 6:48:36 PM managers.LogPrinter print
INFO: ] >>> 
