May 15, 2023 3:12:57 AM managers.LogPrinter print
INFO: Client started running on [
May 15, 2023 3:12:57 AM managers.LogPrinter print
INFO: localhost
May 15, 2023 3:12:57 AM managers.LogPrinter print
INFO: ][
May 15, 2023 3:12:57 AM managers.LogPrinter print
INFO: 1234
May 15, 2023 3:12:57 AM managers.LogPrinter print
INFO: ]


May 15, 2023 3:12:57 AM managers.LogPrinter print
INFO: >>> 
May 15, 2023 3:13:00 AM managers.CommandExecutor run
INFO: /login
May 15, 2023 3:13:00 AM managers.LogPrinter print
INFO: Введите логин: 
May 15, 2023 3:13:00 AM managers.LogPrinter print
INFO: Введите пароль: 
May 15, 2023 3:13:01 AM managers.LogPrinter print
INFO: 1
May 15, 2023 3:13:01 AM managers.LogPrinter println
INFO: 1
May 15, 2023 3:13:01 AM managers.LogPrinter print
INFO: 1
May 15, 2023 3:13:01 AM managers.LogPrinter println
INFO: 1
