May 15, 2023 5:41:32 AM managers.LogPrinter print
INFO: Client started running on [
May 15, 2023 5:41:32 AM managers.LogPrinter print
INFO: localhost
May 15, 2023 5:41:32 AM managers.LogPrinter print
INFO: ][
May 15, 2023 5:41:32 AM managers.LogPrinter print
INFO: 1234
May 15, 2023 5:41:32 AM managers.LogPrinter print
INFO: ]


May 15, 2023 5:41:32 AM managers.LogPrinter print
INFO: >>> 
May 15, 2023 5:41:36 AM managers.CommandExecutor run
INFO: remove_lower 1
May 15, 2023 5:41:36 AM managers.LogPrinter print
INFO: Для использования команд войдите в систему (/login) или зарегистрируйтесь (/reg)
May 15, 2023 5:41:36 AM managers.LogPrinter println
INFO: Для использования команд войдите в систему (/login) или зарегистрируйтесь (/reg)
May 15, 2023 5:41:36 AM managers.LogPrinter print
INFO: >>> 
May 15, 2023 5:41:39 AM managers.CommandExecutor run
INFO: /login
May 15, 2023 5:41:39 AM managers.LogPrinter print
INFO: Введите логин: 
May 15, 2023 5:41:41 AM managers.LogPrinter print
INFO: Введите пароль: 
May 15, 2023 5:41:42 AM managers.LogPrinter print
INFO: Успешная авторизация.
May 15, 2023 5:41:42 AM managers.LogPrinter println
INFO: Успешная авторизация.
May 15, 2023 5:41:42 AM managers.LogPrinter print
INFO: [
May 15, 2023 5:41:42 AM managers.LogPrinter print
INFO: Kuchizu
May 15, 2023 5:41:42 AM managers.LogPrinter print
INFO: ] >>> 
May 15, 2023 5:42:08 AM managers.CommandExecutor run
INFO: remove_lower 1
May 15, 2023 5:42:09 AM managers.LogPrinter print
INFO: Removed 0 objects in collection.
May 15, 2023 5:42:09 AM managers.LogPrinter println
INFO: Removed 0 objects in collection.
May 15, 2023 5:42:09 AM managers.LogPrinter print
INFO: [
May 15, 2023 5:42:09 AM managers.LogPrinter print
INFO: Kuchizu
May 15, 2023 5:42:09 AM managers.LogPrinter print
INFO: ] >>> 
May 15, 2023 5:42:13 AM managers.CommandExecutor run
INFO: remove_lower 5
May 15, 2023 5:42:13 AM managers.LogPrinter print
INFO: Removed 1 objects in collection.
May 15, 2023 5:42:13 AM managers.LogPrinter println
INFO: Removed 1 objects in collection.
May 15, 2023 5:42:13 AM managers.LogPrinter print
INFO: [
May 15, 2023 5:42:13 AM managers.LogPrinter print
INFO: Kuchizu
May 15, 2023 5:42:13 AM managers.LogPrinter print
INFO: ] >>> 
May 15, 2023 5:42:21 AM managers.CommandExecutor run
INFO: add
May 15, 2023 5:42:21 AM managers.LogPrinter print
INFO: Введите Name (String), /q для отмены:
May 15, 2023 5:42:21 AM managers.LogPrinter println
INFO: Введите Name (String), /q для отмены:
May 15, 2023 5:42:21 AM managers.LogPrinter print
INFO: Введите координаты x, y (Long, Double):
May 15, 2023 5:42:21 AM managers.LogPrinter println
INFO: Введите координаты x, y (Long, Double):
May 15, 2023 5:42:23 AM managers.LogPrinter print
INFO: Введите area (Integer): 
May 15, 2023 5:42:23 AM managers.LogPrinter println
INFO: Введите area (Integer): 
May 15, 2023 5:42:23 AM managers.LogPrinter print
INFO: Введите numberOfRooms (Integer):
May 15, 2023 5:42:23 AM managers.LogPrinter println
INFO: Введите numberOfRooms (Integer):
May 15, 2023 5:42:24 AM managers.LogPrinter print
INFO: Введите timeToMetroOnFoot (Float):
May 15, 2023 5:42:24 AM managers.LogPrinter println
INFO: Введите timeToMetroOnFoot (Float):
May 15, 2023 5:42:24 AM managers.LogPrinter print
INFO: Введите timeToMetroByTransport (Double):
May 15, 2023 5:42:24 AM managers.LogPrinter println
INFO: Введите timeToMetroByTransport (Double):
May 15, 2023 5:42:25 AM managers.LogPrinter print
INFO: Введите furnish (Enum [NONE, DESIGNER, FINE, LITTLE]):
May 15, 2023 5:42:25 AM managers.LogPrinter println
INFO: Введите furnish (Enum [NONE, DESIGNER, FINE, LITTLE]):
May 15, 2023 5:42:26 AM managers.LogPrinter print
INFO: Введите name of House (String):
May 15, 2023 5:42:26 AM managers.LogPrinter println
INFO: Введите name of House (String):
May 15, 2023 5:42:27 AM managers.LogPrinter print
INFO: Введите year of House (Long):
May 15, 2023 5:42:27 AM managers.LogPrinter println
INFO: Введите year of House (Long):
May 15, 2023 5:42:27 AM managers.LogPrinter print
INFO: Введите numberOfFloors of House (Long):
May 15, 2023 5:42:27 AM managers.LogPrinter println
INFO: Введите numberOfFloors of House (Long):
May 15, 2023 5:42:28 AM managers.LogPrinter print
INFO: Введите numberOfLifts of House (Int):
May 15, 2023 5:42:28 AM managers.LogPrinter println
INFO: Введите numberOfLifts of House (Int):
May 15, 2023 5:42:28 AM managers.LogPrinter print
INFO: Объект 1 добавлен в коллекцию.
May 15, 2023 5:42:28 AM managers.LogPrinter println
INFO: Объект 1 добавлен в коллекцию.
May 15, 2023 5:42:28 AM managers.LogPrinter print
INFO: [
May 15, 2023 5:42:28 AM managers.LogPrinter print
INFO: Kuchizu
May 15, 2023 5:42:28 AM managers.LogPrinter print
INFO: ] >>> 
May 15, 2023 5:42:36 AM managers.CommandExecutor run
INFO: show
May 15, 2023 5:42:36 AM managers.LogPrinter print
INFO:     ***    ***    ***

Flat №5
    name: 1
    coordinates: X: 1; Y: 1.0
    creationDate: 2023-05-15T05:42:28.726495456+03:00[Europe/Moscow]
    area: 1
    numberOfRooms: 1
    timeToMetroOnFoot: 1.0
    timeToMetroByTransport: 1.0
    furnish: FINE
House:
    name: 1
    year: 1
    numberOfFloors: 1
    numberOfLifts: 1

    ***    ***    ***

May 15, 2023 5:42:36 AM managers.LogPrinter println
INFO:     ***    ***    ***

Flat №5
    name: 1
    coordinates: X: 1; Y: 1.0
    creationDate: 2023-05-15T05:42:28.726495456+03:00[Europe/Moscow]
    area: 1
    numberOfRooms: 1
    timeToMetroOnFoot: 1.0
    timeToMetroByTransport: 1.0
    furnish: FINE
House:
    name: 1
    year: 1
    numberOfFloors: 1
    numberOfLifts: 1

    ***    ***    ***

May 15, 2023 5:42:36 AM managers.LogPrinter print
INFO: [
May 15, 2023 5:42:36 AM managers.LogPrinter print
INFO: Kuchizu
May 15, 2023 5:42:36 AM managers.LogPrinter print
INFO: ] >>> 
May 15, 2023 5:42:38 AM managers.CommandExecutor run
INFO: help
May 15, 2023 5:42:38 AM managers.LogPrinter print
INFO: 
remove_head: Вывести первый элемент коллекции и удалить его
add {element}: Добавить новый элемент в коллекцию
count_by_time_to_metro_on_foot timeToMetroOnFoot: Вывести количество элементов, значение поля timeToMetroOnFoot которых равно заданному
execute_script file_name: Cчитать и исполнить скрипт из указанного файла. В скрипте содержатся команды в таком же виде, в котором их вводит пользователь в интерактивном режиме.
show: Вывести в стандартный поток вывода все элементы коллекции в строковом представлении
clear: Очистить коллекцию
update id {element}: Обновить значение элемента коллекции, id которого равен заданному
remove_by_id id: Удалить элемент из коллекции по его id
remove_lower: Удалить из коллекции все элементы, меньшие, чем заданный
head: Вывести первый элемент коллекции
help: Вывести справку по доступным командам
exit: Завершить программу (без сохранения в файл)
print_descending: Вывести элементы коллекции в порядке убывания
average_of_time_to_metro_by_transport: Вывести среднее значение поля timeToMetroByTransport для всех элементов коллекции
info: Вывести в стандартный поток вывода информацию о коллекции (тип, дата инициализации, количество элементов и т.д.)

May 15, 2023 5:42:38 AM managers.LogPrinter println
INFO: 
remove_head: Вывести первый элемент коллекции и удалить его
add {element}: Добавить новый элемент в коллекцию
count_by_time_to_metro_on_foot timeToMetroOnFoot: Вывести количество элементов, значение поля timeToMetroOnFoot которых равно заданному
execute_script file_name: Cчитать и исполнить скрипт из указанного файла. В скрипте содержатся команды в таком же виде, в котором их вводит пользователь в интерактивном режиме.
show: Вывести в стандартный поток вывода все элементы коллекции в строковом представлении
clear: Очистить коллекцию
update id {element}: Обновить значение элемента коллекции, id которого равен заданному
remove_by_id id: Удалить элемент из коллекции по его id
remove_lower: Удалить из коллекции все элементы, меньшие, чем заданный
head: Вывести первый элемент коллекции
help: Вывести справку по доступным командам
exit: Завершить программу (без сохранения в файл)
print_descending: Вывести элементы коллекции в порядке убывания
average_of_time_to_metro_by_transport: Вывести среднее значение поля timeToMetroByTransport для всех элементов коллекции
info: Вывести в стандартный поток вывода информацию о коллекции (тип, дата инициализации, количество элементов и т.д.)

May 15, 2023 5:42:38 AM managers.LogPrinter print
INFO: [
May 15, 2023 5:42:38 AM managers.LogPrinter print
INFO: Kuchizu
May 15, 2023 5:42:38 AM managers.LogPrinter print
INFO: ] >>> 
May 15, 2023 5:42:46 AM managers.CommandExecutor run
INFO: count_by_time_to_metro_on_foot
May 15, 2023 5:42:46 AM managers.LogPrinter print
INFO: Usage: count_by_time_to_metro_on_foot {arg}
May 15, 2023 5:42:46 AM managers.LogPrinter println
INFO: Usage: count_by_time_to_metro_on_foot {arg}
May 15, 2023 5:42:46 AM managers.LogPrinter print
INFO: [
May 15, 2023 5:42:46 AM managers.LogPrinter print
INFO: Kuchizu
May 15, 2023 5:42:46 AM managers.LogPrinter print
INFO: ] >>> 
May 15, 2023 5:42:48 AM managers.CommandExecutor run
INFO: count_by_time_to_metro_on_foot 1
May 15, 2023 5:42:48 AM managers.LogPrinter print
INFO: Количество элементов, значение поля timeToMetroOnFoot которых равно заданному: 1
May 15, 2023 5:42:48 AM managers.LogPrinter println
INFO: Количество элементов, значение поля timeToMetroOnFoot которых равно заданному: 1
May 15, 2023 5:42:48 AM managers.LogPrinter print
INFO: [
May 15, 2023 5:42:48 AM managers.LogPrinter print
INFO: Kuchizu
May 15, 2023 5:42:48 AM managers.LogPrinter print
INFO: ] >>> 
May 15, 2023 5:42:56 AM managers.CommandExecutor run
INFO: remove_by_id 123
May 15, 2023 5:42:56 AM managers.LogPrinter print
INFO: You don't have permission to modify this object.
May 15, 2023 5:42:56 AM managers.LogPrinter println
INFO: You don't have permission to modify this object.
May 15, 2023 5:42:56 AM managers.LogPrinter print
INFO: [
May 15, 2023 5:42:56 AM managers.LogPrinter print
INFO: Kuchizu
May 15, 2023 5:42:56 AM managers.LogPrinter print
INFO: ] >>> 
May 15, 2023 5:43:01 AM managers.CommandExecutor run
INFO: remove_by_id 123
May 15, 2023 5:43:01 AM managers.LogPrinter print
INFO: You don't have permission to modify this object.
May 15, 2023 5:43:01 AM managers.LogPrinter println
INFO: You don't have permission to modify this object.
May 15, 2023 5:43:01 AM managers.LogPrinter print
INFO: [
May 15, 2023 5:43:01 AM managers.LogPrinter print
INFO: Kuchizu
May 15, 2023 5:43:01 AM managers.LogPrinter print
INFO: ] >>> 
May 15, 2023 5:43:03 AM managers.CommandExecutor run
INFO: remove_by_id 5
May 15, 2023 5:43:03 AM managers.LogPrinter print
INFO: Removed.
May 15, 2023 5:43:03 AM managers.LogPrinter println
INFO: Removed.
May 15, 2023 5:43:03 AM managers.LogPrinter print
INFO: [
May 15, 2023 5:43:03 AM managers.LogPrinter print
INFO: Kuchizu
May 15, 2023 5:43:03 AM managers.LogPrinter print
INFO: ] >>> 
