May 15, 2023 3:53:23 AM managers.LogPrinter print
INFO: Client started running on [
May 15, 2023 3:53:23 AM managers.LogPrinter print
INFO: localhost
May 15, 2023 3:53:23 AM managers.LogPrinter print
INFO: ][
May 15, 2023 3:53:23 AM managers.LogPrinter print
INFO: 1234
May 15, 2023 3:53:23 AM managers.LogPrinter print
INFO: ]


May 15, 2023 3:53:23 AM managers.LogPrinter print
INFO: >>> 
May 15, 2023 3:53:25 AM managers.CommandExecutor run
INFO: info
May 15, 2023 3:53:25 AM managers.LogPrinter print
INFO: Для использования команд войдите в систему (/login) или зарегистрируйтесь (/reg)
May 15, 2023 3:53:25 AM managers.LogPrinter println
INFO: Для использования команд войдите в систему (/login) или зарегистрируйтесь (/reg)
May 15, 2023 3:53:25 AM managers.LogPrinter print
INFO: >>> 
May 15, 2023 3:53:29 AM managers.CommandExecutor run
INFO: /login
May 15, 2023 3:53:29 AM managers.LogPrinter print
INFO: Введите логин: 
May 15, 2023 3:53:32 AM managers.LogPrinter print
INFO: Введите пароль: 
May 15, 2023 3:53:33 AM managers.LogPrinter print
INFO: Успешная авторизация.
May 15, 2023 3:53:33 AM managers.LogPrinter println
INFO: Успешная авторизация.
May 15, 2023 3:53:33 AM managers.LogPrinter print
INFO: [
May 15, 2023 3:53:33 AM managers.LogPrinter print
INFO: Kuchizu
May 15, 2023 3:53:33 AM managers.LogPrinter print
INFO: ] >>> 
May 15, 2023 3:53:36 AM managers.CommandExecutor run
INFO: info
May 15, 2023 3:53:36 AM managers.LogPrinter print
INFO: 
Collection ArrayDeque
Size: 2 elements
CreationDate: 2023-05-15T03:37:37.485313+03:00[Europe/Moscow]
LastElementID: 4

May 15, 2023 3:53:36 AM managers.LogPrinter println
INFO: 
Collection ArrayDeque
Size: 2 elements
CreationDate: 2023-05-15T03:37:37.485313+03:00[Europe/Moscow]
LastElementID: 4

May 15, 2023 3:53:36 AM managers.LogPrinter print
INFO: [
May 15, 2023 3:53:36 AM managers.LogPrinter print
INFO: Kuchizu
May 15, 2023 3:53:36 AM managers.LogPrinter print
INFO: ] >>> 
May 15, 2023 3:53:37 AM managers.CommandExecutor run
INFO: help
May 15, 2023 3:53:37 AM managers.LogPrinter print
INFO: 
remove_head: Вывести первый элемент коллекции и удалить его
add {element}: Добавить новый элемент в коллекцию
count_by_time_to_metro_on_foot timeToMetroOnFoot: Вывести количество элементов, значение поля timeToMetroOnFoot которых равно заданному
execute_script file_name: Cчитать и исполнить скрипт из указанного файла. В скрипте содержатся команды в таком же виде, в котором их вводит пользователь в интерактивном режиме.
show: Вывести в стандартный поток вывода все элементы коллекции в строковом представлении
clear: Очистить коллекцию
update id {element}: Обновить значение элемента коллекции, id которого равен заданному
remove_by_id id: Удалить элемент из коллекции по его id
remove_lower: Удалить из коллекции все элементы, меньшие, чем заданный
head: Вывести первый элемент коллекции
help: Вывести справку по доступным командам
exit: Завершить программу (без сохранения в файл)
print_descending: Вывести элементы коллекции в порядке убывания
average_of_time_to_metro_by_transport: Вывести среднее значение поля timeToMetroByTransport для всех элементов коллекции
info: Вывести в стандартный поток вывода информацию о коллекции (тип, дата инициализации, количество элементов и т.д.)

May 15, 2023 3:53:37 AM managers.LogPrinter println
INFO: 
remove_head: Вывести первый элемент коллекции и удалить его
add {element}: Добавить новый элемент в коллекцию
count_by_time_to_metro_on_foot timeToMetroOnFoot: Вывести количество элементов, значение поля timeToMetroOnFoot которых равно заданному
execute_script file_name: Cчитать и исполнить скрипт из указанного файла. В скрипте содержатся команды в таком же виде, в котором их вводит пользователь в интерактивном режиме.
show: Вывести в стандартный поток вывода все элементы коллекции в строковом представлении
clear: Очистить коллекцию
update id {element}: Обновить значение элемента коллекции, id которого равен заданному
remove_by_id id: Удалить элемент из коллекции по его id
remove_lower: Удалить из коллекции все элементы, меньшие, чем заданный
head: Вывести первый элемент коллекции
help: Вывести справку по доступным командам
exit: Завершить программу (без сохранения в файл)
print_descending: Вывести элементы коллекции в порядке убывания
average_of_time_to_metro_by_transport: Вывести среднее значение поля timeToMetroByTransport для всех элементов коллекции
info: Вывести в стандартный поток вывода информацию о коллекции (тип, дата инициализации, количество элементов и т.д.)

May 15, 2023 3:53:37 AM managers.LogPrinter print
INFO: [
May 15, 2023 3:53:37 AM managers.LogPrinter print
INFO: Kuchizu
May 15, 2023 3:53:37 AM managers.LogPrinter print
INFO: ] >>> 
May 15, 2023 3:53:44 AM managers.CommandExecutor run
INFO: show
May 15, 2023 3:53:44 AM managers.LogPrinter print
INFO: 
    ***    ***    ***

Flat №3
    name: 1
    coordinates: X: 1; Y: 1.0
    creationDate: 2023-05-15T03:37:37.485313+03:00[Europe/Moscow]
    area: 2
    numberOfRooms: 3
    timeToMetroOnFoot: 4.0
    timeToMetroByTransport: 5.0
    furnish: DESIGNER
House:
    name: 123123
    year: 12
    numberOfFloors: 22
    numberOfLifts: 33

    ***    ***    ***
    ***    ***    ***

Flat №4
    name: 1
    coordinates: X: 2; Y: 3.0
    creationDate: 2023-05-15T03:39:08.038840+03:00[Europe/Moscow]
    area: 3
    numberOfRooms: 4
    timeToMetroOnFoot: 5.5
    timeToMetroByTransport: 1.0
    furnish: FINE
House:
    name: 1
    year: 1
    numberOfFloors: 1
    numberOfLifts: 1

    ***    ***    ***

May 15, 2023 3:53:44 AM managers.LogPrinter println
INFO: 
    ***    ***    ***

Flat №3
    name: 1
    coordinates: X: 1; Y: 1.0
    creationDate: 2023-05-15T03:37:37.485313+03:00[Europe/Moscow]
    area: 2
    numberOfRooms: 3
    timeToMetroOnFoot: 4.0
    timeToMetroByTransport: 5.0
    furnish: DESIGNER
House:
    name: 123123
    year: 12
    numberOfFloors: 22
    numberOfLifts: 33

    ***    ***    ***
    ***    ***    ***

Flat №4
    name: 1
    coordinates: X: 2; Y: 3.0
    creationDate: 2023-05-15T03:39:08.038840+03:00[Europe/Moscow]
    area: 3
    numberOfRooms: 4
    timeToMetroOnFoot: 5.5
    timeToMetroByTransport: 1.0
    furnish: FINE
House:
    name: 1
    year: 1
    numberOfFloors: 1
    numberOfLifts: 1

    ***    ***    ***

May 15, 2023 3:53:44 AM managers.LogPrinter print
INFO: [
May 15, 2023 3:53:44 AM managers.LogPrinter print
INFO: Kuchizu
May 15, 2023 3:53:44 AM managers.LogPrinter print
INFO: ] >>> 
May 15, 2023 3:53:46 AM managers.CommandExecutor run
INFO: help
May 15, 2023 3:53:46 AM managers.LogPrinter print
INFO: 
remove_head: Вывести первый элемент коллекции и удалить его
add {element}: Добавить новый элемент в коллекцию
count_by_time_to_metro_on_foot timeToMetroOnFoot: Вывести количество элементов, значение поля timeToMetroOnFoot которых равно заданному
execute_script file_name: Cчитать и исполнить скрипт из указанного файла. В скрипте содержатся команды в таком же виде, в котором их вводит пользователь в интерактивном режиме.
show: Вывести в стандартный поток вывода все элементы коллекции в строковом представлении
clear: Очистить коллекцию
update id {element}: Обновить значение элемента коллекции, id которого равен заданному
remove_by_id id: Удалить элемент из коллекции по его id
remove_lower: Удалить из коллекции все элементы, меньшие, чем заданный
head: Вывести первый элемент коллекции
help: Вывести справку по доступным командам
exit: Завершить программу (без сохранения в файл)
print_descending: Вывести элементы коллекции в порядке убывания
average_of_time_to_metro_by_transport: Вывести среднее значение поля timeToMetroByTransport для всех элементов коллекции
info: Вывести в стандартный поток вывода информацию о коллекции (тип, дата инициализации, количество элементов и т.д.)

May 15, 2023 3:53:46 AM managers.LogPrinter println
INFO: 
remove_head: Вывести первый элемент коллекции и удалить его
add {element}: Добавить новый элемент в коллекцию
count_by_time_to_metro_on_foot timeToMetroOnFoot: Вывести количество элементов, значение поля timeToMetroOnFoot которых равно заданному
execute_script file_name: Cчитать и исполнить скрипт из указанного файла. В скрипте содержатся команды в таком же виде, в котором их вводит пользователь в интерактивном режиме.
show: Вывести в стандартный поток вывода все элементы коллекции в строковом представлении
clear: Очистить коллекцию
update id {element}: Обновить значение элемента коллекции, id которого равен заданному
remove_by_id id: Удалить элемент из коллекции по его id
remove_lower: Удалить из коллекции все элементы, меньшие, чем заданный
head: Вывести первый элемент коллекции
help: Вывести справку по доступным командам
exit: Завершить программу (без сохранения в файл)
print_descending: Вывести элементы коллекции в порядке убывания
average_of_time_to_metro_by_transport: Вывести среднее значение поля timeToMetroByTransport для всех элементов коллекции
info: Вывести в стандартный поток вывода информацию о коллекции (тип, дата инициализации, количество элементов и т.д.)

May 15, 2023 3:53:46 AM managers.LogPrinter print
INFO: [
May 15, 2023 3:53:46 AM managers.LogPrinter print
INFO: Kuchizu
May 15, 2023 3:53:46 AM managers.LogPrinter print
INFO: ] >>> 
May 15, 2023 3:53:47 AM managers.CommandExecutor run
INFO: help
May 15, 2023 3:53:47 AM managers.LogPrinter print
INFO: 
remove_head: Вывести первый элемент коллекции и удалить его
add {element}: Добавить новый элемент в коллекцию
count_by_time_to_metro_on_foot timeToMetroOnFoot: Вывести количество элементов, значение поля timeToMetroOnFoot которых равно заданному
execute_script file_name: Cчитать и исполнить скрипт из указанного файла. В скрипте содержатся команды в таком же виде, в котором их вводит пользователь в интерактивном режиме.
show: Вывести в стандартный поток вывода все элементы коллекции в строковом представлении
clear: Очистить коллекцию
update id {element}: Обновить значение элемента коллекции, id которого равен заданному
remove_by_id id: Удалить элемент из коллекции по его id
remove_lower: Удалить из коллекции все элементы, меньшие, чем заданный
head: Вывести первый элемент коллекции
help: Вывести справку по доступным командам
exit: Завершить программу (без сохранения в файл)
print_descending: Вывести элементы коллекции в порядке убывания
average_of_time_to_metro_by_transport: Вывести среднее значение поля timeToMetroByTransport для всех элементов коллекции
info: Вывести в стандартный поток вывода информацию о коллекции (тип, дата инициализации, количество элементов и т.д.)

May 15, 2023 3:53:47 AM managers.LogPrinter println
INFO: 
remove_head: Вывести первый элемент коллекции и удалить его
add {element}: Добавить новый элемент в коллекцию
count_by_time_to_metro_on_foot timeToMetroOnFoot: Вывести количество элементов, значение поля timeToMetroOnFoot которых равно заданному
execute_script file_name: Cчитать и исполнить скрипт из указанного файла. В скрипте содержатся команды в таком же виде, в котором их вводит пользователь в интерактивном режиме.
show: Вывести в стандартный поток вывода все элементы коллекции в строковом представлении
clear: Очистить коллекцию
update id {element}: Обновить значение элемента коллекции, id которого равен заданному
remove_by_id id: Удалить элемент из коллекции по его id
remove_lower: Удалить из коллекции все элементы, меньшие, чем заданный
head: Вывести первый элемент коллекции
help: Вывести справку по доступным командам
exit: Завершить программу (без сохранения в файл)
print_descending: Вывести элементы коллекции в порядке убывания
average_of_time_to_metro_by_transport: Вывести среднее значение поля timeToMetroByTransport для всех элементов коллекции
info: Вывести в стандартный поток вывода информацию о коллекции (тип, дата инициализации, количество элементов и т.д.)

May 15, 2023 3:53:47 AM managers.LogPrinter print
INFO: [
May 15, 2023 3:53:47 AM managers.LogPrinter print
INFO: Kuchizu
May 15, 2023 3:53:47 AM managers.LogPrinter print
INFO: ] >>> 
May 15, 2023 3:53:47 AM managers.CommandExecutor run
INFO: help
May 15, 2023 3:53:47 AM managers.LogPrinter print
INFO: 
remove_head: Вывести первый элемент коллекции и удалить его
add {element}: Добавить новый элемент в коллекцию
count_by_time_to_metro_on_foot timeToMetroOnFoot: Вывести количество элементов, значение поля timeToMetroOnFoot которых равно заданному
execute_script file_name: Cчитать и исполнить скрипт из указанного файла. В скрипте содержатся команды в таком же виде, в котором их вводит пользователь в интерактивном режиме.
show: Вывести в стандартный поток вывода все элементы коллекции в строковом представлении
clear: Очистить коллекцию
update id {element}: Обновить значение элемента коллекции, id которого равен заданному
remove_by_id id: Удалить элемент из коллекции по его id
remove_lower: Удалить из коллекции все элементы, меньшие, чем заданный
head: Вывести первый элемент коллекции
help: Вывести справку по доступным командам
exit: Завершить программу (без сохранения в файл)
print_descending: Вывести элементы коллекции в порядке убывания
average_of_time_to_metro_by_transport: Вывести среднее значение поля timeToMetroByTransport для всех элементов коллекции
info: Вывести в стандартный поток вывода информацию о коллекции (тип, дата инициализации, количество элементов и т.д.)

May 15, 2023 3:53:47 AM managers.LogPrinter println
INFO: 
remove_head: Вывести первый элемент коллекции и удалить его
add {element}: Добавить новый элемент в коллекцию
count_by_time_to_metro_on_foot timeToMetroOnFoot: Вывести количество элементов, значение поля timeToMetroOnFoot которых равно заданному
execute_script file_name: Cчитать и исполнить скрипт из указанного файла. В скрипте содержатся команды в таком же виде, в котором их вводит пользователь в интерактивном режиме.
show: Вывести в стандартный поток вывода все элементы коллекции в строковом представлении
clear: Очистить коллекцию
update id {element}: Обновить значение элемента коллекции, id которого равен заданному
remove_by_id id: Удалить элемент из коллекции по его id
remove_lower: Удалить из коллекции все элементы, меньшие, чем заданный
head: Вывести первый элемент коллекции
help: Вывести справку по доступным командам
exit: Завершить программу (без сохранения в файл)
print_descending: Вывести элементы коллекции в порядке убывания
average_of_time_to_metro_by_transport: Вывести среднее значение поля timeToMetroByTransport для всех элементов коллекции
info: Вывести в стандартный поток вывода информацию о коллекции (тип, дата инициализации, количество элементов и т.д.)

May 15, 2023 3:53:47 AM managers.LogPrinter print
INFO: [
May 15, 2023 3:53:47 AM managers.LogPrinter print
INFO: Kuchizu
May 15, 2023 3:53:47 AM managers.LogPrinter print
INFO: ] >>> 
May 15, 2023 3:53:48 AM managers.CommandExecutor run
INFO: info
May 15, 2023 3:53:48 AM managers.LogPrinter print
INFO: 
Collection ArrayDeque
Size: 2 elements
CreationDate: 2023-05-15T03:37:37.485313+03:00[Europe/Moscow]
LastElementID: 4

May 15, 2023 3:53:49 AM managers.LogPrinter println
INFO: 
Collection ArrayDeque
Size: 2 elements
CreationDate: 2023-05-15T03:37:37.485313+03:00[Europe/Moscow]
LastElementID: 4

May 15, 2023 3:53:49 AM managers.LogPrinter print
INFO: [
May 15, 2023 3:53:49 AM managers.LogPrinter print
INFO: Kuchizu
May 15, 2023 3:53:49 AM managers.LogPrinter print
INFO: ] >>> 
May 15, 2023 3:53:50 AM managers.CommandExecutor run
INFO: help
May 15, 2023 3:53:50 AM managers.LogPrinter print
INFO: 
remove_head: Вывести первый элемент коллекции и удалить его
add {element}: Добавить новый элемент в коллекцию
count_by_time_to_metro_on_foot timeToMetroOnFoot: Вывести количество элементов, значение поля timeToMetroOnFoot которых равно заданному
execute_script file_name: Cчитать и исполнить скрипт из указанного файла. В скрипте содержатся команды в таком же виде, в котором их вводит пользователь в интерактивном режиме.
show: Вывести в стандартный поток вывода все элементы коллекции в строковом представлении
clear: Очистить коллекцию
update id {element}: Обновить значение элемента коллекции, id которого равен заданному
remove_by_id id: Удалить элемент из коллекции по его id
remove_lower: Удалить из коллекции все элементы, меньшие, чем заданный
head: Вывести первый элемент коллекции
help: Вывести справку по доступным командам
exit: Завершить программу (без сохранения в файл)
print_descending: Вывести элементы коллекции в порядке убывания
average_of_time_to_metro_by_transport: Вывести среднее значение поля timeToMetroByTransport для всех элементов коллекции
info: Вывести в стандартный поток вывода информацию о коллекции (тип, дата инициализации, количество элементов и т.д.)

May 15, 2023 3:53:50 AM managers.LogPrinter println
INFO: 
remove_head: Вывести первый элемент коллекции и удалить его
add {element}: Добавить новый элемент в коллекцию
count_by_time_to_metro_on_foot timeToMetroOnFoot: Вывести количество элементов, значение поля timeToMetroOnFoot которых равно заданному
execute_script file_name: Cчитать и исполнить скрипт из указанного файла. В скрипте содержатся команды в таком же виде, в котором их вводит пользователь в интерактивном режиме.
show: Вывести в стандартный поток вывода все элементы коллекции в строковом представлении
clear: Очистить коллекцию
update id {element}: Обновить значение элемента коллекции, id которого равен заданному
remove_by_id id: Удалить элемент из коллекции по его id
remove_lower: Удалить из коллекции все элементы, меньшие, чем заданный
head: Вывести первый элемент коллекции
help: Вывести справку по доступным командам
exit: Завершить программу (без сохранения в файл)
print_descending: Вывести элементы коллекции в порядке убывания
average_of_time_to_metro_by_transport: Вывести среднее значение поля timeToMetroByTransport для всех элементов коллекции
info: Вывести в стандартный поток вывода информацию о коллекции (тип, дата инициализации, количество элементов и т.д.)

May 15, 2023 3:53:50 AM managers.LogPrinter print
INFO: [
May 15, 2023 3:53:50 AM managers.LogPrinter print
INFO: Kuchizu
May 15, 2023 3:53:50 AM managers.LogPrinter print
INFO: ] >>> 
May 15, 2023 3:53:55 AM managers.CommandExecutor run
INFO: add
May 15, 2023 3:53:55 AM managers.LogPrinter print
INFO: Введите Name (String), /q для отмены:
May 15, 2023 3:53:55 AM managers.LogPrinter println
INFO: Введите Name (String), /q для отмены:
May 15, 2023 3:53:55 AM managers.LogPrinter print
INFO: Введите координаты x, y (Long, Double):
May 15, 2023 3:53:55 AM managers.LogPrinter println
INFO: Введите координаты x, y (Long, Double):
May 15, 2023 3:53:57 AM managers.LogPrinter print
INFO: Введите area (Integer): 
May 15, 2023 3:53:57 AM managers.LogPrinter println
INFO: Введите area (Integer): 
May 15, 2023 3:53:58 AM managers.LogPrinter print
INFO: Введите numberOfRooms (Integer):
May 15, 2023 3:53:58 AM managers.LogPrinter println
INFO: Введите numberOfRooms (Integer):
May 15, 2023 3:53:58 AM managers.LogPrinter print
INFO: Введите timeToMetroOnFoot (Float):
May 15, 2023 3:53:58 AM managers.LogPrinter println
INFO: Введите timeToMetroOnFoot (Float):
May 15, 2023 3:53:59 AM managers.LogPrinter print
INFO: Введите timeToMetroByTransport (Double):
May 15, 2023 3:53:59 AM managers.LogPrinter println
INFO: Введите timeToMetroByTransport (Double):
May 15, 2023 3:53:59 AM managers.LogPrinter print
INFO: Введите furnish (Enum [NONE, DESIGNER, FINE, LITTLE]):
May 15, 2023 3:53:59 AM managers.LogPrinter println
INFO: Введите furnish (Enum [NONE, DESIGNER, FINE, LITTLE]):
May 15, 2023 3:54:01 AM managers.LogPrinter print
INFO: Введите name of House (String):
May 15, 2023 3:54:01 AM managers.LogPrinter println
INFO: Введите name of House (String):
May 15, 2023 3:54:03 AM managers.LogPrinter print
INFO: Введите year of House (Long):
May 15, 2023 3:54:03 AM managers.LogPrinter println
INFO: Введите year of House (Long):
May 15, 2023 3:54:03 AM managers.LogPrinter print
INFO: Введите numberOfFloors of House (Long):
May 15, 2023 3:54:03 AM managers.LogPrinter println
INFO: Введите numberOfFloors of House (Long):
May 15, 2023 3:54:04 AM managers.LogPrinter print
INFO: Введите numberOfLifts of House (Int):
May 15, 2023 3:54:04 AM managers.LogPrinter println
INFO: Введите numberOfLifts of House (Int):
May 15, 2023 3:54:04 AM managers.LogPrinter print
INFO:     ***    ***    ***
Flat №1397382377
    name: 1
    coordinates: X: 1; Y: 1.0
    creationDate: 2023-05-15T03:54:04.963531304+03:00[Europe/Moscow]
    area: 1
    numberOfRooms: 1
    timeToMetroOnFoot: 1.0
    timeToMetroByTransport: 1.0
    furnish: DESIGNER
House:
    name: 1
    year: 1
    numberOfFloors: 1
    numberOfLifts: 1

    ***    ***    ***

May 15, 2023 3:54:05 AM managers.LogPrinter print
INFO: 
Объект 1 добавлен в коллекцию.
May 15, 2023 3:54:05 AM managers.LogPrinter println
INFO: 
Объект 1 добавлен в коллекцию.
May 15, 2023 3:54:05 AM managers.LogPrinter print
INFO: [
May 15, 2023 3:54:05 AM managers.LogPrinter print
INFO: Kuchizu
May 15, 2023 3:54:05 AM managers.LogPrinter print
INFO: ] >>> 
May 15, 2023 3:54:07 AM managers.CommandExecutor run
INFO: help
May 15, 2023 3:54:07 AM managers.LogPrinter print
INFO: 
remove_head: Вывести первый элемент коллекции и удалить его
add {element}: Добавить новый элемент в коллекцию
count_by_time_to_metro_on_foot timeToMetroOnFoot: Вывести количество элементов, значение поля timeToMetroOnFoot которых равно заданному
execute_script file_name: Cчитать и исполнить скрипт из указанного файла. В скрипте содержатся команды в таком же виде, в котором их вводит пользователь в интерактивном режиме.
show: Вывести в стандартный поток вывода все элементы коллекции в строковом представлении
clear: Очистить коллекцию
update id {element}: Обновить значение элемента коллекции, id которого равен заданному
remove_by_id id: Удалить элемент из коллекции по его id
remove_lower: Удалить из коллекции все элементы, меньшие, чем заданный
head: Вывести первый элемент коллекции
help: Вывести справку по доступным командам
exit: Завершить программу (без сохранения в файл)
print_descending: Вывести элементы коллекции в порядке убывания
average_of_time_to_metro_by_transport: Вывести среднее значение поля timeToMetroByTransport для всех элементов коллекции
info: Вывести в стандартный поток вывода информацию о коллекции (тип, дата инициализации, количество элементов и т.д.)

May 15, 2023 3:54:07 AM managers.LogPrinter println
INFO: 
remove_head: Вывести первый элемент коллекции и удалить его
add {element}: Добавить новый элемент в коллекцию
count_by_time_to_metro_on_foot timeToMetroOnFoot: Вывести количество элементов, значение поля timeToMetroOnFoot которых равно заданному
execute_script file_name: Cчитать и исполнить скрипт из указанного файла. В скрипте содержатся команды в таком же виде, в котором их вводит пользователь в интерактивном режиме.
show: Вывести в стандартный поток вывода все элементы коллекции в строковом представлении
clear: Очистить коллекцию
update id {element}: Обновить значение элемента коллекции, id которого равен заданному
remove_by_id id: Удалить элемент из коллекции по его id
remove_lower: Удалить из коллекции все элементы, меньшие, чем заданный
head: Вывести первый элемент коллекции
help: Вывести справку по доступным командам
exit: Завершить программу (без сохранения в файл)
print_descending: Вывести элементы коллекции в порядке убывания
average_of_time_to_metro_by_transport: Вывести среднее значение поля timeToMetroByTransport для всех элементов коллекции
info: Вывести в стандартный поток вывода информацию о коллекции (тип, дата инициализации, количество элементов и т.д.)

May 15, 2023 3:54:07 AM managers.LogPrinter print
INFO: [
May 15, 2023 3:54:07 AM managers.LogPrinter print
INFO: Kuchizu
May 15, 2023 3:54:07 AM managers.LogPrinter print
INFO: ] >>> 
May 15, 2023 3:54:08 AM managers.CommandExecutor run
INFO: info
May 15, 2023 3:54:08 AM managers.LogPrinter print
INFO: 
Collection ArrayDeque
Size: 3 elements
CreationDate: 2023-05-15T03:37:37.485313+03:00[Europe/Moscow]
LastElementID: 1397382377

May 15, 2023 3:54:08 AM managers.LogPrinter println
INFO: 
Collection ArrayDeque
Size: 3 elements
CreationDate: 2023-05-15T03:37:37.485313+03:00[Europe/Moscow]
LastElementID: 1397382377

May 15, 2023 3:54:08 AM managers.LogPrinter print
INFO: [
May 15, 2023 3:54:08 AM managers.LogPrinter print
INFO: Kuchizu
May 15, 2023 3:54:08 AM managers.LogPrinter print
INFO: ] >>> 
May 15, 2023 3:54:31 AM managers.CommandExecutor run
INFO: show
May 15, 2023 3:54:31 AM managers.LogPrinter print
INFO: 
    ***    ***    ***

Flat №3
    name: 1
    coordinates: X: 1; Y: 1.0
    creationDate: 2023-05-15T03:37:37.485313+03:00[Europe/Moscow]
    area: 2
    numberOfRooms: 3
    timeToMetroOnFoot: 4.0
    timeToMetroByTransport: 5.0
    furnish: DESIGNER
House:
    name: 123123
    year: 12
    numberOfFloors: 22
    numberOfLifts: 33

    ***    ***    ***
    ***    ***    ***

Flat №4
    name: 1
    coordinates: X: 2; Y: 3.0
    creationDate: 2023-05-15T03:39:08.038840+03:00[Europe/Moscow]
    area: 3
    numberOfRooms: 4
    timeToMetroOnFoot: 5.5
    timeToMetroByTransport: 1.0
    furnish: FINE
House:
    name: 1
    year: 1
    numberOfFloors: 1
    numberOfLifts: 1

    ***    ***    ***
    ***    ***    ***

Flat №1397382377
    name: 1
    coordinates: X: 1; Y: 1.0
    creationDate: 2023-05-15T03:54:04.963531304+03:00[Europe/Moscow]
    area: 1
    numberOfRooms: 1
    timeToMetroOnFoot: 1.0
    timeToMetroByTransport: 1.0
    furnish: DESIGNER
House:
    name: 1
    year: 1
    numberOfFloors: 1
    numberOfLifts: 1

    ***    ***    ***

May 15, 2023 3:54:31 AM managers.LogPrinter println
INFO: 
    ***    ***    ***

Flat №3
    name: 1
    coordinates: X: 1; Y: 1.0
    creationDate: 2023-05-15T03:37:37.485313+03:00[Europe/Moscow]
    area: 2
    numberOfRooms: 3
    timeToMetroOnFoot: 4.0
    timeToMetroByTransport: 5.0
    furnish: DESIGNER
House:
    name: 123123
    year: 12
    numberOfFloors: 22
    numberOfLifts: 33

    ***    ***    ***
    ***    ***    ***

Flat №4
    name: 1
    coordinates: X: 2; Y: 3.0
    creationDate: 2023-05-15T03:39:08.038840+03:00[Europe/Moscow]
    area: 3
    numberOfRooms: 4
    timeToMetroOnFoot: 5.5
    timeToMetroByTransport: 1.0
    furnish: FINE
House:
    name: 1
    year: 1
    numberOfFloors: 1
    numberOfLifts: 1

    ***    ***    ***
    ***    ***    ***

Flat №1397382377
    name: 1
    coordinates: X: 1; Y: 1.0
    creationDate: 2023-05-15T03:54:04.963531304+03:00[Europe/Moscow]
    area: 1
    numberOfRooms: 1
    timeToMetroOnFoot: 1.0
    timeToMetroByTransport: 1.0
    furnish: DESIGNER
House:
    name: 1
    year: 1
    numberOfFloors: 1
    numberOfLifts: 1

    ***    ***    ***

May 15, 2023 3:54:31 AM managers.LogPrinter print
INFO: [
May 15, 2023 3:54:31 AM managers.LogPrinter print
INFO: Kuchizu
May 15, 2023 3:54:31 AM managers.LogPrinter print
INFO: ] >>> 
May 15, 2023 3:54:47 AM managers.CommandExecutor run
INFO: info
May 15, 2023 3:54:47 AM managers.LogPrinter print
INFO: 
Collection ArrayDeque
Size: 3 elements
CreationDate: 2023-05-15T03:37:37.485313+03:00[Europe/Moscow]
LastElementID: 1397382377

May 15, 2023 3:54:47 AM managers.LogPrinter println
INFO: 
Collection ArrayDeque
Size: 3 elements
CreationDate: 2023-05-15T03:37:37.485313+03:00[Europe/Moscow]
LastElementID: 1397382377

May 15, 2023 3:54:47 AM managers.LogPrinter print
INFO: [
May 15, 2023 3:54:47 AM managers.LogPrinter print
INFO: Kuchizu
May 15, 2023 3:54:47 AM managers.LogPrinter print
INFO: ] >>> 
May 15, 2023 3:54:49 AM managers.CommandExecutor run
INFO: show
May 15, 2023 3:54:49 AM managers.LogPrinter print
INFO: 
    ***    ***    ***

Flat №3
    name: 1
    coordinates: X: 1; Y: 1.0
    creationDate: 2023-05-15T03:37:37.485313+03:00[Europe/Moscow]
    area: 2
    numberOfRooms: 3
    timeToMetroOnFoot: 4.0
    timeToMetroByTransport: 5.0
    furnish: DESIGNER
House:
    name: 123123
    year: 12
    numberOfFloors: 22
    numberOfLifts: 33

    ***    ***    ***
    ***    ***    ***

Flat №4
    name: 1
    coordinates: X: 2; Y: 3.0
    creationDate: 2023-05-15T03:39:08.038840+03:00[Europe/Moscow]
    area: 3
    numberOfRooms: 4
    timeToMetroOnFoot: 5.5
    timeToMetroByTransport: 1.0
    furnish: FINE
House:
    name: 1
    year: 1
    numberOfFloors: 1
    numberOfLifts: 1

    ***    ***    ***
    ***    ***    ***

Flat №1397382377
    name: 1
    coordinates: X: 1; Y: 1.0
    creationDate: 2023-05-15T03:54:04.963531304+03:00[Europe/Moscow]
    area: 1
    numberOfRooms: 1
    timeToMetroOnFoot: 1.0
    timeToMetroByTransport: 1.0
    furnish: DESIGNER
House:
    name: 1
    year: 1
    numberOfFloors: 1
    numberOfLifts: 1

    ***    ***    ***

May 15, 2023 3:54:49 AM managers.LogPrinter println
INFO: 
    ***    ***    ***

Flat №3
    name: 1
    coordinates: X: 1; Y: 1.0
    creationDate: 2023-05-15T03:37:37.485313+03:00[Europe/Moscow]
    area: 2
    numberOfRooms: 3
    timeToMetroOnFoot: 4.0
    timeToMetroByTransport: 5.0
    furnish: DESIGNER
House:
    name: 123123
    year: 12
    numberOfFloors: 22
    numberOfLifts: 33

    ***    ***    ***
    ***    ***    ***

Flat №4
    name: 1
    coordinates: X: 2; Y: 3.0
    creationDate: 2023-05-15T03:39:08.038840+03:00[Europe/Moscow]
    area: 3
    numberOfRooms: 4
    timeToMetroOnFoot: 5.5
    timeToMetroByTransport: 1.0
    furnish: FINE
House:
    name: 1
    year: 1
    numberOfFloors: 1
    numberOfLifts: 1

    ***    ***    ***
    ***    ***    ***

Flat №1397382377
    name: 1
    coordinates: X: 1; Y: 1.0
    creationDate: 2023-05-15T03:54:04.963531304+03:00[Europe/Moscow]
    area: 1
    numberOfRooms: 1
    timeToMetroOnFoot: 1.0
    timeToMetroByTransport: 1.0
    furnish: DESIGNER
House:
    name: 1
    year: 1
    numberOfFloors: 1
    numberOfLifts: 1

    ***    ***    ***

May 15, 2023 3:54:49 AM managers.LogPrinter print
INFO: [
May 15, 2023 3:54:49 AM managers.LogPrinter print
INFO: Kuchizu
May 15, 2023 3:54:49 AM managers.LogPrinter print
INFO: ] >>> 
May 15, 2023 3:55:28 AM managers.CommandExecutor run
INFO: add
May 15, 2023 3:55:28 AM managers.LogPrinter print
INFO: Введите Name (String), /q для отмены:
May 15, 2023 3:55:28 AM managers.LogPrinter println
INFO: Введите Name (String), /q для отмены:
May 15, 2023 3:55:30 AM managers.LogPrinter print
INFO: Введите координаты x, y (Long, Double):
May 15, 2023 3:55:30 AM managers.LogPrinter println
INFO: Введите координаты x, y (Long, Double):
May 15, 2023 3:55:31 AM managers.LogPrinter print
INFO: Введите area (Integer): 
May 15, 2023 3:55:31 AM managers.LogPrinter println
INFO: Введите area (Integer): 
May 15, 2023 3:55:31 AM managers.LogPrinter print
INFO: Введите numberOfRooms (Integer):
May 15, 2023 3:55:31 AM managers.LogPrinter println
INFO: Введите numberOfRooms (Integer):
May 15, 2023 3:55:32 AM managers.LogPrinter print
INFO: Введите timeToMetroOnFoot (Float):
May 15, 2023 3:55:32 AM managers.LogPrinter println
INFO: Введите timeToMetroOnFoot (Float):
May 15, 2023 3:55:32 AM managers.LogPrinter print
INFO: Введите timeToMetroByTransport (Double):
May 15, 2023 3:55:32 AM managers.LogPrinter println
INFO: Введите timeToMetroByTransport (Double):
May 15, 2023 3:55:32 AM managers.LogPrinter print
INFO: Введите furnish (Enum [NONE, DESIGNER, FINE, LITTLE]):
May 15, 2023 3:55:32 AM managers.LogPrinter println
INFO: Введите furnish (Enum [NONE, DESIGNER, FINE, LITTLE]):
May 15, 2023 3:55:34 AM managers.LogPrinter print
INFO: Введите name of House (String):
May 15, 2023 3:55:34 AM managers.LogPrinter println
INFO: Введите name of House (String):
May 15, 2023 3:55:35 AM managers.LogPrinter print
INFO: Введите year of House (Long):
May 15, 2023 3:55:35 AM managers.LogPrinter println
INFO: Введите year of House (Long):
May 15, 2023 3:55:35 AM managers.LogPrinter print
INFO: Введите numberOfFloors of House (Long):
May 15, 2023 3:55:35 AM managers.LogPrinter println
INFO: Введите numberOfFloors of House (Long):
May 15, 2023 3:55:35 AM managers.LogPrinter print
INFO: Введите numberOfLifts of House (Int):
May 15, 2023 3:55:35 AM managers.LogPrinter println
INFO: Введите numberOfLifts of House (Int):
May 15, 2023 3:55:35 AM managers.LogPrinter print
INFO:     ***    ***    ***
Flat №919570975
    name: 1
    coordinates: X: 1; Y: 1.0
    creationDate: 2023-05-15T03:55:35.635146886+03:00[Europe/Moscow]
    area: 1
    numberOfRooms: 1
    timeToMetroOnFoot: 1.0
    timeToMetroByTransport: 1.0
    furnish: NONE
House:
    name: 1
    year: 1
    numberOfFloors: 1
    numberOfLifts: 1

    ***    ***    ***

May 15, 2023 3:55:38 AM managers.CommandExecutor run
INFO: 1
May 15, 2023 3:55:38 AM managers.LogPrinter print
INFO: Неизвестная команда
May 15, 2023 3:55:38 AM managers.LogPrinter println
INFO: Неизвестная команда
May 15, 2023 3:55:38 AM managers.LogPrinter print
INFO: [
May 15, 2023 3:55:38 AM managers.LogPrinter print
INFO: Kuchizu
May 15, 2023 3:55:38 AM managers.LogPrinter print
INFO: ] >>> 
May 15, 2023 3:55:38 AM managers.CommandExecutor run
INFO: 
May 15, 2023 3:55:38 AM managers.LogPrinter print
INFO: [
May 15, 2023 3:55:38 AM managers.LogPrinter print
INFO: Kuchizu
May 15, 2023 3:55:38 AM managers.LogPrinter print
INFO: ] >>> 
May 15, 2023 3:55:38 AM managers.CommandExecutor run
INFO: 
May 15, 2023 3:55:38 AM managers.LogPrinter print
INFO: [
May 15, 2023 3:55:38 AM managers.LogPrinter print
INFO: Kuchizu
May 15, 2023 3:55:38 AM managers.LogPrinter print
INFO: ] >>> 
