May 14, 2023 1:43:34 AM managers.LogPrinter print
INFO: Client started running on [
May 14, 2023 1:43:34 AM managers.LogPrinter print
INFO: localhost
May 14, 2023 1:43:34 AM managers.LogPrinter print
INFO: ][
May 14, 2023 1:43:34 AM managers.LogPrinter print
INFO: 1234
May 14, 2023 1:43:34 AM managers.LogPrinter print
INFO: ]


May 14, 2023 1:43:34 AM managers.LogPrinter print
INFO: >>> 
May 14, 2023 1:43:40 AM managers.CommandExecutor run
INFO: штащ
May 14, 2023 1:43:40 AM managers.LogPrinter print
INFO: Неизвестная команда
May 14, 2023 1:43:40 AM managers.LogPrinter println
INFO: Неизвестная команда
May 14, 2023 1:43:40 AM managers.LogPrinter print
INFO: >>> 
May 14, 2023 1:43:41 AM managers.CommandExecutor run
INFO: info
May 14, 2023 1:43:41 AM managers.LogPrinter print
INFO: 
Collection ArrayDeque
Size: 2 elements
CreationDate: 2023-04-19T05:05:11+03:00[Europe/Moscow]
LastElementID: 1985467341

May 14, 2023 1:43:41 AM managers.LogPrinter println
INFO: 
Collection ArrayDeque
Size: 2 elements
CreationDate: 2023-04-19T05:05:11+03:00[Europe/Moscow]
LastElementID: 1985467341

May 14, 2023 1:43:41 AM managers.LogPrinter print
INFO: >>> 
May 14, 2023 1:43:42 AM managers.CommandExecutor run
INFO: help
May 14, 2023 1:43:42 AM managers.LogPrinter print
INFO: 
remove_head: Вывести первый элемент коллекции и удалить его
count_by_time_to_metro_on_foot timeToMetroOnFoot: Вывести количество элементов, значение поля timeToMetroOnFoot которых равно заданному
execute_script file_name: Cчитать и исполнить скрипт из указанного файла. В скрипте содержатся команды в таком же виде, в котором их вводит пользователь в интерактивном режиме.
show: Вывести в стандартный поток вывода все элементы коллекции в строковом представлении
clear: Очистить коллекцию
update id {element}: Обновить значение элемента коллекции, id которого равен заданному
remove_by_id id: Удалить элемент из коллекции по его id
remove_lower: Удалить из коллекции все элементы, меньшие, чем заданный
head: Вывести первый элемент коллекции
help: Вывести справку по доступным командам
exit: Завершить программу (без сохранения в файл)
print_descending: Вывести элементы коллекции в порядке убывания
average_of_time_to_metro_by_transport: Вывести среднее значение поля timeToMetroByTransport для всех элементов коллекции
info: Вывести в стандартный поток вывода информацию о коллекции (тип, дата инициализации, количество элементов и т.д.)

May 14, 2023 1:43:42 AM managers.LogPrinter println
INFO: 
remove_head: Вывести первый элемент коллекции и удалить его
count_by_time_to_metro_on_foot timeToMetroOnFoot: Вывести количество элементов, значение поля timeToMetroOnFoot которых равно заданному
execute_script file_name: Cчитать и исполнить скрипт из указанного файла. В скрипте содержатся команды в таком же виде, в котором их вводит пользователь в интерактивном режиме.
show: Вывести в стандартный поток вывода все элементы коллекции в строковом представлении
clear: Очистить коллекцию
update id {element}: Обновить значение элемента коллекции, id которого равен заданному
remove_by_id id: Удалить элемент из коллекции по его id
remove_lower: Удалить из коллекции все элементы, меньшие, чем заданный
head: Вывести первый элемент коллекции
help: Вывести справку по доступным командам
exit: Завершить программу (без сохранения в файл)
print_descending: Вывести элементы коллекции в порядке убывания
average_of_time_to_metro_by_transport: Вывести среднее значение поля timeToMetroByTransport для всех элементов коллекции
info: Вывести в стандартный поток вывода информацию о коллекции (тип, дата инициализации, количество элементов и т.д.)

May 14, 2023 1:43:42 AM managers.LogPrinter print
INFO: >>> 
May 14, 2023 1:43:48 AM managers.CommandExecutor run
INFO: remove_head
May 14, 2023 1:43:48 AM managers.LogPrinter print
INFO: 
    ***    ***    ***
Flat №1458791979
    name: 1
    coordinates: X: 1; Y: 1.0
    creationDate: 2023-04-19T05:05:11+03:00[Europe/Moscow]
    area: 1
    numberOfRooms: 1
    timeToMetroOnFoot: 11.0
    timeToMetroByTransport: 1.0
    furnish: NONE
House:
    name: 1
    year: 1
    numberOfFloors: 1
    numberOfLifts: 1

    ***    ***    ***

May 14, 2023 1:43:48 AM managers.LogPrinter println
INFO: 
    ***    ***    ***
Flat №1458791979
    name: 1
    coordinates: X: 1; Y: 1.0
    creationDate: 2023-04-19T05:05:11+03:00[Europe/Moscow]
    area: 1
    numberOfRooms: 1
    timeToMetroOnFoot: 11.0
    timeToMetroByTransport: 1.0
    furnish: NONE
House:
    name: 1
    year: 1
    numberOfFloors: 1
    numberOfLifts: 1

    ***    ***    ***

May 14, 2023 1:43:48 AM managers.LogPrinter print
INFO: >>> 
May 14, 2023 1:43:50 AM managers.CommandExecutor run
INFO: hel
May 14, 2023 1:43:50 AM managers.LogPrinter print
INFO: Неизвестная команда
May 14, 2023 1:43:50 AM managers.LogPrinter println
INFO: Неизвестная команда
May 14, 2023 1:43:50 AM managers.LogPrinter print
INFO: >>> 
May 14, 2023 1:43:51 AM managers.CommandExecutor run
INFO: help
May 14, 2023 1:43:51 AM managers.LogPrinter print
INFO: 
remove_head: Вывести первый элемент коллекции и удалить его
count_by_time_to_metro_on_foot timeToMetroOnFoot: Вывести количество элементов, значение поля timeToMetroOnFoot которых равно заданному
execute_script file_name: Cчитать и исполнить скрипт из указанного файла. В скрипте содержатся команды в таком же виде, в котором их вводит пользователь в интерактивном режиме.
show: Вывести в стандартный поток вывода все элементы коллекции в строковом представлении
clear: Очистить коллекцию
update id {element}: Обновить значение элемента коллекции, id которого равен заданному
remove_by_id id: Удалить элемент из коллекции по его id
remove_lower: Удалить из коллекции все элементы, меньшие, чем заданный
head: Вывести первый элемент коллекции
help: Вывести справку по доступным командам
exit: Завершить программу (без сохранения в файл)
print_descending: Вывести элементы коллекции в порядке убывания
average_of_time_to_metro_by_transport: Вывести среднее значение поля timeToMetroByTransport для всех элементов коллекции
info: Вывести в стандартный поток вывода информацию о коллекции (тип, дата инициализации, количество элементов и т.д.)

May 14, 2023 1:43:51 AM managers.LogPrinter println
INFO: 
remove_head: Вывести первый элемент коллекции и удалить его
count_by_time_to_metro_on_foot timeToMetroOnFoot: Вывести количество элементов, значение поля timeToMetroOnFoot которых равно заданному
execute_script file_name: Cчитать и исполнить скрипт из указанного файла. В скрипте содержатся команды в таком же виде, в котором их вводит пользователь в интерактивном режиме.
show: Вывести в стандартный поток вывода все элементы коллекции в строковом представлении
clear: Очистить коллекцию
update id {element}: Обновить значение элемента коллекции, id которого равен заданному
remove_by_id id: Удалить элемент из коллекции по его id
remove_lower: Удалить из коллекции все элементы, меньшие, чем заданный
head: Вывести первый элемент коллекции
help: Вывести справку по доступным командам
exit: Завершить программу (без сохранения в файл)
print_descending: Вывести элементы коллекции в порядке убывания
average_of_time_to_metro_by_transport: Вывести среднее значение поля timeToMetroByTransport для всех элементов коллекции
info: Вывести в стандартный поток вывода информацию о коллекции (тип, дата инициализации, количество элементов и т.д.)

May 14, 2023 1:43:51 AM managers.LogPrinter print
INFO: >>> 
