May 17, 2023 2:41:43 PM managers.LogPrinter print
INFO: Client started running on [
May 17, 2023 2:41:43 PM managers.LogPrinter print
INFO: localhost
May 17, 2023 2:41:43 PM managers.LogPrinter print
INFO: ][
May 17, 2023 2:41:43 PM managers.LogPrinter print
INFO: 1234
May 17, 2023 2:41:43 PM managers.LogPrinter print
INFO: ]


May 17, 2023 2:41:43 PM managers.LogPrinter print
INFO: >>> 
May 17, 2023 2:41:46 PM managers.CommandExecutor run
INFO: /login
May 17, 2023 2:41:46 PM managers.LogPrinter print
INFO: Введите логин: 
May 17, 2023 2:41:47 PM managers.LogPrinter print
INFO: Введите пароль: 
May 17, 2023 2:41:48 PM managers.LogPrinter print
INFO: Успешная авторизация.
May 17, 2023 2:41:48 PM managers.LogPrinter println
INFO: Успешная авторизация.
May 17, 2023 2:41:48 PM managers.LogPrinter print
INFO: [
May 17, 2023 2:41:48 PM managers.LogPrinter print
INFO: Kuchizu
May 17, 2023 2:41:48 PM managers.LogPrinter print
INFO: ] >>> 
May 17, 2023 2:41:52 PM managers.CommandExecutor run
INFO: execite_script 1234
May 17, 2023 2:41:52 PM managers.LogPrinter print
INFO: Неизвестная команда
May 17, 2023 2:41:52 PM managers.LogPrinter println
INFO: Неизвестная команда
May 17, 2023 2:41:52 PM managers.LogPrinter print
INFO: [
May 17, 2023 2:41:52 PM managers.LogPrinter print
INFO: Kuchizu
May 17, 2023 2:41:52 PM managers.LogPrinter print
INFO: ] >>> 
May 17, 2023 2:41:58 PM managers.CommandExecutor run
INFO: execute_script 1234
May 17, 2023 2:41:58 PM managers.LogPrinter print
INFO: add 1 2 3 4 5 6 7 FINE 8 9 10 11
May 17, 2023 2:41:58 PM managers.LogPrinter print
INFO: : info :
May 17, 2023 2:41:58 PM managers.LogPrinter println
INFO: : info :
May 17, 2023 2:41:58 PM managers.LogPrinter print
INFO: : help :
May 17, 2023 2:41:58 PM managers.LogPrinter println
INFO: : help :
May 17, 2023 2:41:58 PM managers.LogPrinter print
INFO: add 1 2 3 4 5 2 7 FINE 1 9 10 11
May 17, 2023 2:41:58 PM managers.LogPrinter print
INFO: :  :
May 17, 2023 2:41:58 PM managers.LogPrinter println
INFO: :  :
May 17, 2023 2:42:01 PM managers.CommandExecutor run
INFO: info
May 17, 2023 2:42:01 PM managers.LogPrinter print
INFO: Объект 1 добавлен в коллекцию.
May 17, 2023 2:42:01 PM managers.LogPrinter println
INFO: Объект 1 добавлен в коллекцию.
May 17, 2023 2:42:01 PM managers.LogPrinter print
INFO: [
May 17, 2023 2:42:01 PM managers.LogPrinter print
INFO: Kuchizu
May 17, 2023 2:42:01 PM managers.LogPrinter print
INFO: ] >>> 
May 17, 2023 2:42:04 PM managers.CommandExecutor run
INFO: info
May 17, 2023 2:42:04 PM managers.LogPrinter print
INFO: Объект 1 добавлен в коллекцию.
May 17, 2023 2:42:04 PM managers.LogPrinter println
INFO: Объект 1 добавлен в коллекцию.
May 17, 2023 2:42:04 PM managers.LogPrinter print
INFO: [
May 17, 2023 2:42:04 PM managers.LogPrinter print
INFO: Kuchizu
May 17, 2023 2:42:04 PM managers.LogPrinter print
INFO: ] >>> 
May 17, 2023 2:42:08 PM managers.CommandExecutor run
INFO: info
May 17, 2023 2:42:08 PM managers.LogPrinter print
INFO: 
Collection ArrayDeque
Size: 7 elements
CreationDate: 2023-05-15T07:04:30.682844+03:00[Europe/Moscow]
LastElementID: 54

May 17, 2023 2:42:08 PM managers.LogPrinter println
INFO: 
Collection ArrayDeque
Size: 7 elements
CreationDate: 2023-05-15T07:04:30.682844+03:00[Europe/Moscow]
LastElementID: 54

May 17, 2023 2:42:08 PM managers.LogPrinter print
INFO: [
May 17, 2023 2:42:08 PM managers.LogPrinter print
INFO: Kuchizu
May 17, 2023 2:42:08 PM managers.LogPrinter print
INFO: ] >>> 
May 17, 2023 2:42:32 PM managers.CommandExecutor run
INFO: execute_script 1234
May 17, 2023 2:42:32 PM managers.LogPrinter print
INFO: add 1 2 3 4 5 6 7 FINE 8 9 10 11
May 17, 2023 2:42:32 PM managers.LogPrinter print
INFO: add 1 2 3 4 5 2 7 FINE 1 9 10 11
May 17, 2023 2:42:32 PM managers.LogPrinter print
INFO: :  :
May 17, 2023 2:42:32 PM managers.LogPrinter println
INFO: :  :
May 17, 2023 2:42:36 PM managers.CommandExecutor run
INFO: 
May 17, 2023 2:42:36 PM managers.LogPrinter print
INFO: [
May 17, 2023 2:42:36 PM managers.LogPrinter print
INFO: Kuchizu
May 17, 2023 2:42:36 PM managers.LogPrinter print
INFO: ] >>> 
May 17, 2023 2:42:36 PM managers.CommandExecutor run
INFO: 
May 17, 2023 2:42:36 PM managers.LogPrinter print
INFO: [
May 17, 2023 2:42:36 PM managers.LogPrinter print
INFO: Kuchizu
May 17, 2023 2:42:36 PM managers.LogPrinter print
INFO: ] >>> 
May 17, 2023 2:42:37 PM managers.CommandExecutor run
INFO: info
May 17, 2023 2:42:37 PM managers.LogPrinter print
INFO: 
Collection ArrayDeque
Size: 7 elements
CreationDate: 2023-05-15T07:04:30.682844+03:00[Europe/Moscow]
LastElementID: 54

May 17, 2023 2:42:37 PM managers.LogPrinter println
INFO: 
Collection ArrayDeque
Size: 7 elements
CreationDate: 2023-05-15T07:04:30.682844+03:00[Europe/Moscow]
LastElementID: 54

May 17, 2023 2:42:37 PM managers.LogPrinter print
INFO: [
May 17, 2023 2:42:37 PM managers.LogPrinter print
INFO: Kuchizu
May 17, 2023 2:42:37 PM managers.LogPrinter print
INFO: ] >>> 
