INFO: [VRFC 10-2263] Analyzing Verilog file "C:/Users/Kuchizu/Desktop/Vivado/project_1/project_1.srcs/sources_1/new/adder.v" into library xil_defaultlib
INFO: [VRFC 10-311] analyzing module majority_5input_nor
INFO: [VRFC 10-2458] undeclared symbol nA, assumed default net type wire [C:/Users/Kuchizu/Desktop/Vivado/project_1/project_1.srcs/sources_1/new/adder.v:17]
INFO: [VRFC 10-2458] undeclared symbol nB, assumed default net type wire [C:/Users/Kuchizu/Desktop/Vivado/project_1/project_1.srcs/sources_1/new/adder.v:18]
INFO: [VRFC 10-2458] undeclared symbol nC, assumed default net type wire [C:/Users/Kuchizu/Desktop/Vivado/project_1/project_1.srcs/sources_1/new/adder.v:19]
INFO: [VRFC 10-2458] undeclared symbol nD, assumed default net type wire [C:/Users/Kuchizu/Desktop/Vivado/project_1/project_1.srcs/sources_1/new/adder.v:20]
INFO: [VRFC 10-2458] undeclared symbol nE, assumed default net type wire [C:/Users/Kuchizu/Desktop/Vivado/project_1/project_1.srcs/sources_1/new/adder.v:21]
INFO: [VRFC 10-2458] undeclared symbol AB, assumed default net type wire [C:/Users/Kuchizu/Desktop/Vivado/project_1/project_1.srcs/sources_1/new/adder.v:24]
INFO: [VRFC 10-2458] undeclared symbol AC, assumed default net type wire [C:/Users/Kuchizu/Desktop/Vivado/project_1/project_1.srcs/sources_1/new/adder.v:25]
INFO: [VRFC 10-2458] undeclared symbol AD, assumed default net type wire [C:/Users/Kuchizu/Desktop/Vivado/project_1/project_1.srcs/sources_1/new/adder.v:26]
INFO: [VRFC 10-2458] undeclared symbol AE, assumed default net type wire [C:/Users/Kuchizu/Desktop/Vivado/project_1/project_1.srcs/sources_1/new/adder.v:27]
INFO: [VRFC 10-2458] undeclared symbol BC, assumed default net type wire [C:/Users/Kuchizu/Desktop/Vivado/project_1/project_1.srcs/sources_1/new/adder.v:28]
INFO: [VRFC 10-2458] undeclared symbol BD, assumed default net type wire [C:/Users/Kuchizu/Desktop/Vivado/project_1/project_1.srcs/sources_1/new/adder.v:29]
INFO: [VRFC 10-2458] undeclared symbol BE, assumed default net type wire [C:/Users/Kuchizu/Desktop/Vivado/project_1/project_1.srcs/sources_1/new/adder.v:30]
INFO: [VRFC 10-2458] undeclared symbol CD, assumed default net type wire [C:/Users/Kuchizu/Desktop/Vivado/project_1/project_1.srcs/sources_1/new/adder.v:31]
INFO: [VRFC 10-2458] undeclared symbol CE, assumed default net type wire [C:/Users/Kuchizu/Desktop/Vivado/project_1/project_1.srcs/sources_1/new/adder.v:32]
INFO: [VRFC 10-2458] undeclared symbol DE, assumed default net type wire [C:/Users/Kuchizu/Desktop/Vivado/project_1/project_1.srcs/sources_1/new/adder.v:33]
INFO: [VRFC 10-2458] undeclared symbol nAB, assumed default net type wire [C:/Users/Kuchizu/Desktop/Vivado/project_1/project_1.srcs/sources_1/new/adder.v:35]
INFO: [VRFC 10-2458] undeclared symbol nAC, assumed default net type wire [C:/Users/Kuchizu/Desktop/Vivado/project_1/project_1.srcs/sources_1/new/adder.v:36]
INFO: [VRFC 10-2458] undeclared symbol nAD, assumed default net type wire [C:/Users/Kuchizu/Desktop/Vivado/project_1/project_1.srcs/sources_1/new/adder.v:37]
INFO: [VRFC 10-2458] undeclared symbol nAE, assumed default net type wire [C:/Users/Kuchizu/Desktop/Vivado/project_1/project_1.srcs/sources_1/new/adder.v:38]
INFO: [VRFC 10-2458] undeclared symbol nBC, assumed default net type wire [C:/Users/Kuchizu/Desktop/Vivado/project_1/project_1.srcs/sources_1/new/adder.v:39]
INFO: [VRFC 10-2458] undeclared symbol nBD, assumed default net type wire [C:/Users/Kuchizu/Desktop/Vivado/project_1/project_1.srcs/sources_1/new/adder.v:40]
INFO: [VRFC 10-2458] undeclared symbol nBE, assumed default net type wire [C:/Users/Kuchizu/Desktop/Vivado/project_1/project_1.srcs/sources_1/new/adder.v:41]
INFO: [VRFC 10-2458] undeclared symbol nCD, assumed default net type wire [C:/Users/Kuchizu/Desktop/Vivado/project_1/project_1.srcs/sources_1/new/adder.v:42]
INFO: [VRFC 10-2458] undeclared symbol nCE, assumed default net type wire [C:/Users/Kuchizu/Desktop/Vivado/project_1/project_1.srcs/sources_1/new/adder.v:43]
INFO: [VRFC 10-2458] undeclared symbol nDE, assumed default net type wire [C:/Users/Kuchizu/Desktop/Vivado/project_1/project_1.srcs/sources_1/new/adder.v:44]
INFO: [VRFC 10-2458] undeclared symbol ABC, assumed default net type wire [C:/Users/Kuchizu/Desktop/Vivado/project_1/project_1.srcs/sources_1/new/adder.v:47]
INFO: [VRFC 10-2458] undeclared symbol ABD, assumed default net type wire [C:/Users/Kuchizu/Desktop/Vivado/project_1/project_1.srcs/sources_1/new/adder.v:48]
INFO: [VRFC 10-2458] undeclared symbol ABE, assumed default net type wire [C:/Users/Kuchizu/Desktop/Vivado/project_1/project_1.srcs/sources_1/new/adder.v:49]
INFO: [VRFC 10-2458] undeclared symbol ACD, assumed default net type wire [C:/Users/Kuchizu/Desktop/Vivado/project_1/project_1.srcs/sources_1/new/adder.v:50]
INFO: [VRFC 10-2458] undeclared symbol ACE, assumed default net type wire [C:/Users/Kuchizu/Desktop/Vivado/project_1/project_1.srcs/sources_1/new/adder.v:51]
INFO: [VRFC 10-2458] undeclared symbol ADE, assumed default net type wire [C:/Users/Kuchizu/Desktop/Vivado/project_1/project_1.srcs/sources_1/new/adder.v:52]
INFO: [VRFC 10-2458] undeclared symbol BCD, assumed default net type wire [C:/Users/Kuchizu/Desktop/Vivado/project_1/project_1.srcs/sources_1/new/adder.v:53]
INFO: [VRFC 10-2458] undeclared symbol BCE, assumed default net type wire [C:/Users/Kuchizu/Desktop/Vivado/project_1/project_1.srcs/sources_1/new/adder.v:54]
INFO: [VRFC 10-2458] undeclared symbol BDE, assumed default net type wire [C:/Users/Kuchizu/Desktop/Vivado/project_1/project_1.srcs/sources_1/new/adder.v:55]
INFO: [VRFC 10-2458] undeclared symbol CDE, assumed default net type wire [C:/Users/Kuchizu/Desktop/Vivado/project_1/project_1.srcs/sources_1/new/adder.v:56]
INFO: [VRFC 10-2458] undeclared symbol ABCnorABD, assumed default net type wire [C:/Users/Kuchizu/Desktop/Vivado/project_1/project_1.srcs/sources_1/new/adder.v:60]
INFO: [VRFC 10-2458] undeclared symbol ABCorABD, assumed default net type wire [C:/Users/Kuchizu/Desktop/Vivado/project_1/project_1.srcs/sources_1/new/adder.v:61]
INFO: [VRFC 10-2458] undeclared symbol ABEnorACD, assumed default net type wire [C:/Users/Kuchizu/Desktop/Vivado/project_1/project_1.srcs/sources_1/new/adder.v:63]
INFO: [VRFC 10-2458] undeclared symbol ABEorACD, assumed default net type wire [C:/Users/Kuchizu/Desktop/Vivado/project_1/project_1.srcs/sources_1/new/adder.v:64]
INFO: [VRFC 10-2458] undeclared symbol ACEnorADE, assumed default net type wire [C:/Users/Kuchizu/Desktop/Vivado/project_1/project_1.srcs/sources_1/new/adder.v:66]
INFO: [VRFC 10-2458] undeclared symbol ACEorADE, assumed default net type wire [C:/Users/Kuchizu/Desktop/Vivado/project_1/project_1.srcs/sources_1/new/adder.v:67]
INFO: [VRFC 10-2458] undeclared symbol BCDnorBCE, assumed default net type wire [C:/Users/Kuchizu/Desktop/Vivado/project_1/project_1.srcs/sources_1/new/adder.v:69]
INFO: [VRFC 10-2458] undeclared symbol BCDorBCE, assumed default net type wire [C:/Users/Kuchizu/Desktop/Vivado/project_1/project_1.srcs/sources_1/new/adder.v:70]
INFO: [VRFC 10-2458] undeclared symbol BDEnorCDE, assumed default net type wire [C:/Users/Kuchizu/Desktop/Vivado/project_1/project_1.srcs/sources_1/new/adder.v:72]
INFO: [VRFC 10-2458] undeclared symbol BDEorCDE, assumed default net type wire [C:/Users/Kuchizu/Desktop/Vivado/project_1/project_1.srcs/sources_1/new/adder.v:73]
INFO: [VRFC 10-2458] undeclared symbol ABCorABD_nor_ABEorACD, assumed default net type wire [C:/Users/Kuchizu/Desktop/Vivado/project_1/project_1.srcs/sources_1/new/adder.v:75]
INFO: [VRFC 10-2458] undeclared symbol ABCorABDorABEorACD, assumed default net type wire [C:/Users/Kuchizu/Desktop/Vivado/project_1/project_1.srcs/sources_1/new/adder.v:76]
INFO: [VRFC 10-2458] undeclared symbol ACEorADE_nor_BCDorBCE, assumed default net type wire [C:/Users/Kuchizu/Desktop/Vivado/project_1/project_1.srcs/sources_1/new/adder.v:78]
INFO: [VRFC 10-2458] undeclared symbol ACEorADEorBCDorBCE, assumed default net type wire [C:/Users/Kuchizu/Desktop/Vivado/project_1/project_1.srcs/sources_1/new/adder.v:79]
INFO: [VRFC 10-2458] undeclared symbol ABCorABDorABEorACD_nor_ACEorADEorBCDorBCE, assumed default net type wire [C:/Users/Kuchizu/Desktop/Vivado/project_1/project_1.srcs/sources_1/new/adder.v:81]
INFO: [VRFC 10-2458] undeclared symbol ABCorABDorABEorACDorACEorADEorBCDorBCE, assumed default net type wire [C:/Users/Kuchizu/Desktop/Vivado/project_1/project_1.srcs/sources_1/new/adder.v:82]
INFO: [VRFC 10-2458] undeclared symbol ABCorABDorABEorACDorACEorADEorBCDorBCE_nor_BDEorCDE, assumed default net type wire [C:/Users/Kuchizu/Desktop/Vivado/project_1/project_1.srcs/sources_1/new/adder.v:85]
INFO: [VRFC 10-2263] Analyzing Verilog file "C:/Users/Kuchizu/Desktop/Vivado/project_1/project_1.srcs/sim_1/new/adder_tb.v" into library xil_defaultlib
INFO: [VRFC 10-311] analyzing module majority_5input_nor_tb
