May 15, 2023 6:07:37 AM managers.LogPrinter print
INFO: [
May 15, 2023 6:07:37 AM managers.LogPrinter print
INFO: /127.0.0.1
May 15, 2023 6:07:37 AM managers.LogPrinter print
INFO: ][
May 15, 2023 6:07:37 AM managers.LogPrinter print
INFO: 47188
May 15, 2023 6:07:37 AM managers.LogPrinter print
INFO: ]: Got message:

May 15, 2023 6:07:37 AM managers.LogPrinter print
INFO: InfoPacket{cmd = '/login', arg = 'null', login = 'Kuhcizu', password = 'kometa'}
May 15, 2023 6:07:37 AM managers.LogPrinter print
INFO: 

May 15, 2023 6:07:37 AM managers.LogPrinter print
INFO: [
May 15, 2023 6:07:37 AM managers.LogPrinter print
INFO: /127.0.0.1
May 15, 2023 6:07:37 AM managers.LogPrinter print
INFO: ][
May 15, 2023 6:07:37 AM managers.LogPrinter print
INFO: 47188
May 15, 2023 6:07:37 AM managers.LogPrinter print
INFO: ]: Sent response.


May 15, 2023 6:07:46 AM managers.LogPrinter print
INFO: [
May 15, 2023 6:07:46 AM managers.LogPrinter print
INFO: /127.0.0.1
May 15, 2023 6:07:46 AM managers.LogPrinter print
INFO: ][
May 15, 2023 6:07:46 AM managers.LogPrinter print
INFO: 47188
May 15, 2023 6:07:46 AM managers.LogPrinter print
INFO: ]: Got message:

May 15, 2023 6:07:46 AM managers.LogPrinter print
INFO: InfoPacket{cmd = '/login', arg = 'null', login = 'Kuchizu', password = 'koemta'}
May 15, 2023 6:07:46 AM managers.LogPrinter print
INFO: 

May 15, 2023 6:07:46 AM managers.LogPrinter print
INFO: [
May 15, 2023 6:07:46 AM managers.LogPrinter print
INFO: /127.0.0.1
May 15, 2023 6:07:46 AM managers.LogPrinter print
INFO: ][
May 15, 2023 6:07:46 AM managers.LogPrinter print
INFO: 47188
May 15, 2023 6:07:46 AM managers.LogPrinter print
INFO: ]: Sent response.


May 15, 2023 6:07:52 AM managers.LogPrinter print
INFO: [
May 15, 2023 6:07:52 AM managers.LogPrinter print
INFO: /127.0.0.1
May 15, 2023 6:07:52 AM managers.LogPrinter print
INFO: ][
May 15, 2023 6:07:52 AM managers.LogPrinter print
INFO: 47188
May 15, 2023 6:07:52 AM managers.LogPrinter print
INFO: ]: Got message:

May 15, 2023 6:07:52 AM managers.LogPrinter print
INFO: InfoPacket{cmd = '/login', arg = 'null', login = 'Kuchizu', password = 'kometa'}
May 15, 2023 6:07:52 AM managers.LogPrinter print
INFO: 

May 15, 2023 6:07:52 AM managers.LogPrinter print
INFO: [
May 15, 2023 6:07:52 AM managers.LogPrinter print
INFO: /127.0.0.1
May 15, 2023 6:07:52 AM managers.LogPrinter print
INFO: ][
May 15, 2023 6:07:52 AM managers.LogPrinter print
INFO: 47188
May 15, 2023 6:07:52 AM managers.LogPrinter print
INFO: ]: Sent response.


May 15, 2023 6:07:58 AM managers.LogPrinter print
INFO: [
May 15, 2023 6:07:58 AM managers.LogPrinter print
INFO: /127.0.0.1
May 15, 2023 6:07:58 AM managers.LogPrinter print
INFO: ][
May 15, 2023 6:07:58 AM managers.LogPrinter print
INFO: 47188
May 15, 2023 6:07:58 AM managers.LogPrinter print
INFO: ]: Got message:

May 15, 2023 6:07:58 AM managers.LogPrinter print
INFO: InfoPacket{cmd = 'execute_script', arg = 'add
1
2 3
4
5
6
7
FINE
8
9
10
11
info
', login = 'Kuchizu', password = 'kometa'}
May 15, 2023 6:07:58 AM managers.LogPrinter print
INFO: 

May 15, 2023 6:07:58 AM managers.LogPrinter print
INFO: [
May 15, 2023 6:07:58 AM managers.LogPrinter print
INFO: /127.0.0.1
May 15, 2023 6:07:58 AM managers.LogPrinter print
INFO: ][
May 15, 2023 6:07:58 AM managers.LogPrinter print
INFO: 47188
May 15, 2023 6:07:58 AM managers.LogPrinter print
INFO: ]: Sent response.


