May 15, 2023 1:17:10 AM managers.LogPrinter print
INFO: [
May 15, 2023 1:17:10 AM managers.LogPrinter print
INFO: /127.0.0.1
May 15, 2023 1:17:10 AM managers.LogPrinter print
INFO: ][
May 15, 2023 1:17:10 AM managers.LogPrinter print
INFO: 57800
May 15, 2023 1:17:10 AM managers.LogPrinter print
INFO: ]: [Connected]

May 15, 2023 1:17:15 AM managers.LogPrinter print
INFO: [
May 15, 2023 1:17:15 AM managers.LogPrinter print
INFO: /127.0.0.1
May 15, 2023 1:17:15 AM managers.LogPrinter print
INFO: ][
May 15, 2023 1:17:15 AM managers.LogPrinter print
INFO: 57800
May 15, 2023 1:17:15 AM managers.LogPrinter print
INFO: ]: Got message:

May 15, 2023 1:17:15 AM managers.LogPrinter print
INFO: InfoPacket{cmd='info', arg='null'}
May 15, 2023 1:17:15 AM managers.LogPrinter print
INFO: 

May 15, 2023 1:17:15 AM managers.LogPrinter print
INFO: [
May 15, 2023 1:17:15 AM managers.LogPrinter print
INFO: /127.0.0.1
May 15, 2023 1:17:15 AM managers.LogPrinter print
INFO: ][
May 15, 2023 1:17:15 AM managers.LogPrinter print
INFO: 57800
May 15, 2023 1:17:15 AM managers.LogPrinter print
INFO: ]: Sent response.


May 15, 2023 1:17:25 AM managers.LogPrinter print
INFO: [
May 15, 2023 1:17:25 AM managers.LogPrinter print
INFO: /127.0.0.1
May 15, 2023 1:17:25 AM managers.LogPrinter print
INFO: ][
May 15, 2023 1:17:25 AM managers.LogPrinter print
INFO: 57800
May 15, 2023 1:17:25 AM managers.LogPrinter print
INFO: ]: Got message:

May 15, 2023 1:17:25 AM managers.LogPrinter print
INFO: InfoPacket{cmd='add', arg='null'}
May 15, 2023 1:17:25 AM managers.LogPrinter print
INFO: 

May 15, 2023 1:17:25 AM managers.LogPrinter print
INFO: LITTLE
May 15, 2023 1:17:25 AM managers.LogPrinter println
INFO: LITTLE
May 15, 2023 1:17:25 AM managers.LogPrinter print
INFO: LITTLE
May 15, 2023 1:17:25 AM managers.LogPrinter println
INFO: LITTLE
May 15, 2023 1:17:25 AM managers.LogPrinter print
INFO: [
May 15, 2023 1:17:25 AM managers.LogPrinter print
INFO: /127.0.0.1
May 15, 2023 1:17:25 AM managers.LogPrinter print
INFO: ][
May 15, 2023 1:17:25 AM managers.LogPrinter print
INFO: 57800
May 15, 2023 1:17:25 AM managers.LogPrinter print
INFO: ]: Sent response.


May 15, 2023 1:22:39 AM managers.LogPrinter print
INFO: [
May 15, 2023 1:22:39 AM managers.LogPrinter print
INFO: /127.0.0.1
May 15, 2023 1:22:39 AM managers.LogPrinter print
INFO: ][
May 15, 2023 1:22:39 AM managers.LogPrinter print
INFO: 35997
May 15, 2023 1:22:39 AM managers.LogPrinter print
INFO: ]: [Connected]

May 15, 2023 1:28:04 AM managers.LogPrinter print
INFO: [
May 15, 2023 1:28:04 AM managers.LogPrinter print
INFO: /127.0.0.1
May 15, 2023 1:28:04 AM managers.LogPrinter print
INFO: ][
May 15, 2023 1:28:04 AM managers.LogPrinter print
INFO: 47375
May 15, 2023 1:28:04 AM managers.LogPrinter print
INFO: ]: [Connected]

May 15, 2023 1:29:15 AM managers.LogPrinter print
INFO: [
May 15, 2023 1:29:15 AM managers.LogPrinter print
INFO: /127.0.0.1
May 15, 2023 1:29:15 AM managers.LogPrinter print
INFO: ][
May 15, 2023 1:29:15 AM managers.LogPrinter print
INFO: 60966
May 15, 2023 1:29:15 AM managers.LogPrinter print
INFO: ]: [Connected]

May 15, 2023 1:30:52 AM managers.LogPrinter print
INFO: [
May 15, 2023 1:30:52 AM managers.LogPrinter print
INFO: /127.0.0.1
May 15, 2023 1:30:52 AM managers.LogPrinter print
INFO: ][
May 15, 2023 1:30:52 AM managers.LogPrinter print
INFO: 60966
May 15, 2023 1:30:52 AM managers.LogPrinter print
INFO: ]: Got message:

May 15, 2023 1:30:52 AM managers.LogPrinter print
INFO: InfoPacket{cmd='help', arg='null'}
May 15, 2023 1:30:52 AM managers.LogPrinter print
INFO: 

May 15, 2023 1:30:52 AM managers.LogPrinter print
INFO: [
May 15, 2023 1:30:52 AM managers.LogPrinter print
INFO: /127.0.0.1
May 15, 2023 1:30:52 AM managers.LogPrinter print
INFO: ][
May 15, 2023 1:30:52 AM managers.LogPrinter print
INFO: 60966
May 15, 2023 1:30:52 AM managers.LogPrinter print
INFO: ]: Sent response.


May 15, 2023 1:34:34 AM managers.LogPrinter print
INFO: [
May 15, 2023 1:34:34 AM managers.LogPrinter print
INFO: /127.0.0.1
May 15, 2023 1:34:34 AM managers.LogPrinter print
INFO: ][
May 15, 2023 1:34:34 AM managers.LogPrinter print
INFO: 58121
May 15, 2023 1:34:34 AM managers.LogPrinter print
INFO: ]: [Connected]

May 15, 2023 1:38:21 AM managers.LogPrinter print
INFO: [
May 15, 2023 1:38:21 AM managers.LogPrinter print
INFO: /127.0.0.1
May 15, 2023 1:38:21 AM managers.LogPrinter print
INFO: ][
May 15, 2023 1:38:21 AM managers.LogPrinter print
INFO: 45173
May 15, 2023 1:38:21 AM managers.LogPrinter print
INFO: ]: [Connected]

May 15, 2023 1:38:24 AM managers.LogPrinter print
INFO: [
May 15, 2023 1:38:24 AM managers.LogPrinter print
INFO: /127.0.0.1
May 15, 2023 1:38:24 AM managers.LogPrinter print
INFO: ][
May 15, 2023 1:38:24 AM managers.LogPrinter print
INFO: 45173
May 15, 2023 1:38:24 AM managers.LogPrinter print
INFO: ]: Got message:

May 15, 2023 1:38:24 AM managers.LogPrinter print
INFO: InfoPacket{cmd='info', arg='null'}
May 15, 2023 1:38:24 AM managers.LogPrinter print
INFO: 

May 15, 2023 1:38:24 AM managers.LogPrinter print
INFO: [
May 15, 2023 1:38:24 AM managers.LogPrinter print
INFO: /127.0.0.1
May 15, 2023 1:38:24 AM managers.LogPrinter print
INFO: ][
May 15, 2023 1:38:24 AM managers.LogPrinter print
INFO: 45173
May 15, 2023 1:38:24 AM managers.LogPrinter print
INFO: ]: Sent response.


May 15, 2023 1:38:25 AM managers.LogPrinter print
INFO: [
May 15, 2023 1:38:25 AM managers.LogPrinter print
INFO: /127.0.0.1
May 15, 2023 1:38:25 AM managers.LogPrinter print
INFO: ][
May 15, 2023 1:38:25 AM managers.LogPrinter print
INFO: 45173
May 15, 2023 1:38:25 AM managers.LogPrinter print
INFO: ]: Got message:

May 15, 2023 1:38:25 AM managers.LogPrinter print
INFO: InfoPacket{cmd='help', arg='null'}
May 15, 2023 1:38:25 AM managers.LogPrinter print
INFO: 

May 15, 2023 1:38:25 AM managers.LogPrinter print
INFO: [
May 15, 2023 1:38:25 AM managers.LogPrinter print
INFO: /127.0.0.1
May 15, 2023 1:38:25 AM managers.LogPrinter print
INFO: ][
May 15, 2023 1:38:25 AM managers.LogPrinter print
INFO: 45173
May 15, 2023 1:38:25 AM managers.LogPrinter print
INFO: ]: Sent response.


May 15, 2023 1:38:30 AM managers.LogPrinter print
INFO: [
May 15, 2023 1:38:30 AM managers.LogPrinter print
INFO: /127.0.0.1
May 15, 2023 1:38:30 AM managers.LogPrinter print
INFO: ][
May 15, 2023 1:38:30 AM managers.LogPrinter print
INFO: 45173
May 15, 2023 1:38:30 AM managers.LogPrinter print
INFO: ]: Got message:

May 15, 2023 1:38:30 AM managers.LogPrinter print
INFO: InfoPacket{cmd='remove_head', arg='null'}
May 15, 2023 1:38:30 AM managers.LogPrinter print
INFO: 

May 15, 2023 1:38:30 AM managers.LogPrinter print
INFO: [
May 15, 2023 1:38:30 AM managers.LogPrinter print
INFO: /127.0.0.1
May 15, 2023 1:38:30 AM managers.LogPrinter print
INFO: ][
May 15, 2023 1:38:30 AM managers.LogPrinter print
INFO: 45173
May 15, 2023 1:38:30 AM managers.LogPrinter print
INFO: ]: Sent response.


