May 15, 2023 3:48:05 AM managers.LogPrinter print
INFO: [
May 15, 2023 3:48:05 AM managers.LogPrinter print
INFO: /127.0.0.1
May 15, 2023 3:48:05 AM managers.LogPrinter print
INFO: ][
May 15, 2023 3:48:05 AM managers.LogPrinter print
INFO: 58566
May 15, 2023 3:48:05 AM managers.LogPrinter print
INFO: ]: [Connected]

May 15, 2023 3:48:10 AM managers.LogPrinter print
INFO: [
May 15, 2023 3:48:10 AM managers.LogPrinter print
INFO: /127.0.0.1
May 15, 2023 3:48:10 AM managers.LogPrinter print
INFO: ][
May 15, 2023 3:48:10 AM managers.LogPrinter print
INFO: 58566
May 15, 2023 3:48:10 AM managers.LogPrinter print
INFO: ]: Got message:

May 15, 2023 3:48:10 AM managers.LogPrinter print
INFO: InfoPacket{cmd = '/login', arg = 'null', login = 'Kuchizu', password = 'kometa'}
May 15, 2023 3:48:10 AM managers.LogPrinter print
INFO: 

May 15, 2023 3:48:10 AM managers.LogPrinter print
INFO: [
May 15, 2023 3:48:10 AM managers.LogPrinter print
INFO: /127.0.0.1
May 15, 2023 3:48:10 AM managers.LogPrinter print
INFO: ][
May 15, 2023 3:48:10 AM managers.LogPrinter print
INFO: 58566
May 15, 2023 3:48:10 AM managers.LogPrinter print
INFO: ]: Sent response.


May 15, 2023 3:48:12 AM managers.LogPrinter print
INFO: [
May 15, 2023 3:48:12 AM managers.LogPrinter print
INFO: /127.0.0.1
May 15, 2023 3:48:12 AM managers.LogPrinter print
INFO: ][
May 15, 2023 3:48:12 AM managers.LogPrinter print
INFO: 58566
May 15, 2023 3:48:12 AM managers.LogPrinter print
INFO: ]: Got message:

May 15, 2023 3:48:12 AM managers.LogPrinter print
INFO: InfoPacket{cmd = 'info', arg = 'null', login = 'Kuchizu', password = 'kometa'}
May 15, 2023 3:48:12 AM managers.LogPrinter print
INFO: 

May 15, 2023 3:48:12 AM managers.LogPrinter print
INFO: [
May 15, 2023 3:48:12 AM managers.LogPrinter print
INFO: /127.0.0.1
May 15, 2023 3:48:12 AM managers.LogPrinter print
INFO: ][
May 15, 2023 3:48:12 AM managers.LogPrinter print
INFO: 58566
May 15, 2023 3:48:12 AM managers.LogPrinter print
INFO: ]: Sent response.


May 15, 2023 3:48:22 AM managers.LogPrinter print
INFO: [
May 15, 2023 3:48:22 AM managers.LogPrinter print
INFO: /127.0.0.1
May 15, 2023 3:48:22 AM managers.LogPrinter print
INFO: ][
May 15, 2023 3:48:22 AM managers.LogPrinter print
INFO: 58566
May 15, 2023 3:48:22 AM managers.LogPrinter print
INFO: ]: Got message:

May 15, 2023 3:48:22 AM managers.LogPrinter print
INFO: InfoPacket{cmd = 'help', arg = 'null', login = 'Kuchizu', password = 'kometa'}
May 15, 2023 3:48:22 AM managers.LogPrinter print
INFO: 

May 15, 2023 3:48:22 AM managers.LogPrinter print
INFO: [
May 15, 2023 3:48:22 AM managers.LogPrinter print
INFO: /127.0.0.1
May 15, 2023 3:48:22 AM managers.LogPrinter print
INFO: ][
May 15, 2023 3:48:22 AM managers.LogPrinter print
INFO: 58566
May 15, 2023 3:48:22 AM managers.LogPrinter print
INFO: ]: Sent response.


