May 15, 2023 6:18:14 AM managers.LogPrinter print
INFO: [
May 15, 2023 6:18:14 AM managers.LogPrinter print
INFO: /127.0.0.1
May 15, 2023 6:18:14 AM managers.LogPrinter print
INFO: ][
May 15, 2023 6:18:14 AM managers.LogPrinter print
INFO: 51536
May 15, 2023 6:18:14 AM managers.LogPrinter print
INFO: ]: Got message:

May 15, 2023 6:18:14 AM managers.LogPrinter print
INFO: InfoPacket{cmd = 'info', arg = 'null', login = 'Kuchizu', password = 'kometa'}
May 15, 2023 6:18:14 AM managers.LogPrinter print
INFO: 

May 15, 2023 6:18:14 AM managers.LogPrinter print
INFO: [
May 15, 2023 6:18:14 AM managers.LogPrinter print
INFO: /127.0.0.1
May 15, 2023 6:18:14 AM managers.LogPrinter print
INFO: ][
May 15, 2023 6:18:14 AM managers.LogPrinter print
INFO: 51536
May 15, 2023 6:18:14 AM managers.LogPrinter print
INFO: ]: Sent response.


May 15, 2023 6:18:18 AM managers.LogPrinter print
INFO: [
May 15, 2023 6:18:18 AM managers.LogPrinter print
INFO: /127.0.0.1
May 15, 2023 6:18:18 AM managers.LogPrinter print
INFO: ][
May 15, 2023 6:18:18 AM managers.LogPrinter print
INFO: 51536
May 15, 2023 6:18:18 AM managers.LogPrinter print
INFO: ]: Got message:

May 15, 2023 6:18:18 AM managers.LogPrinter print
INFO: InfoPacket{cmd = 'help', arg = 'null', login = 'Kuchizu', password = 'kometa'}
May 15, 2023 6:18:18 AM managers.LogPrinter print
INFO: 

May 15, 2023 6:18:18 AM managers.LogPrinter print
INFO: [
May 15, 2023 6:18:18 AM managers.LogPrinter print
INFO: /127.0.0.1
May 15, 2023 6:18:18 AM managers.LogPrinter print
INFO: ][
May 15, 2023 6:18:18 AM managers.LogPrinter print
INFO: 51536
May 15, 2023 6:18:18 AM managers.LogPrinter print
INFO: ]: Sent response.


May 15, 2023 6:20:19 AM managers.LogPrinter print
INFO: [
May 15, 2023 6:20:19 AM managers.LogPrinter print
INFO: /127.0.0.1
May 15, 2023 6:20:19 AM managers.LogPrinter print
INFO: ][
May 15, 2023 6:20:19 AM managers.LogPrinter print
INFO: 58344
May 15, 2023 6:20:19 AM managers.LogPrinter print
INFO: ]: [Connected]

