May 15, 2023 7:03:00 PM managers.LogPrinter print
INFO: [
May 15, 2023 7:03:00 PM managers.LogPrinter print
INFO: /127.0.0.1
May 15, 2023 7:03:00 PM managers.LogPrinter print
INFO: ][
May 15, 2023 7:03:00 PM managers.LogPrinter print
INFO: 53738
May 15, 2023 7:03:00 PM managers.LogPrinter print
INFO: ]: Got message:

May 15, 2023 7:03:00 PM managers.LogPrinter print
INFO: InfoPacket{cmd = 'info', arg = 'null', login = 'Kuchizu', password = 'kometa'}
May 15, 2023 7:03:00 PM managers.LogPrinter print
INFO: 

May 15, 2023 7:03:00 PM managers.LogPrinter print
INFO: [
May 15, 2023 7:03:00 PM managers.LogPrinter print
INFO: /127.0.0.1
May 15, 2023 7:03:00 PM managers.LogPrinter print
INFO: ][
May 15, 2023 7:03:00 PM managers.LogPrinter print
INFO: 53738
May 15, 2023 7:03:00 PM managers.LogPrinter print
INFO: ]: Sent response.


May 15, 2023 7:03:03 PM managers.LogPrinter print
INFO: [
May 15, 2023 7:03:03 PM managers.LogPrinter print
INFO: /127.0.0.1
May 15, 2023 7:03:03 PM managers.LogPrinter print
INFO: ][
May 15, 2023 7:03:03 PM managers.LogPrinter print
INFO: 53738
May 15, 2023 7:03:03 PM managers.LogPrinter print
INFO: ]: Got message:

May 15, 2023 7:03:03 PM managers.LogPrinter print
INFO: InfoPacket{cmd = 'help', arg = 'null', login = 'Kuchizu', password = 'kometa'}
May 15, 2023 7:03:03 PM managers.LogPrinter print
INFO: 

May 15, 2023 7:03:03 PM managers.LogPrinter print
INFO: [
May 15, 2023 7:03:03 PM managers.LogPrinter print
INFO: /127.0.0.1
May 15, 2023 7:03:03 PM managers.LogPrinter print
INFO: ][
May 15, 2023 7:03:03 PM managers.LogPrinter print
INFO: 53738
May 15, 2023 7:03:03 PM managers.LogPrinter print
INFO: ]: Sent response.


May 15, 2023 7:03:13 PM managers.LogPrinter print
INFO: [
May 15, 2023 7:03:13 PM managers.LogPrinter print
INFO: /127.0.0.1
May 15, 2023 7:03:13 PM managers.LogPrinter print
INFO: ][
May 15, 2023 7:03:13 PM managers.LogPrinter print
INFO: 53738
May 15, 2023 7:03:13 PM managers.LogPrinter print
INFO: ]: Got message:

May 15, 2023 7:03:13 PM managers.LogPrinter print
INFO: InfoPacket{cmd = 'average_of_time_to_metro_by_transport', arg = 'null', login = 'Kuchizu', password = 'kometa'}
May 15, 2023 7:03:13 PM managers.LogPrinter print
INFO: 

May 15, 2023 7:03:13 PM managers.LogPrinter print
INFO: [
May 15, 2023 7:03:13 PM managers.LogPrinter print
INFO: /127.0.0.1
May 15, 2023 7:03:13 PM managers.LogPrinter print
INFO: ][
May 15, 2023 7:03:13 PM managers.LogPrinter print
INFO: 53738
May 15, 2023 7:03:13 PM managers.LogPrinter print
INFO: ]: Sent response.


May 15, 2023 7:03:17 PM managers.LogPrinter print
INFO: [
May 15, 2023 7:03:17 PM managers.LogPrinter print
INFO: /127.0.0.1
May 15, 2023 7:03:17 PM managers.LogPrinter print
INFO: ][
May 15, 2023 7:03:17 PM managers.LogPrinter print
INFO: 53738
May 15, 2023 7:03:17 PM managers.LogPrinter print
INFO: ]: Got message:

May 15, 2023 7:03:17 PM managers.LogPrinter print
INFO: InfoPacket{cmd = 'count_by_time_to_metro_on_foot', arg = 'null', login = 'Kuchizu', password = 'kometa'}
May 15, 2023 7:03:17 PM managers.LogPrinter print
INFO: 

May 15, 2023 7:03:17 PM managers.LogPrinter print
INFO: [
May 15, 2023 7:03:17 PM managers.LogPrinter print
INFO: /127.0.0.1
May 15, 2023 7:03:17 PM managers.LogPrinter print
INFO: ][
May 15, 2023 7:03:17 PM managers.LogPrinter print
INFO: 53738
May 15, 2023 7:03:17 PM managers.LogPrinter print
INFO: ]: Sent response.


