May 15, 2023 5:31:03 AM managers.LogPrinter print
INFO: [
May 15, 2023 5:31:03 AM managers.LogPrinter print
INFO: /127.0.0.1
May 15, 2023 5:31:03 AM managers.LogPrinter print
INFO: ][
May 15, 2023 5:31:03 AM managers.LogPrinter print
INFO: 41329
May 15, 2023 5:31:03 AM managers.LogPrinter print
INFO: ]: Got message:

May 15, 2023 5:31:03 AM managers.LogPrinter print
INFO: InfoPacket{cmd = 'help', arg = 'null', login = 'Kuchizu', password = 'kometa'}
May 15, 2023 5:31:03 AM managers.LogPrinter print
INFO: 

May 15, 2023 5:31:03 AM managers.LogPrinter print
INFO: [
May 15, 2023 5:31:03 AM managers.LogPrinter print
INFO: /127.0.0.1
May 15, 2023 5:31:03 AM managers.LogPrinter print
INFO: ][
May 15, 2023 5:31:03 AM managers.LogPrinter print
INFO: 41329
May 15, 2023 5:31:03 AM managers.LogPrinter print
INFO: ]: Sent response.


May 15, 2023 5:31:05 AM managers.LogPrinter print
INFO: [
May 15, 2023 5:31:05 AM managers.LogPrinter print
INFO: /127.0.0.1
May 15, 2023 5:31:05 AM managers.LogPrinter print
INFO: ][
May 15, 2023 5:31:05 AM managers.LogPrinter print
INFO: 41329
May 15, 2023 5:31:05 AM managers.LogPrinter print
INFO: ]: Got message:

May 15, 2023 5:31:05 AM managers.LogPrinter print
INFO: InfoPacket{cmd = 'info', arg = 'null', login = 'Kuchizu', password = 'kometa'}
May 15, 2023 5:31:05 AM managers.LogPrinter print
INFO: 

May 15, 2023 5:31:05 AM managers.LogPrinter print
INFO: [
May 15, 2023 5:31:05 AM managers.LogPrinter print
INFO: /127.0.0.1
May 15, 2023 5:31:05 AM managers.LogPrinter print
INFO: ][
May 15, 2023 5:31:05 AM managers.LogPrinter print
INFO: 41329
May 15, 2023 5:31:05 AM managers.LogPrinter print
INFO: ]: Sent response.


May 15, 2023 5:31:19 AM managers.LogPrinter print
INFO: [
May 15, 2023 5:31:19 AM managers.LogPrinter print
INFO: /127.0.0.1
May 15, 2023 5:31:19 AM managers.LogPrinter print
INFO: ][
May 15, 2023 5:31:19 AM managers.LogPrinter print
INFO: 41329
May 15, 2023 5:31:19 AM managers.LogPrinter print
INFO: ]: Got message:

May 15, 2023 5:31:19 AM managers.LogPrinter print
INFO: InfoPacket{cmd = '/login', arg = 'null', login = 'Kuchizu', password = 'kometa'}
May 15, 2023 5:31:19 AM managers.LogPrinter print
INFO: 

May 15, 2023 5:31:19 AM managers.LogPrinter print
INFO: [
May 15, 2023 5:31:19 AM managers.LogPrinter print
INFO: /127.0.0.1
May 15, 2023 5:31:19 AM managers.LogPrinter print
INFO: ][
May 15, 2023 5:31:19 AM managers.LogPrinter print
INFO: 41329
May 15, 2023 5:31:19 AM managers.LogPrinter print
INFO: ]: Sent response.


May 15, 2023 5:31:25 AM managers.LogPrinter print
INFO: [
May 15, 2023 5:31:25 AM managers.LogPrinter print
INFO: /127.0.0.1
May 15, 2023 5:31:25 AM managers.LogPrinter print
INFO: ][
May 15, 2023 5:31:25 AM managers.LogPrinter print
INFO: 41329
May 15, 2023 5:31:25 AM managers.LogPrinter print
INFO: ]: Got message:

May 15, 2023 5:31:25 AM managers.LogPrinter print
INFO: InfoPacket{cmd = '/login', arg = 'null', login = 'ZUkuchi', password = 'kometa'}
May 15, 2023 5:31:25 AM managers.LogPrinter print
INFO: 

May 15, 2023 5:31:25 AM managers.LogPrinter print
INFO: [
May 15, 2023 5:31:25 AM managers.LogPrinter print
INFO: /127.0.0.1
May 15, 2023 5:31:25 AM managers.LogPrinter print
INFO: ][
May 15, 2023 5:31:25 AM managers.LogPrinter print
INFO: 41329
May 15, 2023 5:31:25 AM managers.LogPrinter print
INFO: ]: Sent response.


May 15, 2023 5:31:30 AM managers.LogPrinter print
INFO: [
May 15, 2023 5:31:30 AM managers.LogPrinter print
INFO: /127.0.0.1
May 15, 2023 5:31:30 AM managers.LogPrinter print
INFO: ][
May 15, 2023 5:31:30 AM managers.LogPrinter print
INFO: 41329
May 15, 2023 5:31:30 AM managers.LogPrinter print
INFO: ]: Got message:

May 15, 2023 5:31:30 AM managers.LogPrinter print
INFO: InfoPacket{cmd = '/login', arg = 'null', login = 'Zukuchi', password = 'kometa'}
May 15, 2023 5:31:30 AM managers.LogPrinter print
INFO: 

May 15, 2023 5:31:30 AM managers.LogPrinter print
INFO: [
May 15, 2023 5:31:30 AM managers.LogPrinter print
INFO: /127.0.0.1
May 15, 2023 5:31:30 AM managers.LogPrinter print
INFO: ][
May 15, 2023 5:31:30 AM managers.LogPrinter print
INFO: 41329
May 15, 2023 5:31:30 AM managers.LogPrinter print
INFO: ]: Sent response.


May 15, 2023 5:31:41 AM managers.LogPrinter print
INFO: [
May 15, 2023 5:31:41 AM managers.LogPrinter print
INFO: /127.0.0.1
May 15, 2023 5:31:41 AM managers.LogPrinter print
INFO: ][
May 15, 2023 5:31:41 AM managers.LogPrinter print
INFO: 41329
May 15, 2023 5:31:41 AM managers.LogPrinter print
INFO: ]: Got message:

May 15, 2023 5:31:41 AM managers.LogPrinter print
INFO: InfoPacket{cmd = 'remove_head', arg = 'null', login = 'Zukuchi', password = 'kometa'}
May 15, 2023 5:31:41 AM managers.LogPrinter print
INFO: 

May 15, 2023 5:31:41 AM managers.LogPrinter print
INFO: [
May 15, 2023 5:31:41 AM managers.LogPrinter print
INFO: /127.0.0.1
May 15, 2023 5:31:41 AM managers.LogPrinter print
INFO: ][
May 15, 2023 5:31:41 AM managers.LogPrinter print
INFO: 41329
May 15, 2023 5:31:41 AM managers.LogPrinter print
INFO: ]: Sent response.


May 15, 2023 5:31:46 AM managers.LogPrinter print
INFO: [
May 15, 2023 5:31:46 AM managers.LogPrinter print
INFO: /127.0.0.1
May 15, 2023 5:31:46 AM managers.LogPrinter print
INFO: ][
May 15, 2023 5:31:46 AM managers.LogPrinter print
INFO: 41329
May 15, 2023 5:31:46 AM managers.LogPrinter print
INFO: ]: Got message:

May 15, 2023 5:31:46 AM managers.LogPrinter print
INFO: InfoPacket{cmd = 'info', arg = 'null', login = 'Zukuchi', password = 'kometa'}
May 15, 2023 5:31:46 AM managers.LogPrinter print
INFO: 

May 15, 2023 5:31:46 AM managers.LogPrinter print
INFO: [
May 15, 2023 5:31:46 AM managers.LogPrinter print
INFO: /127.0.0.1
May 15, 2023 5:31:46 AM managers.LogPrinter print
INFO: ][
May 15, 2023 5:31:46 AM managers.LogPrinter print
INFO: 41329
May 15, 2023 5:31:46 AM managers.LogPrinter print
INFO: ]: Sent response.


May 15, 2023 5:31:48 AM managers.LogPrinter print
INFO: [
May 15, 2023 5:31:48 AM managers.LogPrinter print
INFO: /127.0.0.1
May 15, 2023 5:31:48 AM managers.LogPrinter print
INFO: ][
May 15, 2023 5:31:48 AM managers.LogPrinter print
INFO: 41329
May 15, 2023 5:31:48 AM managers.LogPrinter print
INFO: ]: Got message:

May 15, 2023 5:31:48 AM managers.LogPrinter print
INFO: InfoPacket{cmd = 'help', arg = 'null', login = 'Zukuchi', password = 'kometa'}
May 15, 2023 5:31:48 AM managers.LogPrinter print
INFO: 

May 15, 2023 5:31:48 AM managers.LogPrinter print
INFO: [
May 15, 2023 5:31:48 AM managers.LogPrinter print
INFO: /127.0.0.1
May 15, 2023 5:31:48 AM managers.LogPrinter print
INFO: ][
May 15, 2023 5:31:48 AM managers.LogPrinter print
INFO: 41329
May 15, 2023 5:31:48 AM managers.LogPrinter print
INFO: ]: Sent response.


May 15, 2023 5:31:50 AM managers.LogPrinter print
INFO: [
May 15, 2023 5:31:50 AM managers.LogPrinter print
INFO: /127.0.0.1
May 15, 2023 5:31:50 AM managers.LogPrinter print
INFO: ][
May 15, 2023 5:31:50 AM managers.LogPrinter print
INFO: 41329
May 15, 2023 5:31:50 AM managers.LogPrinter print
INFO: ]: Got message:

May 15, 2023 5:31:50 AM managers.LogPrinter print
INFO: InfoPacket{cmd = 'clear', arg = 'null', login = 'Zukuchi', password = 'kometa'}
May 15, 2023 5:31:50 AM managers.LogPrinter print
INFO: 

May 15, 2023 5:31:50 AM managers.LogPrinter print
INFO: [
May 15, 2023 5:31:50 AM managers.LogPrinter print
INFO: /127.0.0.1
May 15, 2023 5:31:50 AM managers.LogPrinter print
INFO: ][
May 15, 2023 5:31:50 AM managers.LogPrinter print
INFO: 41329
May 15, 2023 5:31:50 AM managers.LogPrinter print
INFO: ]: Sent response.


May 15, 2023 5:32:00 AM managers.LogPrinter print
INFO: [
May 15, 2023 5:32:00 AM managers.LogPrinter print
INFO: /127.0.0.1
May 15, 2023 5:32:00 AM managers.LogPrinter print
INFO: ][
May 15, 2023 5:32:00 AM managers.LogPrinter print
INFO: 41329
May 15, 2023 5:32:00 AM managers.LogPrinter print
INFO: ]: Got message:

May 15, 2023 5:32:00 AM managers.LogPrinter print
INFO: InfoPacket{cmd = 'count_by_time_to_metro_on_foot', arg = 'null', login = 'Zukuchi', password = 'kometa'}
May 15, 2023 5:32:00 AM managers.LogPrinter print
INFO: 

May 15, 2023 5:32:00 AM managers.LogPrinter print
INFO: [
May 15, 2023 5:32:00 AM managers.LogPrinter print
INFO: /127.0.0.1
May 15, 2023 5:32:00 AM managers.LogPrinter print
INFO: ][
May 15, 2023 5:32:00 AM managers.LogPrinter print
INFO: 41329
May 15, 2023 5:32:00 AM managers.LogPrinter print
INFO: ]: Sent response.


May 15, 2023 5:32:02 AM managers.LogPrinter print
INFO: [
May 15, 2023 5:32:02 AM managers.LogPrinter print
INFO: /127.0.0.1
May 15, 2023 5:32:02 AM managers.LogPrinter print
INFO: ][
May 15, 2023 5:32:02 AM managers.LogPrinter print
INFO: 41329
May 15, 2023 5:32:02 AM managers.LogPrinter print
INFO: ]: Got message:

May 15, 2023 5:32:02 AM managers.LogPrinter print
INFO: InfoPacket{cmd = 'count_by_time_to_metro_on_foot', arg = '1', login = 'Zukuchi', password = 'kometa'}
May 15, 2023 5:32:02 AM managers.LogPrinter print
INFO: 

May 15, 2023 5:32:02 AM managers.LogPrinter print
INFO: [
May 15, 2023 5:32:02 AM managers.LogPrinter print
INFO: /127.0.0.1
May 15, 2023 5:32:02 AM managers.LogPrinter print
INFO: ][
May 15, 2023 5:32:02 AM managers.LogPrinter print
INFO: 41329
May 15, 2023 5:32:02 AM managers.LogPrinter print
INFO: ]: Sent response.


May 15, 2023 5:32:08 AM managers.LogPrinter print
INFO: [
May 15, 2023 5:32:08 AM managers.LogPrinter print
INFO: /127.0.0.1
May 15, 2023 5:32:08 AM managers.LogPrinter print
INFO: ][
May 15, 2023 5:32:08 AM managers.LogPrinter print
INFO: 41329
May 15, 2023 5:32:08 AM managers.LogPrinter print
INFO: ]: Got message:

May 15, 2023 5:32:08 AM managers.LogPrinter print
INFO: InfoPacket{cmd = 'count_by_time_to_metro_on_foot', arg = '2', login = 'Zukuchi', password = 'kometa'}
May 15, 2023 5:32:08 AM managers.LogPrinter print
INFO: 

May 15, 2023 5:32:08 AM managers.LogPrinter print
INFO: [
May 15, 2023 5:32:08 AM managers.LogPrinter print
INFO: /127.0.0.1
May 15, 2023 5:32:08 AM managers.LogPrinter print
INFO: ][
May 15, 2023 5:32:08 AM managers.LogPrinter print
INFO: 41329
May 15, 2023 5:32:08 AM managers.LogPrinter print
INFO: ]: Sent response.


May 15, 2023 5:32:11 AM managers.LogPrinter print
INFO: [
May 15, 2023 5:32:11 AM managers.LogPrinter print
INFO: /127.0.0.1
May 15, 2023 5:32:11 AM managers.LogPrinter print
INFO: ][
May 15, 2023 5:32:11 AM managers.LogPrinter print
INFO: 41329
May 15, 2023 5:32:11 AM managers.LogPrinter print
INFO: ]: Got message:

May 15, 2023 5:32:11 AM managers.LogPrinter print
INFO: InfoPacket{cmd = 'count_by_time_to_metro_on_foot', arg = '3', login = 'Zukuchi', password = 'kometa'}
May 15, 2023 5:32:11 AM managers.LogPrinter print
INFO: 

May 15, 2023 5:32:11 AM managers.LogPrinter print
INFO: [
May 15, 2023 5:32:11 AM managers.LogPrinter print
INFO: /127.0.0.1
May 15, 2023 5:32:11 AM managers.LogPrinter print
INFO: ][
May 15, 2023 5:32:11 AM managers.LogPrinter print
INFO: 41329
May 15, 2023 5:32:11 AM managers.LogPrinter print
INFO: ]: Sent response.


May 15, 2023 5:32:16 AM managers.LogPrinter print
INFO: [
May 15, 2023 5:32:16 AM managers.LogPrinter print
INFO: /127.0.0.1
May 15, 2023 5:32:16 AM managers.LogPrinter print
INFO: ][
May 15, 2023 5:32:16 AM managers.LogPrinter print
INFO: 41329
May 15, 2023 5:32:16 AM managers.LogPrinter print
INFO: ]: Got message:

May 15, 2023 5:32:16 AM managers.LogPrinter print
INFO: InfoPacket{cmd = 'clear', arg = 'null', login = 'Zukuchi', password = 'kometa'}
May 15, 2023 5:32:16 AM managers.LogPrinter print
INFO: 

May 15, 2023 5:32:16 AM managers.LogPrinter print
INFO: [
May 15, 2023 5:32:16 AM managers.LogPrinter print
INFO: /127.0.0.1
May 15, 2023 5:32:16 AM managers.LogPrinter print
INFO: ][
May 15, 2023 5:32:16 AM managers.LogPrinter print
INFO: 41329
May 15, 2023 5:32:16 AM managers.LogPrinter print
INFO: ]: Sent response.


May 15, 2023 5:32:28 AM managers.LogPrinter print
INFO: [
May 15, 2023 5:32:28 AM managers.LogPrinter print
INFO: /127.0.0.1
May 15, 2023 5:32:28 AM managers.LogPrinter print
INFO: ][
May 15, 2023 5:32:28 AM managers.LogPrinter print
INFO: 41329
May 15, 2023 5:32:28 AM managers.LogPrinter print
INFO: ]: Got message:

May 15, 2023 5:32:28 AM managers.LogPrinter print
INFO: InfoPacket{cmd = 'remove_by_id', arg = '1', login = 'Zukuchi', password = 'kometa'}
May 15, 2023 5:32:28 AM managers.LogPrinter print
INFO: 

May 15, 2023 5:32:28 AM managers.LogPrinter print
INFO: [
May 15, 2023 5:32:28 AM managers.LogPrinter print
INFO: /127.0.0.1
May 15, 2023 5:32:28 AM managers.LogPrinter print
INFO: ][
May 15, 2023 5:32:28 AM managers.LogPrinter print
INFO: 41329
May 15, 2023 5:32:28 AM managers.LogPrinter print
INFO: ]: Sent response.


May 15, 2023 5:32:35 AM managers.LogPrinter print
INFO: [
May 15, 2023 5:32:35 AM managers.LogPrinter print
INFO: /127.0.0.1
May 15, 2023 5:32:35 AM managers.LogPrinter print
INFO: ][
May 15, 2023 5:32:35 AM managers.LogPrinter print
INFO: 41329
May 15, 2023 5:32:35 AM managers.LogPrinter print
INFO: ]: Got message:

May 15, 2023 5:32:35 AM managers.LogPrinter print
INFO: InfoPacket{cmd = 'remove_lower', arg = '1', login = 'Zukuchi', password = 'kometa'}
May 15, 2023 5:32:35 AM managers.LogPrinter print
INFO: 

May 15, 2023 5:32:35 AM managers.LogPrinter print
INFO: [
May 15, 2023 5:32:35 AM managers.LogPrinter print
INFO: /127.0.0.1
May 15, 2023 5:32:35 AM managers.LogPrinter print
INFO: ][
May 15, 2023 5:32:35 AM managers.LogPrinter print
INFO: 41329
May 15, 2023 5:32:35 AM managers.LogPrinter print
INFO: ]: Sent response.


May 15, 2023 5:32:40 AM managers.LogPrinter print
INFO: [
May 15, 2023 5:32:40 AM managers.LogPrinter print
INFO: /127.0.0.1
May 15, 2023 5:32:40 AM managers.LogPrinter print
INFO: ][
May 15, 2023 5:32:40 AM managers.LogPrinter print
INFO: 41329
May 15, 2023 5:32:40 AM managers.LogPrinter print
INFO: ]: Got message:

May 15, 2023 5:32:40 AM managers.LogPrinter print
INFO: InfoPacket{cmd = 'remove_lower', arg = '123123', login = 'Zukuchi', password = 'kometa'}
May 15, 2023 5:32:40 AM managers.LogPrinter print
INFO: 

May 15, 2023 5:32:40 AM managers.LogPrinter print
INFO: [
May 15, 2023 5:32:40 AM managers.LogPrinter print
INFO: /127.0.0.1
May 15, 2023 5:32:40 AM managers.LogPrinter print
INFO: ][
May 15, 2023 5:32:40 AM managers.LogPrinter print
INFO: 41329
May 15, 2023 5:32:40 AM managers.LogPrinter print
INFO: ]: Sent response.


May 15, 2023 5:32:45 AM managers.LogPrinter print
INFO: [
May 15, 2023 5:32:45 AM managers.LogPrinter print
INFO: /127.0.0.1
May 15, 2023 5:32:45 AM managers.LogPrinter print
INFO: ][
May 15, 2023 5:32:45 AM managers.LogPrinter print
INFO: 41329
May 15, 2023 5:32:45 AM managers.LogPrinter print
INFO: ]: Got message:

May 15, 2023 5:32:45 AM managers.LogPrinter print
INFO: InfoPacket{cmd = 'remove_lower', arg = 'asd', login = 'Zukuchi', password = 'kometa'}
May 15, 2023 5:32:45 AM managers.LogPrinter print
INFO: 

May 15, 2023 5:32:45 AM managers.LogPrinter print
INFO: [
May 15, 2023 5:32:45 AM managers.LogPrinter print
INFO: /127.0.0.1
May 15, 2023 5:32:45 AM managers.LogPrinter print
INFO: ][
May 15, 2023 5:32:45 AM managers.LogPrinter print
INFO: 41329
May 15, 2023 5:32:45 AM managers.LogPrinter print
INFO: ]: Sent response.


May 15, 2023 5:32:52 AM managers.LogPrinter print
INFO: [
May 15, 2023 5:32:52 AM managers.LogPrinter print
INFO: /127.0.0.1
May 15, 2023 5:32:52 AM managers.LogPrinter print
INFO: ][
May 15, 2023 5:32:52 AM managers.LogPrinter print
INFO: 41329
May 15, 2023 5:32:52 AM managers.LogPrinter print
INFO: ]: Got message:

May 15, 2023 5:32:52 AM managers.LogPrinter print
INFO: InfoPacket{cmd = 'remove_lower', arg = '123123123123131213123', login = 'Zukuchi', password = 'kometa'}
May 15, 2023 5:32:52 AM managers.LogPrinter print
INFO: 

May 15, 2023 5:32:52 AM managers.LogPrinter print
INFO: [
May 15, 2023 5:32:52 AM managers.LogPrinter print
INFO: /127.0.0.1
May 15, 2023 5:32:52 AM managers.LogPrinter print
INFO: ][
May 15, 2023 5:32:52 AM managers.LogPrinter print
INFO: 41329
May 15, 2023 5:32:52 AM managers.LogPrinter print
INFO: ]: Sent response.


May 15, 2023 5:33:25 AM managers.LogPrinter print
INFO: [
May 15, 2023 5:33:25 AM managers.LogPrinter print
INFO: /127.0.0.1
May 15, 2023 5:33:25 AM managers.LogPrinter print
INFO: ][
May 15, 2023 5:33:25 AM managers.LogPrinter print
INFO: 41329
May 15, 2023 5:33:25 AM managers.LogPrinter print
INFO: ]: Got message:

May 15, 2023 5:33:25 AM managers.LogPrinter print
INFO: InfoPacket{cmd = 'update', arg = '1', login = 'Zukuchi', password = 'kometa'}
May 15, 2023 5:33:25 AM managers.LogPrinter print
INFO: 

May 15, 2023 5:33:25 AM managers.LogPrinter print
INFO: [
May 15, 2023 5:33:25 AM managers.LogPrinter print
INFO: /127.0.0.1
May 15, 2023 5:33:25 AM managers.LogPrinter print
INFO: ][
May 15, 2023 5:33:25 AM managers.LogPrinter print
INFO: 41329
May 15, 2023 5:33:25 AM managers.LogPrinter print
INFO: ]: Sent response.


May 15, 2023 5:34:05 AM managers.LogPrinter print
INFO: [
May 15, 2023 5:34:05 AM managers.LogPrinter print
INFO: /127.0.0.1
May 15, 2023 5:34:05 AM managers.LogPrinter print
INFO: ][
May 15, 2023 5:34:05 AM managers.LogPrinter print
INFO: 41329
May 15, 2023 5:34:05 AM managers.LogPrinter print
INFO: ]: Got message:

May 15, 2023 5:34:05 AM managers.LogPrinter print
INFO: InfoPacket{cmd = '/login', arg = 'null', login = 'Kuchizu', password = 'kometa'}
May 15, 2023 5:34:05 AM managers.LogPrinter print
INFO: 

May 15, 2023 5:34:05 AM managers.LogPrinter print
INFO: [
May 15, 2023 5:34:05 AM managers.LogPrinter print
INFO: /127.0.0.1
May 15, 2023 5:34:05 AM managers.LogPrinter print
INFO: ][
May 15, 2023 5:34:05 AM managers.LogPrinter print
INFO: 41329
May 15, 2023 5:34:05 AM managers.LogPrinter print
INFO: ]: Sent response.


May 15, 2023 5:34:09 AM managers.LogPrinter print
INFO: [
May 15, 2023 5:34:09 AM managers.LogPrinter print
INFO: /127.0.0.1
May 15, 2023 5:34:09 AM managers.LogPrinter print
INFO: ][
May 15, 2023 5:34:09 AM managers.LogPrinter print
INFO: 41329
May 15, 2023 5:34:09 AM managers.LogPrinter print
INFO: ]: Got message:

May 15, 2023 5:34:09 AM managers.LogPrinter print
INFO: InfoPacket{cmd = 'help', arg = 'null', login = 'Kuchizu', password = 'kometa'}
May 15, 2023 5:34:09 AM managers.LogPrinter print
INFO: 

May 15, 2023 5:34:09 AM managers.LogPrinter print
INFO: [
May 15, 2023 5:34:09 AM managers.LogPrinter print
INFO: /127.0.0.1
May 15, 2023 5:34:09 AM managers.LogPrinter print
INFO: ][
May 15, 2023 5:34:09 AM managers.LogPrinter print
INFO: 41329
May 15, 2023 5:34:09 AM managers.LogPrinter print
INFO: ]: Sent response.


May 15, 2023 5:34:12 AM managers.LogPrinter print
INFO: [
May 15, 2023 5:34:12 AM managers.LogPrinter print
INFO: /127.0.0.1
May 15, 2023 5:34:12 AM managers.LogPrinter print
INFO: ][
May 15, 2023 5:34:12 AM managers.LogPrinter print
INFO: 41329
May 15, 2023 5:34:12 AM managers.LogPrinter print
INFO: ]: Got message:

May 15, 2023 5:34:12 AM managers.LogPrinter print
INFO: InfoPacket{cmd = 'remove_by_id', arg = '1', login = 'Kuchizu', password = 'kometa'}
May 15, 2023 5:34:12 AM managers.LogPrinter print
INFO: 

May 15, 2023 5:34:12 AM managers.LogPrinter print
INFO: [
May 15, 2023 5:34:12 AM managers.LogPrinter print
INFO: /127.0.0.1
May 15, 2023 5:34:12 AM managers.LogPrinter print
INFO: ][
May 15, 2023 5:34:12 AM managers.LogPrinter print
INFO: 41329
May 15, 2023 5:34:12 AM managers.LogPrinter print
INFO: ]: Sent response.


May 15, 2023 5:34:39 AM managers.LogPrinter print
INFO: [
May 15, 2023 5:34:39 AM managers.LogPrinter print
INFO: /127.0.0.1
May 15, 2023 5:34:39 AM managers.LogPrinter print
INFO: ][
May 15, 2023 5:34:39 AM managers.LogPrinter print
INFO: 41329
May 15, 2023 5:34:39 AM managers.LogPrinter print
INFO: ]: Got message:

May 15, 2023 5:34:39 AM managers.LogPrinter print
INFO: InfoPacket{cmd = 'update', arg = '1', login = 'Kuchizu', password = 'kometa'}
May 15, 2023 5:34:39 AM managers.LogPrinter print
INFO: 

May 15, 2023 5:34:39 AM managers.LogPrinter print
INFO: [
May 15, 2023 5:34:39 AM managers.LogPrinter print
INFO: /127.0.0.1
May 15, 2023 5:34:39 AM managers.LogPrinter print
INFO: ][
May 15, 2023 5:34:39 AM managers.LogPrinter print
INFO: 41329
May 15, 2023 5:34:39 AM managers.LogPrinter print
INFO: ]: Sent response.


May 15, 2023 5:34:48 AM managers.LogPrinter print
INFO: [
May 15, 2023 5:34:48 AM managers.LogPrinter print
INFO: /127.0.0.1
May 15, 2023 5:34:48 AM managers.LogPrinter print
INFO: ][
May 15, 2023 5:34:48 AM managers.LogPrinter print
INFO: 41329
May 15, 2023 5:34:48 AM managers.LogPrinter print
INFO: ]: Got message:

May 15, 2023 5:34:48 AM managers.LogPrinter print
INFO: InfoPacket{cmd = 'help', arg = 'null', login = 'Kuchizu', password = 'kometa'}
May 15, 2023 5:34:48 AM managers.LogPrinter print
INFO: 

May 15, 2023 5:34:48 AM managers.LogPrinter print
INFO: [
May 15, 2023 5:34:48 AM managers.LogPrinter print
INFO: /127.0.0.1
May 15, 2023 5:34:48 AM managers.LogPrinter print
INFO: ][
May 15, 2023 5:34:48 AM managers.LogPrinter print
INFO: 41329
May 15, 2023 5:34:48 AM managers.LogPrinter print
INFO: ]: Sent response.


May 15, 2023 5:35:10 AM managers.LogPrinter print
INFO: [
May 15, 2023 5:35:10 AM managers.LogPrinter print
INFO: /127.0.0.1
May 15, 2023 5:35:10 AM managers.LogPrinter print
INFO: ][
May 15, 2023 5:35:10 AM managers.LogPrinter print
INFO: 41329
May 15, 2023 5:35:10 AM managers.LogPrinter print
INFO: ]: Got message:

May 15, 2023 5:35:10 AM managers.LogPrinter print
INFO: InfoPacket{cmd = 'remove_lower', arg = '2', login = 'Kuchizu', password = 'kometa'}
May 15, 2023 5:35:10 AM managers.LogPrinter print
INFO: 

May 15, 2023 5:35:10 AM managers.LogPrinter print
INFO: [
May 15, 2023 5:35:10 AM managers.LogPrinter print
INFO: /127.0.0.1
May 15, 2023 5:35:10 AM managers.LogPrinter print
INFO: ][
May 15, 2023 5:35:10 AM managers.LogPrinter print
INFO: 41329
May 15, 2023 5:35:10 AM managers.LogPrinter print
INFO: ]: Sent response.


May 15, 2023 5:35:13 AM managers.LogPrinter print
INFO: [
May 15, 2023 5:35:13 AM managers.LogPrinter print
INFO: /127.0.0.1
May 15, 2023 5:35:13 AM managers.LogPrinter print
INFO: ][
May 15, 2023 5:35:13 AM managers.LogPrinter print
INFO: 41329
May 15, 2023 5:35:13 AM managers.LogPrinter print
INFO: ]: Got message:

May 15, 2023 5:35:13 AM managers.LogPrinter print
INFO: InfoPacket{cmd = 'remove_lower', arg = '3', login = 'Kuchizu', password = 'kometa'}
May 15, 2023 5:35:13 AM managers.LogPrinter print
INFO: 

