May 14, 2023 1:32:55 AM managers.LogPrinter print
INFO: Server started handling [
May 14, 2023 1:32:55 AM managers.LogPrinter print
INFO: Kuchizu/127.0.1.1
May 14, 2023 1:32:55 AM managers.LogPrinter print
INFO: ][
May 14, 2023 1:32:55 AM managers.LogPrinter print
INFO: 1234
May 14, 2023 1:32:55 AM managers.LogPrinter print
INFO: ].

May 14, 2023 1:33:09 AM managers.LogPrinter print
INFO: [
May 14, 2023 1:33:09 AM managers.LogPrinter print
INFO: /127.0.0.1
May 14, 2023 1:33:09 AM managers.LogPrinter print
INFO: ][
May 14, 2023 1:33:09 AM managers.LogPrinter print
INFO: 40465
May 14, 2023 1:33:09 AM managers.LogPrinter print
INFO: ]: [Connected]

May 14, 2023 1:33:11 AM managers.LogPrinter print
INFO: [
May 14, 2023 1:33:11 AM managers.LogPrinter print
INFO: /127.0.0.1
May 14, 2023 1:33:11 AM managers.LogPrinter print
INFO: ][
May 14, 2023 1:33:11 AM managers.LogPrinter print
INFO: 40465
May 14, 2023 1:33:11 AM managers.LogPrinter print
INFO: ]: Got message:

May 14, 2023 1:33:11 AM managers.LogPrinter print
INFO: InfoPacket{cmd='info', arg='null'}
May 14, 2023 1:33:11 AM managers.LogPrinter print
INFO: 

May 14, 2023 1:33:11 AM managers.LogPrinter print
INFO: [
May 14, 2023 1:33:11 AM managers.LogPrinter print
INFO: /127.0.0.1
May 14, 2023 1:33:11 AM managers.LogPrinter print
INFO: ][
May 14, 2023 1:33:11 AM managers.LogPrinter print
INFO: 40465
May 14, 2023 1:33:11 AM managers.LogPrinter print
INFO: ]: Sent response.


May 14, 2023 1:33:52 AM managers.LogPrinter print
INFO: [
May 14, 2023 1:33:52 AM managers.LogPrinter print
INFO: /127.0.0.1
May 14, 2023 1:33:52 AM managers.LogPrinter print
INFO: ][
May 14, 2023 1:33:52 AM managers.LogPrinter print
INFO: 33520
May 14, 2023 1:33:52 AM managers.LogPrinter print
INFO: ]: [Connected]

May 14, 2023 1:33:55 AM managers.LogPrinter print
INFO: [
May 14, 2023 1:33:55 AM managers.LogPrinter print
INFO: /127.0.0.1
May 14, 2023 1:33:55 AM managers.LogPrinter print
INFO: ][
May 14, 2023 1:33:55 AM managers.LogPrinter print
INFO: 33520
May 14, 2023 1:33:55 AM managers.LogPrinter print
INFO: ]: Got message:

May 14, 2023 1:33:55 AM managers.LogPrinter print
INFO: InfoPacket{cmd='help', arg='null'}
May 14, 2023 1:33:55 AM managers.LogPrinter print
INFO: 

May 14, 2023 1:33:55 AM managers.LogPrinter print
INFO: [
May 14, 2023 1:33:55 AM managers.LogPrinter print
INFO: /127.0.0.1
May 14, 2023 1:33:55 AM managers.LogPrinter print
INFO: ][
May 14, 2023 1:33:55 AM managers.LogPrinter print
INFO: 33520
May 14, 2023 1:33:55 AM managers.LogPrinter print
INFO: ]: Sent response.


May 14, 2023 1:35:06 AM managers.LogPrinter print
INFO: [
May 14, 2023 1:35:06 AM managers.LogPrinter print
INFO: /127.0.0.1
May 14, 2023 1:35:06 AM managers.LogPrinter print
INFO: ][
May 14, 2023 1:35:06 AM managers.LogPrinter print
INFO: 50479
May 14, 2023 1:35:06 AM managers.LogPrinter print
INFO: ]: [Connected]

May 14, 2023 1:35:11 AM managers.LogPrinter print
INFO: [
May 14, 2023 1:35:11 AM managers.LogPrinter print
INFO: /127.0.0.1
May 14, 2023 1:35:11 AM managers.LogPrinter print
INFO: ][
May 14, 2023 1:35:11 AM managers.LogPrinter print
INFO: 50479
May 14, 2023 1:35:11 AM managers.LogPrinter print
INFO: ]: Got message:

May 14, 2023 1:35:11 AM managers.LogPrinter print
INFO: InfoPacket{cmd='info', arg='null'}
May 14, 2023 1:35:11 AM managers.LogPrinter print
INFO: 

May 14, 2023 1:35:11 AM managers.LogPrinter print
INFO: [
May 14, 2023 1:35:11 AM managers.LogPrinter print
INFO: /127.0.0.1
May 14, 2023 1:35:11 AM managers.LogPrinter print
INFO: ][
May 14, 2023 1:35:11 AM managers.LogPrinter print
INFO: 50479
May 14, 2023 1:35:11 AM managers.LogPrinter print
INFO: ]: Sent response.


May 14, 2023 1:35:13 AM managers.LogPrinter print
INFO: [
May 14, 2023 1:35:13 AM managers.LogPrinter print
INFO: /127.0.0.1
May 14, 2023 1:35:13 AM managers.LogPrinter print
INFO: ][
May 14, 2023 1:35:13 AM managers.LogPrinter print
INFO: 50479
May 14, 2023 1:35:13 AM managers.LogPrinter print
INFO: ]: Got message:

May 14, 2023 1:35:13 AM managers.LogPrinter print
INFO: InfoPacket{cmd='help', arg='null'}
May 14, 2023 1:35:13 AM managers.LogPrinter print
INFO: 

May 14, 2023 1:35:13 AM managers.LogPrinter print
INFO: [
May 14, 2023 1:35:13 AM managers.LogPrinter print
INFO: /127.0.0.1
May 14, 2023 1:35:13 AM managers.LogPrinter print
INFO: ][
May 14, 2023 1:35:13 AM managers.LogPrinter print
INFO: 50479
May 14, 2023 1:35:13 AM managers.LogPrinter print
INFO: ]: Sent response.


