May 17, 2023 2:32:40 PM managers.LogPrinter print
INFO: [
May 17, 2023 2:32:40 PM managers.LogPrinter print
INFO: /127.0.0.1
May 17, 2023 2:32:40 PM managers.LogPrinter print
INFO: ][
May 17, 2023 2:32:40 PM managers.LogPrinter print
INFO: 44892
May 17, 2023 2:32:40 PM managers.LogPrinter print
INFO: ]: [Connected]

May 17, 2023 2:32:40 PM managers.LogPrinter print
INFO: [
May 17, 2023 2:32:40 PM managers.LogPrinter print
INFO: /127.0.0.1
May 17, 2023 2:32:40 PM managers.LogPrinter print
INFO: ][
May 17, 2023 2:32:40 PM managers.LogPrinter print
INFO: 44892
May 17, 2023 2:32:40 PM managers.LogPrinter print
INFO: ]: Got message:

May 17, 2023 2:32:40 PM managers.LogPrinter print
INFO: InfoPacket{cmd = 'connectme', arg = 'null', login = 'null', password = 'null'}
May 17, 2023 2:32:40 PM managers.LogPrinter print
INFO: 

May 17, 2023 2:32:45 PM managers.LogPrinter print
INFO: [
May 17, 2023 2:32:45 PM managers.LogPrinter print
INFO: /127.0.0.1
May 17, 2023 2:32:45 PM managers.LogPrinter print
INFO: ][
May 17, 2023 2:32:45 PM managers.LogPrinter print
INFO: 44892
May 17, 2023 2:32:45 PM managers.LogPrinter print
INFO: ]: Got message:

May 17, 2023 2:32:45 PM managers.LogPrinter print
INFO: InfoPacket{cmd = '/login', arg = 'null', login = 'Kuchizu', password = 'kometa'}
May 17, 2023 2:32:45 PM managers.LogPrinter print
INFO: 

May 17, 2023 2:32:45 PM managers.LogPrinter print
INFO: [
May 17, 2023 2:32:45 PM managers.LogPrinter print
INFO: /127.0.0.1
May 17, 2023 2:32:45 PM managers.LogPrinter print
INFO: ][
May 17, 2023 2:32:45 PM managers.LogPrinter print
INFO: 44892
May 17, 2023 2:32:45 PM managers.LogPrinter print
INFO: ]: Sent response.


May 17, 2023 2:32:47 PM managers.LogPrinter print
INFO: [
May 17, 2023 2:32:47 PM managers.LogPrinter print
INFO: /127.0.0.1
May 17, 2023 2:32:47 PM managers.LogPrinter print
INFO: ][
May 17, 2023 2:32:47 PM managers.LogPrinter print
INFO: 44892
May 17, 2023 2:32:47 PM managers.LogPrinter print
INFO: ]: Got message:

May 17, 2023 2:32:47 PM managers.LogPrinter print
INFO: InfoPacket{cmd = 'info', arg = 'null', login = 'Kuchizu', password = 'kometa'}
May 17, 2023 2:32:47 PM managers.LogPrinter print
INFO: 

May 17, 2023 2:32:47 PM managers.LogPrinter print
INFO: [
May 17, 2023 2:32:47 PM managers.LogPrinter print
INFO: /127.0.0.1
May 17, 2023 2:32:47 PM managers.LogPrinter print
INFO: ][
May 17, 2023 2:32:47 PM managers.LogPrinter print
INFO: 44892
May 17, 2023 2:32:47 PM managers.LogPrinter print
INFO: ]: Sent response.


May 17, 2023 2:33:42 PM managers.LogPrinter print
INFO: [
May 17, 2023 2:33:42 PM managers.LogPrinter print
INFO: /127.0.0.1
May 17, 2023 2:33:42 PM managers.LogPrinter print
INFO: ][
May 17, 2023 2:33:42 PM managers.LogPrinter print
INFO: 55262
May 17, 2023 2:33:42 PM managers.LogPrinter print
INFO: ]: [Connected]

May 17, 2023 2:33:42 PM managers.LogPrinter print
INFO: [
May 17, 2023 2:33:42 PM managers.LogPrinter print
INFO: /127.0.0.1
May 17, 2023 2:33:42 PM managers.LogPrinter print
INFO: ][
May 17, 2023 2:33:42 PM managers.LogPrinter print
INFO: 55262
May 17, 2023 2:33:42 PM managers.LogPrinter print
INFO: ]: Got message:

May 17, 2023 2:33:42 PM managers.LogPrinter print
INFO: InfoPacket{cmd = 'connectme', arg = 'null', login = 'null', password = 'null'}
May 17, 2023 2:33:42 PM managers.LogPrinter print
INFO: 

