May 17, 2023 2:49:27 PM managers.LogPrinter print
INFO: [
May 17, 2023 2:49:27 PM managers.LogPrinter print
INFO: /127.0.0.1
May 17, 2023 2:49:27 PM managers.LogPrinter print
INFO: ][
May 17, 2023 2:49:27 PM managers.LogPrinter print
INFO: 34948
May 17, 2023 2:49:27 PM managers.LogPrinter print
INFO: ]: [Connected]

May 17, 2023 2:49:27 PM managers.LogPrinter print
INFO: [
May 17, 2023 2:49:27 PM managers.LogPrinter print
INFO: /127.0.0.1
May 17, 2023 2:49:27 PM managers.LogPrinter print
INFO: ][
May 17, 2023 2:49:27 PM managers.LogPrinter print
INFO: 34948
May 17, 2023 2:49:27 PM managers.LogPrinter print
INFO: ]: Got message:

May 17, 2023 2:49:27 PM managers.LogPrinter print
INFO: InfoPacket{cmd = 'connectme', arg = 'null', login = 'null', password = 'null'}
May 17, 2023 2:49:27 PM managers.LogPrinter print
INFO: 

