May 17, 2023 2:27:16 PM managers.LogPrinter print
INFO: [
May 17, 2023 2:27:16 PM managers.LogPrinter print
INFO: /127.0.0.1
May 17, 2023 2:27:16 PM managers.LogPrinter print
INFO: ][
May 17, 2023 2:27:16 PM managers.LogPrinter print
INFO: 53382
May 17, 2023 2:27:16 PM managers.LogPrinter print
INFO: ]: Got message:

May 17, 2023 2:27:16 PM managers.LogPrinter print
INFO: InfoPacket{cmd = '/login', arg = 'null', login = 'Kuchizu', password = 'kometa'}
May 17, 2023 2:27:16 PM managers.LogPrinter print
INFO: 

May 17, 2023 2:27:16 PM managers.LogPrinter print
INFO: [
May 17, 2023 2:27:16 PM managers.LogPrinter print
INFO: /127.0.0.1
May 17, 2023 2:27:16 PM managers.LogPrinter print
INFO: ][
May 17, 2023 2:27:16 PM managers.LogPrinter print
INFO: 53382
May 17, 2023 2:27:16 PM managers.LogPrinter print
INFO: ]: Sent response.


May 17, 2023 2:27:21 PM managers.LogPrinter print
INFO: [
May 17, 2023 2:27:21 PM managers.LogPrinter print
INFO: /127.0.0.1
May 17, 2023 2:27:21 PM managers.LogPrinter print
INFO: ][
May 17, 2023 2:27:21 PM managers.LogPrinter print
INFO: 53382
May 17, 2023 2:27:21 PM managers.LogPrinter print
INFO: ]: Got message:

May 17, 2023 2:27:21 PM managers.LogPrinter print
INFO: InfoPacket{cmd = '/login', arg = 'null', login = 'Kuchizu', password = 'kometa'}
May 17, 2023 2:27:21 PM managers.LogPrinter print
INFO: 

May 17, 2023 2:27:21 PM managers.LogPrinter print
INFO: [
May 17, 2023 2:27:21 PM managers.LogPrinter print
INFO: /127.0.0.1
May 17, 2023 2:27:21 PM managers.LogPrinter print
INFO: ][
May 17, 2023 2:27:21 PM managers.LogPrinter print
INFO: 53382
May 17, 2023 2:27:21 PM managers.LogPrinter print
INFO: ]: Sent response.


May 17, 2023 2:27:25 PM managers.LogPrinter print
INFO: [
May 17, 2023 2:27:25 PM managers.LogPrinter print
INFO: /127.0.0.1
May 17, 2023 2:27:25 PM managers.LogPrinter print
INFO: ][
May 17, 2023 2:27:25 PM managers.LogPrinter print
INFO: 53382
May 17, 2023 2:27:25 PM managers.LogPrinter print
INFO: ]: Got message:

May 17, 2023 2:27:25 PM managers.LogPrinter print
INFO: InfoPacket{cmd = 'execute_script', arg = '1234', login = 'Kuchizu', password = 'kometa'}
May 17, 2023 2:27:25 PM managers.LogPrinter print
INFO: 

May 17, 2023 2:27:25 PM managers.LogPrinter print
INFO: Неизвестная команда: 1234

May 17, 2023 2:27:25 PM managers.LogPrinter print
INFO: [
May 17, 2023 2:27:25 PM managers.LogPrinter print
INFO: /127.0.0.1
May 17, 2023 2:27:25 PM managers.LogPrinter print
INFO: ][
May 17, 2023 2:27:25 PM managers.LogPrinter print
INFO: 53382
May 17, 2023 2:27:25 PM managers.LogPrinter print
INFO: ]: Sent response.


