May 15, 2023 3:19:14 AM managers.LogPrinter print
INFO: [
May 15, 2023 3:19:14 AM managers.LogPrinter print
INFO: /127.0.0.1
May 15, 2023 3:19:14 AM managers.LogPrinter print
INFO: ][
May 15, 2023 3:19:14 AM managers.LogPrinter print
INFO: 41686
May 15, 2023 3:19:14 AM managers.LogPrinter print
INFO: ]: Got message:

May 15, 2023 3:19:14 AM managers.LogPrinter print
INFO: InfoPacket{cmd = '/login', arg = 'null', login = '1', password = '1'}
May 15, 2023 3:19:14 AM managers.LogPrinter print
INFO: 

May 15, 2023 3:19:14 AM managers.LogPrinter print
INFO: [Err1, User with login 1 not found.]
May 15, 2023 3:19:14 AM managers.LogPrinter println
INFO: [Err1, User with login 1 not found.]
May 15, 2023 3:19:14 AM managers.LogPrinter print
INFO: [
May 15, 2023 3:19:14 AM managers.LogPrinter print
INFO: /127.0.0.1
May 15, 2023 3:19:14 AM managers.LogPrinter print
INFO: ][
May 15, 2023 3:19:14 AM managers.LogPrinter print
INFO: 41686
May 15, 2023 3:19:14 AM managers.LogPrinter print
INFO: ]: Sent response.


