May 15, 2023 5:30:07 AM managers.LogPrinter print
INFO: [
May 15, 2023 5:30:07 AM managers.LogPrinter print
INFO: /127.0.0.1
May 15, 2023 5:30:07 AM managers.LogPrinter print
INFO: ][
May 15, 2023 5:30:07 AM managers.LogPrinter print
INFO: 41329
May 15, 2023 5:30:07 AM managers.LogPrinter print
INFO: ]: Got message:

May 15, 2023 5:30:07 AM managers.LogPrinter print
INFO: InfoPacket{cmd = '/login', arg = 'null', login = 'Kuchizu', password = 'kometa'}
May 15, 2023 5:30:07 AM managers.LogPrinter print
INFO: 

May 15, 2023 5:30:07 AM managers.LogPrinter print
INFO: [
May 15, 2023 5:30:07 AM managers.LogPrinter print
INFO: /127.0.0.1
May 15, 2023 5:30:07 AM managers.LogPrinter print
INFO: ][
May 15, 2023 5:30:07 AM managers.LogPrinter print
INFO: 41329
May 15, 2023 5:30:07 AM managers.LogPrinter print
INFO: ]: Sent response.


May 15, 2023 5:30:08 AM managers.LogPrinter print
INFO: [
May 15, 2023 5:30:08 AM managers.LogPrinter print
INFO: /127.0.0.1
May 15, 2023 5:30:08 AM managers.LogPrinter print
INFO: ][
May 15, 2023 5:30:08 AM managers.LogPrinter print
INFO: 41329
May 15, 2023 5:30:08 AM managers.LogPrinter print
INFO: ]: Got message:

May 15, 2023 5:30:08 AM managers.LogPrinter print
INFO: InfoPacket{cmd = 'info', arg = 'null', login = 'Kuchizu', password = 'kometa'}
May 15, 2023 5:30:08 AM managers.LogPrinter print
INFO: 

May 15, 2023 5:30:08 AM managers.LogPrinter print
INFO: [
May 15, 2023 5:30:08 AM managers.LogPrinter print
INFO: /127.0.0.1
May 15, 2023 5:30:08 AM managers.LogPrinter print
INFO: ][
May 15, 2023 5:30:08 AM managers.LogPrinter print
INFO: 41329
May 15, 2023 5:30:08 AM managers.LogPrinter print
INFO: ]: Sent response.


May 15, 2023 5:30:34 AM managers.LogPrinter print
INFO: [
May 15, 2023 5:30:34 AM managers.LogPrinter print
INFO: /127.0.0.1
May 15, 2023 5:30:34 AM managers.LogPrinter print
INFO: ][
May 15, 2023 5:30:34 AM managers.LogPrinter print
INFO: 41329
May 15, 2023 5:30:34 AM managers.LogPrinter print
INFO: ]: Got message:

May 15, 2023 5:30:34 AM managers.LogPrinter print
INFO: InfoPacket{cmd = 'help', arg = 'null', login = 'Kuchizu', password = 'kometa'}
May 15, 2023 5:30:34 AM managers.LogPrinter print
INFO: 

May 15, 2023 5:30:34 AM managers.LogPrinter print
INFO: [
May 15, 2023 5:30:34 AM managers.LogPrinter print
INFO: /127.0.0.1
May 15, 2023 5:30:34 AM managers.LogPrinter print
INFO: ][
May 15, 2023 5:30:34 AM managers.LogPrinter print
INFO: 41329
May 15, 2023 5:30:34 AM managers.LogPrinter print
INFO: ]: Sent response.


May 15, 2023 5:30:45 AM managers.LogPrinter print
INFO: [
May 15, 2023 5:30:45 AM managers.LogPrinter print
INFO: /127.0.0.1
May 15, 2023 5:30:45 AM managers.LogPrinter print
INFO: ][
May 15, 2023 5:30:45 AM managers.LogPrinter print
INFO: 41329
May 15, 2023 5:30:45 AM managers.LogPrinter print
INFO: ]: Got message:

May 15, 2023 5:30:45 AM managers.LogPrinter print
INFO: InfoPacket{cmd = 'help', arg = 'null', login = 'Kuchizu', password = 'kometa'}
May 15, 2023 5:30:45 AM managers.LogPrinter print
INFO: 

May 15, 2023 5:30:45 AM managers.LogPrinter print
INFO: [
May 15, 2023 5:30:45 AM managers.LogPrinter print
INFO: /127.0.0.1
May 15, 2023 5:30:45 AM managers.LogPrinter print
INFO: ][
May 15, 2023 5:30:45 AM managers.LogPrinter print
INFO: 41329
May 15, 2023 5:30:45 AM managers.LogPrinter print
INFO: ]: Sent response.


May 15, 2023 5:30:50 AM managers.LogPrinter print
INFO: [
May 15, 2023 5:30:50 AM managers.LogPrinter print
INFO: /127.0.0.1
May 15, 2023 5:30:50 AM managers.LogPrinter print
INFO: ][
May 15, 2023 5:30:50 AM managers.LogPrinter print
INFO: 41329
May 15, 2023 5:30:50 AM managers.LogPrinter print
INFO: ]: Got message:

May 15, 2023 5:30:50 AM managers.LogPrinter print
INFO: InfoPacket{cmd = 'head', arg = 'null', login = 'Kuchizu', password = 'kometa'}
May 15, 2023 5:30:50 AM managers.LogPrinter print
INFO: 

May 15, 2023 5:30:50 AM managers.LogPrinter print
INFO: [
May 15, 2023 5:30:50 AM managers.LogPrinter print
INFO: /127.0.0.1
May 15, 2023 5:30:50 AM managers.LogPrinter print
INFO: ][
May 15, 2023 5:30:50 AM managers.LogPrinter print
INFO: 41329
May 15, 2023 5:30:50 AM managers.LogPrinter print
INFO: ]: Sent response.


