May 17, 2023 2:39:50 PM managers.LogPrinter print
INFO: [
May 17, 2023 2:39:50 PM managers.LogPrinter print
INFO: /127.0.0.1
May 17, 2023 2:39:50 PM managers.LogPrinter print
INFO: ][
May 17, 2023 2:39:50 PM managers.LogPrinter print
INFO: 37302
May 17, 2023 2:39:50 PM managers.LogPrinter print
INFO: ]: Got message:

May 17, 2023 2:39:51 PM managers.LogPrinter print
INFO: InfoPacket{cmd = 'add', arg = 'null', login = 'null', password = 'null'}
May 17, 2023 2:39:51 PM managers.LogPrinter print
INFO: 

May 17, 2023 2:39:51 PM managers.LogPrinter print
INFO: [
May 17, 2023 2:39:51 PM managers.LogPrinter print
INFO: /127.0.0.1
May 17, 2023 2:39:51 PM managers.LogPrinter print
INFO: ][
May 17, 2023 2:39:51 PM managers.LogPrinter print
INFO: 37302
May 17, 2023 2:39:51 PM managers.LogPrinter print
INFO: ]: Got message:

May 17, 2023 2:39:51 PM managers.LogPrinter print
INFO: InfoPacket{cmd = 'add', arg = 'null', login = 'null', password = 'null'}
May 17, 2023 2:39:51 PM managers.LogPrinter print
INFO: 

