May 15, 2023 7:05:46 AM managers.LogPrinter print
INFO: Client started running on [
May 15, 2023 7:05:46 AM managers.LogPrinter print
INFO: localhost
May 15, 2023 7:05:46 AM managers.LogPrinter print
INFO: ][
May 15, 2023 7:05:46 AM managers.LogPrinter print
INFO: 1234
May 15, 2023 7:05:46 AM managers.LogPrinter print
INFO: ]


May 15, 2023 7:05:46 AM managers.LogPrinter print
INFO: >>> 
May 15, 2023 7:05:48 AM managers.CommandExecutor run
INFO: average_of_time_to_metro_by_transport
May 15, 2023 7:05:48 AM managers.LogPrinter print
INFO: Для использования команд войдите в систему (/login) или зарегистрируйтесь (/reg)
May 15, 2023 7:05:48 AM managers.LogPrinter println
INFO: Для использования команд войдите в систему (/login) или зарегистрируйтесь (/reg)
May 15, 2023 7:05:48 AM managers.LogPrinter print
INFO: >>> 
