May 17, 2023 3:11:53 PM managers.LogPrinter print
INFO: Client started running on [
May 17, 2023 3:11:53 PM managers.LogPrinter print
INFO: localhost
May 17, 2023 3:11:53 PM managers.LogPrinter print
INFO: ][
May 17, 2023 3:11:53 PM managers.LogPrinter print
INFO: 1234
May 17, 2023 3:11:53 PM managers.LogPrinter print
INFO: ]


May 17, 2023 3:11:53 PM managers.LogPrinter print
INFO: >>> 
May 17, 2023 3:12:37 PM managers.CommandExecutor run
INFO: /login
May 17, 2023 3:12:37 PM managers.LogPrinter print
INFO: Введите логин: 
May 17, 2023 3:12:39 PM managers.LogPrinter print
INFO: Введите пароль: 
May 17, 2023 3:12:40 PM managers.LogPrinter print
INFO: Успешная авторизация.
May 17, 2023 3:12:40 PM managers.LogPrinter println
INFO: Успешная авторизация.
May 17, 2023 3:12:40 PM managers.LogPrinter print
INFO: [
May 17, 2023 3:12:40 PM managers.LogPrinter print
INFO: Kuchizu
May 17, 2023 3:12:40 PM managers.LogPrinter print
INFO: ] >>> 
May 17, 2023 3:13:16 PM managers.CommandExecutor run
INFO: info
May 17, 2023 3:13:16 PM managers.LogPrinter print
INFO: 
Collection ArrayDeque
Size: 8467 elements
CreationDate: 2023-05-17T14:55:45.168557+03:00[Europe/Moscow]
LastElementID: 18662

May 17, 2023 3:13:16 PM managers.LogPrinter println
INFO: 
Collection ArrayDeque
Size: 8467 elements
CreationDate: 2023-05-17T14:55:45.168557+03:00[Europe/Moscow]
LastElementID: 18662

May 17, 2023 3:13:16 PM managers.LogPrinter print
INFO: [
May 17, 2023 3:13:16 PM managers.LogPrinter print
INFO: Kuchizu
May 17, 2023 3:13:16 PM managers.LogPrinter print
INFO: ] >>> 
May 17, 2023 3:13:18 PM managers.CommandExecutor run
INFO: info
May 17, 2023 3:13:18 PM managers.LogPrinter print
INFO: 
Collection ArrayDeque
Size: 8675 elements
CreationDate: 2023-05-17T14:55:45.168557+03:00[Europe/Moscow]
LastElementID: 18870

May 17, 2023 3:13:18 PM managers.LogPrinter println
INFO: 
Collection ArrayDeque
Size: 8675 elements
CreationDate: 2023-05-17T14:55:45.168557+03:00[Europe/Moscow]
LastElementID: 18870

May 17, 2023 3:13:18 PM managers.LogPrinter print
INFO: [
May 17, 2023 3:13:18 PM managers.LogPrinter print
INFO: Kuchizu
May 17, 2023 3:13:18 PM managers.LogPrinter print
INFO: ] >>> 
May 17, 2023 3:13:43 PM managers.CommandExecutor run
INFO: info
May 17, 2023 3:13:43 PM managers.LogPrinter print
INFO: 
Collection ArrayDeque
Size: 9827 elements
CreationDate: 2023-05-17T14:55:45.168557+03:00[Europe/Moscow]
LastElementID: 20022

May 17, 2023 3:13:43 PM managers.LogPrinter println
INFO: 
Collection ArrayDeque
Size: 9827 elements
CreationDate: 2023-05-17T14:55:45.168557+03:00[Europe/Moscow]
LastElementID: 20022

May 17, 2023 3:13:43 PM managers.LogPrinter print
INFO: [
May 17, 2023 3:13:43 PM managers.LogPrinter print
INFO: Kuchizu
May 17, 2023 3:13:43 PM managers.LogPrinter print
INFO: ] >>> 
May 17, 2023 3:13:44 PM managers.CommandExecutor run
INFO: help
May 17, 2023 3:13:44 PM managers.LogPrinter print
INFO: 
remove_head: Вывести первый элемент коллекции и удалить его
add {element}: Добавить новый элемент в коллекцию
count_by_time_to_metro_on_foot timeToMetroOnFoot: Вывести количество элементов, значение поля timeToMetroOnFoot которых равно заданному
execute_script file_name: Cчитать и исполнить скрипт из указанного файла. В скрипте содержатся команды в таком же виде, в котором их вводит пользователь в интерактивном режиме.
show: Вывести в стандартный поток вывода все элементы коллекции в строковом представлении
clear: Очистить коллекцию
update id {element}: Обновить значение элемента коллекции, id которого равен заданному
remove_by_id id: Удалить элемент из коллекции по его id
remove_lower: Удалить из коллекции все элементы, меньшие, чем заданный
head: Вывести первый элемент коллекции
help: Вывести справку по доступным командам
exit: Завершить программу (без сохранения в файл)
print_descending: Вывести элементы коллекции в порядке убывания
average_of_time_to_metro_by_transport: Вывести среднее значение поля timeToMetroByTransport для всех элементов коллекции
info: Вывести в стандартный поток вывода информацию о коллекции (тип, дата инициализации, количество элементов и т.д.)

May 17, 2023 3:13:44 PM managers.LogPrinter println
INFO: 
remove_head: Вывести первый элемент коллекции и удалить его
add {element}: Добавить новый элемент в коллекцию
count_by_time_to_metro_on_foot timeToMetroOnFoot: Вывести количество элементов, значение поля timeToMetroOnFoot которых равно заданному
execute_script file_name: Cчитать и исполнить скрипт из указанного файла. В скрипте содержатся команды в таком же виде, в котором их вводит пользователь в интерактивном режиме.
show: Вывести в стандартный поток вывода все элементы коллекции в строковом представлении
clear: Очистить коллекцию
update id {element}: Обновить значение элемента коллекции, id которого равен заданному
remove_by_id id: Удалить элемент из коллекции по его id
remove_lower: Удалить из коллекции все элементы, меньшие, чем заданный
head: Вывести первый элемент коллекции
help: Вывести справку по доступным командам
exit: Завершить программу (без сохранения в файл)
print_descending: Вывести элементы коллекции в порядке убывания
average_of_time_to_metro_by_transport: Вывести среднее значение поля timeToMetroByTransport для всех элементов коллекции
info: Вывести в стандартный поток вывода информацию о коллекции (тип, дата инициализации, количество элементов и т.д.)

May 17, 2023 3:13:44 PM managers.LogPrinter print
INFO: [
May 17, 2023 3:13:44 PM managers.LogPrinter print
INFO: Kuchizu
May 17, 2023 3:13:44 PM managers.LogPrinter print
INFO: ] >>> 
May 17, 2023 3:14:25 PM managers.CommandExecutor run
INFO: info
May 17, 2023 3:14:25 PM managers.LogPrinter print
INFO: 
Collection ArrayDeque
Size: 12530 elements
CreationDate: 2023-05-17T14:55:45.168557+03:00[Europe/Moscow]
LastElementID: 22725

May 17, 2023 3:14:25 PM managers.LogPrinter println
INFO: 
Collection ArrayDeque
Size: 12530 elements
CreationDate: 2023-05-17T14:55:45.168557+03:00[Europe/Moscow]
LastElementID: 22725

May 17, 2023 3:14:25 PM managers.LogPrinter print
INFO: [
May 17, 2023 3:14:25 PM managers.LogPrinter print
INFO: Kuchizu
May 17, 2023 3:14:25 PM managers.LogPrinter print
INFO: ] >>> 
May 17, 2023 3:14:27 PM managers.CommandExecutor run
INFO: help
May 17, 2023 3:14:27 PM managers.LogPrinter print
INFO: 
remove_head: Вывести первый элемент коллекции и удалить его
add {element}: Добавить новый элемент в коллекцию
count_by_time_to_metro_on_foot timeToMetroOnFoot: Вывести количество элементов, значение поля timeToMetroOnFoot которых равно заданному
execute_script file_name: Cчитать и исполнить скрипт из указанного файла. В скрипте содержатся команды в таком же виде, в котором их вводит пользователь в интерактивном режиме.
show: Вывести в стандартный поток вывода все элементы коллекции в строковом представлении
clear: Очистить коллекцию
update id {element}: Обновить значение элемента коллекции, id которого равен заданному
remove_by_id id: Удалить элемент из коллекции по его id
remove_lower: Удалить из коллекции все элементы, меньшие, чем заданный
head: Вывести первый элемент коллекции
help: Вывести справку по доступным командам
exit: Завершить программу (без сохранения в файл)
print_descending: Вывести элементы коллекции в порядке убывания
average_of_time_to_metro_by_transport: Вывести среднее значение поля timeToMetroByTransport для всех элементов коллекции
info: Вывести в стандартный поток вывода информацию о коллекции (тип, дата инициализации, количество элементов и т.д.)

May 17, 2023 3:14:27 PM managers.LogPrinter println
INFO: 
remove_head: Вывести первый элемент коллекции и удалить его
add {element}: Добавить новый элемент в коллекцию
count_by_time_to_metro_on_foot timeToMetroOnFoot: Вывести количество элементов, значение поля timeToMetroOnFoot которых равно заданному
execute_script file_name: Cчитать и исполнить скрипт из указанного файла. В скрипте содержатся команды в таком же виде, в котором их вводит пользователь в интерактивном режиме.
show: Вывести в стандартный поток вывода все элементы коллекции в строковом представлении
clear: Очистить коллекцию
update id {element}: Обновить значение элемента коллекции, id которого равен заданному
remove_by_id id: Удалить элемент из коллекции по его id
remove_lower: Удалить из коллекции все элементы, меньшие, чем заданный
head: Вывести первый элемент коллекции
help: Вывести справку по доступным командам
exit: Завершить программу (без сохранения в файл)
print_descending: Вывести элементы коллекции в порядке убывания
average_of_time_to_metro_by_transport: Вывести среднее значение поля timeToMetroByTransport для всех элементов коллекции
info: Вывести в стандартный поток вывода информацию о коллекции (тип, дата инициализации, количество элементов и т.д.)

May 17, 2023 3:14:27 PM managers.LogPrinter print
INFO: [
May 17, 2023 3:14:27 PM managers.LogPrinter print
INFO: Kuchizu
May 17, 2023 3:14:27 PM managers.LogPrinter print
INFO: ] >>> 
May 17, 2023 3:14:28 PM managers.CommandExecutor run
INFO: info
May 17, 2023 3:14:28 PM managers.LogPrinter print
INFO: 
Collection ArrayDeque
Size: 13317 elements
CreationDate: 2023-05-17T14:55:45.168557+03:00[Europe/Moscow]
LastElementID: 23512

May 17, 2023 3:14:28 PM managers.LogPrinter println
INFO: 
Collection ArrayDeque
Size: 13317 elements
CreationDate: 2023-05-17T14:55:45.168557+03:00[Europe/Moscow]
LastElementID: 23512

May 17, 2023 3:14:28 PM managers.LogPrinter print
INFO: [
May 17, 2023 3:14:28 PM managers.LogPrinter print
INFO: Kuchizu
May 17, 2023 3:14:28 PM managers.LogPrinter print
INFO: ] >>> 
May 17, 2023 3:14:30 PM managers.CommandExecutor run
INFO: info
May 17, 2023 3:14:30 PM managers.LogPrinter print
INFO: 
Collection ArrayDeque
Size: 13899 elements
CreationDate: 2023-05-17T14:55:45.168557+03:00[Europe/Moscow]
LastElementID: 24094

May 17, 2023 3:14:30 PM managers.LogPrinter println
INFO: 
Collection ArrayDeque
Size: 13899 elements
CreationDate: 2023-05-17T14:55:45.168557+03:00[Europe/Moscow]
LastElementID: 24094

May 17, 2023 3:14:30 PM managers.LogPrinter print
INFO: [
May 17, 2023 3:14:30 PM managers.LogPrinter print
INFO: Kuchizu
May 17, 2023 3:14:30 PM managers.LogPrinter print
INFO: ] >>> 
May 17, 2023 3:14:31 PM managers.CommandExecutor run
INFO: info
May 17, 2023 3:14:32 PM managers.LogPrinter print
INFO: 
Collection ArrayDeque
Size: 14475 elements
CreationDate: 2023-05-17T14:55:45.168557+03:00[Europe/Moscow]
LastElementID: 24670

May 17, 2023 3:14:32 PM managers.LogPrinter println
INFO: 
Collection ArrayDeque
Size: 14475 elements
CreationDate: 2023-05-17T14:55:45.168557+03:00[Europe/Moscow]
LastElementID: 24670

May 17, 2023 3:14:32 PM managers.LogPrinter print
INFO: [
May 17, 2023 3:14:32 PM managers.LogPrinter print
INFO: Kuchizu
May 17, 2023 3:14:32 PM managers.LogPrinter print
INFO: ] >>> 
