May 03, 2023 2:49:01 AM managers.LogPrinter print
INFO: >>> 
May 03, 2023 2:49:04 AM managers.CommandExecutor run
INFO: show
May 03, 2023 2:49:04 AM managers.LogPrinter print
INFO: 
    ***    ***    ***
Flat №735884720
    name: a
    coordinates: X: 1; Y: 1.0
    creationDate: 2023-05-03T02:47:53.382158098+03:00[Europe/Moscow]
    area: 1
    numberOfRooms: 1
    timeToMetroOnFoot: 1.0
    timeToMetroByTransport: 1.0
    furnish: FINE
House:
    name: 1
    year: 1
    numberOfFloors: 1
    numberOfLifts: 1

    ***    ***    ***

May 03, 2023 2:49:04 AM managers.LogPrinter println
INFO: 
    ***    ***    ***
Flat №735884720
    name: a
    coordinates: X: 1; Y: 1.0
    creationDate: 2023-05-03T02:47:53.382158098+03:00[Europe/Moscow]
    area: 1
    numberOfRooms: 1
    timeToMetroOnFoot: 1.0
    timeToMetroByTransport: 1.0
    furnish: FINE
House:
    name: 1
    year: 1
    numberOfFloors: 1
    numberOfLifts: 1

    ***    ***    ***

May 03, 2023 2:49:04 AM managers.LogPrinter print
INFO: >>> 
May 03, 2023 2:49:09 AM managers.CommandExecutor run
INFO: show
May 03, 2023 2:49:09 AM managers.LogPrinter print
INFO: 
    ***    ***    ***
Flat №735884720
    name: a
    coordinates: X: 1; Y: 1.0
    creationDate: 2023-05-03T02:47:53.382158098+03:00[Europe/Moscow]
    area: 1
    numberOfRooms: 1
    timeToMetroOnFoot: 1.0
    timeToMetroByTransport: 1.0
    furnish: FINE
House:
    name: 1
    year: 1
    numberOfFloors: 1
    numberOfLifts: 1

    ***    ***    ***

May 03, 2023 2:49:09 AM managers.LogPrinter println
INFO: 
    ***    ***    ***
Flat №735884720
    name: a
    coordinates: X: 1; Y: 1.0
    creationDate: 2023-05-03T02:47:53.382158098+03:00[Europe/Moscow]
    area: 1
    numberOfRooms: 1
    timeToMetroOnFoot: 1.0
    timeToMetroByTransport: 1.0
    furnish: FINE
House:
    name: 1
    year: 1
    numberOfFloors: 1
    numberOfLifts: 1

    ***    ***    ***

May 03, 2023 2:49:09 AM managers.LogPrinter print
INFO: >>> 
May 03, 2023 2:49:10 AM managers.CommandExecutor run
INFO: add
May 03, 2023 2:49:10 AM managers.LogPrinter print
INFO: Введите Name (String), /q для отмены:
May 03, 2023 2:49:10 AM managers.LogPrinter println
INFO: Введите Name (String), /q для отмены:
May 03, 2023 2:49:10 AM managers.LogPrinter print
INFO: Введите координаты x, y (Long, Double):
May 03, 2023 2:49:10 AM managers.LogPrinter println
INFO: Введите координаты x, y (Long, Double):
May 03, 2023 2:49:12 AM managers.LogPrinter print
INFO: Введите area (Integer): 
May 03, 2023 2:49:12 AM managers.LogPrinter println
INFO: Введите area (Integer): 
May 03, 2023 2:49:13 AM managers.LogPrinter print
INFO: Введите numberOfRooms (Integer):
May 03, 2023 2:49:13 AM managers.LogPrinter println
INFO: Введите numberOfRooms (Integer):
May 03, 2023 2:49:13 AM managers.LogPrinter print
INFO: Введите timeToMetroOnFoot (Float):
May 03, 2023 2:49:13 AM managers.LogPrinter println
INFO: Введите timeToMetroOnFoot (Float):
May 03, 2023 2:49:14 AM managers.LogPrinter print
INFO: Введите timeToMetroByTransport (Double):
May 03, 2023 2:49:14 AM managers.LogPrinter println
INFO: Введите timeToMetroByTransport (Double):
May 03, 2023 2:49:14 AM managers.LogPrinter print
INFO: Введите furnish (Enum [NONE, DESIGNER, FINE, LITTLE]):
May 03, 2023 2:49:14 AM managers.LogPrinter println
INFO: Введите furnish (Enum [NONE, DESIGNER, FINE, LITTLE]):
May 03, 2023 2:49:16 AM managers.LogPrinter print
INFO: Введите name of House (String):
May 03, 2023 2:49:16 AM managers.LogPrinter println
INFO: Введите name of House (String):
May 03, 2023 2:49:16 AM managers.LogPrinter print
INFO: Введите year of House (Long):
May 03, 2023 2:49:16 AM managers.LogPrinter println
INFO: Введите year of House (Long):
May 03, 2023 2:49:16 AM managers.LogPrinter print
INFO: Введите numberOfFloors of House (Long):
May 03, 2023 2:49:16 AM managers.LogPrinter println
INFO: Введите numberOfFloors of House (Long):
May 03, 2023 2:49:16 AM managers.LogPrinter print
INFO: Введите numberOfLifts of House (Int):
May 03, 2023 2:49:16 AM managers.LogPrinter println
INFO: Введите numberOfLifts of House (Int):
May 03, 2023 2:49:17 AM managers.LogPrinter print
INFO:     ***    ***    ***
Flat №1455391020
    name: 1
    coordinates: X: 1; Y: 1.0
    creationDate: 2023-05-03T02:49:17.090379902+03:00[Europe/Moscow]
    area: 1
    numberOfRooms: 11
    timeToMetroOnFoot: 1.0
    timeToMetroByTransport: 1.0
    furnish: FINE
House:
    name: 1
    year: 1
    numberOfFloors: 1
    numberOfLifts: 1

    ***    ***    ***

May 03, 2023 2:49:17 AM managers.LogPrinter print
INFO: 
Объект 1 добавлен в коллекцию.
May 03, 2023 2:49:17 AM managers.LogPrinter println
INFO: 
Объект 1 добавлен в коллекцию.
May 03, 2023 2:49:17 AM managers.LogPrinter print
INFO: >>> 
May 03, 2023 2:49:20 AM managers.CommandExecutor run
INFO: show
May 03, 2023 2:49:20 AM managers.LogPrinter print
INFO: 
    ***    ***    ***
Flat №735884720
    name: a
    coordinates: X: 1; Y: 1.0
    creationDate: 2023-05-03T02:47:53.382158098+03:00[Europe/Moscow]
    area: 1
    numberOfRooms: 1
    timeToMetroOnFoot: 1.0
    timeToMetroByTransport: 1.0
    furnish: FINE
House:
    name: 1
    year: 1
    numberOfFloors: 1
    numberOfLifts: 1

    ***    ***    ***
    ***    ***    ***
Flat №1455391020
    name: 1
    coordinates: X: 1; Y: 1.0
    creationDate: 2023-05-03T02:49:17.090379902+03:00[Europe/Moscow]
    area: 1
    numberOfRooms: 11
    timeToMetroOnFoot: 1.0
    timeToMetroByTransport: 1.0
    furnish: FINE
House:
    name: 1
    year: 1
    numberOfFloors: 1
    numberOfLifts: 1

    ***    ***    ***

May 03, 2023 2:49:20 AM managers.LogPrinter println
INFO: 
    ***    ***    ***
Flat №735884720
    name: a
    coordinates: X: 1; Y: 1.0
    creationDate: 2023-05-03T02:47:53.382158098+03:00[Europe/Moscow]
    area: 1
    numberOfRooms: 1
    timeToMetroOnFoot: 1.0
    timeToMetroByTransport: 1.0
    furnish: FINE
House:
    name: 1
    year: 1
    numberOfFloors: 1
    numberOfLifts: 1

    ***    ***    ***
    ***    ***    ***
Flat №1455391020
    name: 1
    coordinates: X: 1; Y: 1.0
    creationDate: 2023-05-03T02:49:17.090379902+03:00[Europe/Moscow]
    area: 1
    numberOfRooms: 11
    timeToMetroOnFoot: 1.0
    timeToMetroByTransport: 1.0
    furnish: FINE
House:
    name: 1
    year: 1
    numberOfFloors: 1
    numberOfLifts: 1

    ***    ***    ***

May 03, 2023 2:49:20 AM managers.LogPrinter print
INFO: >>> 
