May 03, 2023 2:52:39 AM managers.LogPrinter print
INFO: >>> 
May 03, 2023 2:52:42 AM managers.CommandExecutor run
INFO: info
May 03, 2023 2:52:42 AM managers.LogPrinter print
INFO: 
Collection ArrayDeque
Size: 0 elements

May 03, 2023 2:52:42 AM managers.LogPrinter println
INFO: 
Collection ArrayDeque
Size: 0 elements

May 03, 2023 2:52:42 AM managers.LogPrinter print
INFO: >>> 
May 03, 2023 2:52:47 AM managers.CommandExecutor run
INFO: execute_script 1
May 03, 2023 2:52:47 AM managers.LogPrinter print
INFO: info
show


May 03, 2023 2:52:47 AM managers.LogPrinter println
INFO: info
show


May 03, 2023 2:52:48 AM managers.LogPrinter print
INFO: 
Collection ArrayDeque
Size: 0 elements
Clear collection, nothing to show.
May 03, 2023 2:52:48 AM managers.LogPrinter println
INFO: 
Collection ArrayDeque
Size: 0 elements
Clear collection, nothing to show.
May 03, 2023 2:52:48 AM managers.LogPrinter print
INFO: >>> 
May 03, 2023 2:52:54 AM managers.CommandExecutor run
INFO: execute_script 1
May 03, 2023 2:52:54 AM managers.LogPrinter print
INFO: info
show


May 03, 2023 2:52:54 AM managers.LogPrinter println
INFO: info
show


May 03, 2023 2:52:54 AM managers.LogPrinter print
INFO: 
Collection ArrayDeque
Size: 0 elements
Clear collection, nothing to show.
May 03, 2023 2:52:54 AM managers.LogPrinter println
INFO: 
Collection ArrayDeque
Size: 0 elements
Clear collection, nothing to show.
May 03, 2023 2:52:54 AM managers.LogPrinter print
INFO: >>> 
May 03, 2023 2:52:58 AM managers.CommandExecutor run
INFO: execute_script 1
May 03, 2023 2:52:58 AM managers.LogPrinter print
INFO: info
show


May 03, 2023 2:52:58 AM managers.LogPrinter println
INFO: info
show


May 03, 2023 2:52:58 AM managers.LogPrinter print
INFO: 
Collection ArrayDeque
Size: 0 elements
Clear collection, nothing to show.
May 03, 2023 2:52:58 AM managers.LogPrinter println
INFO: 
Collection ArrayDeque
Size: 0 elements
Clear collection, nothing to show.
May 03, 2023 2:52:58 AM managers.LogPrinter print
INFO: >>> 
May 03, 2023 2:53:00 AM managers.CommandExecutor run
INFO: help
