May 03, 2023 2:54:06 AM managers.LogPrinter print
INFO: >>> 
May 03, 2023 2:54:07 AM managers.CommandExecutor run
INFO: info
May 03, 2023 2:54:07 AM managers.LogPrinter print
INFO: 
Collection ArrayDeque
Size: 0 elements

May 03, 2023 2:54:07 AM managers.LogPrinter println
INFO: 
Collection ArrayDeque
Size: 0 elements

May 03, 2023 2:54:07 AM managers.LogPrinter print
INFO: >>> 
May 03, 2023 2:54:10 AM managers.CommandExecutor run
INFO: show
May 03, 2023 2:54:10 AM managers.LogPrinter print
INFO: 
Clear collection, nothing to show.
May 03, 2023 2:54:10 AM managers.LogPrinter println
INFO: 
Clear collection, nothing to show.
May 03, 2023 2:54:10 AM managers.LogPrinter print
INFO: >>> 
May 03, 2023 2:54:11 AM managers.CommandExecutor run
INFO: help
