May 03, 2023 2:44:35 AM managers.LogPrinter print
INFO: >>> 
May 03, 2023 2:44:38 AM managers.CommandExecutor run
INFO: info
May 03, 2023 2:44:38 AM managers.LogPrinter print
INFO: 
Collection ArrayDeque
Size: 0 elements
May 03, 2023 2:44:38 AM managers.LogPrinter println
INFO: 
Collection ArrayDeque
Size: 0 elements
May 03, 2023 2:44:38 AM managers.LogPrinter print
INFO: >>> 
May 03, 2023 2:44:59 AM managers.CommandExecutor run
INFO: info
May 03, 2023 2:45:00 AM managers.LogPrinter print
INFO: 
Collection ArrayDeque
Size: 0 elements

May 03, 2023 2:45:00 AM managers.LogPrinter println
INFO: 
Collection ArrayDeque
Size: 0 elements

May 03, 2023 2:45:00 AM managers.LogPrinter print
INFO: >>> 
May 03, 2023 2:46:09 AM managers.CommandExecutor run
INFO: info
May 03, 2023 2:46:09 AM managers.LogPrinter print
INFO: 
Collection ArrayDeque
Size: 0 elements

May 03, 2023 2:46:09 AM managers.LogPrinter println
INFO: 
Collection ArrayDeque
Size: 0 elements

May 03, 2023 2:46:09 AM managers.LogPrinter print
INFO: >>> 
May 03, 2023 2:46:10 AM managers.CommandExecutor run
INFO: help
