May 03, 2023 2:23:43 PM managers.LogPrinter print
INFO: Client started running on [
May 03, 2023 2:23:43 PM managers.LogPrinter print
INFO: localhost
May 03, 2023 2:23:43 PM managers.LogPrinter print
INFO: ][
May 03, 2023 2:23:43 PM managers.LogPrinter print
INFO: 10101
May 03, 2023 2:23:43 PM managers.LogPrinter print
INFO: ]


May 03, 2023 2:23:43 PM managers.LogPrinter print
INFO: >>> 
May 03, 2023 2:23:44 PM managers.CommandExecutor run
INFO: info
May 03, 2023 2:23:44 PM managers.LogPrinter print
INFO: 
Collection ArrayDeque
Size: 0 elements

May 03, 2023 2:23:44 PM managers.LogPrinter println
INFO: 
Collection ArrayDeque
Size: 0 elements

May 03, 2023 2:23:44 PM managers.LogPrinter print
INFO: >>> 
