May 03, 2023 2:47:30 AM managers.LogPrinter print
INFO: >>> 
May 03, 2023 2:47:32 AM managers.CommandExecutor run
INFO: info
May 03, 2023 2:47:32 AM managers.LogPrinter print
INFO: 
Collection ArrayDeque
Size: 0 elements

May 03, 2023 2:47:32 AM managers.LogPrinter println
INFO: 
Collection ArrayDeque
Size: 0 elements

May 03, 2023 2:47:32 AM managers.LogPrinter print
INFO: >>> 
May 03, 2023 2:47:47 AM managers.CommandExecutor run
INFO: add
May 03, 2023 2:47:47 AM managers.LogPrinter print
INFO: Введите Name (String), /q для отмены:
May 03, 2023 2:47:47 AM managers.LogPrinter println
INFO: Введите Name (String), /q для отмены:
May 03, 2023 2:47:48 AM managers.LogPrinter print
INFO: Введите координаты x, y (Long, Double):
May 03, 2023 2:47:48 AM managers.LogPrinter println
INFO: Введите координаты x, y (Long, Double):
May 03, 2023 2:47:49 AM managers.LogPrinter print
INFO: Введите area (Integer): 
May 03, 2023 2:47:49 AM managers.LogPrinter println
INFO: Введите area (Integer): 
May 03, 2023 2:47:49 AM managers.LogPrinter print
INFO: Введите numberOfRooms (Integer):
May 03, 2023 2:47:49 AM managers.LogPrinter println
INFO: Введите numberOfRooms (Integer):
May 03, 2023 2:47:50 AM managers.LogPrinter print
INFO: Введите timeToMetroOnFoot (Float):
May 03, 2023 2:47:50 AM managers.LogPrinter println
INFO: Введите timeToMetroOnFoot (Float):
May 03, 2023 2:47:50 AM managers.LogPrinter print
INFO: Введите timeToMetroByTransport (Double):
May 03, 2023 2:47:50 AM managers.LogPrinter println
INFO: Введите timeToMetroByTransport (Double):
May 03, 2023 2:47:50 AM managers.LogPrinter print
INFO: Введите furnish (Enum [NONE, DESIGNER, FINE, LITTLE]):
May 03, 2023 2:47:50 AM managers.LogPrinter println
INFO: Введите furnish (Enum [NONE, DESIGNER, FINE, LITTLE]):
May 03, 2023 2:47:52 AM managers.LogPrinter print
INFO: Введите name of House (String):
May 03, 2023 2:47:52 AM managers.LogPrinter println
INFO: Введите name of House (String):
May 03, 2023 2:47:52 AM managers.LogPrinter print
INFO: Введите year of House (Long):
May 03, 2023 2:47:52 AM managers.LogPrinter println
INFO: Введите year of House (Long):
May 03, 2023 2:47:53 AM managers.LogPrinter print
INFO: Введите numberOfFloors of House (Long):
May 03, 2023 2:47:53 AM managers.LogPrinter println
INFO: Введите numberOfFloors of House (Long):
May 03, 2023 2:47:53 AM managers.LogPrinter print
INFO: Введите numberOfLifts of House (Int):
May 03, 2023 2:47:53 AM managers.LogPrinter println
INFO: Введите numberOfLifts of House (Int):
May 03, 2023 2:47:53 AM managers.LogPrinter print
INFO:     ***    ***    ***
Flat №735884720
    name: a
    coordinates: X: 1; Y: 1.0
    creationDate: 2023-05-03T02:47:53.382158098+03:00[Europe/Moscow]
    area: 1
    numberOfRooms: 1
    timeToMetroOnFoot: 1.0
    timeToMetroByTransport: 1.0
    furnish: FINE
House:
    name: 1
    year: 1
    numberOfFloors: 1
    numberOfLifts: 1

    ***    ***    ***

May 03, 2023 2:47:53 AM managers.LogPrinter print
INFO: 
Объект a добавлен в коллекцию.
May 03, 2023 2:47:53 AM managers.LogPrinter println
INFO: 
Объект a добавлен в коллекцию.
May 03, 2023 2:47:53 AM managers.LogPrinter print
INFO: >>> 
May 03, 2023 2:47:57 AM managers.CommandExecutor run
INFO: info
May 03, 2023 2:47:57 AM managers.LogPrinter print
INFO: 
Collection ArrayDeque
Size: 1 elements
CreationDate: 2023-05-03T02:47:53.382158098+03:00[Europe/Moscow]
LastElementID: 735884720

May 03, 2023 2:47:57 AM managers.LogPrinter println
INFO: 
Collection ArrayDeque
Size: 1 elements
CreationDate: 2023-05-03T02:47:53.382158098+03:00[Europe/Moscow]
LastElementID: 735884720

May 03, 2023 2:47:57 AM managers.LogPrinter print
INFO: >>> 
May 03, 2023 2:48:52 AM managers.CommandExecutor run
INFO: info
May 03, 2023 2:48:53 AM managers.LogPrinter print
INFO: 
Collection ArrayDeque
Size: 1 elements
CreationDate: 2023-05-03T02:47:53.382158098+03:00[Europe/Moscow]
LastElementID: 735884720

May 03, 2023 2:48:53 AM managers.LogPrinter println
INFO: 
Collection ArrayDeque
Size: 1 elements
CreationDate: 2023-05-03T02:47:53.382158098+03:00[Europe/Moscow]
LastElementID: 735884720

May 03, 2023 2:48:53 AM managers.LogPrinter print
INFO: >>> 
May 03, 2023 2:48:54 AM managers.CommandExecutor run
INFO: info
May 03, 2023 2:48:54 AM managers.LogPrinter print
INFO: 
Collection ArrayDeque
Size: 1 elements
CreationDate: 2023-05-03T02:47:53.382158098+03:00[Europe/Moscow]
LastElementID: 735884720

May 03, 2023 2:48:54 AM managers.LogPrinter println
INFO: 
Collection ArrayDeque
Size: 1 elements
CreationDate: 2023-05-03T02:47:53.382158098+03:00[Europe/Moscow]
LastElementID: 735884720

May 03, 2023 2:48:54 AM managers.LogPrinter print
INFO: >>> 
May 03, 2023 2:48:55 AM managers.CommandExecutor run
INFO: info
May 03, 2023 2:48:55 AM managers.LogPrinter print
INFO: 
Collection ArrayDeque
Size: 1 elements
CreationDate: 2023-05-03T02:47:53.382158098+03:00[Europe/Moscow]
LastElementID: 735884720

May 03, 2023 2:48:55 AM managers.LogPrinter println
INFO: 
Collection ArrayDeque
Size: 1 elements
CreationDate: 2023-05-03T02:47:53.382158098+03:00[Europe/Moscow]
LastElementID: 735884720

May 03, 2023 2:48:55 AM managers.LogPrinter print
INFO: >>> 
May 03, 2023 2:48:56 AM managers.CommandExecutor run
INFO: help
