May 03, 2023 12:22:38 PM managers.LogPrinter print
INFO: >>> 
May 03, 2023 12:22:40 PM managers.CommandExecutor run
INFO: info
May 03, 2023 12:22:40 PM managers.LogPrinter print
INFO: 
Collection ArrayDeque
Size: 1 elements
CreationDate: 2023-05-03T09:45:38+03:00[Europe/Moscow]
LastElementID: 823458668

May 03, 2023 12:22:40 PM managers.LogPrinter println
INFO: 
Collection ArrayDeque
Size: 1 elements
CreationDate: 2023-05-03T09:45:38+03:00[Europe/Moscow]
LastElementID: 823458668

May 03, 2023 12:22:40 PM managers.LogPrinter print
INFO: >>> 
May 03, 2023 12:22:41 PM managers.CommandExecutor run
INFO: show
May 03, 2023 12:22:41 PM managers.LogPrinter print
INFO: 
    ***    ***    ***
Flat №823458668
    name: krg
    coordinates: X: 4; Y: 5.0
    creationDate: 2023-05-03T09:45:38+03:00[Europe/Moscow]
    area: 565
    numberOfRooms: 4
    timeToMetroOnFoot: 43534.0
    timeToMetroByTransport: 465.0
    furnish: FINE
House:
    name: 4454
    year: 4
    numberOfFloors: 3
    numberOfLifts: 4

    ***    ***    ***

May 03, 2023 12:22:41 PM managers.LogPrinter println
INFO: 
    ***    ***    ***
Flat №823458668
    name: krg
    coordinates: X: 4; Y: 5.0
    creationDate: 2023-05-03T09:45:38+03:00[Europe/Moscow]
    area: 565
    numberOfRooms: 4
    timeToMetroOnFoot: 43534.0
    timeToMetroByTransport: 465.0
    furnish: FINE
House:
    name: 4454
    year: 4
    numberOfFloors: 3
    numberOfLifts: 4

    ***    ***    ***

May 03, 2023 12:22:41 PM managers.LogPrinter print
INFO: >>> 
May 03, 2023 12:22:42 PM managers.CommandExecutor run
INFO: help
May 03, 2023 12:22:42 PM managers.LogPrinter print
INFO: 
remove_head: Вывести первый элемент коллекции и удалить его
count_by_time_to_metro_on_foot timeToMetroOnFoot: Вывести количество элементов, значение поля timeToMetroOnFoot которых равно заданному
execute_script file_name: Cчитать и исполнить скрипт из указанного файла. В скрипте содержатся команды в таком же виде, в котором их вводит пользователь в интерактивном режиме.
show: Вывести в стандартный поток вывода все элементы коллекции в строковом представлении
clear: Очистить коллекцию
update id {element}: Обновить значение элемента коллекции, id которого равен заданному
remove_by_id id: Удалить элемент из коллекции по его id
remove_lower: Удалить из коллекции все элементы, меньшие, чем заданный
head: Вывести первый элемент коллекции
help: Вывести справку по доступным командам
exit: Завершить программу (без сохранения в файл)
print_descending: Вывести элементы коллекции в порядке убывания
average_of_time_to_metro_by_transport: Вывести среднее значение поля timeToMetroByTransport для всех элементов коллекции
info: Вывести в стандартный поток вывода информацию о коллекции (тип, дата инициализации, количество элементов и т.д.)

May 03, 2023 12:22:42 PM managers.LogPrinter println
INFO: 
remove_head: Вывести первый элемент коллекции и удалить его
count_by_time_to_metro_on_foot timeToMetroOnFoot: Вывести количество элементов, значение поля timeToMetroOnFoot которых равно заданному
execute_script file_name: Cчитать и исполнить скрипт из указанного файла. В скрипте содержатся команды в таком же виде, в котором их вводит пользователь в интерактивном режиме.
show: Вывести в стандартный поток вывода все элементы коллекции в строковом представлении
clear: Очистить коллекцию
update id {element}: Обновить значение элемента коллекции, id которого равен заданному
remove_by_id id: Удалить элемент из коллекции по его id
remove_lower: Удалить из коллекции все элементы, меньшие, чем заданный
head: Вывести первый элемент коллекции
help: Вывести справку по доступным командам
exit: Завершить программу (без сохранения в файл)
print_descending: Вывести элементы коллекции в порядке убывания
average_of_time_to_metro_by_transport: Вывести среднее значение поля timeToMetroByTransport для всех элементов коллекции
info: Вывести в стандартный поток вывода информацию о коллекции (тип, дата инициализации, количество элементов и т.д.)

May 03, 2023 12:22:42 PM managers.LogPrinter print
INFO: >>> 
May 03, 2023 12:22:45 PM managers.CommandExecutor run
INFO: info
May 03, 2023 12:22:45 PM managers.LogPrinter print
INFO: 
Collection ArrayDeque
Size: 1 elements
CreationDate: 2023-05-03T09:45:38+03:00[Europe/Moscow]
LastElementID: 823458668

May 03, 2023 12:22:45 PM managers.LogPrinter println
INFO: 
Collection ArrayDeque
Size: 1 elements
CreationDate: 2023-05-03T09:45:38+03:00[Europe/Moscow]
LastElementID: 823458668

May 03, 2023 12:22:45 PM managers.LogPrinter print
INFO: >>> 
May 03, 2023 12:22:49 PM managers.CommandExecutor run
INFO: info
May 03, 2023 12:22:49 PM managers.LogPrinter print
INFO: 
Collection ArrayDeque
Size: 1 elements
CreationDate: 2023-05-03T09:45:38+03:00[Europe/Moscow]
LastElementID: 823458668

May 03, 2023 12:22:49 PM managers.LogPrinter println
INFO: 
Collection ArrayDeque
Size: 1 elements
CreationDate: 2023-05-03T09:45:38+03:00[Europe/Moscow]
LastElementID: 823458668

May 03, 2023 12:22:49 PM managers.LogPrinter print
INFO: >>> 
May 03, 2023 12:22:52 PM managers.CommandExecutor run
INFO: info
May 03, 2023 12:22:52 PM managers.LogPrinter print
INFO: 
Collection ArrayDeque
Size: 1 elements
CreationDate: 2023-05-03T09:45:38+03:00[Europe/Moscow]
LastElementID: 823458668

May 03, 2023 12:22:52 PM managers.LogPrinter println
INFO: 
Collection ArrayDeque
Size: 1 elements
CreationDate: 2023-05-03T09:45:38+03:00[Europe/Moscow]
LastElementID: 823458668

May 03, 2023 12:22:52 PM managers.LogPrinter print
INFO: >>> 
May 03, 2023 12:23:01 PM managers.CommandExecutor run
INFO: help
May 03, 2023 12:23:01 PM managers.LogPrinter print
INFO: 
remove_head: Вывести первый элемент коллекции и удалить его
count_by_time_to_metro_on_foot timeToMetroOnFoot: Вывести количество элементов, значение поля timeToMetroOnFoot которых равно заданному
execute_script file_name: Cчитать и исполнить скрипт из указанного файла. В скрипте содержатся команды в таком же виде, в котором их вводит пользователь в интерактивном режиме.
show: Вывести в стандартный поток вывода все элементы коллекции в строковом представлении
clear: Очистить коллекцию
update id {element}: Обновить значение элемента коллекции, id которого равен заданному
remove_by_id id: Удалить элемент из коллекции по его id
remove_lower: Удалить из коллекции все элементы, меньшие, чем заданный
head: Вывести первый элемент коллекции
help: Вывести справку по доступным командам
exit: Завершить программу (без сохранения в файл)
print_descending: Вывести элементы коллекции в порядке убывания
average_of_time_to_metro_by_transport: Вывести среднее значение поля timeToMetroByTransport для всех элементов коллекции
info: Вывести в стандартный поток вывода информацию о коллекции (тип, дата инициализации, количество элементов и т.д.)

May 03, 2023 12:23:01 PM managers.LogPrinter println
INFO: 
remove_head: Вывести первый элемент коллекции и удалить его
count_by_time_to_metro_on_foot timeToMetroOnFoot: Вывести количество элементов, значение поля timeToMetroOnFoot которых равно заданному
execute_script file_name: Cчитать и исполнить скрипт из указанного файла. В скрипте содержатся команды в таком же виде, в котором их вводит пользователь в интерактивном режиме.
show: Вывести в стандартный поток вывода все элементы коллекции в строковом представлении
clear: Очистить коллекцию
update id {element}: Обновить значение элемента коллекции, id которого равен заданному
remove_by_id id: Удалить элемент из коллекции по его id
remove_lower: Удалить из коллекции все элементы, меньшие, чем заданный
head: Вывести первый элемент коллекции
help: Вывести справку по доступным командам
exit: Завершить программу (без сохранения в файл)
print_descending: Вывести элементы коллекции в порядке убывания
average_of_time_to_metro_by_transport: Вывести среднее значение поля timeToMetroByTransport для всех элементов коллекции
info: Вывести в стандартный поток вывода информацию о коллекции (тип, дата инициализации, количество элементов и т.д.)

May 03, 2023 12:23:01 PM managers.LogPrinter print
INFO: >>> 
May 03, 2023 12:23:07 PM managers.CommandExecutor run
INFO: execute_script 1
May 03, 2023 12:23:07 PM managers.LogPrinter print
INFO: info
show


May 03, 2023 12:23:07 PM managers.LogPrinter println
INFO: info
show


May 03, 2023 12:23:07 PM managers.LogPrinter print
INFO: 
Collection ArrayDeque
Size: 1 elements
CreationDate: 2023-05-03T09:45:38+03:00[Europe/Moscow]
LastElementID: 823458668
    ***    ***    ***
Flat №823458668
    name: krg
    coordinates: X: 4; Y: 5.0
    creationDate: 2023-05-03T09:45:38+03:00[Europe/Moscow]
    area: 565
    numberOfRooms: 4
    timeToMetroOnFoot: 43534.0
    timeToMetroByTransport: 465.0
    furnish: FINE
House:
    name: 4454
    year: 4
    numberOfFloors: 3
    numberOfLifts: 4

    ***    ***    ***

May 03, 2023 12:23:07 PM managers.LogPrinter println
INFO: 
Collection ArrayDeque
Size: 1 elements
CreationDate: 2023-05-03T09:45:38+03:00[Europe/Moscow]
LastElementID: 823458668
    ***    ***    ***
Flat №823458668
    name: krg
    coordinates: X: 4; Y: 5.0
    creationDate: 2023-05-03T09:45:38+03:00[Europe/Moscow]
    area: 565
    numberOfRooms: 4
    timeToMetroOnFoot: 43534.0
    timeToMetroByTransport: 465.0
    furnish: FINE
House:
    name: 4454
    year: 4
    numberOfFloors: 3
    numberOfLifts: 4

    ***    ***    ***

May 03, 2023 12:23:07 PM managers.LogPrinter print
INFO: >>> 
May 03, 2023 12:23:14 PM managers.CommandExecutor run
INFO: execute_script 2
May 03, 2023 12:23:14 PM managers.LogPrinter print
INFO: Файл не существует.
>>> 
May 03, 2023 12:23:18 PM managers.CommandExecutor run
INFO: sad
May 03, 2023 12:23:18 PM managers.LogPrinter print
INFO: Неизвестная команда
May 03, 2023 12:23:18 PM managers.LogPrinter println
INFO: Неизвестная команда
May 03, 2023 12:23:18 PM managers.LogPrinter print
INFO: >>> 
