#-----------------------------------------------------------
# Vivado v2019.1 (64-bit)
# SW Build 2552052 on Fri May 24 14:49:42 MDT 2019
# IP Build 2548770 on Fri May 24 18:01:18 MDT 2019
# Start of session at: Thu Nov 21 21:26:58 2024
# Process ID: 14432
# Current directory: C:/Users/Kuchizu/Desktop/Функциональная Схемотехника/Vivado/project_2
# Command line: vivado.exe -gui_launcher_event rodinguilauncherevent15788 C:\Users\Kuchizu\Desktop\Функциональная Схемотехника\Vivado\project_2\project_2.xpr
# Log file: C:/Users/Kuchizu/Desktop/Функциональная Схемотехника/Vivado/project_2/vivado.log
# Journal file: C:/Users/Kuchizu/Desktop/Функциональная Схемотехника/Vivado/project_2\vivado.jou
#-----------------------------------------------------------
start_gui
open_project {C:/Users/Kuchizu/Desktop/Функциональная Схемотехника/Vivado/project_2/project_2.xpr}
INFO: [Project 1-313] Project file moved from 'C:/Users/Kuchizu/Desktop/Vivado/project_2' since last save.
Scanning sources...
Finished scanning sources
INFO: [IP_Flow 19-234] Refreshing IP repositories
INFO: [IP_Flow 19-1704] No user IP repositories specified
INFO: [IP_Flow 19-2313] Loaded Vivado IP repository 'D:/Xilinx/Vivado/2019.1/data/ip'.
update_compile_order -fileset sources_1
exit
INFO: [Common 17-206] Exiting Vivado at Thu Nov 21 21:27:35 2024...
