May 15, 2023 4:05:53 AM managers.LogPrinter print
INFO: Client started running on [
May 15, 2023 4:05:53 AM managers.LogPrinter print
INFO: localhost
May 15, 2023 4:05:53 AM managers.LogPrinter print
INFO: ][
May 15, 2023 4:05:53 AM managers.LogPrinter print
INFO: 1234
May 15, 2023 4:05:53 AM managers.LogPrinter print
INFO: ]


May 15, 2023 4:05:53 AM managers.LogPrinter print
INFO: >>> 
May 15, 2023 4:05:58 AM managers.CommandExecutor run
INFO: /login
May 15, 2023 4:05:58 AM managers.LogPrinter print
INFO: Введите логин: 
May 15, 2023 4:06:00 AM managers.LogPrinter print
INFO: Введите пароль: 
May 15, 2023 4:06:01 AM managers.LogPrinter print
INFO: Успешная авторизация.
May 15, 2023 4:06:01 AM managers.LogPrinter println
INFO: Успешная авторизация.
May 15, 2023 4:06:01 AM managers.LogPrinter print
INFO: [
May 15, 2023 4:06:01 AM managers.LogPrinter print
INFO: Kuchizu
May 15, 2023 4:06:01 AM managers.LogPrinter print
INFO: ] >>> 
May 15, 2023 4:06:17 AM managers.CommandExecutor run
INFO: info
May 15, 2023 4:06:17 AM managers.LogPrinter print
INFO: 
Collection ArrayDeque
Size: 1 elements
CreationDate: 2023-05-15T03:58:42.179563+03:00[Europe/Moscow]
LastElementID: 1

May 15, 2023 4:06:17 AM managers.LogPrinter println
INFO: 
Collection ArrayDeque
Size: 1 elements
CreationDate: 2023-05-15T03:58:42.179563+03:00[Europe/Moscow]
LastElementID: 1

May 15, 2023 4:06:17 AM managers.LogPrinter print
INFO: [
May 15, 2023 4:06:17 AM managers.LogPrinter print
INFO: Kuchizu
May 15, 2023 4:06:17 AM managers.LogPrinter print
INFO: ] >>> 
May 15, 2023 4:06:20 AM managers.CommandExecutor run
INFO: info
May 15, 2023 4:06:20 AM managers.LogPrinter print
INFO: 
Collection ArrayDeque
Size: 1 elements
CreationDate: 2023-05-15T03:58:42.179563+03:00[Europe/Moscow]
LastElementID: 1

May 15, 2023 4:06:20 AM managers.LogPrinter println
INFO: 
Collection ArrayDeque
Size: 1 elements
CreationDate: 2023-05-15T03:58:42.179563+03:00[Europe/Moscow]
LastElementID: 1

May 15, 2023 4:06:20 AM managers.LogPrinter print
INFO: [
May 15, 2023 4:06:20 AM managers.LogPrinter print
INFO: Kuchizu
May 15, 2023 4:06:20 AM managers.LogPrinter print
INFO: ] >>> 
May 15, 2023 4:06:22 AM managers.CommandExecutor run
INFO: show
May 15, 2023 4:06:22 AM managers.LogPrinter print
INFO: 
    ***    ***    ***

Flat №1
    name: 1
    coordinates: X: 1; Y: 1.0
    creationDate: 2023-05-15T03:58:42.179563+03:00[Europe/Moscow]
    area: 1
    numberOfRooms: 1
    timeToMetroOnFoot: 1.0
    timeToMetroByTransport: 1.0
    furnish: NONE
House:
    name: 1
    year: 1
    numberOfFloors: 1
    numberOfLifts: 1

    ***    ***    ***

May 15, 2023 4:06:22 AM managers.LogPrinter println
INFO: 
    ***    ***    ***

Flat №1
    name: 1
    coordinates: X: 1; Y: 1.0
    creationDate: 2023-05-15T03:58:42.179563+03:00[Europe/Moscow]
    area: 1
    numberOfRooms: 1
    timeToMetroOnFoot: 1.0
    timeToMetroByTransport: 1.0
    furnish: NONE
House:
    name: 1
    year: 1
    numberOfFloors: 1
    numberOfLifts: 1

    ***    ***    ***

May 15, 2023 4:06:22 AM managers.LogPrinter print
INFO: [
May 15, 2023 4:06:22 AM managers.LogPrinter print
INFO: Kuchizu
May 15, 2023 4:06:22 AM managers.LogPrinter print
INFO: ] >>> 
May 15, 2023 4:06:28 AM managers.CommandExecutor run
INFO: add
May 15, 2023 4:06:28 AM managers.LogPrinter print
INFO: Введите Name (String), /q для отмены:
May 15, 2023 4:06:28 AM managers.LogPrinter println
INFO: Введите Name (String), /q для отмены:
May 15, 2023 4:06:30 AM managers.LogPrinter print
INFO: Введите координаты x, y (Long, Double):
May 15, 2023 4:06:30 AM managers.LogPrinter println
INFO: Введите координаты x, y (Long, Double):
May 15, 2023 4:06:33 AM managers.LogPrinter print
INFO: Введите area (Integer): 
May 15, 2023 4:06:33 AM managers.LogPrinter println
INFO: Введите area (Integer): 
May 15, 2023 4:06:34 AM managers.LogPrinter print
INFO: Введите numberOfRooms (Integer):
May 15, 2023 4:06:34 AM managers.LogPrinter println
INFO: Введите numberOfRooms (Integer):
May 15, 2023 4:06:37 AM managers.LogPrinter print
INFO: Введите timeToMetroOnFoot (Float):
May 15, 2023 4:06:37 AM managers.LogPrinter println
INFO: Введите timeToMetroOnFoot (Float):
May 15, 2023 4:06:42 AM managers.LogPrinter print
INFO: Введите timeToMetroByTransport (Double):
May 15, 2023 4:06:42 AM managers.LogPrinter println
INFO: Введите timeToMetroByTransport (Double):
May 15, 2023 4:06:44 AM managers.LogPrinter print
INFO: Введите furnish (Enum [NONE, DESIGNER, FINE, LITTLE]):
May 15, 2023 4:06:44 AM managers.LogPrinter println
INFO: Введите furnish (Enum [NONE, DESIGNER, FINE, LITTLE]):
May 15, 2023 4:06:46 AM managers.LogPrinter print
INFO: Введите name of House (String):
May 15, 2023 4:06:46 AM managers.LogPrinter println
INFO: Введите name of House (String):
May 15, 2023 4:06:50 AM managers.LogPrinter print
INFO: Введите year of House (Long):
May 15, 2023 4:06:50 AM managers.LogPrinter println
INFO: Введите year of House (Long):
May 15, 2023 4:06:52 AM managers.LogPrinter print
INFO: Введите numberOfFloors of House (Long):
May 15, 2023 4:06:52 AM managers.LogPrinter println
INFO: Введите numberOfFloors of House (Long):
May 15, 2023 4:06:53 AM managers.LogPrinter print
INFO: Введите numberOfLifts of House (Int):
May 15, 2023 4:06:53 AM managers.LogPrinter println
INFO: Введите numberOfLifts of House (Int):
May 15, 2023 4:06:54 AM managers.LogPrinter print
INFO: 
Объект asfsad добавлен в коллекцию.
May 15, 2023 4:06:54 AM managers.LogPrinter println
INFO: 
Объект asfsad добавлен в коллекцию.
May 15, 2023 4:06:54 AM managers.LogPrinter print
INFO: [
May 15, 2023 4:06:54 AM managers.LogPrinter print
INFO: Kuchizu
May 15, 2023 4:06:54 AM managers.LogPrinter print
INFO: ] >>> 
May 15, 2023 4:06:57 AM managers.CommandExecutor run
INFO: info
May 15, 2023 4:06:57 AM managers.LogPrinter print
INFO: 
Collection ArrayDeque
Size: 2 elements
CreationDate: 2023-05-15T03:58:42.179563+03:00[Europe/Moscow]
LastElementID: -1

May 15, 2023 4:06:57 AM managers.LogPrinter println
INFO: 
Collection ArrayDeque
Size: 2 elements
CreationDate: 2023-05-15T03:58:42.179563+03:00[Europe/Moscow]
LastElementID: -1

May 15, 2023 4:06:57 AM managers.LogPrinter print
INFO: [
May 15, 2023 4:06:57 AM managers.LogPrinter print
INFO: Kuchizu
May 15, 2023 4:06:57 AM managers.LogPrinter print
INFO: ] >>> 
May 15, 2023 4:06:59 AM managers.CommandExecutor run
INFO: help
May 15, 2023 4:06:59 AM managers.LogPrinter print
INFO: 
remove_head: Вывести первый элемент коллекции и удалить его
add {element}: Добавить новый элемент в коллекцию
count_by_time_to_metro_on_foot timeToMetroOnFoot: Вывести количество элементов, значение поля timeToMetroOnFoot которых равно заданному
execute_script file_name: Cчитать и исполнить скрипт из указанного файла. В скрипте содержатся команды в таком же виде, в котором их вводит пользователь в интерактивном режиме.
show: Вывести в стандартный поток вывода все элементы коллекции в строковом представлении
clear: Очистить коллекцию
update id {element}: Обновить значение элемента коллекции, id которого равен заданному
remove_by_id id: Удалить элемент из коллекции по его id
remove_lower: Удалить из коллекции все элементы, меньшие, чем заданный
head: Вывести первый элемент коллекции
help: Вывести справку по доступным командам
exit: Завершить программу (без сохранения в файл)
print_descending: Вывести элементы коллекции в порядке убывания
average_of_time_to_metro_by_transport: Вывести среднее значение поля timeToMetroByTransport для всех элементов коллекции
info: Вывести в стандартный поток вывода информацию о коллекции (тип, дата инициализации, количество элементов и т.д.)

May 15, 2023 4:06:59 AM managers.LogPrinter println
INFO: 
remove_head: Вывести первый элемент коллекции и удалить его
add {element}: Добавить новый элемент в коллекцию
count_by_time_to_metro_on_foot timeToMetroOnFoot: Вывести количество элементов, значение поля timeToMetroOnFoot которых равно заданному
execute_script file_name: Cчитать и исполнить скрипт из указанного файла. В скрипте содержатся команды в таком же виде, в котором их вводит пользователь в интерактивном режиме.
show: Вывести в стандартный поток вывода все элементы коллекции в строковом представлении
clear: Очистить коллекцию
update id {element}: Обновить значение элемента коллекции, id которого равен заданному
remove_by_id id: Удалить элемент из коллекции по его id
remove_lower: Удалить из коллекции все элементы, меньшие, чем заданный
head: Вывести первый элемент коллекции
help: Вывести справку по доступным командам
exit: Завершить программу (без сохранения в файл)
print_descending: Вывести элементы коллекции в порядке убывания
average_of_time_to_metro_by_transport: Вывести среднее значение поля timeToMetroByTransport для всех элементов коллекции
info: Вывести в стандартный поток вывода информацию о коллекции (тип, дата инициализации, количество элементов и т.д.)

May 15, 2023 4:06:59 AM managers.LogPrinter print
INFO: [
May 15, 2023 4:06:59 AM managers.LogPrinter print
INFO: Kuchizu
May 15, 2023 4:06:59 AM managers.LogPrinter print
INFO: ] >>> 
May 15, 2023 4:07:01 AM managers.CommandExecutor run
INFO: show
May 15, 2023 4:07:01 AM managers.LogPrinter print
INFO: 
    ***    ***    ***

Flat №1
    name: 1
    coordinates: X: 1; Y: 1.0
    creationDate: 2023-05-15T03:58:42.179563+03:00[Europe/Moscow]
    area: 1
    numberOfRooms: 1
    timeToMetroOnFoot: 1.0
    timeToMetroByTransport: 1.0
    furnish: NONE
House:
    name: 1
    year: 1
    numberOfFloors: 1
    numberOfLifts: 1

    ***    ***    ***
    ***    ***    ***

Flat №-1
    name: asfsad
    coordinates: X: 1; Y: 2133.0
    creationDate: 2023-05-15T04:06:54.860820945+03:00[Europe/Moscow]
    area: 1111
    numberOfRooms: 1
    timeToMetroOnFoot: 1.1111
    timeToMetroByTransport: 123.33
    furnish: DESIGNER
House:
    name: HOUSE
    year: 123
    numberOfFloors: 333
    numberOfLifts: 123123

    ***    ***    ***

May 15, 2023 4:07:01 AM managers.LogPrinter println
INFO: 
    ***    ***    ***

Flat №1
    name: 1
    coordinates: X: 1; Y: 1.0
    creationDate: 2023-05-15T03:58:42.179563+03:00[Europe/Moscow]
    area: 1
    numberOfRooms: 1
    timeToMetroOnFoot: 1.0
    timeToMetroByTransport: 1.0
    furnish: NONE
House:
    name: 1
    year: 1
    numberOfFloors: 1
    numberOfLifts: 1

    ***    ***    ***
    ***    ***    ***

Flat №-1
    name: asfsad
    coordinates: X: 1; Y: 2133.0
    creationDate: 2023-05-15T04:06:54.860820945+03:00[Europe/Moscow]
    area: 1111
    numberOfRooms: 1
    timeToMetroOnFoot: 1.1111
    timeToMetroByTransport: 123.33
    furnish: DESIGNER
House:
    name: HOUSE
    year: 123
    numberOfFloors: 333
    numberOfLifts: 123123

    ***    ***    ***

May 15, 2023 4:07:01 AM managers.LogPrinter print
INFO: [
May 15, 2023 4:07:01 AM managers.LogPrinter print
INFO: Kuchizu
May 15, 2023 4:07:01 AM managers.LogPrinter print
INFO: ] >>> 
