May 15, 2023 4:21:52 AM managers.LogPrinter print
INFO: Client started running on [
May 15, 2023 4:21:52 AM managers.LogPrinter print
INFO: localhost
May 15, 2023 4:21:52 AM managers.LogPrinter print
INFO: ][
May 15, 2023 4:21:52 AM managers.LogPrinter print
INFO: 1234
May 15, 2023 4:21:52 AM managers.LogPrinter print
INFO: ]


May 15, 2023 4:21:52 AM managers.LogPrinter print
INFO: >>> 
May 15, 2023 4:22:55 AM managers.CommandExecutor run
INFO: /login
May 15, 2023 4:22:55 AM managers.LogPrinter print
INFO: Введите логин: 
May 15, 2023 4:22:56 AM managers.LogPrinter print
INFO: Введите пароль: 
May 15, 2023 4:22:58 AM managers.LogPrinter print
INFO: Успешная авторизация.
May 15, 2023 4:22:58 AM managers.LogPrinter println
INFO: Успешная авторизация.
May 15, 2023 4:22:58 AM managers.LogPrinter print
INFO: [
May 15, 2023 4:22:58 AM managers.LogPrinter print
INFO: Kuchizu
May 15, 2023 4:22:58 AM managers.LogPrinter print
INFO: ] >>> 
May 15, 2023 4:23:05 AM managers.CommandExecutor run
INFO: help
May 15, 2023 4:23:05 AM managers.LogPrinter print
INFO: 
remove_head: Вывести первый элемент коллекции и удалить его
add {element}: Добавить новый элемент в коллекцию
count_by_time_to_metro_on_foot timeToMetroOnFoot: Вывести количество элементов, значение поля timeToMetroOnFoot которых равно заданному
execute_script file_name: Cчитать и исполнить скрипт из указанного файла. В скрипте содержатся команды в таком же виде, в котором их вводит пользователь в интерактивном режиме.
show: Вывести в стандартный поток вывода все элементы коллекции в строковом представлении
clear: Очистить коллекцию
update id {element}: Обновить значение элемента коллекции, id которого равен заданному
remove_by_id id: Удалить элемент из коллекции по его id
remove_lower: Удалить из коллекции все элементы, меньшие, чем заданный
head: Вывести первый элемент коллекции
help: Вывести справку по доступным командам
exit: Завершить программу (без сохранения в файл)
print_descending: Вывести элементы коллекции в порядке убывания
average_of_time_to_metro_by_transport: Вывести среднее значение поля timeToMetroByTransport для всех элементов коллекции
info: Вывести в стандартный поток вывода информацию о коллекции (тип, дата инициализации, количество элементов и т.д.)

May 15, 2023 4:23:05 AM managers.LogPrinter println
INFO: 
remove_head: Вывести первый элемент коллекции и удалить его
add {element}: Добавить новый элемент в коллекцию
count_by_time_to_metro_on_foot timeToMetroOnFoot: Вывести количество элементов, значение поля timeToMetroOnFoot которых равно заданному
execute_script file_name: Cчитать и исполнить скрипт из указанного файла. В скрипте содержатся команды в таком же виде, в котором их вводит пользователь в интерактивном режиме.
show: Вывести в стандартный поток вывода все элементы коллекции в строковом представлении
clear: Очистить коллекцию
update id {element}: Обновить значение элемента коллекции, id которого равен заданному
remove_by_id id: Удалить элемент из коллекции по его id
remove_lower: Удалить из коллекции все элементы, меньшие, чем заданный
head: Вывести первый элемент коллекции
help: Вывести справку по доступным командам
exit: Завершить программу (без сохранения в файл)
print_descending: Вывести элементы коллекции в порядке убывания
average_of_time_to_metro_by_transport: Вывести среднее значение поля timeToMetroByTransport для всех элементов коллекции
info: Вывести в стандартный поток вывода информацию о коллекции (тип, дата инициализации, количество элементов и т.д.)

May 15, 2023 4:23:05 AM managers.LogPrinter print
INFO: [
May 15, 2023 4:23:05 AM managers.LogPrinter print
INFO: Kuchizu
May 15, 2023 4:23:05 AM managers.LogPrinter print
INFO: ] >>> 
May 15, 2023 4:23:09 AM managers.CommandExecutor run
INFO: info
May 15, 2023 4:23:10 AM managers.LogPrinter print
INFO: 
Collection ArrayDeque
Size: 4 elements
CreationDate: 2023-05-15T03:58:42.179563+03:00[Europe/Moscow]
LastElementID: 4

May 15, 2023 4:23:10 AM managers.LogPrinter println
INFO: 
Collection ArrayDeque
Size: 4 elements
CreationDate: 2023-05-15T03:58:42.179563+03:00[Europe/Moscow]
LastElementID: 4

May 15, 2023 4:23:10 AM managers.LogPrinter print
INFO: [
May 15, 2023 4:23:10 AM managers.LogPrinter print
INFO: Kuchizu
May 15, 2023 4:23:10 AM managers.LogPrinter print
INFO: ] >>> 
May 15, 2023 4:23:35 AM managers.CommandExecutor run
INFO: /reg
May 15, 2023 4:23:35 AM managers.LogPrinter print
INFO: Регистрация нового пользователя
May 15, 2023 4:23:35 AM managers.LogPrinter println
INFO: Регистрация нового пользователя
May 15, 2023 4:23:35 AM managers.LogPrinter print
INFO: Введите логин: 
May 15, 2023 4:23:38 AM managers.LogPrinter print
INFO: Введите пароль: 
May 15, 2023 4:23:40 AM managers.LogPrinter print
INFO: Пользователь Zukuchi успешно зарегистрирован
May 15, 2023 4:23:40 AM managers.LogPrinter println
INFO: Пользователь Zukuchi успешно зарегистрирован
May 15, 2023 4:23:40 AM managers.LogPrinter print
INFO: [
May 15, 2023 4:23:40 AM managers.LogPrinter print
INFO: Zukuchi
May 15, 2023 4:23:40 AM managers.LogPrinter print
INFO: ] >>> 
May 15, 2023 4:42:50 AM managers.CommandExecutor run
INFO: head
May 15, 2023 4:42:50 AM managers.LogPrinter print
INFO: 
    ***    ***    ***

Flat №1
    name: 1
    coordinates: X: 1; Y: 1.0
    creationDate: 2023-05-15T03:58:42.179563+03:00[Europe/Moscow]
    area: 1
    numberOfRooms: 1
    timeToMetroOnFoot: 1.0
    timeToMetroByTransport: 1.0
    furnish: NONE
House:
    name: 1
    year: 1
    numberOfFloors: 1
    numberOfLifts: 1

    ***    ***    ***

May 15, 2023 4:42:50 AM managers.LogPrinter println
INFO: 
    ***    ***    ***

Flat №1
    name: 1
    coordinates: X: 1; Y: 1.0
    creationDate: 2023-05-15T03:58:42.179563+03:00[Europe/Moscow]
    area: 1
    numberOfRooms: 1
    timeToMetroOnFoot: 1.0
    timeToMetroByTransport: 1.0
    furnish: NONE
House:
    name: 1
    year: 1
    numberOfFloors: 1
    numberOfLifts: 1

    ***    ***    ***

May 15, 2023 4:42:50 AM managers.LogPrinter print
INFO: [
May 15, 2023 4:42:50 AM managers.LogPrinter print
INFO: Zukuchi
May 15, 2023 4:42:50 AM managers.LogPrinter print
INFO: ] >>> 
