May 15, 2023 1:09:27 AM managers.LogPrinter print
INFO: Client started running on [
May 15, 2023 1:09:27 AM managers.LogPrinter print
INFO: localhost
May 15, 2023 1:09:27 AM managers.LogPrinter print
INFO: ][
May 15, 2023 1:09:27 AM managers.LogPrinter print
INFO: 1234
May 15, 2023 1:09:27 AM managers.LogPrinter print
INFO: ]


May 15, 2023 1:09:27 AM managers.LogPrinter print
INFO: >>> 
May 15, 2023 1:09:29 AM managers.CommandExecutor run
INFO: add
May 15, 2023 1:09:29 AM managers.LogPrinter print
INFO: Введите Name (String), /q для отмены:
May 15, 2023 1:09:29 AM managers.LogPrinter println
INFO: Введите Name (String), /q для отмены:
May 15, 2023 1:09:30 AM managers.LogPrinter print
INFO: Введите координаты x, y (Long, Double):
May 15, 2023 1:09:30 AM managers.LogPrinter println
INFO: Введите координаты x, y (Long, Double):
May 15, 2023 1:09:32 AM managers.LogPrinter print
INFO: Введите area (Integer): 
May 15, 2023 1:09:32 AM managers.LogPrinter println
INFO: Введите area (Integer): 
May 15, 2023 1:09:32 AM managers.LogPrinter print
INFO: Введите numberOfRooms (Integer):
May 15, 2023 1:09:32 AM managers.LogPrinter println
INFO: Введите numberOfRooms (Integer):
May 15, 2023 1:09:32 AM managers.LogPrinter print
INFO: Введите timeToMetroOnFoot (Float):
May 15, 2023 1:09:32 AM managers.LogPrinter println
INFO: Введите timeToMetroOnFoot (Float):
May 15, 2023 1:09:33 AM managers.LogPrinter print
INFO: Введите timeToMetroByTransport (Double):
May 15, 2023 1:09:33 AM managers.LogPrinter println
INFO: Введите timeToMetroByTransport (Double):
May 15, 2023 1:09:33 AM managers.LogPrinter print
INFO: Введите furnish (Enum [NONE, DESIGNER, FINE, LITTLE]):
May 15, 2023 1:09:33 AM managers.LogPrinter println
INFO: Введите furnish (Enum [NONE, DESIGNER, FINE, LITTLE]):
May 15, 2023 1:09:36 AM managers.LogPrinter print
INFO: Введите name of House (String):
May 15, 2023 1:09:36 AM managers.LogPrinter println
INFO: Введите name of House (String):
May 15, 2023 1:09:37 AM managers.LogPrinter print
INFO: Введите year of House (Long):
May 15, 2023 1:09:37 AM managers.LogPrinter println
INFO: Введите year of House (Long):
May 15, 2023 1:09:37 AM managers.LogPrinter print
INFO: Введите numberOfFloors of House (Long):
May 15, 2023 1:09:37 AM managers.LogPrinter println
INFO: Введите numberOfFloors of House (Long):
May 15, 2023 1:09:38 AM managers.LogPrinter print
INFO: Введите numberOfLifts of House (Int):
May 15, 2023 1:09:38 AM managers.LogPrinter println
INFO: Введите numberOfLifts of House (Int):
May 15, 2023 1:09:39 AM managers.LogPrinter print
INFO:     ***    ***    ***
Flat №1766472218
    name: 1
    coordinates: X: 1; Y: 1.0
    creationDate: 2023-05-15T01:09:39.054250483+03:00[Europe/Moscow]
    area: 1
    numberOfRooms: 1
    timeToMetroOnFoot: 1.0
    timeToMetroByTransport: 1.0
    furnish: DESIGNER
House:
    name: 1
    year: 1
    numberOfFloors: 1
    numberOfLifts: 1

    ***    ***    ***

May 15, 2023 1:13:46 AM managers.CommandExecutor run
INFO: add
May 15, 2023 1:13:46 AM managers.LogPrinter print
INFO: Введите Name (String), /q для отмены:
May 15, 2023 1:13:46 AM managers.LogPrinter println
INFO: Введите Name (String), /q для отмены:
May 15, 2023 1:13:48 AM managers.LogPrinter print
INFO: Введите координаты x, y (Long, Double):
May 15, 2023 1:13:48 AM managers.LogPrinter println
INFO: Введите координаты x, y (Long, Double):
May 15, 2023 1:13:49 AM managers.LogPrinter print
INFO: Введите area (Integer): 
May 15, 2023 1:13:49 AM managers.LogPrinter println
INFO: Введите area (Integer): 
May 15, 2023 1:13:49 AM managers.LogPrinter print
INFO: Введите numberOfRooms (Integer):
May 15, 2023 1:13:49 AM managers.LogPrinter println
INFO: Введите numberOfRooms (Integer):
May 15, 2023 1:13:49 AM managers.LogPrinter print
INFO: Введите timeToMetroOnFoot (Float):
May 15, 2023 1:13:49 AM managers.LogPrinter println
INFO: Введите timeToMetroOnFoot (Float):
May 15, 2023 1:13:50 AM managers.LogPrinter print
INFO: Введите timeToMetroByTransport (Double):
May 15, 2023 1:13:50 AM managers.LogPrinter println
INFO: Введите timeToMetroByTransport (Double):
May 15, 2023 1:13:50 AM managers.LogPrinter print
INFO: Введите furnish (Enum [NONE, DESIGNER, FINE, LITTLE]):
May 15, 2023 1:13:50 AM managers.LogPrinter println
INFO: Введите furnish (Enum [NONE, DESIGNER, FINE, LITTLE]):
May 15, 2023 1:13:52 AM managers.LogPrinter print
INFO: Введите name of House (String):
May 15, 2023 1:13:52 AM managers.LogPrinter println
INFO: Введите name of House (String):
May 15, 2023 1:13:52 AM managers.LogPrinter print
INFO: Введите year of House (Long):
May 15, 2023 1:13:52 AM managers.LogPrinter println
INFO: Введите year of House (Long):
May 15, 2023 1:13:53 AM managers.LogPrinter print
INFO: Введите numberOfFloors of House (Long):
May 15, 2023 1:13:53 AM managers.LogPrinter println
INFO: Введите numberOfFloors of House (Long):
May 15, 2023 1:13:53 AM managers.LogPrinter print
INFO: Введите numberOfLifts of House (Int):
May 15, 2023 1:13:53 AM managers.LogPrinter println
INFO: Введите numberOfLifts of House (Int):
May 15, 2023 1:13:54 AM managers.LogPrinter print
INFO:     ***    ***    ***
Flat №106253205
    name: 1
    coordinates: X: 1; Y: 1.0
    creationDate: 2023-05-15T01:13:54.329854735+03:00[Europe/Moscow]
    area: 1
    numberOfRooms: 1
    timeToMetroOnFoot: 1.0
    timeToMetroByTransport: 1.0
    furnish: DESIGNER
House:
    name: 1
    year: 1
    numberOfFloors: 1
    numberOfLifts: 1

    ***    ***    ***

