May 15, 2023 3:27:23 AM managers.LogPrinter print
INFO: Client started running on [
May 15, 2023 3:27:23 AM managers.LogPrinter print
INFO: localhost
May 15, 2023 3:27:23 AM managers.LogPrinter print
INFO: ][
May 15, 2023 3:27:23 AM managers.LogPrinter print
INFO: 1234
May 15, 2023 3:27:23 AM managers.LogPrinter print
INFO: ]


May 15, 2023 3:27:23 AM managers.LogPrinter print
INFO: >>> 
May 15, 2023 3:27:25 AM managers.CommandExecutor run
INFO: /login
May 15, 2023 3:27:25 AM managers.LogPrinter print
INFO: Введите логин: 
May 15, 2023 3:27:27 AM managers.LogPrinter print
INFO: Введите пароль: 
May 15, 2023 3:27:28 AM managers.LogPrinter print
INFO: 
Wrong password for user Kuchizu
May 15, 2023 3:27:28 AM managers.LogPrinter println
INFO: 
Wrong password for user Kuchizu
May 15, 2023 3:27:28 AM managers.LogPrinter print
INFO: >>> 
May 15, 2023 3:27:33 AM managers.CommandExecutor run
INFO: /login
May 15, 2023 3:27:33 AM managers.LogPrinter print
INFO: Введите логин: 
May 15, 2023 3:27:41 AM managers.LogPrinter print
INFO: Введите пароль: 
May 15, 2023 3:27:44 AM managers.LogPrinter print
INFO: 
Wrong password for user Kuchizu
May 15, 2023 3:27:44 AM managers.LogPrinter println
INFO: 
Wrong password for user Kuchizu
May 15, 2023 3:27:44 AM managers.LogPrinter print
INFO: >>> 
May 15, 2023 3:27:45 AM managers.CommandExecutor run
INFO: /login
May 15, 2023 3:27:45 AM managers.LogPrinter print
INFO: Введите логин: 
May 15, 2023 3:27:47 AM managers.LogPrinter print
INFO: Введите пароль: 
May 15, 2023 3:27:47 AM managers.LogPrinter print
INFO: 
User with login 123 not found.
May 15, 2023 3:27:47 AM managers.LogPrinter println
INFO: 
User with login 123 not found.
May 15, 2023 3:27:47 AM managers.LogPrinter print
INFO: >>> 
May 15, 2023 3:27:53 AM managers.CommandExecutor run
INFO: /login
May 15, 2023 3:27:53 AM managers.LogPrinter print
INFO: Введите логин: 
May 15, 2023 3:27:55 AM managers.LogPrinter print
INFO: Введите пароль: 
May 15, 2023 3:27:58 AM managers.LogPrinter print
INFO: Успешная авторизация.
May 15, 2023 3:27:58 AM managers.LogPrinter println
INFO: Успешная авторизация.
May 15, 2023 3:27:58 AM managers.LogPrinter print
INFO: [
May 15, 2023 3:27:58 AM managers.LogPrinter print
INFO: Kuchizu
May 15, 2023 3:27:58 AM managers.LogPrinter print
INFO: ] >>> 
May 15, 2023 3:28:02 AM managers.CommandExecutor run
INFO: 
May 15, 2023 3:28:02 AM managers.LogPrinter print
INFO: [
May 15, 2023 3:28:02 AM managers.LogPrinter print
INFO: Kuchizu
May 15, 2023 3:28:02 AM managers.LogPrinter print
INFO: ] >>> 
May 15, 2023 3:28:03 AM managers.CommandExecutor run
INFO: 
May 15, 2023 3:28:03 AM managers.LogPrinter print
INFO: [
May 15, 2023 3:28:03 AM managers.LogPrinter print
INFO: Kuchizu
May 15, 2023 3:28:03 AM managers.LogPrinter print
INFO: ] >>> 
May 15, 2023 3:28:03 AM managers.CommandExecutor run
INFO: 
May 15, 2023 3:28:03 AM managers.LogPrinter print
INFO: [
May 15, 2023 3:28:03 AM managers.LogPrinter print
INFO: Kuchizu
May 15, 2023 3:28:03 AM managers.LogPrinter print
INFO: ] >>> 
May 15, 2023 3:28:06 AM managers.CommandExecutor run
INFO: /reg
May 15, 2023 3:28:06 AM managers.LogPrinter print
INFO: Регистрация нового пользователя
May 15, 2023 3:28:06 AM managers.LogPrinter println
INFO: Регистрация нового пользователя
May 15, 2023 3:28:06 AM managers.LogPrinter print
INFO: Введите логин: 
May 15, 2023 3:28:12 AM managers.LogPrinter print
INFO: Введите пароль: 
May 15, 2023 3:28:18 AM managers.LogPrinter print
INFO: Пользователь Zukuchi успешно зарегистрирован
May 15, 2023 3:28:18 AM managers.LogPrinter println
INFO: Пользователь Zukuchi успешно зарегистрирован
May 15, 2023 3:28:18 AM managers.LogPrinter print
INFO: [
May 15, 2023 3:28:18 AM managers.LogPrinter print
INFO: Zukuchi
May 15, 2023 3:28:18 AM managers.LogPrinter print
INFO: ] >>> 
May 15, 2023 3:28:25 AM managers.CommandExecutor run
INFO: /reg
May 15, 2023 3:28:25 AM managers.LogPrinter print
INFO: Регистрация нового пользователя
May 15, 2023 3:28:25 AM managers.LogPrinter println
INFO: Регистрация нового пользователя
May 15, 2023 3:28:25 AM managers.LogPrinter print
INFO: Введите логин: 
May 15, 2023 3:28:28 AM managers.LogPrinter print
INFO: Введите пароль: 
May 15, 2023 3:28:28 AM managers.LogPrinter print
INFO: 
Пользователь с логином Kuchizu уже существует.
May 15, 2023 3:28:28 AM managers.LogPrinter println
INFO: 
Пользователь с логином Kuchizu уже существует.
May 15, 2023 3:28:28 AM managers.LogPrinter print
INFO: [
May 15, 2023 3:28:28 AM managers.LogPrinter print
INFO: Zukuchi
May 15, 2023 3:28:28 AM managers.LogPrinter print
INFO: ] >>> 
May 15, 2023 3:28:31 AM managers.CommandExecutor run
INFO: /reg
May 15, 2023 3:28:31 AM managers.LogPrinter print
INFO: Регистрация нового пользователя
May 15, 2023 3:28:31 AM managers.LogPrinter println
INFO: Регистрация нового пользователя
May 15, 2023 3:28:31 AM managers.LogPrinter print
INFO: Введите логин: 
May 15, 2023 3:28:33 AM managers.LogPrinter print
INFO: Введите пароль: 
May 15, 2023 3:28:37 AM managers.LogPrinter print
INFO: 
Пользователь с логином Kuchizu уже существует.
May 15, 2023 3:28:37 AM managers.LogPrinter println
INFO: 
Пользователь с логином Kuchizu уже существует.
May 15, 2023 3:28:37 AM managers.LogPrinter print
INFO: [
May 15, 2023 3:28:37 AM managers.LogPrinter print
INFO: Zukuchi
May 15, 2023 3:28:37 AM managers.LogPrinter print
INFO: ] >>> 
May 15, 2023 3:28:38 AM managers.CommandExecutor run
INFO: /reg
May 15, 2023 3:28:38 AM managers.LogPrinter print
INFO: Регистрация нового пользователя
May 15, 2023 3:28:38 AM managers.LogPrinter println
INFO: Регистрация нового пользователя
May 15, 2023 3:28:38 AM managers.LogPrinter print
INFO: Введите логин: 
May 15, 2023 3:28:39 AM managers.LogPrinter print
INFO: Введите пароль: 
May 15, 2023 3:28:40 AM managers.LogPrinter print
INFO: Пользователь Kucihzu успешно зарегистрирован
May 15, 2023 3:28:40 AM managers.LogPrinter println
INFO: Пользователь Kucihzu успешно зарегистрирован
May 15, 2023 3:28:40 AM managers.LogPrinter print
INFO: [
May 15, 2023 3:28:40 AM managers.LogPrinter print
INFO: Kucihzu
May 15, 2023 3:28:40 AM managers.LogPrinter print
INFO: ] >>> 
May 15, 2023 3:29:12 AM managers.CommandExecutor run
INFO: 
May 15, 2023 3:29:12 AM managers.LogPrinter print
INFO: [
May 15, 2023 3:29:12 AM managers.LogPrinter print
INFO: Kucihzu
May 15, 2023 3:29:12 AM managers.LogPrinter print
INFO: ] >>> 
May 15, 2023 3:29:13 AM managers.CommandExecutor run
INFO: 
May 15, 2023 3:29:13 AM managers.LogPrinter print
INFO: [
May 15, 2023 3:29:13 AM managers.LogPrinter print
INFO: Kucihzu
May 15, 2023 3:29:13 AM managers.LogPrinter print
INFO: ] >>> 
May 15, 2023 3:29:13 AM managers.CommandExecutor run
INFO: 
May 15, 2023 3:29:13 AM managers.LogPrinter print
INFO: [
May 15, 2023 3:29:13 AM managers.LogPrinter print
INFO: Kucihzu
May 15, 2023 3:29:13 AM managers.LogPrinter print
INFO: ] >>> 
May 15, 2023 3:29:14 AM managers.CommandExecutor run
INFO: info
May 15, 2023 3:29:14 AM managers.LogPrinter print
INFO: 
Collection ArrayDeque
Size: 0 elements

May 15, 2023 3:29:14 AM managers.LogPrinter println
INFO: 
Collection ArrayDeque
Size: 0 elements

May 15, 2023 3:29:14 AM managers.LogPrinter print
INFO: [
May 15, 2023 3:29:14 AM managers.LogPrinter print
INFO: Kucihzu
May 15, 2023 3:29:14 AM managers.LogPrinter print
INFO: ] >>> 
May 15, 2023 3:29:17 AM managers.CommandExecutor run
INFO: help
May 15, 2023 3:29:17 AM managers.LogPrinter print
INFO: 
remove_head: Вывести первый элемент коллекции и удалить его
count_by_time_to_metro_on_foot timeToMetroOnFoot: Вывести количество элементов, значение поля timeToMetroOnFoot которых равно заданному
execute_script file_name: Cчитать и исполнить скрипт из указанного файла. В скрипте содержатся команды в таком же виде, в котором их вводит пользователь в интерактивном режиме.
show: Вывести в стандартный поток вывода все элементы коллекции в строковом представлении
clear: Очистить коллекцию
update id {element}: Обновить значение элемента коллекции, id которого равен заданному
remove_by_id id: Удалить элемент из коллекции по его id
remove_lower: Удалить из коллекции все элементы, меньшие, чем заданный
head: Вывести первый элемент коллекции
help: Вывести справку по доступным командам
exit: Завершить программу (без сохранения в файл)
print_descending: Вывести элементы коллекции в порядке убывания
average_of_time_to_metro_by_transport: Вывести среднее значение поля timeToMetroByTransport для всех элементов коллекции
info: Вывести в стандартный поток вывода информацию о коллекции (тип, дата инициализации, количество элементов и т.д.)

May 15, 2023 3:29:17 AM managers.LogPrinter println
INFO: 
remove_head: Вывести первый элемент коллекции и удалить его
count_by_time_to_metro_on_foot timeToMetroOnFoot: Вывести количество элементов, значение поля timeToMetroOnFoot которых равно заданному
execute_script file_name: Cчитать и исполнить скрипт из указанного файла. В скрипте содержатся команды в таком же виде, в котором их вводит пользователь в интерактивном режиме.
show: Вывести в стандартный поток вывода все элементы коллекции в строковом представлении
clear: Очистить коллекцию
update id {element}: Обновить значение элемента коллекции, id которого равен заданному
remove_by_id id: Удалить элемент из коллекции по его id
remove_lower: Удалить из коллекции все элементы, меньшие, чем заданный
head: Вывести первый элемент коллекции
help: Вывести справку по доступным командам
exit: Завершить программу (без сохранения в файл)
print_descending: Вывести элементы коллекции в порядке убывания
average_of_time_to_metro_by_transport: Вывести среднее значение поля timeToMetroByTransport для всех элементов коллекции
info: Вывести в стандартный поток вывода информацию о коллекции (тип, дата инициализации, количество элементов и т.д.)

May 15, 2023 3:29:17 AM managers.LogPrinter print
INFO: [
May 15, 2023 3:29:17 AM managers.LogPrinter print
INFO: Kucihzu
May 15, 2023 3:29:17 AM managers.LogPrinter print
INFO: ] >>> 
