May 17, 2023 2:33:42 PM managers.LogPrinter print
INFO: Client started running on [
May 17, 2023 2:33:42 PM managers.LogPrinter print
INFO: localhost
May 17, 2023 2:33:42 PM managers.LogPrinter print
INFO: ][
May 17, 2023 2:33:42 PM managers.LogPrinter print
INFO: 1234
May 17, 2023 2:33:42 PM managers.LogPrinter print
INFO: ]


May 17, 2023 2:33:42 PM managers.LogPrinter print
INFO: >>> 
May 17, 2023 2:33:46 PM managers.CommandExecutor run
INFO: /login
May 17, 2023 2:33:46 PM managers.LogPrinter print
INFO: Введите логин: 
May 17, 2023 2:33:47 PM managers.LogPrinter print
INFO: Введите пароль: 
May 17, 2023 2:33:48 PM managers.LogPrinter print
INFO: Успешная авторизация.
May 17, 2023 2:33:48 PM managers.LogPrinter println
INFO: Успешная авторизация.
May 17, 2023 2:33:48 PM managers.LogPrinter print
INFO: [
May 17, 2023 2:33:48 PM managers.LogPrinter print
INFO: Kuchizu
May 17, 2023 2:33:48 PM managers.LogPrinter print
INFO: ] >>> 
May 17, 2023 2:33:49 PM managers.CommandExecutor run
INFO: info
May 17, 2023 2:33:52 PM managers.LogPrinter print
INFO: 
Collection ArrayDeque
Size: 5 elements
CreationDate: 2023-05-15T07:04:30.682844+03:00[Europe/Moscow]
LastElementID: 52

May 17, 2023 2:33:52 PM managers.LogPrinter println
INFO: 
Collection ArrayDeque
Size: 5 elements
CreationDate: 2023-05-15T07:04:30.682844+03:00[Europe/Moscow]
LastElementID: 52

May 17, 2023 2:33:52 PM managers.LogPrinter print
INFO: [
May 17, 2023 2:33:52 PM managers.LogPrinter print
INFO: Kuchizu
May 17, 2023 2:33:52 PM managers.LogPrinter print
INFO: ] >>> 
May 17, 2023 2:33:52 PM managers.CommandExecutor run
INFO: 
May 17, 2023 2:33:52 PM managers.LogPrinter print
INFO: [
May 17, 2023 2:33:52 PM managers.LogPrinter print
INFO: Kuchizu
May 17, 2023 2:33:52 PM managers.LogPrinter print
INFO: ] >>> 
May 17, 2023 2:33:54 PM managers.CommandExecutor run
INFO: info
May 17, 2023 2:33:54 PM managers.LogPrinter print
INFO: 
Collection ArrayDeque
Size: 5 elements
CreationDate: 2023-05-15T07:04:30.682844+03:00[Europe/Moscow]
LastElementID: 52

May 17, 2023 2:33:54 PM managers.LogPrinter println
INFO: 
Collection ArrayDeque
Size: 5 elements
CreationDate: 2023-05-15T07:04:30.682844+03:00[Europe/Moscow]
LastElementID: 52

May 17, 2023 2:33:54 PM managers.LogPrinter print
INFO: [
May 17, 2023 2:33:54 PM managers.LogPrinter print
INFO: Kuchizu
May 17, 2023 2:33:54 PM managers.LogPrinter print
INFO: ] >>> 
May 17, 2023 2:33:55 PM managers.CommandExecutor run
INFO: info
May 17, 2023 2:33:55 PM managers.LogPrinter print
INFO: 
Collection ArrayDeque
Size: 5 elements
CreationDate: 2023-05-15T07:04:30.682844+03:00[Europe/Moscow]
LastElementID: 52

May 17, 2023 2:33:55 PM managers.LogPrinter println
INFO: 
Collection ArrayDeque
Size: 5 elements
CreationDate: 2023-05-15T07:04:30.682844+03:00[Europe/Moscow]
LastElementID: 52

May 17, 2023 2:33:55 PM managers.LogPrinter print
INFO: [
May 17, 2023 2:33:55 PM managers.LogPrinter print
INFO: Kuchizu
May 17, 2023 2:33:55 PM managers.LogPrinter print
INFO: ] >>> 
May 17, 2023 2:33:56 PM managers.CommandExecutor run
INFO: help
May 17, 2023 2:33:56 PM managers.LogPrinter print
INFO: 
remove_head: Вывести первый элемент коллекции и удалить его
add {element}: Добавить новый элемент в коллекцию
count_by_time_to_metro_on_foot timeToMetroOnFoot: Вывести количество элементов, значение поля timeToMetroOnFoot которых равно заданному
execute_script file_name: Cчитать и исполнить скрипт из указанного файла. В скрипте содержатся команды в таком же виде, в котором их вводит пользователь в интерактивном режиме.
show: Вывести в стандартный поток вывода все элементы коллекции в строковом представлении
clear: Очистить коллекцию
update id {element}: Обновить значение элемента коллекции, id которого равен заданному
remove_by_id id: Удалить элемент из коллекции по его id
remove_lower: Удалить из коллекции все элементы, меньшие, чем заданный
head: Вывести первый элемент коллекции
help: Вывести справку по доступным командам
exit: Завершить программу (без сохранения в файл)
print_descending: Вывести элементы коллекции в порядке убывания
average_of_time_to_metro_by_transport: Вывести среднее значение поля timeToMetroByTransport для всех элементов коллекции
info: Вывести в стандартный поток вывода информацию о коллекции (тип, дата инициализации, количество элементов и т.д.)

May 17, 2023 2:33:56 PM managers.LogPrinter println
INFO: 
remove_head: Вывести первый элемент коллекции и удалить его
add {element}: Добавить новый элемент в коллекцию
count_by_time_to_metro_on_foot timeToMetroOnFoot: Вывести количество элементов, значение поля timeToMetroOnFoot которых равно заданному
execute_script file_name: Cчитать и исполнить скрипт из указанного файла. В скрипте содержатся команды в таком же виде, в котором их вводит пользователь в интерактивном режиме.
show: Вывести в стандартный поток вывода все элементы коллекции в строковом представлении
clear: Очистить коллекцию
update id {element}: Обновить значение элемента коллекции, id которого равен заданному
remove_by_id id: Удалить элемент из коллекции по его id
remove_lower: Удалить из коллекции все элементы, меньшие, чем заданный
head: Вывести первый элемент коллекции
help: Вывести справку по доступным командам
exit: Завершить программу (без сохранения в файл)
print_descending: Вывести элементы коллекции в порядке убывания
average_of_time_to_metro_by_transport: Вывести среднее значение поля timeToMetroByTransport для всех элементов коллекции
info: Вывести в стандартный поток вывода информацию о коллекции (тип, дата инициализации, количество элементов и т.д.)

May 17, 2023 2:33:56 PM managers.LogPrinter print
INFO: [
May 17, 2023 2:33:56 PM managers.LogPrinter print
INFO: Kuchizu
May 17, 2023 2:33:56 PM managers.LogPrinter print
INFO: ] >>> 
May 17, 2023 2:33:59 PM managers.CommandExecutor run
INFO: execute_script 1234
May 17, 2023 2:33:59 PM managers.LogPrinter print
INFO: add 1 2 3 4 5 6 7 FINE 8 9 10 11
May 17, 2023 2:33:59 PM managers.LogPrinter print
INFO: : info :
May 17, 2023 2:33:59 PM managers.LogPrinter println
INFO: : info :
May 17, 2023 2:33:59 PM managers.LogPrinter print
INFO: : help :
May 17, 2023 2:33:59 PM managers.LogPrinter println
INFO: : help :
May 17, 2023 2:33:59 PM managers.LogPrinter print
INFO: add 1 2 3 4 5 2 7 FINE 1 9 10 11
May 17, 2023 2:33:59 PM managers.LogPrinter print
INFO: :  :
May 17, 2023 2:33:59 PM managers.LogPrinter println
INFO: :  :
