May 15, 2023 3:45:39 AM managers.LogPrinter print
INFO: Client started running on [
May 15, 2023 3:45:39 AM managers.LogPrinter print
INFO: localhost
May 15, 2023 3:45:39 AM managers.LogPrinter print
INFO: ][
May 15, 2023 3:45:39 AM managers.LogPrinter print
INFO: 1234
May 15, 2023 3:45:39 AM managers.LogPrinter print
INFO: ]


May 15, 2023 3:45:39 AM managers.LogPrinter print
INFO: >>> 
May 15, 2023 3:45:43 AM managers.CommandExecutor run
INFO: info
May 15, 2023 3:45:43 AM managers.LogPrinter print
INFO: Для использования команд войдите в систему (/login) или зарегистрируйтесь (/reg)
May 15, 2023 3:45:43 AM managers.LogPrinter println
INFO: Для использования команд войдите в систему (/login) или зарегистрируйтесь (/reg)
May 15, 2023 3:45:43 AM managers.LogPrinter print
INFO: >>> 
May 15, 2023 3:45:45 AM managers.CommandExecutor run
INFO: /login
May 15, 2023 3:45:45 AM managers.LogPrinter print
INFO: Введите логин: 
May 15, 2023 3:45:47 AM managers.LogPrinter print
INFO: Введите пароль: 
May 15, 2023 3:45:48 AM managers.LogPrinter print
INFO: Успешная авторизация.
May 15, 2023 3:45:48 AM managers.LogPrinter println
INFO: Успешная авторизация.
May 15, 2023 3:45:48 AM managers.LogPrinter print
INFO: [
May 15, 2023 3:45:48 AM managers.LogPrinter print
INFO: Kuchizu
May 15, 2023 3:45:48 AM managers.LogPrinter print
INFO: ] >>> 
May 15, 2023 3:45:49 AM managers.CommandExecutor run
INFO: help
