May 15, 2023 4:13:43 AM managers.LogPrinter print
INFO: Client started running on [
May 15, 2023 4:13:43 AM managers.LogPrinter print
INFO: localhost
May 15, 2023 4:13:43 AM managers.LogPrinter print
INFO: ][
May 15, 2023 4:13:43 AM managers.LogPrinter print
INFO: 1234
May 15, 2023 4:13:43 AM managers.LogPrinter print
INFO: ]


May 15, 2023 4:13:43 AM managers.LogPrinter print
INFO: >>> 
May 15, 2023 4:14:02 AM managers.CommandExecutor run
INFO: /login
May 15, 2023 4:14:02 AM managers.LogPrinter print
INFO: Введите логин: 
May 15, 2023 4:14:04 AM managers.LogPrinter print
INFO: Введите пароль: 
May 15, 2023 4:14:05 AM managers.LogPrinter print
INFO: Успешная авторизация.
May 15, 2023 4:14:05 AM managers.LogPrinter println
INFO: Успешная авторизация.
May 15, 2023 4:14:05 AM managers.LogPrinter print
INFO: [
May 15, 2023 4:14:05 AM managers.LogPrinter print
INFO: Kuchizu
May 15, 2023 4:14:05 AM managers.LogPrinter print
INFO: ] >>> 
May 15, 2023 4:14:07 AM managers.CommandExecutor run
INFO: show
May 15, 2023 4:14:07 AM managers.LogPrinter print
INFO: 
    ***    ***    ***

Flat №1
    name: 1
    coordinates: X: 1; Y: 1.0
    creationDate: 2023-05-15T03:58:42.179563+03:00[Europe/Moscow]
    area: 1
    numberOfRooms: 1
    timeToMetroOnFoot: 1.0
    timeToMetroByTransport: 1.0
    furnish: NONE
House:
    name: 1
    year: 1
    numberOfFloors: 1
    numberOfLifts: 1

    ***    ***    ***
    ***    ***    ***

Flat №2
    name: asfsad
    coordinates: X: 1; Y: 2133.0
    creationDate: 2023-05-15T04:06:54.860821+03:00[Europe/Moscow]
    area: 1111
    numberOfRooms: 1
    timeToMetroOnFoot: 1.1111
    timeToMetroByTransport: 123.33
    furnish: DESIGNER
House:
    name: HOUSE
    year: 123
    numberOfFloors: 333
    numberOfLifts: 123123

    ***    ***    ***
    ***    ***    ***

Flat №3
    name: 3
    coordinates: X: 3; Y: 3.0
    creationDate: 2023-05-15T04:11:16.425006+03:00[Europe/Moscow]
    area: 3
    numberOfRooms: 3
    timeToMetroOnFoot: 3.0
    timeToMetroByTransport: 3.0
    furnish: LITTLE
House:
    name: 3
    year: 3
    numberOfFloors: 3
    numberOfLifts: 3

    ***    ***    ***

May 15, 2023 4:14:07 AM managers.LogPrinter println
INFO: 
    ***    ***    ***

Flat №1
    name: 1
    coordinates: X: 1; Y: 1.0
    creationDate: 2023-05-15T03:58:42.179563+03:00[Europe/Moscow]
    area: 1
    numberOfRooms: 1
    timeToMetroOnFoot: 1.0
    timeToMetroByTransport: 1.0
    furnish: NONE
House:
    name: 1
    year: 1
    numberOfFloors: 1
    numberOfLifts: 1

    ***    ***    ***
    ***    ***    ***

Flat №2
    name: asfsad
    coordinates: X: 1; Y: 2133.0
    creationDate: 2023-05-15T04:06:54.860821+03:00[Europe/Moscow]
    area: 1111
    numberOfRooms: 1
    timeToMetroOnFoot: 1.1111
    timeToMetroByTransport: 123.33
    furnish: DESIGNER
House:
    name: HOUSE
    year: 123
    numberOfFloors: 333
    numberOfLifts: 123123

    ***    ***    ***
    ***    ***    ***

Flat №3
    name: 3
    coordinates: X: 3; Y: 3.0
    creationDate: 2023-05-15T04:11:16.425006+03:00[Europe/Moscow]
    area: 3
    numberOfRooms: 3
    timeToMetroOnFoot: 3.0
    timeToMetroByTransport: 3.0
    furnish: LITTLE
House:
    name: 3
    year: 3
    numberOfFloors: 3
    numberOfLifts: 3

    ***    ***    ***

May 15, 2023 4:14:07 AM managers.LogPrinter print
INFO: [
May 15, 2023 4:14:07 AM managers.LogPrinter print
INFO: Kuchizu
May 15, 2023 4:14:07 AM managers.LogPrinter print
INFO: ] >>> 
May 15, 2023 4:14:09 AM managers.CommandExecutor run
INFO: add
May 15, 2023 4:14:09 AM managers.LogPrinter print
INFO: Введите Name (String), /q для отмены:
May 15, 2023 4:14:09 AM managers.LogPrinter println
INFO: Введите Name (String), /q для отмены:
May 15, 2023 4:14:11 AM managers.LogPrinter print
INFO: Введите координаты x, y (Long, Double):
May 15, 2023 4:14:11 AM managers.LogPrinter println
INFO: Введите координаты x, y (Long, Double):
May 15, 2023 4:14:12 AM managers.LogPrinter print
INFO: Введите area (Integer): 
May 15, 2023 4:14:12 AM managers.LogPrinter println
INFO: Введите area (Integer): 
May 15, 2023 4:14:12 AM managers.LogPrinter print
INFO: Введите numberOfRooms (Integer):
May 15, 2023 4:14:12 AM managers.LogPrinter println
INFO: Введите numberOfRooms (Integer):
May 15, 2023 4:14:12 AM managers.LogPrinter print
INFO: Введите timeToMetroOnFoot (Float):
May 15, 2023 4:14:12 AM managers.LogPrinter println
INFO: Введите timeToMetroOnFoot (Float):
May 15, 2023 4:14:13 AM managers.LogPrinter print
INFO: Введите timeToMetroByTransport (Double):
May 15, 2023 4:14:13 AM managers.LogPrinter println
INFO: Введите timeToMetroByTransport (Double):
May 15, 2023 4:14:13 AM managers.LogPrinter print
INFO: Введите furnish (Enum [NONE, DESIGNER, FINE, LITTLE]):
May 15, 2023 4:14:13 AM managers.LogPrinter println
INFO: Введите furnish (Enum [NONE, DESIGNER, FINE, LITTLE]):
May 15, 2023 4:14:15 AM managers.LogPrinter print
INFO: Введите name of House (String):
May 15, 2023 4:14:15 AM managers.LogPrinter println
INFO: Введите name of House (String):
May 15, 2023 4:14:15 AM managers.LogPrinter print
INFO: Введите year of House (Long):
May 15, 2023 4:14:15 AM managers.LogPrinter println
INFO: Введите year of House (Long):
May 15, 2023 4:14:16 AM managers.LogPrinter print
INFO: Введите numberOfFloors of House (Long):
May 15, 2023 4:14:16 AM managers.LogPrinter println
INFO: Введите numberOfFloors of House (Long):
May 15, 2023 4:14:16 AM managers.LogPrinter print
INFO: Введите numberOfLifts of House (Int):
May 15, 2023 4:14:16 AM managers.LogPrinter println
INFO: Введите numberOfLifts of House (Int):
May 15, 2023 4:14:17 AM managers.LogPrinter print
INFO: 
Объект 4 добавлен в коллекцию.
May 15, 2023 4:14:17 AM managers.LogPrinter println
INFO: 
Объект 4 добавлен в коллекцию.
May 15, 2023 4:14:17 AM managers.LogPrinter print
INFO: [
May 15, 2023 4:14:17 AM managers.LogPrinter print
INFO: Kuchizu
May 15, 2023 4:14:17 AM managers.LogPrinter print
INFO: ] >>> 
May 15, 2023 4:14:20 AM managers.CommandExecutor run
INFO: info
May 15, 2023 4:14:20 AM managers.LogPrinter print
INFO: 
Collection ArrayDeque
Size: 4 elements
CreationDate: 2023-05-15T03:58:42.179563+03:00[Europe/Moscow]
LastElementID: 4

May 15, 2023 4:14:20 AM managers.LogPrinter println
INFO: 
Collection ArrayDeque
Size: 4 elements
CreationDate: 2023-05-15T03:58:42.179563+03:00[Europe/Moscow]
LastElementID: 4

May 15, 2023 4:14:20 AM managers.LogPrinter print
INFO: [
May 15, 2023 4:14:20 AM managers.LogPrinter print
INFO: Kuchizu
May 15, 2023 4:14:20 AM managers.LogPrinter print
INFO: ] >>> 
May 15, 2023 4:14:21 AM managers.CommandExecutor run
INFO: show
May 15, 2023 4:14:21 AM managers.LogPrinter print
INFO: 
    ***    ***    ***

Flat №1
    name: 1
    coordinates: X: 1; Y: 1.0
    creationDate: 2023-05-15T03:58:42.179563+03:00[Europe/Moscow]
    area: 1
    numberOfRooms: 1
    timeToMetroOnFoot: 1.0
    timeToMetroByTransport: 1.0
    furnish: NONE
House:
    name: 1
    year: 1
    numberOfFloors: 1
    numberOfLifts: 1

    ***    ***    ***
    ***    ***    ***

Flat №2
    name: asfsad
    coordinates: X: 1; Y: 2133.0
    creationDate: 2023-05-15T04:06:54.860821+03:00[Europe/Moscow]
    area: 1111
    numberOfRooms: 1
    timeToMetroOnFoot: 1.1111
    timeToMetroByTransport: 123.33
    furnish: DESIGNER
House:
    name: HOUSE
    year: 123
    numberOfFloors: 333
    numberOfLifts: 123123

    ***    ***    ***
    ***    ***    ***

Flat №3
    name: 3
    coordinates: X: 3; Y: 3.0
    creationDate: 2023-05-15T04:11:16.425006+03:00[Europe/Moscow]
    area: 3
    numberOfRooms: 3
    timeToMetroOnFoot: 3.0
    timeToMetroByTransport: 3.0
    furnish: LITTLE
House:
    name: 3
    year: 3
    numberOfFloors: 3
    numberOfLifts: 3

    ***    ***    ***
    ***    ***    ***

Flat №4
    name: 4
    coordinates: X: 4; Y: 4.0
    creationDate: 2023-05-15T04:14:17.472883490+03:00[Europe/Moscow]
    area: 4
    numberOfRooms: 4
    timeToMetroOnFoot: 4.0
    timeToMetroByTransport: 4.0
    furnish: LITTLE
House:
    name: 4
    year: 4
    numberOfFloors: 4
    numberOfLifts: 4

    ***    ***    ***

May 15, 2023 4:14:21 AM managers.LogPrinter println
INFO: 
    ***    ***    ***

Flat №1
    name: 1
    coordinates: X: 1; Y: 1.0
    creationDate: 2023-05-15T03:58:42.179563+03:00[Europe/Moscow]
    area: 1
    numberOfRooms: 1
    timeToMetroOnFoot: 1.0
    timeToMetroByTransport: 1.0
    furnish: NONE
House:
    name: 1
    year: 1
    numberOfFloors: 1
    numberOfLifts: 1

    ***    ***    ***
    ***    ***    ***

Flat №2
    name: asfsad
    coordinates: X: 1; Y: 2133.0
    creationDate: 2023-05-15T04:06:54.860821+03:00[Europe/Moscow]
    area: 1111
    numberOfRooms: 1
    timeToMetroOnFoot: 1.1111
    timeToMetroByTransport: 123.33
    furnish: DESIGNER
House:
    name: HOUSE
    year: 123
    numberOfFloors: 333
    numberOfLifts: 123123

    ***    ***    ***
    ***    ***    ***

Flat №3
    name: 3
    coordinates: X: 3; Y: 3.0
    creationDate: 2023-05-15T04:11:16.425006+03:00[Europe/Moscow]
    area: 3
    numberOfRooms: 3
    timeToMetroOnFoot: 3.0
    timeToMetroByTransport: 3.0
    furnish: LITTLE
House:
    name: 3
    year: 3
    numberOfFloors: 3
    numberOfLifts: 3

    ***    ***    ***
    ***    ***    ***

Flat №4
    name: 4
    coordinates: X: 4; Y: 4.0
    creationDate: 2023-05-15T04:14:17.472883490+03:00[Europe/Moscow]
    area: 4
    numberOfRooms: 4
    timeToMetroOnFoot: 4.0
    timeToMetroByTransport: 4.0
    furnish: LITTLE
House:
    name: 4
    year: 4
    numberOfFloors: 4
    numberOfLifts: 4

    ***    ***    ***

May 15, 2023 4:14:21 AM managers.LogPrinter print
INFO: [
May 15, 2023 4:14:21 AM managers.LogPrinter print
INFO: Kuchizu
May 15, 2023 4:14:21 AM managers.LogPrinter print
INFO: ] >>> 
May 15, 2023 4:14:51 AM managers.CommandExecutor run
INFO: help
May 15, 2023 4:14:51 AM managers.LogPrinter print
INFO: 
remove_head: Вывести первый элемент коллекции и удалить его
add {element}: Добавить новый элемент в коллекцию
count_by_time_to_metro_on_foot timeToMetroOnFoot: Вывести количество элементов, значение поля timeToMetroOnFoot которых равно заданному
execute_script file_name: Cчитать и исполнить скрипт из указанного файла. В скрипте содержатся команды в таком же виде, в котором их вводит пользователь в интерактивном режиме.
show: Вывести в стандартный поток вывода все элементы коллекции в строковом представлении
clear: Очистить коллекцию
update id {element}: Обновить значение элемента коллекции, id которого равен заданному
remove_by_id id: Удалить элемент из коллекции по его id
remove_lower: Удалить из коллекции все элементы, меньшие, чем заданный
head: Вывести первый элемент коллекции
help: Вывести справку по доступным командам
exit: Завершить программу (без сохранения в файл)
print_descending: Вывести элементы коллекции в порядке убывания
average_of_time_to_metro_by_transport: Вывести среднее значение поля timeToMetroByTransport для всех элементов коллекции
info: Вывести в стандартный поток вывода информацию о коллекции (тип, дата инициализации, количество элементов и т.д.)

May 15, 2023 4:14:51 AM managers.LogPrinter println
INFO: 
remove_head: Вывести первый элемент коллекции и удалить его
add {element}: Добавить новый элемент в коллекцию
count_by_time_to_metro_on_foot timeToMetroOnFoot: Вывести количество элементов, значение поля timeToMetroOnFoot которых равно заданному
execute_script file_name: Cчитать и исполнить скрипт из указанного файла. В скрипте содержатся команды в таком же виде, в котором их вводит пользователь в интерактивном режиме.
show: Вывести в стандартный поток вывода все элементы коллекции в строковом представлении
clear: Очистить коллекцию
update id {element}: Обновить значение элемента коллекции, id которого равен заданному
remove_by_id id: Удалить элемент из коллекции по его id
remove_lower: Удалить из коллекции все элементы, меньшие, чем заданный
head: Вывести первый элемент коллекции
help: Вывести справку по доступным командам
exit: Завершить программу (без сохранения в файл)
print_descending: Вывести элементы коллекции в порядке убывания
average_of_time_to_metro_by_transport: Вывести среднее значение поля timeToMetroByTransport для всех элементов коллекции
info: Вывести в стандартный поток вывода информацию о коллекции (тип, дата инициализации, количество элементов и т.д.)

May 15, 2023 4:14:51 AM managers.LogPrinter print
INFO: [
May 15, 2023 4:14:51 AM managers.LogPrinter print
INFO: Kuchizu
May 15, 2023 4:14:51 AM managers.LogPrinter print
INFO: ] >>> 
