May 15, 2023 1:06:51 AM managers.LogPrinter print
INFO: Client started running on [
May 15, 2023 1:06:51 AM managers.LogPrinter print
INFO: localhost
May 15, 2023 1:06:51 AM managers.LogPrinter print
INFO: ][
May 15, 2023 1:06:51 AM managers.LogPrinter print
INFO: 1234
May 15, 2023 1:06:51 AM managers.LogPrinter print
INFO: ]


May 15, 2023 1:06:51 AM managers.LogPrinter print
INFO: >>> 
May 15, 2023 1:06:53 AM managers.CommandExecutor run
INFO: info
May 15, 2023 1:06:53 AM managers.LogPrinter print
INFO: 
Collection ArrayDeque
Size: 1 elements
CreationDate: 2023-05-14T18:52:14.622322+03:00[Europe/Moscow]
LastElementID: 3

May 15, 2023 1:06:53 AM managers.LogPrinter println
INFO: 
Collection ArrayDeque
Size: 1 elements
CreationDate: 2023-05-14T18:52:14.622322+03:00[Europe/Moscow]
LastElementID: 3

May 15, 2023 1:06:53 AM managers.LogPrinter print
INFO: >>> 
May 15, 2023 1:07:03 AM managers.CommandExecutor run
INFO: add
May 15, 2023 1:07:03 AM managers.LogPrinter print
INFO: Введите Name (String), /q для отмены:
May 15, 2023 1:07:03 AM managers.LogPrinter println
INFO: Введите Name (String), /q для отмены:
May 15, 2023 1:07:05 AM managers.LogPrinter print
INFO: Введите координаты x, y (Long, Double):
May 15, 2023 1:07:05 AM managers.LogPrinter println
INFO: Введите координаты x, y (Long, Double):
May 15, 2023 1:07:07 AM managers.LogPrinter print
INFO: Введите area (Integer): 
May 15, 2023 1:07:07 AM managers.LogPrinter println
INFO: Введите area (Integer): 
May 15, 2023 1:07:08 AM managers.LogPrinter print
INFO: Введите numberOfRooms (Integer):
May 15, 2023 1:07:08 AM managers.LogPrinter println
INFO: Введите numberOfRooms (Integer):
May 15, 2023 1:07:08 AM managers.LogPrinter print
INFO: Введите timeToMetroOnFoot (Float):
May 15, 2023 1:07:08 AM managers.LogPrinter println
INFO: Введите timeToMetroOnFoot (Float):
May 15, 2023 1:07:09 AM managers.LogPrinter print
INFO: Введите timeToMetroByTransport (Double):
May 15, 2023 1:07:09 AM managers.LogPrinter println
INFO: Введите timeToMetroByTransport (Double):
May 15, 2023 1:07:10 AM managers.LogPrinter print
INFO: Введите furnish (Enum [NONE, DESIGNER, FINE, LITTLE]):
May 15, 2023 1:07:10 AM managers.LogPrinter println
INFO: Введите furnish (Enum [NONE, DESIGNER, FINE, LITTLE]):
May 15, 2023 1:07:13 AM managers.LogPrinter print
INFO: Введите name of House (String):
May 15, 2023 1:07:13 AM managers.LogPrinter println
INFO: Введите name of House (String):
May 15, 2023 1:07:14 AM managers.LogPrinter print
INFO: Введите year of House (Long):
May 15, 2023 1:07:14 AM managers.LogPrinter println
INFO: Введите year of House (Long):
May 15, 2023 1:07:15 AM managers.LogPrinter print
INFO: Введите numberOfFloors of House (Long):
May 15, 2023 1:07:15 AM managers.LogPrinter println
INFO: Введите numberOfFloors of House (Long):
May 15, 2023 1:07:16 AM managers.LogPrinter print
INFO: Введите numberOfLifts of House (Int):
May 15, 2023 1:07:16 AM managers.LogPrinter println
INFO: Введите numberOfLifts of House (Int):
May 15, 2023 1:07:17 AM managers.LogPrinter print
INFO:     ***    ***    ***
Flat №1390178198
    name: 1
    coordinates: X: 1; Y: 2.0
    creationDate: 2023-05-15T01:07:17.696919465+03:00[Europe/Moscow]
    area: 1
    numberOfRooms: 1
    timeToMetroOnFoot: 1.0
    timeToMetroByTransport: 1.0
    furnish: LITTLE
House:
    name: 1
    year: 1
    numberOfFloors: 1
    numberOfLifts: 1

    ***    ***    ***

May 15, 2023 1:07:20 AM managers.CommandExecutor run
INFO: 
May 15, 2023 1:07:20 AM managers.LogPrinter print
INFO: >>> 
