May 15, 2023 3:26:21 AM managers.LogPrinter print
INFO: Client started running on [
May 15, 2023 3:26:21 AM managers.LogPrinter print
INFO: localhost
May 15, 2023 3:26:21 AM managers.LogPrinter print
INFO: ][
May 15, 2023 3:26:21 AM managers.LogPrinter print
INFO: 1234
May 15, 2023 3:26:21 AM managers.LogPrinter print
INFO: ]


May 15, 2023 3:26:21 AM managers.LogPrinter print
INFO: >>> 
May 15, 2023 3:26:22 AM managers.CommandExecutor run
INFO: /reg
May 15, 2023 3:26:22 AM managers.LogPrinter print
INFO: Регистрация нового пользователя
May 15, 2023 3:26:22 AM managers.LogPrinter println
INFO: Регистрация нового пользователя
May 15, 2023 3:26:22 AM managers.LogPrinter print
INFO: Введите логин: 
