May 15, 2023 3:46:41 AM managers.LogPrinter print
INFO: Client started running on [
May 15, 2023 3:46:41 AM managers.LogPrinter print
INFO: localhost
May 15, 2023 3:46:41 AM managers.LogPrinter print
INFO: ][
May 15, 2023 3:46:41 AM managers.LogPrinter print
INFO: 1234
May 15, 2023 3:46:41 AM managers.LogPrinter print
INFO: ]


May 15, 2023 3:46:41 AM managers.LogPrinter print
INFO: >>> 
May 15, 2023 3:46:45 AM managers.CommandExecutor run
INFO: /lgin
May 15, 2023 3:46:45 AM managers.LogPrinter print
INFO: Неизвестная команда
May 15, 2023 3:46:45 AM managers.LogPrinter println
INFO: Неизвестная команда
May 15, 2023 3:46:45 AM managers.LogPrinter print
INFO: >>> 
May 15, 2023 3:46:53 AM managers.CommandExecutor run
INFO: /login
May 15, 2023 3:46:53 AM managers.LogPrinter print
INFO: Введите логин: 
May 15, 2023 3:46:55 AM managers.LogPrinter print
INFO: Введите пароль: 
May 15, 2023 3:46:56 AM managers.LogPrinter print
INFO: Успешная авторизация.
May 15, 2023 3:46:56 AM managers.LogPrinter println
INFO: Успешная авторизация.
May 15, 2023 3:46:56 AM managers.LogPrinter print
INFO: [
May 15, 2023 3:46:56 AM managers.LogPrinter print
INFO: Kuchizu
May 15, 2023 3:46:56 AM managers.LogPrinter print
INFO: ] >>> 
May 15, 2023 3:46:58 AM managers.CommandExecutor run
INFO: info
May 15, 2023 3:46:58 AM managers.LogPrinter print
INFO: 
Collection ArrayDeque
Size: 2 elements
CreationDate: 2023-05-15T03:37:37.485313+03:00[Europe/Moscow]
LastElementID: 4

May 15, 2023 3:46:58 AM managers.LogPrinter println
INFO: 
Collection ArrayDeque
Size: 2 elements
CreationDate: 2023-05-15T03:37:37.485313+03:00[Europe/Moscow]
LastElementID: 4

May 15, 2023 3:46:58 AM managers.LogPrinter print
INFO: [
May 15, 2023 3:46:58 AM managers.LogPrinter print
INFO: Kuchizu
May 15, 2023 3:46:58 AM managers.LogPrinter print
INFO: ] >>> 
May 15, 2023 3:47:01 AM managers.CommandExecutor run
INFO: help
