May 15, 2023 3:48:53 AM managers.LogPrinter print
INFO: Client started running on [
May 15, 2023 3:48:53 AM managers.LogPrinter print
INFO: localhost
May 15, 2023 3:48:53 AM managers.LogPrinter print
INFO: ][
May 15, 2023 3:48:53 AM managers.LogPrinter print
INFO: 1234
May 15, 2023 3:48:53 AM managers.LogPrinter print
INFO: ]


May 15, 2023 3:48:53 AM managers.LogPrinter print
INFO: >>> 
May 15, 2023 3:49:01 AM managers.CommandExecutor run
INFO: /login
May 15, 2023 3:49:01 AM managers.LogPrinter print
INFO: Введите логин: 
May 15, 2023 3:49:04 AM managers.LogPrinter print
INFO: Введите пароль: 
May 15, 2023 3:49:05 AM managers.LogPrinter print
INFO: Успешная авторизация.
May 15, 2023 3:49:05 AM managers.LogPrinter println
INFO: Успешная авторизация.
May 15, 2023 3:49:05 AM managers.LogPrinter print
INFO: [
May 15, 2023 3:49:05 AM managers.LogPrinter print
INFO: Kuchizu
May 15, 2023 3:49:05 AM managers.LogPrinter print
INFO: ] >>> 
May 15, 2023 3:49:11 AM managers.CommandExecutor run
INFO: help
