May 17, 2023 2:20:48 PM managers.LogPrinter print
INFO: Client started running on [
May 17, 2023 2:20:48 PM managers.LogPrinter print
INFO: localhost
May 17, 2023 2:20:48 PM managers.LogPrinter print
INFO: ][
May 17, 2023 2:20:48 PM managers.LogPrinter print
INFO: 1234
May 17, 2023 2:20:48 PM managers.LogPrinter print
INFO: ]


May 17, 2023 2:20:48 PM managers.LogPrinter print
INFO: >>> 
May 17, 2023 2:20:54 PM managers.CommandExecutor run
INFO: /login
May 17, 2023 2:20:54 PM managers.LogPrinter print
INFO: Введите логин: 
May 17, 2023 2:20:55 PM managers.LogPrinter print
INFO: Введите пароль: 
May 17, 2023 2:20:56 PM managers.LogPrinter print
INFO: Успешная авторизация.
May 17, 2023 2:20:56 PM managers.LogPrinter println
INFO: Успешная авторизация.
May 17, 2023 2:20:56 PM managers.LogPrinter print
INFO: [
May 17, 2023 2:20:56 PM managers.LogPrinter print
INFO: Kuchizu
May 17, 2023 2:20:56 PM managers.LogPrinter print
INFO: ] >>> 
May 17, 2023 2:20:59 PM managers.CommandExecutor run
INFO: execute_script 1234
May 17, 2023 2:20:59 PM managers.LogPrinter print
INFO: add 1 2 3 4 5 6 7 FINE 8 9 10 11
May 17, 2023 2:20:59 PM managers.LogPrinter print
INFO: : info :
May 17, 2023 2:20:59 PM managers.LogPrinter println
INFO: : info :
May 17, 2023 2:20:59 PM managers.LogPrinter print
INFO: : help :
May 17, 2023 2:20:59 PM managers.LogPrinter println
INFO: : help :
May 17, 2023 2:20:59 PM managers.LogPrinter print
INFO: add 1 2 3 4 5 2 7 FINE 1 9 10 11
May 17, 2023 2:20:59 PM managers.LogPrinter print
INFO: :  :
May 17, 2023 2:20:59 PM managers.LogPrinter println
INFO: :  :
May 17, 2023 2:20:59 PM managers.LogPrinter print
INFO: Успешная авторизация.
May 17, 2023 2:20:59 PM managers.LogPrinter println
INFO: Успешная авторизация.
May 17, 2023 2:20:59 PM managers.LogPrinter print
INFO: [
May 17, 2023 2:20:59 PM managers.LogPrinter print
INFO: Kuchizu
May 17, 2023 2:20:59 PM managers.LogPrinter print
INFO: ] >>> 
May 17, 2023 2:21:16 PM managers.CommandExecutor run
INFO: info
May 17, 2023 2:21:16 PM managers.LogPrinter print
INFO: Успешная авторизация.
May 17, 2023 2:21:16 PM managers.LogPrinter println
INFO: Успешная авторизация.
May 17, 2023 2:21:16 PM managers.LogPrinter print
INFO: [
May 17, 2023 2:21:16 PM managers.LogPrinter print
INFO: Kuchizu
May 17, 2023 2:21:16 PM managers.LogPrinter print
INFO: ] >>> 
May 17, 2023 2:21:18 PM managers.CommandExecutor run
INFO: info
May 17, 2023 2:21:18 PM managers.LogPrinter print
INFO: Неизвестная команда: 1234

May 17, 2023 2:21:18 PM managers.LogPrinter println
INFO: Неизвестная команда: 1234

May 17, 2023 2:21:18 PM managers.LogPrinter print
INFO: [
May 17, 2023 2:21:18 PM managers.LogPrinter print
INFO: Kuchizu
May 17, 2023 2:21:18 PM managers.LogPrinter print
INFO: ] >>> 
May 17, 2023 2:21:20 PM managers.CommandExecutor run
INFO: info
May 17, 2023 2:21:20 PM managers.LogPrinter print
INFO: 
Collection ArrayDeque
Size: 5 elements
CreationDate: 2023-05-15T07:04:30.682844+03:00[Europe/Moscow]
LastElementID: 52

May 17, 2023 2:21:20 PM managers.LogPrinter println
INFO: 
Collection ArrayDeque
Size: 5 elements
CreationDate: 2023-05-15T07:04:30.682844+03:00[Europe/Moscow]
LastElementID: 52

May 17, 2023 2:21:20 PM managers.LogPrinter print
INFO: [
May 17, 2023 2:21:20 PM managers.LogPrinter print
INFO: Kuchizu
May 17, 2023 2:21:20 PM managers.LogPrinter print
INFO: ] >>> 
May 17, 2023 2:21:31 PM managers.CommandExecutor run
INFO: info
May 17, 2023 2:21:31 PM managers.LogPrinter print
INFO: 
Collection ArrayDeque
Size: 5 elements
CreationDate: 2023-05-15T07:04:30.682844+03:00[Europe/Moscow]
LastElementID: 52

May 17, 2023 2:21:31 PM managers.LogPrinter println
INFO: 
Collection ArrayDeque
Size: 5 elements
CreationDate: 2023-05-15T07:04:30.682844+03:00[Europe/Moscow]
LastElementID: 52

May 17, 2023 2:21:31 PM managers.LogPrinter print
INFO: [
May 17, 2023 2:21:31 PM managers.LogPrinter print
INFO: Kuchizu
May 17, 2023 2:21:31 PM managers.LogPrinter print
INFO: ] >>> 
May 17, 2023 2:21:35 PM managers.CommandExecutor run
INFO: execute_script 1234
May 17, 2023 2:21:35 PM managers.LogPrinter print
INFO: add 1 2 3 4 5 6 7 FINE 8 9 10 11
May 17, 2023 2:21:35 PM managers.LogPrinter print
INFO: : info :
May 17, 2023 2:21:35 PM managers.LogPrinter println
INFO: : info :
May 17, 2023 2:21:35 PM managers.LogPrinter print
INFO: : help :
May 17, 2023 2:21:35 PM managers.LogPrinter println
INFO: : help :
May 17, 2023 2:21:35 PM managers.LogPrinter print
INFO: add 1 2 3 4 5 2 7 FINE 1 9 10 11
May 17, 2023 2:21:35 PM managers.LogPrinter print
INFO: :  :
May 17, 2023 2:21:35 PM managers.LogPrinter println
INFO: :  :
May 17, 2023 2:21:35 PM managers.LogPrinter print
INFO: 
Collection ArrayDeque
Size: 5 elements
CreationDate: 2023-05-15T07:04:30.682844+03:00[Europe/Moscow]
LastElementID: 52

May 17, 2023 2:21:35 PM managers.LogPrinter println
INFO: 
Collection ArrayDeque
Size: 5 elements
CreationDate: 2023-05-15T07:04:30.682844+03:00[Europe/Moscow]
LastElementID: 52

May 17, 2023 2:21:35 PM managers.LogPrinter print
INFO: [
May 17, 2023 2:21:35 PM managers.LogPrinter print
INFO: Kuchizu
May 17, 2023 2:21:35 PM managers.LogPrinter print
INFO: ] >>> 
May 17, 2023 2:21:40 PM managers.CommandExecutor run
INFO: info
May 17, 2023 2:21:40 PM managers.LogPrinter print
INFO: 
Collection ArrayDeque
Size: 5 elements
CreationDate: 2023-05-15T07:04:30.682844+03:00[Europe/Moscow]
LastElementID: 52

May 17, 2023 2:21:40 PM managers.LogPrinter println
INFO: 
Collection ArrayDeque
Size: 5 elements
CreationDate: 2023-05-15T07:04:30.682844+03:00[Europe/Moscow]
LastElementID: 52

May 17, 2023 2:21:40 PM managers.LogPrinter print
INFO: [
May 17, 2023 2:21:40 PM managers.LogPrinter print
INFO: Kuchizu
May 17, 2023 2:21:40 PM managers.LogPrinter print
INFO: ] >>> 
May 17, 2023 2:22:26 PM managers.CommandExecutor run
INFO: execute_script 1234
May 17, 2023 2:22:26 PM managers.LogPrinter print
INFO: add 1 2 3 4 5 6 7 FINE 8 9 10 11
May 17, 2023 2:22:26 PM managers.LogPrinter print
INFO: : info :
May 17, 2023 2:22:26 PM managers.LogPrinter println
INFO: : info :
May 17, 2023 2:22:26 PM managers.LogPrinter print
INFO: : help :
May 17, 2023 2:22:26 PM managers.LogPrinter println
INFO: : help :
May 17, 2023 2:22:26 PM managers.LogPrinter print
INFO: add 1 2 3 4 5 2 7 FINE 1 9 10 11
May 17, 2023 2:22:26 PM managers.LogPrinter print
INFO: :  :
May 17, 2023 2:22:26 PM managers.LogPrinter println
INFO: :  :
May 17, 2023 2:22:26 PM managers.LogPrinter print
INFO: 
Collection ArrayDeque
Size: 5 elements
CreationDate: 2023-05-15T07:04:30.682844+03:00[Europe/Moscow]
LastElementID: 52

May 17, 2023 2:22:26 PM managers.LogPrinter println
INFO: 
Collection ArrayDeque
Size: 5 elements
CreationDate: 2023-05-15T07:04:30.682844+03:00[Europe/Moscow]
LastElementID: 52

May 17, 2023 2:22:26 PM managers.LogPrinter print
INFO: [
May 17, 2023 2:22:26 PM managers.LogPrinter print
INFO: Kuchizu
May 17, 2023 2:22:26 PM managers.LogPrinter print
INFO: ] >>> 
May 17, 2023 2:24:20 PM managers.CommandExecutor run
INFO: info
May 17, 2023 2:24:20 PM managers.LogPrinter print
INFO: 
Collection ArrayDeque
Size: 5 elements
CreationDate: 2023-05-15T07:04:30.682844+03:00[Europe/Moscow]
LastElementID: 52

May 17, 2023 2:24:20 PM managers.LogPrinter println
INFO: 
Collection ArrayDeque
Size: 5 elements
CreationDate: 2023-05-15T07:04:30.682844+03:00[Europe/Moscow]
LastElementID: 52

May 17, 2023 2:24:20 PM managers.LogPrinter print
INFO: [
May 17, 2023 2:24:20 PM managers.LogPrinter print
INFO: Kuchizu
May 17, 2023 2:24:20 PM managers.LogPrinter print
INFO: ] >>> 
