May 26, 2023 12:53:36 AM managers.LogPrinter print
INFO: [
May 26, 2023 12:53:36 AM managers.LogPrinter print
INFO: /127.0.0.1
May 26, 2023 12:53:36 AM managers.LogPrinter print
INFO: ][
May 26, 2023 12:53:36 AM managers.LogPrinter print
INFO: 37403
May 26, 2023 12:53:36 AM managers.LogPrinter print
INFO: ]: [Connected]

May 26, 2023 12:53:36 AM managers.LogPrinter print
INFO: [
May 26, 2023 12:53:36 AM managers.LogPrinter print
INFO: /127.0.0.1
May 26, 2023 12:53:36 AM managers.LogPrinter print
INFO: ][
May 26, 2023 12:53:36 AM managers.LogPrinter print
INFO: 37403
May 26, 2023 12:53:36 AM managers.LogPrinter print
INFO: ]: Got message:

May 26, 2023 12:53:36 AM managers.LogPrinter print
INFO: InfoPacket{cmd = 'connectme', arg = 'null', login = 'null', password = 'null'}
May 26, 2023 12:53:36 AM managers.LogPrinter print
INFO: 

May 26, 2023 12:53:36 AM managers.LogPrinter print
INFO: [
May 26, 2023 12:53:36 AM managers.LogPrinter print
INFO: /127.0.0.1
May 26, 2023 12:53:36 AM managers.LogPrinter print
INFO: ][
May 26, 2023 12:53:36 AM managers.LogPrinter print
INFO: 37403
May 26, 2023 12:53:36 AM managers.LogPrinter print
INFO: ]: [Connected]

May 26, 2023 12:53:36 AM managers.LogPrinter print
INFO: [
May 26, 2023 12:53:36 AM managers.LogPrinter print
INFO: /127.0.0.1
May 26, 2023 12:53:36 AM managers.LogPrinter print
INFO: ][
May 26, 2023 12:53:36 AM managers.LogPrinter print
INFO: 37403
May 26, 2023 12:53:36 AM managers.LogPrinter print
INFO: ]: Got message:

May 26, 2023 12:53:36 AM managers.LogPrinter print
INFO: InfoPacket{cmd = 'connectme', arg = 'null', login = 'null', password = 'null'}
May 26, 2023 12:53:36 AM managers.LogPrinter print
INFO: 

May 26, 2023 12:53:44 AM managers.LogPrinter print
INFO: [
May 26, 2023 12:53:44 AM managers.LogPrinter print
INFO: /127.0.0.1
May 26, 2023 12:53:44 AM managers.LogPrinter print
INFO: ][
May 26, 2023 12:53:44 AM managers.LogPrinter print
INFO: 37403
May 26, 2023 12:53:44 AM managers.LogPrinter print
INFO: ]: Got message:

May 26, 2023 12:53:44 AM managers.LogPrinter print
INFO: InfoPacket{cmd = '/login', arg = 'null', login = 'Kuchizu', password = 'kometa'}
May 26, 2023 12:53:44 AM managers.LogPrinter print
INFO: 

May 26, 2023 12:53:44 AM managers.LogPrinter print
INFO: [
May 26, 2023 12:53:44 AM managers.LogPrinter print
INFO: /127.0.0.1
May 26, 2023 12:53:44 AM managers.LogPrinter print
INFO: ][
May 26, 2023 12:53:44 AM managers.LogPrinter print
INFO: 37403
May 26, 2023 12:53:44 AM managers.LogPrinter print
INFO: ]: Sent response.


May 26, 2023 12:53:44 AM managers.LogPrinter print
INFO: [
May 26, 2023 12:53:44 AM managers.LogPrinter print
INFO: /127.0.0.1
May 26, 2023 12:53:44 AM managers.LogPrinter print
INFO: ][
May 26, 2023 12:53:44 AM managers.LogPrinter print
INFO: 37403
May 26, 2023 12:53:44 AM managers.LogPrinter print
INFO: ]: Got message:

May 26, 2023 12:53:44 AM managers.LogPrinter print
INFO: InfoPacket{cmd = '/getDB', arg = 'null', login = 'Kuchizu', password = 'kometa'}
May 26, 2023 12:53:44 AM managers.LogPrinter print
INFO: 

