May 26, 2023 12:54:25 AM managers.LogPrinter print
INFO: [
May 26, 2023 12:54:25 AM managers.LogPrinter print
INFO: /127.0.0.1
May 26, 2023 12:54:25 AM managers.LogPrinter print
INFO: ][
May 26, 2023 12:54:25 AM managers.LogPrinter print
INFO: 57999
May 26, 2023 12:54:25 AM managers.LogPrinter print
INFO: ]: [Connected]

May 26, 2023 12:54:25 AM managers.LogPrinter print
INFO: [
May 26, 2023 12:54:25 AM managers.LogPrinter print
INFO: /127.0.0.1
May 26, 2023 12:54:25 AM managers.LogPrinter print
INFO: ][
May 26, 2023 12:54:25 AM managers.LogPrinter print
INFO: 57999
May 26, 2023 12:54:25 AM managers.LogPrinter print
INFO: ]: Got message:

May 26, 2023 12:54:25 AM managers.LogPrinter print
INFO: InfoPacket{cmd = 'connectme', arg = 'null', login = 'null', password = 'null'}
May 26, 2023 12:54:25 AM managers.LogPrinter print
INFO: 

May 26, 2023 12:54:25 AM managers.LogPrinter print
INFO: [
May 26, 2023 12:54:25 AM managers.LogPrinter print
INFO: /127.0.0.1
May 26, 2023 12:54:25 AM managers.LogPrinter print
INFO: ][
May 26, 2023 12:54:25 AM managers.LogPrinter print
INFO: 57999
May 26, 2023 12:54:25 AM managers.LogPrinter print
INFO: ]: [Connected]

May 26, 2023 12:54:25 AM managers.LogPrinter print
INFO: [
May 26, 2023 12:54:25 AM managers.LogPrinter print
INFO: /127.0.0.1
May 26, 2023 12:54:25 AM managers.LogPrinter print
INFO: ][
May 26, 2023 12:54:25 AM managers.LogPrinter print
INFO: 57999
May 26, 2023 12:54:25 AM managers.LogPrinter print
INFO: ]: Got message:

May 26, 2023 12:54:25 AM managers.LogPrinter print
INFO: InfoPacket{cmd = 'connectme', arg = 'null', login = 'null', password = 'null'}
May 26, 2023 12:54:25 AM managers.LogPrinter print
INFO: 

May 26, 2023 12:54:31 AM managers.LogPrinter print
INFO: [
May 26, 2023 12:54:31 AM managers.LogPrinter print
INFO: /127.0.0.1
May 26, 2023 12:54:31 AM managers.LogPrinter print
INFO: ][
May 26, 2023 12:54:31 AM managers.LogPrinter print
INFO: 57999
May 26, 2023 12:54:31 AM managers.LogPrinter print
INFO: ]: Got message:

May 26, 2023 12:54:31 AM managers.LogPrinter print
INFO: InfoPacket{cmd = '/login', arg = 'null', login = 'Kuchizu', password = 'kometa'}
May 26, 2023 12:54:31 AM managers.LogPrinter print
INFO: 

May 26, 2023 12:54:31 AM managers.LogPrinter print
INFO: [
May 26, 2023 12:54:31 AM managers.LogPrinter print
INFO: /127.0.0.1
May 26, 2023 12:54:31 AM managers.LogPrinter print
INFO: ][
May 26, 2023 12:54:31 AM managers.LogPrinter print
INFO: 57999
May 26, 2023 12:54:31 AM managers.LogPrinter print
INFO: ]: Sent response.


May 26, 2023 12:54:31 AM managers.LogPrinter print
INFO: [
May 26, 2023 12:54:31 AM managers.LogPrinter print
INFO: /127.0.0.1
May 26, 2023 12:54:31 AM managers.LogPrinter print
INFO: ][
May 26, 2023 12:54:31 AM managers.LogPrinter print
INFO: 57999
May 26, 2023 12:54:31 AM managers.LogPrinter print
INFO: ]: Got message:

May 26, 2023 12:54:31 AM managers.LogPrinter print
INFO: InfoPacket{cmd = '/getDB', arg = 'null', login = 'Kuchizu', password = 'kometa'}
May 26, 2023 12:54:31 AM managers.LogPrinter print
INFO: 

May 26, 2023 12:54:57 AM managers.LogPrinter print
INFO: [
May 26, 2023 12:54:57 AM managers.LogPrinter print
INFO: /127.0.0.1
May 26, 2023 12:54:57 AM managers.LogPrinter print
INFO: ][
May 26, 2023 12:54:57 AM managers.LogPrinter print
INFO: 34593
May 26, 2023 12:54:57 AM managers.LogPrinter print
INFO: ]: [Connected]

May 26, 2023 12:54:57 AM managers.LogPrinter print
INFO: [
May 26, 2023 12:54:57 AM managers.LogPrinter print
INFO: /127.0.0.1
May 26, 2023 12:54:57 AM managers.LogPrinter print
INFO: ][
May 26, 2023 12:54:57 AM managers.LogPrinter print
INFO: 34593
May 26, 2023 12:54:57 AM managers.LogPrinter print
INFO: ]: Got message:

May 26, 2023 12:54:57 AM managers.LogPrinter print
INFO: InfoPacket{cmd = 'connectme', arg = 'null', login = 'null', password = 'null'}
May 26, 2023 12:54:57 AM managers.LogPrinter print
INFO: 

May 26, 2023 12:54:58 AM managers.LogPrinter print
INFO: [
May 26, 2023 12:54:58 AM managers.LogPrinter print
INFO: /127.0.0.1
May 26, 2023 12:54:58 AM managers.LogPrinter print
INFO: ][
May 26, 2023 12:54:58 AM managers.LogPrinter print
INFO: 34593
May 26, 2023 12:54:58 AM managers.LogPrinter print
INFO: ]: [Connected]

May 26, 2023 12:54:58 AM managers.LogPrinter print
INFO: [
May 26, 2023 12:54:58 AM managers.LogPrinter print
INFO: /127.0.0.1
May 26, 2023 12:54:58 AM managers.LogPrinter print
INFO: ][
May 26, 2023 12:54:58 AM managers.LogPrinter print
INFO: 34593
May 26, 2023 12:54:58 AM managers.LogPrinter print
INFO: ]: Got message:

May 26, 2023 12:54:58 AM managers.LogPrinter print
INFO: InfoPacket{cmd = 'connectme', arg = 'null', login = 'null', password = 'null'}
May 26, 2023 12:54:58 AM managers.LogPrinter print
INFO: 

May 26, 2023 12:55:04 AM managers.LogPrinter print
INFO: [
May 26, 2023 12:55:04 AM managers.LogPrinter print
INFO: /127.0.0.1
May 26, 2023 12:55:04 AM managers.LogPrinter print
INFO: ][
May 26, 2023 12:55:04 AM managers.LogPrinter print
INFO: 41098
May 26, 2023 12:55:04 AM managers.LogPrinter print
INFO: ]: [Connected]

May 26, 2023 12:55:04 AM managers.LogPrinter print
INFO: [
May 26, 2023 12:55:04 AM managers.LogPrinter print
INFO: /127.0.0.1
May 26, 2023 12:55:04 AM managers.LogPrinter print
INFO: ][
May 26, 2023 12:55:04 AM managers.LogPrinter print
INFO: 41098
May 26, 2023 12:55:04 AM managers.LogPrinter print
INFO: ]: Got message:

May 26, 2023 12:55:04 AM managers.LogPrinter print
INFO: InfoPacket{cmd = 'connectme', arg = 'null', login = 'null', password = 'null'}
May 26, 2023 12:55:04 AM managers.LogPrinter print
INFO: 

May 26, 2023 12:55:04 AM managers.LogPrinter print
INFO: [
May 26, 2023 12:55:04 AM managers.LogPrinter print
INFO: /127.0.0.1
May 26, 2023 12:55:04 AM managers.LogPrinter print
INFO: ][
May 26, 2023 12:55:04 AM managers.LogPrinter print
INFO: 41098
May 26, 2023 12:55:04 AM managers.LogPrinter print
INFO: ]: [Connected]

May 26, 2023 12:55:04 AM managers.LogPrinter print
INFO: [
May 26, 2023 12:55:04 AM managers.LogPrinter print
INFO: /127.0.0.1
May 26, 2023 12:55:04 AM managers.LogPrinter print
INFO: ][
May 26, 2023 12:55:04 AM managers.LogPrinter print
INFO: 41098
May 26, 2023 12:55:04 AM managers.LogPrinter print
INFO: ]: Got message:

May 26, 2023 12:55:04 AM managers.LogPrinter print
INFO: InfoPacket{cmd = 'connectme', arg = 'null', login = 'null', password = 'null'}
May 26, 2023 12:55:04 AM managers.LogPrinter print
INFO: 

May 26, 2023 12:55:11 AM managers.LogPrinter print
INFO: [
May 26, 2023 12:55:11 AM managers.LogPrinter print
INFO: /127.0.0.1
May 26, 2023 12:55:11 AM managers.LogPrinter print
INFO: ][
May 26, 2023 12:55:11 AM managers.LogPrinter print
INFO: 41098
May 26, 2023 12:55:11 AM managers.LogPrinter print
INFO: ]: Got message:

May 26, 2023 12:55:11 AM managers.LogPrinter print
INFO: InfoPacket{cmd = '/login', arg = 'null', login = 'Kuchizu', password = '123'}
May 26, 2023 12:55:11 AM managers.LogPrinter print
INFO: 

May 26, 2023 12:55:11 AM managers.LogPrinter print
INFO: [
May 26, 2023 12:55:11 AM managers.LogPrinter print
INFO: /127.0.0.1
May 26, 2023 12:55:11 AM managers.LogPrinter print
INFO: ][
May 26, 2023 12:55:11 AM managers.LogPrinter print
INFO: 41098
May 26, 2023 12:55:11 AM managers.LogPrinter print
INFO: ]: Sent response.


May 26, 2023 12:55:16 AM managers.LogPrinter print
INFO: [
May 26, 2023 12:55:16 AM managers.LogPrinter print
INFO: /127.0.0.1
May 26, 2023 12:55:16 AM managers.LogPrinter print
INFO: ][
May 26, 2023 12:55:16 AM managers.LogPrinter print
INFO: 41098
May 26, 2023 12:55:16 AM managers.LogPrinter print
INFO: ]: Got message:

May 26, 2023 12:55:16 AM managers.LogPrinter print
INFO: InfoPacket{cmd = '/login', arg = 'null', login = 'Kuchizu', password = 'asdsadasd'}
May 26, 2023 12:55:16 AM managers.LogPrinter print
INFO: 

May 26, 2023 12:55:16 AM managers.LogPrinter print
INFO: [
May 26, 2023 12:55:16 AM managers.LogPrinter print
INFO: /127.0.0.1
May 26, 2023 12:55:16 AM managers.LogPrinter print
INFO: ][
May 26, 2023 12:55:16 AM managers.LogPrinter print
INFO: 41098
May 26, 2023 12:55:16 AM managers.LogPrinter print
INFO: ]: Sent response.


May 26, 2023 12:55:21 AM managers.LogPrinter print
INFO: [
May 26, 2023 12:55:21 AM managers.LogPrinter print
INFO: /127.0.0.1
May 26, 2023 12:55:21 AM managers.LogPrinter print
INFO: ][
May 26, 2023 12:55:21 AM managers.LogPrinter print
INFO: 41098
May 26, 2023 12:55:21 AM managers.LogPrinter print
INFO: ]: Got message:

May 26, 2023 12:55:21 AM managers.LogPrinter print
INFO: InfoPacket{cmd = '/login', arg = 'null', login = 'Kuchizu', password = 'kometa'}
May 26, 2023 12:55:21 AM managers.LogPrinter print
INFO: 

May 26, 2023 12:55:21 AM managers.LogPrinter print
INFO: [
May 26, 2023 12:55:21 AM managers.LogPrinter print
INFO: /127.0.0.1
May 26, 2023 12:55:21 AM managers.LogPrinter print
INFO: ][
May 26, 2023 12:55:21 AM managers.LogPrinter print
INFO: 41098
May 26, 2023 12:55:21 AM managers.LogPrinter print
INFO: ]: Sent response.


May 26, 2023 12:55:21 AM managers.LogPrinter print
INFO: [
May 26, 2023 12:55:21 AM managers.LogPrinter print
INFO: /127.0.0.1
May 26, 2023 12:55:21 AM managers.LogPrinter print
INFO: ][
May 26, 2023 12:55:21 AM managers.LogPrinter print
INFO: 41098
May 26, 2023 12:55:21 AM managers.LogPrinter print
INFO: ]: Got message:

May 26, 2023 12:55:21 AM managers.LogPrinter print
INFO: InfoPacket{cmd = '/loadDB', arg = 'null', login = 'Kuchizu', password = 'kometa'}
May 26, 2023 12:55:21 AM managers.LogPrinter print
INFO: 

May 26, 2023 12:55:21 AM managers.LogPrinter print
INFO: DB
May 26, 2023 12:55:21 AM managers.LogPrinter println
INFO: DB
May 26, 2023 12:55:21 AM managers.LogPrinter print
INFO: [
May 26, 2023 12:55:21 AM managers.LogPrinter print
INFO: /127.0.0.1
May 26, 2023 12:55:21 AM managers.LogPrinter print
INFO: ][
May 26, 2023 12:55:21 AM managers.LogPrinter print
INFO: 41098
May 26, 2023 12:55:21 AM managers.LogPrinter print
INFO: ]: Sent response.


May 26, 2023 12:55:46 AM managers.LogPrinter print
INFO: [
May 26, 2023 12:55:46 AM managers.LogPrinter print
INFO: /127.0.0.1
May 26, 2023 12:55:46 AM managers.LogPrinter print
INFO: ][
May 26, 2023 12:55:46 AM managers.LogPrinter print
INFO: 35097
May 26, 2023 12:55:46 AM managers.LogPrinter print
INFO: ]: Got message:

May 26, 2023 12:55:46 AM managers.LogPrinter print
INFO: InfoPacket{cmd = '/login', arg = 'null', login = '', password = ''}
May 26, 2023 12:55:46 AM managers.LogPrinter print
INFO: 

May 26, 2023 12:55:46 AM managers.LogPrinter print
INFO: [
May 26, 2023 12:55:46 AM managers.LogPrinter print
INFO: /127.0.0.1
May 26, 2023 12:55:46 AM managers.LogPrinter print
INFO: ][
May 26, 2023 12:55:46 AM managers.LogPrinter print
INFO: 35097
May 26, 2023 12:55:46 AM managers.LogPrinter print
INFO: ]: Sent response.


May 26, 2023 12:55:52 AM managers.LogPrinter print
INFO: [
May 26, 2023 12:55:52 AM managers.LogPrinter print
INFO: /127.0.0.1
May 26, 2023 12:55:52 AM managers.LogPrinter print
INFO: ][
May 26, 2023 12:55:52 AM managers.LogPrinter print
INFO: 35097
May 26, 2023 12:55:52 AM managers.LogPrinter print
INFO: ]: Got message:

May 26, 2023 12:55:52 AM managers.LogPrinter print
INFO: InfoPacket{cmd = '/reg', arg = 'null', login = 'Zukuchi', password = 'kometa'}
May 26, 2023 12:55:52 AM managers.LogPrinter print
INFO: 

May 26, 2023 12:55:52 AM managers.LogPrinter print
INFO: [
May 26, 2023 12:55:52 AM managers.LogPrinter print
INFO: /127.0.0.1
May 26, 2023 12:55:52 AM managers.LogPrinter print
INFO: ][
May 26, 2023 12:55:52 AM managers.LogPrinter print
INFO: 35097
May 26, 2023 12:55:52 AM managers.LogPrinter print
INFO: ]: Sent response.


May 26, 2023 12:56:01 AM managers.LogPrinter print
INFO: [
May 26, 2023 12:56:01 AM managers.LogPrinter print
INFO: /127.0.0.1
May 26, 2023 12:56:01 AM managers.LogPrinter print
INFO: ][
May 26, 2023 12:56:01 AM managers.LogPrinter print
INFO: 35097
May 26, 2023 12:56:01 AM managers.LogPrinter print
INFO: ]: Got message:

May 26, 2023 12:56:01 AM managers.LogPrinter print
INFO: InfoPacket{cmd = '/login', arg = 'null', login = 'Zukuchi', password = 'koemta'}
May 26, 2023 12:56:01 AM managers.LogPrinter print
INFO: 

May 26, 2023 12:56:01 AM managers.LogPrinter print
INFO: [
May 26, 2023 12:56:01 AM managers.LogPrinter print
INFO: /127.0.0.1
May 26, 2023 12:56:01 AM managers.LogPrinter print
INFO: ][
May 26, 2023 12:56:01 AM managers.LogPrinter print
INFO: 35097
May 26, 2023 12:56:01 AM managers.LogPrinter print
INFO: ]: Sent response.


May 26, 2023 12:56:05 AM managers.LogPrinter print
INFO: [
May 26, 2023 12:56:05 AM managers.LogPrinter print
INFO: /127.0.0.1
May 26, 2023 12:56:05 AM managers.LogPrinter print
INFO: ][
May 26, 2023 12:56:05 AM managers.LogPrinter print
INFO: 35097
May 26, 2023 12:56:05 AM managers.LogPrinter print
INFO: ]: Got message:

May 26, 2023 12:56:05 AM managers.LogPrinter print
INFO: InfoPacket{cmd = '/login', arg = 'null', login = 'Zukuchi', password = 'kometa'}
May 26, 2023 12:56:05 AM managers.LogPrinter print
INFO: 

May 26, 2023 12:56:05 AM managers.LogPrinter print
INFO: [
May 26, 2023 12:56:05 AM managers.LogPrinter print
INFO: /127.0.0.1
May 26, 2023 12:56:05 AM managers.LogPrinter print
INFO: ][
May 26, 2023 12:56:05 AM managers.LogPrinter print
INFO: 35097
May 26, 2023 12:56:05 AM managers.LogPrinter print
INFO: ]: Sent response.


May 26, 2023 12:56:18 AM managers.LogPrinter print
INFO: [
May 26, 2023 12:56:18 AM managers.LogPrinter print
INFO: /127.0.0.1
May 26, 2023 12:56:18 AM managers.LogPrinter print
INFO: ][
May 26, 2023 12:56:18 AM managers.LogPrinter print
INFO: 35097
May 26, 2023 12:56:18 AM managers.LogPrinter print
INFO: ]: Got message:

May 26, 2023 12:56:18 AM managers.LogPrinter print
INFO: InfoPacket{cmd = 'add', arg = 'null', login = 'Zukuchi', password = 'kometa'}
May 26, 2023 12:56:18 AM managers.LogPrinter print
INFO: 

May 26, 2023 12:56:18 AM managers.LogPrinter print
INFO: +++++
May 26, 2023 12:56:18 AM managers.LogPrinter println
INFO: +++++
May 26, 2023 12:56:18 AM managers.LogPrinter print
INFO: [
May 26, 2023 12:56:18 AM managers.LogPrinter print
INFO: /127.0.0.1
May 26, 2023 12:56:18 AM managers.LogPrinter print
INFO: ][
May 26, 2023 12:56:18 AM managers.LogPrinter print
INFO: 35097
May 26, 2023 12:56:18 AM managers.LogPrinter print
INFO: ]: Sent response.


May 26, 2023 12:56:44 AM managers.LogPrinter print
INFO: [
May 26, 2023 12:56:44 AM managers.LogPrinter print
INFO: /127.0.0.1
May 26, 2023 12:56:44 AM managers.LogPrinter print
INFO: ][
May 26, 2023 12:56:44 AM managers.LogPrinter print
INFO: 35097
May 26, 2023 12:56:44 AM managers.LogPrinter print
INFO: ]: Got message:

May 26, 2023 12:56:44 AM managers.LogPrinter print
INFO: InfoPacket{cmd = 'add', arg = 'null', login = 'Zukuchi', password = 'kometa'}
May 26, 2023 12:56:44 AM managers.LogPrinter print
INFO: 

May 26, 2023 12:56:44 AM managers.LogPrinter print
INFO: +++++
May 26, 2023 12:56:44 AM managers.LogPrinter println
INFO: +++++
May 26, 2023 12:56:44 AM managers.LogPrinter print
INFO: [
May 26, 2023 12:56:44 AM managers.LogPrinter print
INFO: /127.0.0.1
May 26, 2023 12:56:44 AM managers.LogPrinter print
INFO: ][
May 26, 2023 12:56:44 AM managers.LogPrinter print
INFO: 35097
May 26, 2023 12:56:44 AM managers.LogPrinter print
INFO: ]: Sent response.


May 26, 2023 12:56:46 AM managers.LogPrinter print
INFO: [
May 26, 2023 12:56:46 AM managers.LogPrinter print
INFO: /127.0.0.1
May 26, 2023 12:56:46 AM managers.LogPrinter print
INFO: ][
May 26, 2023 12:56:46 AM managers.LogPrinter print
INFO: 35097
May 26, 2023 12:56:46 AM managers.LogPrinter print
INFO: ]: Got message:

May 26, 2023 12:56:46 AM managers.LogPrinter print
INFO: InfoPacket{cmd = 'info', arg = 'null', login = 'Zukuchi', password = 'kometa'}
May 26, 2023 12:56:46 AM managers.LogPrinter print
INFO: 

May 26, 2023 12:56:46 AM managers.LogPrinter print
INFO: [
May 26, 2023 12:56:46 AM managers.LogPrinter print
INFO: /127.0.0.1
May 26, 2023 12:56:46 AM managers.LogPrinter print
INFO: ][
May 26, 2023 12:56:46 AM managers.LogPrinter print
INFO: 35097
May 26, 2023 12:56:46 AM managers.LogPrinter print
INFO: ]: Sent response.


May 26, 2023 12:56:53 AM managers.LogPrinter print
INFO: [
May 26, 2023 12:56:53 AM managers.LogPrinter print
INFO: /127.0.0.1
May 26, 2023 12:56:53 AM managers.LogPrinter print
INFO: ][
May 26, 2023 12:56:53 AM managers.LogPrinter print
INFO: 54800
May 26, 2023 12:56:53 AM managers.LogPrinter print
INFO: ]: [Connected]

May 26, 2023 12:56:53 AM managers.LogPrinter print
INFO: [
May 26, 2023 12:56:53 AM managers.LogPrinter print
INFO: /127.0.0.1
May 26, 2023 12:56:53 AM managers.LogPrinter print
INFO: ][
May 26, 2023 12:56:53 AM managers.LogPrinter print
INFO: 54800
May 26, 2023 12:56:53 AM managers.LogPrinter print
INFO: ]: Got message:

May 26, 2023 12:56:53 AM managers.LogPrinter print
INFO: InfoPacket{cmd = 'connectme', arg = 'null', login = 'null', password = 'null'}
May 26, 2023 12:56:53 AM managers.LogPrinter print
INFO: 

May 26, 2023 12:56:53 AM managers.LogPrinter print
INFO: [
May 26, 2023 12:56:53 AM managers.LogPrinter print
INFO: /127.0.0.1
May 26, 2023 12:56:53 AM managers.LogPrinter print
INFO: ][
May 26, 2023 12:56:53 AM managers.LogPrinter print
INFO: 54800
May 26, 2023 12:56:53 AM managers.LogPrinter print
INFO: ]: [Connected]

May 26, 2023 12:56:53 AM managers.LogPrinter print
INFO: [
May 26, 2023 12:56:53 AM managers.LogPrinter print
INFO: /127.0.0.1
May 26, 2023 12:56:53 AM managers.LogPrinter print
INFO: ][
May 26, 2023 12:56:53 AM managers.LogPrinter print
INFO: 54800
May 26, 2023 12:56:53 AM managers.LogPrinter print
INFO: ]: Got message:

May 26, 2023 12:56:53 AM managers.LogPrinter print
INFO: InfoPacket{cmd = 'connectme', arg = 'null', login = 'null', password = 'null'}
May 26, 2023 12:56:53 AM managers.LogPrinter print
INFO: 

May 26, 2023 12:56:57 AM managers.LogPrinter print
INFO: [
May 26, 2023 12:56:57 AM managers.LogPrinter print
INFO: /127.0.0.1
May 26, 2023 12:56:57 AM managers.LogPrinter print
INFO: ][
May 26, 2023 12:56:57 AM managers.LogPrinter print
INFO: 54800
May 26, 2023 12:56:57 AM managers.LogPrinter print
INFO: ]: Got message:

May 26, 2023 12:56:57 AM managers.LogPrinter print
INFO: InfoPacket{cmd = '/login', arg = 'null', login = 'Kuchizu', password = 'kometa'}
May 26, 2023 12:56:57 AM managers.LogPrinter print
INFO: 

May 26, 2023 12:56:57 AM managers.LogPrinter print
INFO: [
May 26, 2023 12:56:57 AM managers.LogPrinter print
INFO: /127.0.0.1
May 26, 2023 12:56:57 AM managers.LogPrinter print
INFO: ][
May 26, 2023 12:56:57 AM managers.LogPrinter print
INFO: 54800
May 26, 2023 12:56:57 AM managers.LogPrinter print
INFO: ]: Sent response.


May 26, 2023 12:56:57 AM managers.LogPrinter print
INFO: [
May 26, 2023 12:56:57 AM managers.LogPrinter print
INFO: /127.0.0.1
May 26, 2023 12:56:57 AM managers.LogPrinter print
INFO: ][
May 26, 2023 12:56:57 AM managers.LogPrinter print
INFO: 54800
May 26, 2023 12:56:57 AM managers.LogPrinter print
INFO: ]: Got message:

May 26, 2023 12:56:57 AM managers.LogPrinter print
INFO: InfoPacket{cmd = '/loadDB', arg = 'null', login = 'Kuchizu', password = 'kometa'}
May 26, 2023 12:56:57 AM managers.LogPrinter print
INFO: 

May 26, 2023 12:56:57 AM managers.LogPrinter print
INFO: DB
May 26, 2023 12:56:57 AM managers.LogPrinter println
INFO: DB
May 26, 2023 12:56:57 AM managers.LogPrinter print
INFO: [
May 26, 2023 12:56:57 AM managers.LogPrinter print
INFO: /127.0.0.1
May 26, 2023 12:56:57 AM managers.LogPrinter print
INFO: ][
May 26, 2023 12:56:57 AM managers.LogPrinter print
INFO: 54800
May 26, 2023 12:56:57 AM managers.LogPrinter print
INFO: ]: Sent response.


