May 15, 2023 6:47:40 AM managers.LogPrinter print
INFO: [
May 15, 2023 6:47:40 AM managers.LogPrinter print
INFO: /127.0.0.1
May 15, 2023 6:47:40 AM managers.LogPrinter print
INFO: ][
May 15, 2023 6:47:40 AM managers.LogPrinter print
INFO: 59844
May 15, 2023 6:47:40 AM managers.LogPrinter print
INFO: ]: [Connected]

May 15, 2023 6:47:49 AM managers.LogPrinter print
INFO: [
May 15, 2023 6:47:49 AM managers.LogPrinter print
INFO: /127.0.0.1
May 15, 2023 6:47:49 AM managers.LogPrinter print
INFO: ][
May 15, 2023 6:47:49 AM managers.LogPrinter print
INFO: 59844
May 15, 2023 6:47:49 AM managers.LogPrinter print
INFO: ]: Got message:

May 15, 2023 6:47:49 AM managers.LogPrinter print
INFO: InfoPacket{cmd = 'info', arg = 'null', login = 'Kuchizu', password = 'kometa'}
May 15, 2023 6:47:49 AM managers.LogPrinter print
INFO: 

May 15, 2023 6:47:49 AM managers.LogPrinter print
INFO: [
May 15, 2023 6:47:49 AM managers.LogPrinter print
INFO: /127.0.0.1
May 15, 2023 6:47:49 AM managers.LogPrinter print
INFO: ][
May 15, 2023 6:47:49 AM managers.LogPrinter print
INFO: 59844
May 15, 2023 6:47:49 AM managers.LogPrinter print
INFO: ]: Sent response.


May 15, 2023 6:47:54 AM managers.LogPrinter print
INFO: [
May 15, 2023 6:47:54 AM managers.LogPrinter print
INFO: /127.0.0.1
May 15, 2023 6:47:54 AM managers.LogPrinter print
INFO: ][
May 15, 2023 6:47:54 AM managers.LogPrinter print
INFO: 59844
May 15, 2023 6:47:54 AM managers.LogPrinter print
INFO: ]: Got message:

May 15, 2023 6:47:54 AM managers.LogPrinter print
INFO: InfoPacket{cmd = 'help', arg = 'null', login = 'Kuchizu', password = 'kometa'}
May 15, 2023 6:47:54 AM managers.LogPrinter print
INFO: 

May 15, 2023 6:47:54 AM managers.LogPrinter print
INFO: [
May 15, 2023 6:47:54 AM managers.LogPrinter print
INFO: /127.0.0.1
May 15, 2023 6:47:54 AM managers.LogPrinter print
INFO: ][
May 15, 2023 6:47:54 AM managers.LogPrinter print
INFO: 59844
May 15, 2023 6:47:54 AM managers.LogPrinter print
INFO: ]: Sent response.


May 15, 2023 6:48:01 AM managers.LogPrinter print
INFO: [
May 15, 2023 6:48:01 AM managers.LogPrinter print
INFO: /127.0.0.1
May 15, 2023 6:48:01 AM managers.LogPrinter print
INFO: ][
May 15, 2023 6:48:01 AM managers.LogPrinter print
INFO: 59844
May 15, 2023 6:48:01 AM managers.LogPrinter print
INFO: ]: Got message:

May 15, 2023 6:48:01 AM managers.LogPrinter print
INFO: InfoPacket{cmd = 'info', arg = 'null', login = 'Kuchizu', password = 'kometa'}
May 15, 2023 6:48:01 AM managers.LogPrinter print
INFO: 

May 15, 2023 6:48:01 AM managers.LogPrinter print
INFO: [
May 15, 2023 6:48:01 AM managers.LogPrinter print
INFO: /127.0.0.1
May 15, 2023 6:48:01 AM managers.LogPrinter print
INFO: ][
May 15, 2023 6:48:01 AM managers.LogPrinter print
INFO: 59844
May 15, 2023 6:48:01 AM managers.LogPrinter print
INFO: ]: Sent response.


