May 15, 2023 5:36:33 AM managers.LogPrinter print
INFO: [
May 15, 2023 5:36:33 AM managers.LogPrinter print
INFO: /127.0.0.1
May 15, 2023 5:36:33 AM managers.LogPrinter print
INFO: ][
May 15, 2023 5:36:33 AM managers.LogPrinter print
INFO: 41329
May 15, 2023 5:36:33 AM managers.LogPrinter print
INFO: ]: Got message:

May 15, 2023 5:36:33 AM managers.LogPrinter print
INFO: InfoPacket{cmd = 'show', arg = 'null', login = 'Kuchizu', password = 'kometa'}
May 15, 2023 5:36:33 AM managers.LogPrinter print
INFO: 

May 15, 2023 5:36:33 AM managers.LogPrinter print
INFO: [
May 15, 2023 5:36:33 AM managers.LogPrinter print
INFO: /127.0.0.1
May 15, 2023 5:36:33 AM managers.LogPrinter print
INFO: ][
May 15, 2023 5:36:33 AM managers.LogPrinter print
INFO: 41329
May 15, 2023 5:36:33 AM managers.LogPrinter print
INFO: ]: Sent response.


May 15, 2023 5:36:36 AM managers.LogPrinter print
INFO: [
May 15, 2023 5:36:36 AM managers.LogPrinter print
INFO: /127.0.0.1
May 15, 2023 5:36:36 AM managers.LogPrinter print
INFO: ][
May 15, 2023 5:36:36 AM managers.LogPrinter print
INFO: 41329
May 15, 2023 5:36:36 AM managers.LogPrinter print
INFO: ]: Got message:

May 15, 2023 5:36:36 AM managers.LogPrinter print
INFO: InfoPacket{cmd = 'info', arg = 'null', login = 'Kuchizu', password = 'kometa'}
May 15, 2023 5:36:36 AM managers.LogPrinter print
INFO: 

May 15, 2023 5:36:36 AM managers.LogPrinter print
INFO: [
May 15, 2023 5:36:36 AM managers.LogPrinter print
INFO: /127.0.0.1
May 15, 2023 5:36:36 AM managers.LogPrinter print
INFO: ][
May 15, 2023 5:36:36 AM managers.LogPrinter print
INFO: 41329
May 15, 2023 5:36:36 AM managers.LogPrinter print
INFO: ]: Sent response.


May 15, 2023 5:36:55 AM managers.LogPrinter print
INFO: [
May 15, 2023 5:36:55 AM managers.LogPrinter print
INFO: /127.0.0.1
May 15, 2023 5:36:55 AM managers.LogPrinter print
INFO: ][
May 15, 2023 5:36:55 AM managers.LogPrinter print
INFO: 41329
May 15, 2023 5:36:55 AM managers.LogPrinter print
INFO: ]: Got message:

May 15, 2023 5:36:55 AM managers.LogPrinter print
INFO: InfoPacket{cmd = 'remove_lower', arg = '2', login = 'Kuchizu', password = 'kometa'}
May 15, 2023 5:36:55 AM managers.LogPrinter print
INFO: 

May 15, 2023 5:36:55 AM managers.LogPrinter print
INFO: [
May 15, 2023 5:36:55 AM managers.LogPrinter print
INFO: /127.0.0.1
May 15, 2023 5:36:55 AM managers.LogPrinter print
INFO: ][
May 15, 2023 5:36:55 AM managers.LogPrinter print
INFO: 41329
May 15, 2023 5:36:55 AM managers.LogPrinter print
INFO: ]: Sent response.


May 15, 2023 5:36:58 AM managers.LogPrinter print
INFO: [
May 15, 2023 5:36:58 AM managers.LogPrinter print
INFO: /127.0.0.1
May 15, 2023 5:36:58 AM managers.LogPrinter print
INFO: ][
May 15, 2023 5:36:58 AM managers.LogPrinter print
INFO: 41329
May 15, 2023 5:36:58 AM managers.LogPrinter print
INFO: ]: Got message:

May 15, 2023 5:36:58 AM managers.LogPrinter print
INFO: InfoPacket{cmd = 'remove_lower', arg = '4', login = 'Kuchizu', password = 'kometa'}
May 15, 2023 5:36:58 AM managers.LogPrinter print
INFO: 

