May 15, 2023 3:12:57 AM managers.LogPrinter print
INFO: [
May 15, 2023 3:12:57 AM managers.LogPrinter print
INFO: /127.0.0.1
May 15, 2023 3:12:57 AM managers.LogPrinter print
INFO: ][
May 15, 2023 3:12:57 AM managers.LogPrinter print
INFO: 59448
May 15, 2023 3:12:57 AM managers.LogPrinter print
INFO: ]: [Connected]

May 15, 2023 3:13:01 AM managers.LogPrinter print
INFO: [
May 15, 2023 3:13:01 AM managers.LogPrinter print
INFO: /127.0.0.1
May 15, 2023 3:13:01 AM managers.LogPrinter print
INFO: ][
May 15, 2023 3:13:01 AM managers.LogPrinter print
INFO: 59448
May 15, 2023 3:13:01 AM managers.LogPrinter print
INFO: ]: Got message:

May 15, 2023 3:13:01 AM managers.LogPrinter print
INFO: InfoPacket{cmd = '/login', arg = 'null', login = '1', password = '1'}
May 15, 2023 3:13:01 AM managers.LogPrinter print
INFO: 

May 15, 2023 3:13:01 AM managers.LogPrinter print
INFO: [
May 15, 2023 3:13:01 AM managers.LogPrinter print
INFO: /127.0.0.1
May 15, 2023 3:13:01 AM managers.LogPrinter print
INFO: ][
May 15, 2023 3:13:01 AM managers.LogPrinter print
INFO: 59448
May 15, 2023 3:13:01 AM managers.LogPrinter print
INFO: ]: Sent response.


May 15, 2023 3:14:06 AM managers.LogPrinter print
INFO: [
May 15, 2023 3:14:06 AM managers.LogPrinter print
INFO: /127.0.0.1
May 15, 2023 3:14:06 AM managers.LogPrinter print
INFO: ][
May 15, 2023 3:14:06 AM managers.LogPrinter print
INFO: 49251
May 15, 2023 3:14:06 AM managers.LogPrinter print
INFO: ]: [Connected]

May 15, 2023 3:14:12 AM managers.LogPrinter print
INFO: [
May 15, 2023 3:14:12 AM managers.LogPrinter print
INFO: /127.0.0.1
May 15, 2023 3:14:12 AM managers.LogPrinter print
INFO: ][
May 15, 2023 3:14:12 AM managers.LogPrinter print
INFO: 49251
May 15, 2023 3:14:12 AM managers.LogPrinter print
INFO: ]: Got message:

May 15, 2023 3:14:12 AM managers.LogPrinter print
INFO: InfoPacket{cmd = '/login', arg = 'null', login = '1', password = '1'}
May 15, 2023 3:14:12 AM managers.LogPrinter print
INFO: 

May 15, 2023 3:14:12 AM managers.LogPrinter print
INFO: [
May 15, 2023 3:14:12 AM managers.LogPrinter print
INFO: /127.0.0.1
May 15, 2023 3:14:12 AM managers.LogPrinter print
INFO: ][
May 15, 2023 3:14:12 AM managers.LogPrinter print
INFO: 49251
May 15, 2023 3:14:12 AM managers.LogPrinter print
INFO: ]: Sent response.


May 15, 2023 3:14:37 AM managers.LogPrinter print
INFO: [
May 15, 2023 3:14:37 AM managers.LogPrinter print
INFO: /127.0.0.1
May 15, 2023 3:14:37 AM managers.LogPrinter print
INFO: ][
May 15, 2023 3:14:37 AM managers.LogPrinter print
INFO: 49251
May 15, 2023 3:14:37 AM managers.LogPrinter print
INFO: ]: Got message:

May 15, 2023 3:14:37 AM managers.LogPrinter print
INFO: InfoPacket{cmd = 'info', arg = 'null', login = 'null', password = 'null'}
May 15, 2023 3:14:37 AM managers.LogPrinter print
INFO: 

May 15, 2023 3:14:37 AM managers.LogPrinter print
INFO: [
May 15, 2023 3:14:37 AM managers.LogPrinter print
INFO: /127.0.0.1
May 15, 2023 3:14:37 AM managers.LogPrinter print
INFO: ][
May 15, 2023 3:14:37 AM managers.LogPrinter print
INFO: 49251
May 15, 2023 3:14:37 AM managers.LogPrinter print
INFO: ]: Sent response.


May 15, 2023 3:14:39 AM managers.LogPrinter print
INFO: [
May 15, 2023 3:14:39 AM managers.LogPrinter print
INFO: /127.0.0.1
May 15, 2023 3:14:39 AM managers.LogPrinter print
INFO: ][
May 15, 2023 3:14:39 AM managers.LogPrinter print
INFO: 49251
May 15, 2023 3:14:39 AM managers.LogPrinter print
INFO: ]: Got message:

May 15, 2023 3:14:39 AM managers.LogPrinter print
INFO: InfoPacket{cmd = 'help', arg = 'null', login = 'null', password = 'null'}
May 15, 2023 3:14:39 AM managers.LogPrinter print
INFO: 

May 15, 2023 3:14:39 AM managers.LogPrinter print
INFO: [
May 15, 2023 3:14:39 AM managers.LogPrinter print
INFO: /127.0.0.1
May 15, 2023 3:14:39 AM managers.LogPrinter print
INFO: ][
May 15, 2023 3:14:39 AM managers.LogPrinter print
INFO: 49251
May 15, 2023 3:14:39 AM managers.LogPrinter print
INFO: ]: Sent response.


May 15, 2023 3:16:26 AM managers.LogPrinter print
INFO: [
May 15, 2023 3:16:26 AM managers.LogPrinter print
INFO: /127.0.0.1
May 15, 2023 3:16:26 AM managers.LogPrinter print
INFO: ][
May 15, 2023 3:16:26 AM managers.LogPrinter print
INFO: 47137
May 15, 2023 3:16:26 AM managers.LogPrinter print
INFO: ]: [Connected]

May 15, 2023 3:16:35 AM managers.LogPrinter print
INFO: [
May 15, 2023 3:16:35 AM managers.LogPrinter print
INFO: /127.0.0.1
May 15, 2023 3:16:35 AM managers.LogPrinter print
INFO: ][
May 15, 2023 3:16:35 AM managers.LogPrinter print
INFO: 47137
May 15, 2023 3:16:35 AM managers.LogPrinter print
INFO: ]: Got message:

May 15, 2023 3:16:35 AM managers.LogPrinter print
INFO: InfoPacket{cmd = '/login', arg = 'null', login = '1', password = '1'}
May 15, 2023 3:16:35 AM managers.LogPrinter print
INFO: 

May 15, 2023 3:16:35 AM managers.LogPrinter print
INFO: [
May 15, 2023 3:16:35 AM managers.LogPrinter print
INFO: /127.0.0.1
May 15, 2023 3:16:35 AM managers.LogPrinter print
INFO: ][
May 15, 2023 3:16:35 AM managers.LogPrinter print
INFO: 47137
May 15, 2023 3:16:35 AM managers.LogPrinter print
INFO: ]: Sent response.


