Jun 04, 2023 4:16:17 PM managers.LogPrinter print
INFO: Connected Users: [/127.0.0.1:33136]
Jun 04, 2023 4:16:17 PM managers.LogPrinter print
INFO: [
Jun 04, 2023 4:16:17 PM managers.LogPrinter print
INFO: /127.0.0.1
Jun 04, 2023 4:16:17 PM managers.LogPrinter print
INFO: ][
Jun 04, 2023 4:16:17 PM managers.LogPrinter print
INFO: 33136
Jun 04, 2023 4:16:17 PM managers.LogPrinter print
INFO: ]: [Connected]

Jun 04, 2023 4:16:17 PM managers.LogPrinter print
INFO: [
Jun 04, 2023 4:16:17 PM managers.LogPrinter print
INFO: /127.0.0.1
Jun 04, 2023 4:16:17 PM managers.LogPrinter print
INFO: ][
Jun 04, 2023 4:16:17 PM managers.LogPrinter print
INFO: 33136
Jun 04, 2023 4:16:17 PM managers.LogPrinter print
INFO: ]: Got message:

Jun 04, 2023 4:16:17 PM managers.LogPrinter println
INFO: Connected Users: [/127.0.0.1:33136]
Jun 04, 2023 4:16:17 PM managers.LogPrinter print
INFO: InfoPacket{cmd = 'connectme', arg = 'null', login = 'null', password = 'null'}
Jun 04, 2023 4:16:17 PM managers.LogPrinter print
INFO: 

Jun 04, 2023 4:16:18 PM managers.LogPrinter print
INFO: [
Jun 04, 2023 4:16:18 PM managers.LogPrinter print
INFO: /127.0.0.1
Jun 04, 2023 4:16:18 PM managers.LogPrinter print
INFO: ][
Jun 04, 2023 4:16:18 PM managers.LogPrinter print
INFO: 33136
Jun 04, 2023 4:16:18 PM managers.LogPrinter print
INFO: ]: [Connected]

Jun 04, 2023 4:16:18 PM managers.LogPrinter print
INFO: [
Jun 04, 2023 4:16:18 PM managers.LogPrinter print
INFO: /127.0.0.1
Jun 04, 2023 4:16:18 PM managers.LogPrinter print
INFO: ][
Jun 04, 2023 4:16:18 PM managers.LogPrinter print
INFO: 33136
Jun 04, 2023 4:16:18 PM managers.LogPrinter print
INFO: ]: Got message:

Jun 04, 2023 4:16:18 PM managers.LogPrinter print
INFO: InfoPacket{cmd = 'connectme', arg = 'null', login = 'null', password = 'null'}
Jun 04, 2023 4:16:18 PM managers.LogPrinter print
INFO: 

Jun 04, 2023 4:16:18 PM managers.LogPrinter print
INFO: Connected Users: [/127.0.0.1:33136]
Jun 04, 2023 4:16:18 PM managers.LogPrinter println
INFO: Connected Users: [/127.0.0.1:33136]
Jun 04, 2023 4:16:25 PM managers.LogPrinter print
INFO: Connected Users: [/127.0.0.1:33136]
Jun 04, 2023 4:16:25 PM managers.LogPrinter println
INFO: Connected Users: [/127.0.0.1:33136]
Jun 04, 2023 4:16:25 PM managers.LogPrinter print
INFO: [
Jun 04, 2023 4:16:25 PM managers.LogPrinter print
INFO: /127.0.0.1
Jun 04, 2023 4:16:25 PM managers.LogPrinter print
INFO: ][
Jun 04, 2023 4:16:25 PM managers.LogPrinter print
INFO: 33136
Jun 04, 2023 4:16:25 PM managers.LogPrinter print
INFO: ]: Got message:

Jun 04, 2023 4:16:25 PM managers.LogPrinter print
INFO: InfoPacket{cmd = '/login', arg = 'null', login = 'Kuchizu', password = 'kometa'}
Jun 04, 2023 4:16:25 PM managers.LogPrinter print
INFO: 

Jun 04, 2023 4:16:25 PM managers.LogPrinter print
INFO: [Succ, Успешная авторизация., 1]
Jun 04, 2023 4:16:25 PM managers.LogPrinter println
INFO: [Succ, Успешная авторизация., 1]
Jun 04, 2023 4:16:25 PM managers.LogPrinter print
INFO: [
Jun 04, 2023 4:16:25 PM managers.LogPrinter print
INFO: /127.0.0.1
Jun 04, 2023 4:16:25 PM managers.LogPrinter print
INFO: ][
Jun 04, 2023 4:16:25 PM managers.LogPrinter print
INFO: 33136
Jun 04, 2023 4:16:25 PM managers.LogPrinter print
INFO: ]: Sent response.


