Jun 04, 2023 4:12:40 PM managers.LogPrinter print
INFO: [
Jun 04, 2023 4:12:40 PM managers.LogPrinter print
INFO: /127.0.0.1
Jun 04, 2023 4:12:40 PM managers.LogPrinter print
INFO: ][
Jun 04, 2023 4:12:40 PM managers.LogPrinter print
INFO: 56456
Jun 04, 2023 4:12:40 PM managers.LogPrinter print
INFO: ]: Got message:

Jun 04, 2023 4:12:40 PM managers.LogPrinter print
INFO: InfoPacket{cmd = 'info', arg = 'null', login = 'Kuchizu', password = 'kometa'}
Jun 04, 2023 4:12:40 PM managers.LogPrinter print
INFO: 

Jun 04, 2023 4:12:40 PM managers.LogPrinter print
INFO: [
Jun 04, 2023 4:12:40 PM managers.LogPrinter print
INFO: /127.0.0.1
Jun 04, 2023 4:12:40 PM managers.LogPrinter print
INFO: ][
Jun 04, 2023 4:12:40 PM managers.LogPrinter print
INFO: 56456
Jun 04, 2023 4:12:40 PM managers.LogPrinter print
INFO: ]: Sent response.


