May 17, 2023 2:39:29 PM managers.LogPrinter print
INFO: [
May 17, 2023 2:39:29 PM managers.LogPrinter print
INFO: /127.0.0.1
May 17, 2023 2:39:29 PM managers.LogPrinter print
INFO: ][
May 17, 2023 2:39:29 PM managers.LogPrinter print
INFO: 37302
May 17, 2023 2:39:29 PM managers.LogPrinter print
INFO: ]: Got message:

May 17, 2023 2:39:29 PM managers.LogPrinter print
INFO: InfoPacket{cmd = '/login', arg = 'null', login = 'Kuchizu', password = 'kometa'}
May 17, 2023 2:39:29 PM managers.LogPrinter print
INFO: 

May 17, 2023 2:39:29 PM managers.LogPrinter print
INFO: [
May 17, 2023 2:39:29 PM managers.LogPrinter print
INFO: /127.0.0.1
May 17, 2023 2:39:29 PM managers.LogPrinter print
INFO: ][
May 17, 2023 2:39:29 PM managers.LogPrinter print
INFO: 37302
May 17, 2023 2:39:29 PM managers.LogPrinter print
INFO: ]: Sent response.


May 17, 2023 2:39:30 PM managers.LogPrinter print
INFO: [
May 17, 2023 2:39:30 PM managers.LogPrinter print
INFO: /127.0.0.1
May 17, 2023 2:39:30 PM managers.LogPrinter print
INFO: ][
May 17, 2023 2:39:30 PM managers.LogPrinter print
INFO: 37302
May 17, 2023 2:39:30 PM managers.LogPrinter print
INFO: ]: Got message:

May 17, 2023 2:39:30 PM managers.LogPrinter print
INFO: InfoPacket{cmd = 'info', arg = 'null', login = 'Kuchizu', password = 'kometa'}
May 17, 2023 2:39:30 PM managers.LogPrinter print
INFO: 

May 17, 2023 2:39:30 PM managers.LogPrinter print
INFO: [
May 17, 2023 2:39:30 PM managers.LogPrinter print
INFO: /127.0.0.1
May 17, 2023 2:39:30 PM managers.LogPrinter print
INFO: ][
May 17, 2023 2:39:30 PM managers.LogPrinter print
INFO: 37302
May 17, 2023 2:39:30 PM managers.LogPrinter print
INFO: ]: Sent response.


May 17, 2023 2:39:34 PM managers.LogPrinter print
INFO: [
May 17, 2023 2:39:34 PM managers.LogPrinter print
INFO: /127.0.0.1
May 17, 2023 2:39:34 PM managers.LogPrinter print
INFO: ][
May 17, 2023 2:39:34 PM managers.LogPrinter print
INFO: 37302
May 17, 2023 2:39:34 PM managers.LogPrinter print
INFO: ]: Got message:

May 17, 2023 2:39:34 PM managers.LogPrinter print
INFO: InfoPacket{cmd = 'add', arg = 'null', login = 'null', password = 'null'}
May 17, 2023 2:39:34 PM managers.LogPrinter print
INFO: 

May 17, 2023 2:39:34 PM managers.LogPrinter print
INFO: [
May 17, 2023 2:39:34 PM managers.LogPrinter print
INFO: /127.0.0.1
May 17, 2023 2:39:34 PM managers.LogPrinter print
INFO: ][
May 17, 2023 2:39:34 PM managers.LogPrinter print
INFO: 37302
May 17, 2023 2:39:34 PM managers.LogPrinter print
INFO: ]: Got message:

May 17, 2023 2:39:34 PM managers.LogPrinter print
INFO: InfoPacket{cmd = 'add', arg = 'null', login = 'null', password = 'null'}
May 17, 2023 2:39:34 PM managers.LogPrinter print
INFO: 

May 17, 2023 2:39:36 PM managers.LogPrinter print
INFO: [
May 17, 2023 2:39:36 PM managers.LogPrinter print
INFO: /127.0.0.1
May 17, 2023 2:39:36 PM managers.LogPrinter print
INFO: ][
May 17, 2023 2:39:36 PM managers.LogPrinter print
INFO: 37302
May 17, 2023 2:39:36 PM managers.LogPrinter print
INFO: ]: Got message:

May 17, 2023 2:39:36 PM managers.LogPrinter print
INFO: InfoPacket{cmd = 'info', arg = 'null', login = 'Kuchizu', password = 'kometa'}
May 17, 2023 2:39:36 PM managers.LogPrinter print
INFO: 

May 17, 2023 2:39:36 PM managers.LogPrinter print
INFO: [
May 17, 2023 2:39:36 PM managers.LogPrinter print
INFO: /127.0.0.1
May 17, 2023 2:39:36 PM managers.LogPrinter print
INFO: ][
May 17, 2023 2:39:36 PM managers.LogPrinter print
INFO: 37302
May 17, 2023 2:39:36 PM managers.LogPrinter print
INFO: ]: Sent response.


May 17, 2023 2:39:41 PM managers.LogPrinter print
INFO: [
May 17, 2023 2:39:41 PM managers.LogPrinter print
INFO: /127.0.0.1
May 17, 2023 2:39:41 PM managers.LogPrinter print
INFO: ][
May 17, 2023 2:39:41 PM managers.LogPrinter print
INFO: 37302
May 17, 2023 2:39:41 PM managers.LogPrinter print
INFO: ]: Got message:

May 17, 2023 2:39:41 PM managers.LogPrinter print
INFO: InfoPacket{cmd = 'info', arg = 'null', login = 'Kuchizu', password = 'kometa'}
May 17, 2023 2:39:41 PM managers.LogPrinter print
INFO: 

May 17, 2023 2:39:41 PM managers.LogPrinter print
INFO: [
May 17, 2023 2:39:41 PM managers.LogPrinter print
INFO: /127.0.0.1
May 17, 2023 2:39:41 PM managers.LogPrinter print
INFO: ][
May 17, 2023 2:39:41 PM managers.LogPrinter print
INFO: 37302
May 17, 2023 2:39:41 PM managers.LogPrinter print
INFO: ]: Sent response.


