May 26, 2023 12:48:27 AM managers.LogPrinter print
INFO: Client started running on [
May 26, 2023 12:48:27 AM managers.LogPrinter print
INFO: localhost
May 26, 2023 12:48:27 AM managers.LogPrinter print
INFO: ][
May 26, 2023 12:48:27 AM managers.LogPrinter print
INFO: 1234
May 26, 2023 12:48:27 AM managers.LogPrinter print
INFO: ]


May 26, 2023 12:48:27 AM managers.LogPrinter print
INFO: >>> 
May 26, 2023 12:55:43 AM managers.CommandExecutor run
INFO: /login
May 26, 2023 12:55:43 AM managers.LogPrinter print
INFO: Введите логин: 
May 26, 2023 12:55:45 AM managers.LogPrinter print
INFO: Введите пароль: 
May 26, 2023 12:55:46 AM managers.LogPrinter print
INFO: Успешная авторизация.
May 26, 2023 12:55:46 AM managers.LogPrinter println
INFO: Успешная авторизация.
May 26, 2023 12:55:46 AM managers.LogPrinter print
INFO: [
May 26, 2023 12:55:46 AM managers.LogPrinter print
INFO: 
May 26, 2023 12:55:46 AM managers.LogPrinter print
INFO: ] >>> 
May 26, 2023 12:55:49 AM managers.CommandExecutor run
INFO: /reg
May 26, 2023 12:55:49 AM managers.LogPrinter print
INFO: Регистрация нового пользователя
May 26, 2023 12:55:49 AM managers.LogPrinter println
INFO: Регистрация нового пользователя
May 26, 2023 12:55:49 AM managers.LogPrinter print
INFO: Введите логин: 
May 26, 2023 12:55:51 AM managers.LogPrinter print
INFO: Введите пароль: 
May 26, 2023 12:55:52 AM managers.LogPrinter print
INFO: Пользователь с логином Zukuchi уже существует.
May 26, 2023 12:55:52 AM managers.LogPrinter println
INFO: Пользователь с логином Zukuchi уже существует.
May 26, 2023 12:55:52 AM managers.LogPrinter print
INFO: [
May 26, 2023 12:55:52 AM managers.LogPrinter print
INFO: 
May 26, 2023 12:55:52 AM managers.LogPrinter print
INFO: ] >>> 
May 26, 2023 12:55:56 AM managers.CommandExecutor run
INFO: /log
May 26, 2023 12:55:56 AM managers.LogPrinter print
INFO: Неизвестная команда
May 26, 2023 12:55:56 AM managers.LogPrinter println
INFO: Неизвестная команда
May 26, 2023 12:55:56 AM managers.LogPrinter print
INFO: [
May 26, 2023 12:55:56 AM managers.LogPrinter print
INFO: 
May 26, 2023 12:55:56 AM managers.LogPrinter print
INFO: ] >>> 
May 26, 2023 12:55:58 AM managers.CommandExecutor run
INFO: /login
May 26, 2023 12:55:58 AM managers.LogPrinter print
INFO: Введите логин: 
May 26, 2023 12:56:00 AM managers.LogPrinter print
INFO: Введите пароль: 
May 26, 2023 12:56:01 AM managers.LogPrinter print
INFO: Wrong password for user Zukuchi
May 26, 2023 12:56:01 AM managers.LogPrinter println
INFO: Wrong password for user Zukuchi
May 26, 2023 12:56:01 AM managers.LogPrinter print
INFO: [
May 26, 2023 12:56:01 AM managers.LogPrinter print
INFO: 
May 26, 2023 12:56:01 AM managers.LogPrinter print
INFO: ] >>> 
May 26, 2023 12:56:02 AM managers.CommandExecutor run
INFO: /login
May 26, 2023 12:56:02 AM managers.LogPrinter print
INFO: Введите логин: 
May 26, 2023 12:56:04 AM managers.LogPrinter print
INFO: Введите пароль: 
May 26, 2023 12:56:05 AM managers.LogPrinter print
INFO: Успешная авторизация.
May 26, 2023 12:56:05 AM managers.LogPrinter println
INFO: Успешная авторизация.
May 26, 2023 12:56:05 AM managers.LogPrinter print
INFO: [
May 26, 2023 12:56:05 AM managers.LogPrinter print
INFO: Zukuchi
May 26, 2023 12:56:05 AM managers.LogPrinter print
INFO: ] >>> 
May 26, 2023 12:56:06 AM managers.CommandExecutor run
INFO: add
May 26, 2023 12:56:06 AM managers.LogPrinter print
INFO: Введите Name (String), /q для отмены:
May 26, 2023 12:56:06 AM managers.LogPrinter println
INFO: Введите Name (String), /q для отмены:
May 26, 2023 12:56:08 AM managers.LogPrinter print
INFO: Введите координаты x, y (Long, Double):
May 26, 2023 12:56:08 AM managers.LogPrinter println
INFO: Введите координаты x, y (Long, Double):
May 26, 2023 12:56:09 AM managers.LogPrinter print
INFO: Введите area (Integer): 
May 26, 2023 12:56:09 AM managers.LogPrinter println
INFO: Введите area (Integer): 
May 26, 2023 12:56:10 AM managers.LogPrinter print
INFO: Введите numberOfRooms (Integer):
May 26, 2023 12:56:10 AM managers.LogPrinter println
INFO: Введите numberOfRooms (Integer):
May 26, 2023 12:56:11 AM managers.LogPrinter print
INFO: Введите timeToMetroOnFoot (Float):
May 26, 2023 12:56:11 AM managers.LogPrinter println
INFO: Введите timeToMetroOnFoot (Float):
May 26, 2023 12:56:12 AM managers.LogPrinter print
INFO: Введите timeToMetroByTransport (Double):
May 26, 2023 12:56:12 AM managers.LogPrinter println
INFO: Введите timeToMetroByTransport (Double):
May 26, 2023 12:56:13 AM managers.LogPrinter print
INFO: Введите furnish (Enum [NONE, DESIGNER, FINE, LITTLE]):
May 26, 2023 12:56:13 AM managers.LogPrinter println
INFO: Введите furnish (Enum [NONE, DESIGNER, FINE, LITTLE]):
May 26, 2023 12:56:15 AM managers.LogPrinter print
INFO: Введите name of House (String):
May 26, 2023 12:56:15 AM managers.LogPrinter println
INFO: Введите name of House (String):
May 26, 2023 12:56:16 AM managers.LogPrinter print
INFO: Введите year of House (Long):
May 26, 2023 12:56:16 AM managers.LogPrinter println
INFO: Введите year of House (Long):
May 26, 2023 12:56:16 AM managers.LogPrinter print
INFO: Введите numberOfFloors of House (Long):
May 26, 2023 12:56:16 AM managers.LogPrinter println
INFO: Введите numberOfFloors of House (Long):
May 26, 2023 12:56:17 AM managers.LogPrinter print
INFO: Введите numberOfLifts of House (Int):
May 26, 2023 12:56:17 AM managers.LogPrinter println
INFO: Введите numberOfLifts of House (Int):
May 26, 2023 12:56:18 AM managers.LogPrinter print
INFO: Объект 5 добавлен в коллекцию.
May 26, 2023 12:56:18 AM managers.LogPrinter println
INFO: Объект 5 добавлен в коллекцию.
May 26, 2023 12:56:18 AM managers.LogPrinter print
INFO: [
May 26, 2023 12:56:18 AM managers.LogPrinter print
INFO: Zukuchi
May 26, 2023 12:56:18 AM managers.LogPrinter print
INFO: ] >>> 
May 26, 2023 12:56:21 AM managers.CommandExecutor run
INFO: add
May 26, 2023 12:56:21 AM managers.LogPrinter print
INFO: Введите Name (String), /q для отмены:
May 26, 2023 12:56:21 AM managers.LogPrinter println
INFO: Введите Name (String), /q для отмены:
May 26, 2023 12:56:26 AM managers.LogPrinter print
INFO: Введите координаты x, y (Long, Double):
May 26, 2023 12:56:26 AM managers.LogPrinter println
INFO: Введите координаты x, y (Long, Double):
May 26, 2023 12:56:31 AM managers.LogPrinter print
INFO: Введите area (Integer): 
May 26, 2023 12:56:31 AM managers.LogPrinter println
INFO: Введите area (Integer): 
May 26, 2023 12:56:32 AM managers.LogPrinter print
INFO: Введите numberOfRooms (Integer):
May 26, 2023 12:56:32 AM managers.LogPrinter println
INFO: Введите numberOfRooms (Integer):
May 26, 2023 12:56:34 AM managers.LogPrinter print
INFO: Введите timeToMetroOnFoot (Float):
May 26, 2023 12:56:34 AM managers.LogPrinter println
INFO: Введите timeToMetroOnFoot (Float):
May 26, 2023 12:56:35 AM managers.LogPrinter print
INFO: Введите timeToMetroByTransport (Double):
May 26, 2023 12:56:35 AM managers.LogPrinter println
INFO: Введите timeToMetroByTransport (Double):
May 26, 2023 12:56:36 AM managers.LogPrinter print
INFO: Введите furnish (Enum [NONE, DESIGNER, FINE, LITTLE]):
May 26, 2023 12:56:36 AM managers.LogPrinter println
INFO: Введите furnish (Enum [NONE, DESIGNER, FINE, LITTLE]):
May 26, 2023 12:56:40 AM managers.LogPrinter print
INFO: Введите name of House (String):
May 26, 2023 12:56:40 AM managers.LogPrinter println
INFO: Введите name of House (String):
May 26, 2023 12:56:43 AM managers.LogPrinter print
INFO: Введите year of House (Long):
May 26, 2023 12:56:43 AM managers.LogPrinter println
INFO: Введите year of House (Long):
May 26, 2023 12:56:43 AM managers.LogPrinter print
INFO: Введите numberOfFloors of House (Long):
May 26, 2023 12:56:43 AM managers.LogPrinter println
INFO: Введите numberOfFloors of House (Long):
May 26, 2023 12:56:44 AM managers.LogPrinter print
INFO: Введите numberOfLifts of House (Int):
May 26, 2023 12:56:44 AM managers.LogPrinter println
INFO: Введите numberOfLifts of House (Int):
May 26, 2023 12:56:44 AM managers.LogPrinter print
INFO: Объект ZUKUCHIIIII добавлен в коллекцию.
May 26, 2023 12:56:44 AM managers.LogPrinter println
INFO: Объект ZUKUCHIIIII добавлен в коллекцию.
May 26, 2023 12:56:44 AM managers.LogPrinter print
INFO: [
May 26, 2023 12:56:44 AM managers.LogPrinter print
INFO: Zukuchi
May 26, 2023 12:56:44 AM managers.LogPrinter print
INFO: ] >>> 
May 26, 2023 12:56:46 AM managers.CommandExecutor run
INFO: info
May 26, 2023 12:56:46 AM managers.LogPrinter print
INFO: 
Collection ArrayDeque
Size: 4 elements
CreationDate: 2023-05-26T00:41:41.769703+03:00[Europe/Moscow]
LastElementID: 9

May 26, 2023 12:56:46 AM managers.LogPrinter println
INFO: 
Collection ArrayDeque
Size: 4 elements
CreationDate: 2023-05-26T00:41:41.769703+03:00[Europe/Moscow]
LastElementID: 9

May 26, 2023 12:56:46 AM managers.LogPrinter print
INFO: [
May 26, 2023 12:56:46 AM managers.LogPrinter print
INFO: Zukuchi
May 26, 2023 12:56:46 AM managers.LogPrinter print
INFO: ] >>> 
