May 15, 2023 7:03:40 AM managers.LogPrinter print
INFO: Client started running on [
May 15, 2023 7:03:40 AM managers.LogPrinter print
INFO: localhost
May 15, 2023 7:03:40 AM managers.LogPrinter print
INFO: ][
May 15, 2023 7:03:40 AM managers.LogPrinter print
INFO: 1234
May 15, 2023 7:03:40 AM managers.LogPrinter print
INFO: ]


May 15, 2023 7:03:40 AM managers.LogPrinter print
INFO: >>> 
May 15, 2023 7:03:48 AM managers.CommandExecutor run
INFO: info
May 15, 2023 7:03:48 AM managers.LogPrinter print
INFO: Для использования команд войдите в систему (/login) или зарегистрируйтесь (/reg)
May 15, 2023 7:03:48 AM managers.LogPrinter println
INFO: Для использования команд войдите в систему (/login) или зарегистрируйтесь (/reg)
May 15, 2023 7:03:48 AM managers.LogPrinter print
INFO: >>> 
May 15, 2023 7:03:50 AM managers.CommandExecutor run
INFO: /login
May 15, 2023 7:03:50 AM managers.LogPrinter print
INFO: Введите логин: 
May 15, 2023 7:03:52 AM managers.LogPrinter print
INFO: Введите пароль: 
May 15, 2023 7:03:52 AM managers.LogPrinter print
INFO: Успешная авторизация.
May 15, 2023 7:03:52 AM managers.LogPrinter println
INFO: Успешная авторизация.
May 15, 2023 7:03:52 AM managers.LogPrinter print
INFO: [
May 15, 2023 7:03:52 AM managers.LogPrinter print
INFO: Kuchizu
May 15, 2023 7:03:52 AM managers.LogPrinter print
INFO: ] >>> 
May 15, 2023 7:04:05 AM managers.CommandExecutor run
INFO: /reg
May 15, 2023 7:04:05 AM managers.LogPrinter print
INFO: Регистрация нового пользователя
May 15, 2023 7:04:05 AM managers.LogPrinter println
INFO: Регистрация нового пользователя
May 15, 2023 7:04:05 AM managers.LogPrinter print
INFO: Введите логин: 
May 15, 2023 7:04:13 AM managers.LogPrinter print
INFO: Введите пароль: 
May 15, 2023 7:04:15 AM managers.LogPrinter print
INFO: Пользователь Admin успешно зарегистрирован
May 15, 2023 7:04:15 AM managers.LogPrinter println
INFO: Пользователь Admin успешно зарегистрирован
May 15, 2023 7:04:15 AM managers.LogPrinter print
INFO: [
May 15, 2023 7:04:15 AM managers.LogPrinter print
INFO: Admin
May 15, 2023 7:04:15 AM managers.LogPrinter print
INFO: ] >>> 
May 15, 2023 7:04:22 AM managers.CommandExecutor run
INFO: show
May 15, 2023 7:04:22 AM managers.LogPrinter print
INFO:     ***    ***    ***

Flat №8
    name: 1
    coordinates: X: 2; Y: 3.0
    creationDate: 2023-05-15T06:13:10.190003+03:00[Europe/Moscow]
    area: 4
    numberOfRooms: 5
    timeToMetroOnFoot: 6.0
    timeToMetroByTransport: 7.0
    furnish: FINE
House:
    name: 8
    year: 9
    numberOfFloors: 10
    numberOfLifts: 11

    ***    ***    ***
    ***    ***    ***

Flat №9
    name: 1
    coordinates: X: 2; Y: 3.0
    creationDate: 2023-05-15T06:13:24.362786+03:00[Europe/Moscow]
    area: 4
    numberOfRooms: 5
    timeToMetroOnFoot: 6.0
    timeToMetroByTransport: 7.0
    furnish: FINE
House:
    name: 8
    year: 9
    numberOfFloors: 10
    numberOfLifts: 11

    ***    ***    ***
    ***    ***    ***

Flat №10
    name: 1
    coordinates: X: 2; Y: 3.0
    creationDate: 2023-05-15T06:13:25.081264+03:00[Europe/Moscow]
    area: 4
    numberOfRooms: 5
    timeToMetroOnFoot: 6.0
    timeToMetroByTransport: 7.0
    furnish: FINE
House:
    name: 8
    year: 9
    numberOfFloors: 10
    numberOfLifts: 11

    ***    ***    ***
    ***    ***    ***

Flat №11
    name: 1
    coordinates: X: 2; Y: 3.0
    creationDate: 2023-05-15T06:13:25.679623+03:00[Europe/Moscow]
    area: 4
    numberOfRooms: 5
    timeToMetroOnFoot: 6.0
    timeToMetroByTransport: 7.0
    furnish: FINE
House:
    name: 8
    year: 9
    numberOfFloors: 10
    numberOfLifts: 11

    ***    ***    ***
    ***    ***    ***

Flat №12
    name: 1
    coordinates: X: 2; Y: 3.0
    creationDate: 2023-05-15T06:13:26.387115+03:00[Europe/Moscow]
    area: 4
    numberOfRooms: 5
    timeToMetroOnFoot: 6.0
    timeToMetroByTransport: 7.0
    furnish: FINE
House:
    name: 8
    year: 9
    numberOfFloors: 10
    numberOfLifts: 11

    ***    ***    ***
    ***    ***    ***

Flat №13
    name: 1
    coordinates: X: 2; Y: 3.0
    creationDate: 2023-05-15T06:13:27.048866+03:00[Europe/Moscow]
    area: 4
    numberOfRooms: 5
    timeToMetroOnFoot: 6.0
    timeToMetroByTransport: 7.0
    furnish: FINE
House:
    name: 8
    year: 9
    numberOfFloors: 10
    numberOfLifts: 11

    ***    ***    ***
    ***    ***    ***

Flat №14
    name: 1
    coordinates: X: 2; Y: 3.0
    creationDate: 2023-05-15T06:13:27.689698+03:00[Europe/Moscow]
    area: 4
    numberOfRooms: 5
    timeToMetroOnFoot: 6.0
    timeToMetroByTransport: 7.0
    furnish: FINE
House:
    name: 8
    year: 9
    numberOfFloors: 10
    numberOfLifts: 11

    ***    ***    ***

May 15, 2023 7:04:22 AM managers.LogPrinter println
INFO:     ***    ***    ***

Flat №8
    name: 1
    coordinates: X: 2; Y: 3.0
    creationDate: 2023-05-15T06:13:10.190003+03:00[Europe/Moscow]
    area: 4
    numberOfRooms: 5
    timeToMetroOnFoot: 6.0
    timeToMetroByTransport: 7.0
    furnish: FINE
House:
    name: 8
    year: 9
    numberOfFloors: 10
    numberOfLifts: 11

    ***    ***    ***
    ***    ***    ***

Flat №9
    name: 1
    coordinates: X: 2; Y: 3.0
    creationDate: 2023-05-15T06:13:24.362786+03:00[Europe/Moscow]
    area: 4
    numberOfRooms: 5
    timeToMetroOnFoot: 6.0
    timeToMetroByTransport: 7.0
    furnish: FINE
House:
    name: 8
    year: 9
    numberOfFloors: 10
    numberOfLifts: 11

    ***    ***    ***
    ***    ***    ***

Flat №10
    name: 1
    coordinates: X: 2; Y: 3.0
    creationDate: 2023-05-15T06:13:25.081264+03:00[Europe/Moscow]
    area: 4
    numberOfRooms: 5
    timeToMetroOnFoot: 6.0
    timeToMetroByTransport: 7.0
    furnish: FINE
House:
    name: 8
    year: 9
    numberOfFloors: 10
    numberOfLifts: 11

    ***    ***    ***
    ***    ***    ***

Flat №11
    name: 1
    coordinates: X: 2; Y: 3.0
    creationDate: 2023-05-15T06:13:25.679623+03:00[Europe/Moscow]
    area: 4
    numberOfRooms: 5
    timeToMetroOnFoot: 6.0
    timeToMetroByTransport: 7.0
    furnish: FINE
House:
    name: 8
    year: 9
    numberOfFloors: 10
    numberOfLifts: 11

    ***    ***    ***
    ***    ***    ***

Flat №12
    name: 1
    coordinates: X: 2; Y: 3.0
    creationDate: 2023-05-15T06:13:26.387115+03:00[Europe/Moscow]
    area: 4
    numberOfRooms: 5
    timeToMetroOnFoot: 6.0
    timeToMetroByTransport: 7.0
    furnish: FINE
House:
    name: 8
    year: 9
    numberOfFloors: 10
    numberOfLifts: 11

    ***    ***    ***
    ***    ***    ***

Flat №13
    name: 1
    coordinates: X: 2; Y: 3.0
    creationDate: 2023-05-15T06:13:27.048866+03:00[Europe/Moscow]
    area: 4
    numberOfRooms: 5
    timeToMetroOnFoot: 6.0
    timeToMetroByTransport: 7.0
    furnish: FINE
House:
    name: 8
    year: 9
    numberOfFloors: 10
    numberOfLifts: 11

    ***    ***    ***
    ***    ***    ***

Flat №14
    name: 1
    coordinates: X: 2; Y: 3.0
    creationDate: 2023-05-15T06:13:27.689698+03:00[Europe/Moscow]
    area: 4
    numberOfRooms: 5
    timeToMetroOnFoot: 6.0
    timeToMetroByTransport: 7.0
    furnish: FINE
House:
    name: 8
    year: 9
    numberOfFloors: 10
    numberOfLifts: 11

    ***    ***    ***

May 15, 2023 7:04:22 AM managers.LogPrinter print
INFO: [
May 15, 2023 7:04:22 AM managers.LogPrinter print
INFO: Admin
May 15, 2023 7:04:22 AM managers.LogPrinter print
INFO: ] >>> 
May 15, 2023 7:04:24 AM managers.CommandExecutor run
INFO: info
May 15, 2023 7:04:24 AM managers.LogPrinter print
INFO: 
Collection ArrayDeque
Size: 7 elements
CreationDate: 2023-05-15T06:13:10.190003+03:00[Europe/Moscow]
LastElementID: 14

May 15, 2023 7:04:24 AM managers.LogPrinter println
INFO: 
Collection ArrayDeque
Size: 7 elements
CreationDate: 2023-05-15T06:13:10.190003+03:00[Europe/Moscow]
LastElementID: 14

May 15, 2023 7:04:24 AM managers.LogPrinter print
INFO: [
May 15, 2023 7:04:24 AM managers.LogPrinter print
INFO: Admin
May 15, 2023 7:04:24 AM managers.LogPrinter print
INFO: ] >>> 
May 15, 2023 7:04:25 AM managers.CommandExecutor run
INFO: add
May 15, 2023 7:04:25 AM managers.LogPrinter print
INFO: Введите Name (String), /q для отмены:
May 15, 2023 7:04:25 AM managers.LogPrinter println
INFO: Введите Name (String), /q для отмены:
May 15, 2023 7:04:25 AM managers.LogPrinter print
INFO: Введите координаты x, y (Long, Double):
May 15, 2023 7:04:25 AM managers.LogPrinter println
INFO: Введите координаты x, y (Long, Double):
May 15, 2023 7:04:26 AM managers.LogPrinter print
INFO: Введите area (Integer): 
May 15, 2023 7:04:26 AM managers.LogPrinter println
INFO: Введите area (Integer): 
May 15, 2023 7:04:27 AM managers.LogPrinter print
INFO: Введите numberOfRooms (Integer):
May 15, 2023 7:04:27 AM managers.LogPrinter println
INFO: Введите numberOfRooms (Integer):
May 15, 2023 7:04:27 AM managers.LogPrinter print
INFO: Введите timeToMetroOnFoot (Float):
May 15, 2023 7:04:27 AM managers.LogPrinter println
INFO: Введите timeToMetroOnFoot (Float):
May 15, 2023 7:04:27 AM managers.LogPrinter print
INFO: Введите timeToMetroByTransport (Double):
May 15, 2023 7:04:27 AM managers.LogPrinter println
INFO: Введите timeToMetroByTransport (Double):
May 15, 2023 7:04:27 AM managers.LogPrinter print
INFO: Введите furnish (Enum [NONE, DESIGNER, FINE, LITTLE]):
May 15, 2023 7:04:27 AM managers.LogPrinter println
INFO: Введите furnish (Enum [NONE, DESIGNER, FINE, LITTLE]):
May 15, 2023 7:04:29 AM managers.LogPrinter print
INFO: Введите name of House (String):
May 15, 2023 7:04:29 AM managers.LogPrinter println
INFO: Введите name of House (String):
May 15, 2023 7:04:30 AM managers.LogPrinter print
INFO: Введите year of House (Long):
May 15, 2023 7:04:30 AM managers.LogPrinter println
INFO: Введите year of House (Long):
May 15, 2023 7:04:30 AM managers.LogPrinter print
INFO: Введите numberOfFloors of House (Long):
May 15, 2023 7:04:30 AM managers.LogPrinter println
INFO: Введите numberOfFloors of House (Long):
May 15, 2023 7:04:30 AM managers.LogPrinter print
INFO: Введите numberOfLifts of House (Int):
May 15, 2023 7:04:30 AM managers.LogPrinter println
INFO: Введите numberOfLifts of House (Int):
May 15, 2023 7:04:30 AM managers.LogPrinter print
INFO: Объект 1 добавлен в коллекцию.
May 15, 2023 7:04:30 AM managers.LogPrinter println
INFO: Объект 1 добавлен в коллекцию.
May 15, 2023 7:04:30 AM managers.LogPrinter print
INFO: [
May 15, 2023 7:04:30 AM managers.LogPrinter print
INFO: Admin
May 15, 2023 7:04:30 AM managers.LogPrinter print
INFO: ] >>> 
May 15, 2023 7:04:31 AM managers.CommandExecutor run
INFO: 1
May 15, 2023 7:04:31 AM managers.LogPrinter print
INFO: Неизвестная команда
May 15, 2023 7:04:31 AM managers.LogPrinter println
INFO: Неизвестная команда
May 15, 2023 7:04:31 AM managers.LogPrinter print
INFO: [
May 15, 2023 7:04:31 AM managers.LogPrinter print
INFO: Admin
May 15, 2023 7:04:31 AM managers.LogPrinter print
INFO: ] >>> 
May 15, 2023 7:05:33 AM managers.CommandExecutor run
INFO: HELP
May 15, 2023 7:05:33 AM managers.LogPrinter print
INFO: Неизвестная команда
May 15, 2023 7:05:33 AM managers.LogPrinter println
INFO: Неизвестная команда
May 15, 2023 7:05:33 AM managers.LogPrinter print
INFO: [
May 15, 2023 7:05:33 AM managers.LogPrinter print
INFO: Admin
May 15, 2023 7:05:33 AM managers.LogPrinter print
INFO: ] >>> 
May 15, 2023 7:05:34 AM managers.CommandExecutor run
INFO: help
May 15, 2023 7:05:34 AM managers.LogPrinter print
INFO: 
remove_head: Вывести первый элемент коллекции и удалить его
add {element}: Добавить новый элемент в коллекцию
count_by_time_to_metro_on_foot timeToMetroOnFoot: Вывести количество элементов, значение поля timeToMetroOnFoot которых равно заданному
execute_script file_name: Cчитать и исполнить скрипт из указанного файла. В скрипте содержатся команды в таком же виде, в котором их вводит пользователь в интерактивном режиме.
show: Вывести в стандартный поток вывода все элементы коллекции в строковом представлении
clear: Очистить коллекцию
update id {element}: Обновить значение элемента коллекции, id которого равен заданному
remove_by_id id: Удалить элемент из коллекции по его id
remove_lower: Удалить из коллекции все элементы, меньшие, чем заданный
head: Вывести первый элемент коллекции
help: Вывести справку по доступным командам
exit: Завершить программу (без сохранения в файл)
print_descending: Вывести элементы коллекции в порядке убывания
average_of_time_to_metro_by_transport: Вывести среднее значение поля timeToMetroByTransport для всех элементов коллекции
info: Вывести в стандартный поток вывода информацию о коллекции (тип, дата инициализации, количество элементов и т.д.)

May 15, 2023 7:05:34 AM managers.LogPrinter println
INFO: 
remove_head: Вывести первый элемент коллекции и удалить его
add {element}: Добавить новый элемент в коллекцию
count_by_time_to_metro_on_foot timeToMetroOnFoot: Вывести количество элементов, значение поля timeToMetroOnFoot которых равно заданному
execute_script file_name: Cчитать и исполнить скрипт из указанного файла. В скрипте содержатся команды в таком же виде, в котором их вводит пользователь в интерактивном режиме.
show: Вывести в стандартный поток вывода все элементы коллекции в строковом представлении
clear: Очистить коллекцию
update id {element}: Обновить значение элемента коллекции, id которого равен заданному
remove_by_id id: Удалить элемент из коллекции по его id
remove_lower: Удалить из коллекции все элементы, меньшие, чем заданный
head: Вывести первый элемент коллекции
help: Вывести справку по доступным командам
exit: Завершить программу (без сохранения в файл)
print_descending: Вывести элементы коллекции в порядке убывания
average_of_time_to_metro_by_transport: Вывести среднее значение поля timeToMetroByTransport для всех элементов коллекции
info: Вывести в стандартный поток вывода информацию о коллекции (тип, дата инициализации, количество элементов и т.д.)

May 15, 2023 7:05:34 AM managers.LogPrinter print
INFO: [
May 15, 2023 7:05:34 AM managers.LogPrinter print
INFO: Admin
May 15, 2023 7:05:34 AM managers.LogPrinter print
INFO: ] >>> 
