May 25, 2023 11:51:45 PM managers.LogPrinter print
INFO: Client started running on [
May 25, 2023 11:51:45 PM managers.LogPrinter print
INFO: localhost
May 25, 2023 11:51:45 PM managers.LogPrinter print
INFO: ][
May 25, 2023 11:51:45 PM managers.LogPrinter print
INFO: 1234
May 25, 2023 11:51:45 PM managers.LogPrinter print
INFO: ]


May 25, 2023 11:51:45 PM managers.LogPrinter print
INFO: >>> 
May 25, 2023 11:51:47 PM managers.CommandExecutor run
INFO: /login
May 25, 2023 11:51:47 PM managers.LogPrinter print
INFO: Введите логин: 
May 25, 2023 11:51:48 PM managers.LogPrinter print
INFO: Введите пароль: 
May 25, 2023 11:51:49 PM managers.LogPrinter print
INFO: Успешная авторизация.
May 25, 2023 11:51:49 PM managers.LogPrinter println
INFO: Успешная авторизация.
May 25, 2023 11:51:49 PM managers.LogPrinter print
INFO: [
May 25, 2023 11:51:49 PM managers.LogPrinter print
INFO: Kuchizu
May 25, 2023 11:51:49 PM managers.LogPrinter print
INFO: ] >>> 
May 25, 2023 11:51:55 PM managers.CommandExecutor run
INFO: execute_script testadd
May 25, 2023 11:51:55 PM managers.LogPrinter print
INFO: add 1 2 3 4 5 6 7 FINE 8 9 10 11
May 25, 2023 11:51:55 PM managers.LogPrinter print
INFO: Объект 1 добавлен в коллекцию.
May 25, 2023 11:51:55 PM managers.LogPrinter println
INFO: Объект 1 добавлен в коллекцию.
May 25, 2023 11:51:55 PM managers.LogPrinter print
INFO: [
May 25, 2023 11:51:55 PM managers.LogPrinter print
INFO: Kuchizu
May 25, 2023 11:51:55 PM managers.LogPrinter print
INFO: ] >>> 
May 25, 2023 11:52:06 PM managers.CommandExecutor run
INFO: info
May 25, 2023 11:52:06 PM managers.LogPrinter print
INFO: Неизвестная команда: testadd

May 25, 2023 11:52:06 PM managers.LogPrinter println
INFO: Неизвестная команда: testadd

May 25, 2023 11:52:06 PM managers.LogPrinter print
INFO: [
May 25, 2023 11:52:06 PM managers.LogPrinter print
INFO: Kuchizu
May 25, 2023 11:52:06 PM managers.LogPrinter print
INFO: ] >>> 
May 25, 2023 11:52:08 PM managers.CommandExecutor run
INFO: info
May 25, 2023 11:52:08 PM managers.LogPrinter print
INFO: 
Collection ArrayDeque
Size: 1 elements
CreationDate: 2023-05-25T23:51:55.118402099+03:00[Europe/Moscow]
LastElementID: 4

May 25, 2023 11:52:08 PM managers.LogPrinter println
INFO: 
Collection ArrayDeque
Size: 1 elements
CreationDate: 2023-05-25T23:51:55.118402099+03:00[Europe/Moscow]
LastElementID: 4

May 25, 2023 11:52:08 PM managers.LogPrinter print
INFO: [
May 25, 2023 11:52:08 PM managers.LogPrinter print
INFO: Kuchizu
May 25, 2023 11:52:08 PM managers.LogPrinter print
INFO: ] >>> 
May 25, 2023 11:52:11 PM managers.CommandExecutor run
INFO: info
May 25, 2023 11:52:11 PM managers.LogPrinter print
INFO: 
Collection ArrayDeque
Size: 1 elements
CreationDate: 2023-05-25T23:51:55.118402099+03:00[Europe/Moscow]
LastElementID: 4

May 25, 2023 11:52:11 PM managers.LogPrinter println
INFO: 
Collection ArrayDeque
Size: 1 elements
CreationDate: 2023-05-25T23:51:55.118402099+03:00[Europe/Moscow]
LastElementID: 4

May 25, 2023 11:52:11 PM managers.LogPrinter print
INFO: [
May 25, 2023 11:52:11 PM managers.LogPrinter print
INFO: Kuchizu
May 25, 2023 11:52:11 PM managers.LogPrinter print
INFO: ] >>> 
May 25, 2023 11:52:20 PM managers.CommandExecutor run
INFO: execute_script testadd
May 25, 2023 11:52:20 PM managers.LogPrinter print
INFO: add 1 2 3 4 5 6 7 FINE 8 9 10 11
May 25, 2023 11:52:20 PM managers.LogPrinter print
INFO: 
Collection ArrayDeque
Size: 1 elements
CreationDate: 2023-05-25T23:51:55.118402099+03:00[Europe/Moscow]
LastElementID: 4

May 25, 2023 11:52:20 PM managers.LogPrinter println
INFO: 
Collection ArrayDeque
Size: 1 elements
CreationDate: 2023-05-25T23:51:55.118402099+03:00[Europe/Moscow]
LastElementID: 4

May 25, 2023 11:52:20 PM managers.LogPrinter print
INFO: [
May 25, 2023 11:52:20 PM managers.LogPrinter print
INFO: Kuchizu
May 25, 2023 11:52:20 PM managers.LogPrinter print
INFO: ] >>> 
May 25, 2023 11:52:21 PM managers.CommandExecutor run
INFO: 
May 25, 2023 11:52:21 PM managers.LogPrinter print
INFO: [
May 25, 2023 11:52:21 PM managers.LogPrinter print
INFO: Kuchizu
May 25, 2023 11:52:21 PM managers.LogPrinter print
INFO: ] >>> 
May 25, 2023 11:52:21 PM managers.CommandExecutor run
INFO: 
May 25, 2023 11:52:21 PM managers.LogPrinter print
INFO: [
May 25, 2023 11:52:21 PM managers.LogPrinter print
INFO: Kuchizu
May 25, 2023 11:52:21 PM managers.LogPrinter print
INFO: ] >>> 
May 25, 2023 11:52:21 PM managers.CommandExecutor run
INFO: 
May 25, 2023 11:52:21 PM managers.LogPrinter print
INFO: [
May 25, 2023 11:52:21 PM managers.LogPrinter print
INFO: Kuchizu
May 25, 2023 11:52:21 PM managers.LogPrinter print
INFO: ] >>> 
May 25, 2023 11:52:22 PM managers.CommandExecutor run
INFO: 
May 25, 2023 11:52:22 PM managers.LogPrinter print
INFO: [
May 25, 2023 11:52:22 PM managers.LogPrinter print
INFO: Kuchizu
May 25, 2023 11:52:22 PM managers.LogPrinter print
INFO: ] >>> 
May 25, 2023 11:52:23 PM managers.CommandExecutor run
INFO: info
May 25, 2023 11:52:23 PM managers.LogPrinter print
INFO: Объект 1 добавлен в коллекцию.
May 25, 2023 11:52:23 PM managers.LogPrinter println
INFO: Объект 1 добавлен в коллекцию.
May 25, 2023 11:52:23 PM managers.LogPrinter print
INFO: [
May 25, 2023 11:52:23 PM managers.LogPrinter print
INFO: Kuchizu
May 25, 2023 11:52:23 PM managers.LogPrinter print
INFO: ] >>> 
May 25, 2023 11:52:26 PM managers.CommandExecutor run
INFO: info
May 25, 2023 11:52:26 PM managers.LogPrinter print
INFO: Неизвестная команда: testadd

May 25, 2023 11:52:26 PM managers.LogPrinter println
INFO: Неизвестная команда: testadd

May 25, 2023 11:52:26 PM managers.LogPrinter print
INFO: [
May 25, 2023 11:52:26 PM managers.LogPrinter print
INFO: Kuchizu
May 25, 2023 11:52:26 PM managers.LogPrinter print
INFO: ] >>> 
May 25, 2023 11:52:27 PM managers.CommandExecutor run
INFO: 
May 25, 2023 11:52:27 PM managers.LogPrinter print
INFO: [
May 25, 2023 11:52:27 PM managers.LogPrinter print
INFO: Kuchizu
May 25, 2023 11:52:27 PM managers.LogPrinter print
INFO: ] >>> 
May 25, 2023 11:52:27 PM managers.CommandExecutor run
INFO: 
May 25, 2023 11:52:27 PM managers.LogPrinter print
INFO: [
May 25, 2023 11:52:27 PM managers.LogPrinter print
INFO: Kuchizu
May 25, 2023 11:52:27 PM managers.LogPrinter print
INFO: ] >>> 
May 25, 2023 11:52:27 PM managers.CommandExecutor run
INFO: 
May 25, 2023 11:52:27 PM managers.LogPrinter print
INFO: [
May 25, 2023 11:52:27 PM managers.LogPrinter print
INFO: Kuchizu
May 25, 2023 11:52:27 PM managers.LogPrinter print
INFO: ] >>> 
May 25, 2023 11:52:27 PM managers.CommandExecutor run
INFO: 
May 25, 2023 11:52:27 PM managers.LogPrinter print
INFO: [
May 25, 2023 11:52:27 PM managers.LogPrinter print
INFO: Kuchizu
May 25, 2023 11:52:27 PM managers.LogPrinter print
INFO: ] >>> 
May 25, 2023 11:52:28 PM managers.CommandExecutor run
INFO: info
May 25, 2023 11:52:28 PM managers.LogPrinter print
INFO: 
Collection ArrayDeque
Size: 2 elements
CreationDate: 2023-05-25T23:51:55.118402099+03:00[Europe/Moscow]
LastElementID: 5

May 25, 2023 11:52:28 PM managers.LogPrinter println
INFO: 
Collection ArrayDeque
Size: 2 elements
CreationDate: 2023-05-25T23:51:55.118402099+03:00[Europe/Moscow]
LastElementID: 5

May 25, 2023 11:52:28 PM managers.LogPrinter print
INFO: [
May 25, 2023 11:52:28 PM managers.LogPrinter print
INFO: Kuchizu
May 25, 2023 11:52:28 PM managers.LogPrinter print
INFO: ] >>> 
May 25, 2023 11:57:32 PM managers.CommandExecutor run
INFO: /login
May 25, 2023 11:57:32 PM managers.LogPrinter print
INFO: Введите логин: 
May 25, 2023 11:57:33 PM managers.LogPrinter print
INFO: Введите пароль: 
May 25, 2023 11:57:33 PM managers.LogPrinter print
INFO: 
Collection ArrayDeque
Size: 2 elements
CreationDate: 2023-05-25T23:51:55.118402099+03:00[Europe/Moscow]
LastElementID: 5

May 25, 2023 11:57:33 PM managers.LogPrinter println
INFO: 
Collection ArrayDeque
Size: 2 elements
CreationDate: 2023-05-25T23:51:55.118402099+03:00[Europe/Moscow]
LastElementID: 5

May 25, 2023 11:57:33 PM managers.LogPrinter print
INFO: [
May 25, 2023 11:57:33 PM managers.LogPrinter print
INFO: Kuchizu
May 25, 2023 11:57:33 PM managers.LogPrinter print
INFO: ] >>> 
May 25, 2023 11:57:36 PM managers.CommandExecutor run
INFO: 
May 25, 2023 11:57:36 PM managers.LogPrinter print
INFO: [
May 25, 2023 11:57:36 PM managers.LogPrinter print
INFO: Kuchizu
May 25, 2023 11:57:36 PM managers.LogPrinter print
INFO: ] >>> 
May 25, 2023 11:57:37 PM managers.CommandExecutor run
INFO: 
May 25, 2023 11:57:37 PM managers.LogPrinter print
INFO: [
May 25, 2023 11:57:37 PM managers.LogPrinter print
INFO: Kuchizu
May 25, 2023 11:57:37 PM managers.LogPrinter print
INFO: ] >>> 
May 25, 2023 11:57:37 PM managers.CommandExecutor run
INFO: info
May 25, 2023 11:57:37 PM managers.LogPrinter print
INFO: 
Collection ArrayDeque
Size: 2 elements
CreationDate: 2023-05-25T23:51:55.118402099+03:00[Europe/Moscow]
LastElementID: 5

May 25, 2023 11:57:37 PM managers.LogPrinter println
INFO: 
Collection ArrayDeque
Size: 2 elements
CreationDate: 2023-05-25T23:51:55.118402099+03:00[Europe/Moscow]
LastElementID: 5

May 25, 2023 11:57:37 PM managers.LogPrinter print
INFO: [
May 25, 2023 11:57:37 PM managers.LogPrinter print
INFO: Kuchizu
May 25, 2023 11:57:37 PM managers.LogPrinter print
INFO: ] >>> 
May 25, 2023 11:57:38 PM managers.CommandExecutor run
INFO: 
May 25, 2023 11:57:38 PM managers.LogPrinter print
INFO: [
May 25, 2023 11:57:38 PM managers.LogPrinter print
INFO: Kuchizu
May 25, 2023 11:57:38 PM managers.LogPrinter print
INFO: ] >>> 
May 25, 2023 11:57:38 PM managers.CommandExecutor run
INFO: 
May 25, 2023 11:57:38 PM managers.LogPrinter print
INFO: [
May 25, 2023 11:57:38 PM managers.LogPrinter print
INFO: Kuchizu
May 25, 2023 11:57:38 PM managers.LogPrinter print
INFO: ] >>> 
May 25, 2023 11:57:39 PM managers.CommandExecutor run
INFO: /login
May 25, 2023 11:57:39 PM managers.LogPrinter print
INFO: Введите логин: 
May 25, 2023 11:57:40 PM managers.LogPrinter print
INFO: Введите пароль: 
May 25, 2023 11:57:41 PM managers.LogPrinter print
INFO: Wrong password for user Kuchizu
May 25, 2023 11:57:41 PM managers.LogPrinter println
INFO: Wrong password for user Kuchizu
May 25, 2023 11:57:41 PM managers.LogPrinter print
INFO: [
May 25, 2023 11:57:41 PM managers.LogPrinter print
INFO: Kuchizu
May 25, 2023 11:57:41 PM managers.LogPrinter print
INFO: ] >>> 
May 25, 2023 11:57:44 PM managers.CommandExecutor run
INFO: /login
May 25, 2023 11:57:44 PM managers.LogPrinter print
INFO: Введите логин: 
May 25, 2023 11:57:45 PM managers.LogPrinter print
INFO: Введите пароль: 
May 25, 2023 11:57:45 PM managers.LogPrinter print
INFO: Collection ArrayDeque
Size: 0 elements

May 25, 2023 11:57:45 PM managers.LogPrinter println
INFO: Collection ArrayDeque
Size: 0 elements

May 25, 2023 11:57:45 PM managers.LogPrinter print
INFO: [
May 25, 2023 11:57:45 PM managers.LogPrinter print
INFO: Kuchizu
May 25, 2023 11:57:45 PM managers.LogPrinter print
INFO: ] >>> 
