May 25, 2023 11:50:39 PM managers.LogPrinter print
INFO: Client started running on [
May 25, 2023 11:50:39 PM managers.LogPrinter print
INFO: localhost
May 25, 2023 11:50:39 PM managers.LogPrinter print
INFO: ][
May 25, 2023 11:50:39 PM managers.LogPrinter print
INFO: 1234
May 25, 2023 11:50:39 PM managers.LogPrinter print
INFO: ]


May 25, 2023 11:50:39 PM managers.LogPrinter print
INFO: >>> 
May 25, 2023 11:50:43 PM managers.CommandExecutor run
INFO: /login
May 25, 2023 11:50:43 PM managers.LogPrinter print
INFO: Введите логин: 
May 25, 2023 11:50:45 PM managers.LogPrinter print
INFO: Введите пароль: 
May 25, 2023 11:50:47 PM managers.LogPrinter print
INFO: Успешная авторизация.
May 25, 2023 11:50:47 PM managers.LogPrinter println
INFO: Успешная авторизация.
May 25, 2023 11:50:47 PM managers.LogPrinter print
INFO: [
May 25, 2023 11:50:47 PM managers.LogPrinter print
INFO: Kuchizu
May 25, 2023 11:50:47 PM managers.LogPrinter print
INFO: ] >>> 
May 25, 2023 11:50:49 PM managers.CommandExecutor run
INFO: info
May 25, 2023 11:50:49 PM managers.LogPrinter print
INFO: 
Collection ArrayDeque
Size: 1 elements
CreationDate: 2023-05-25T23:46:43.981693+03:00[Europe/Moscow]
LastElementID: 3

May 25, 2023 11:50:49 PM managers.LogPrinter println
INFO: 
Collection ArrayDeque
Size: 1 elements
CreationDate: 2023-05-25T23:46:43.981693+03:00[Europe/Moscow]
LastElementID: 3

May 25, 2023 11:50:49 PM managers.LogPrinter print
INFO: [
May 25, 2023 11:50:49 PM managers.LogPrinter print
INFO: Kuchizu
May 25, 2023 11:50:49 PM managers.LogPrinter print
INFO: ] >>> 
May 25, 2023 11:51:06 PM managers.CommandExecutor run
INFO: info
May 25, 2023 11:51:06 PM managers.LogPrinter print
INFO: Collection ArrayDeque
Size: 0 elements

May 25, 2023 11:51:06 PM managers.LogPrinter println
INFO: Collection ArrayDeque
Size: 0 elements

May 25, 2023 11:51:06 PM managers.LogPrinter print
INFO: [
May 25, 2023 11:51:06 PM managers.LogPrinter print
INFO: Kuchizu
May 25, 2023 11:51:06 PM managers.LogPrinter print
INFO: ] >>> 
