May 17, 2023 2:47:28 PM managers.LogPrinter print
INFO: Client started running on [
May 17, 2023 2:47:28 PM managers.LogPrinter print
INFO: localhost
May 17, 2023 2:47:28 PM managers.LogPrinter print
INFO: ][
May 17, 2023 2:47:28 PM managers.LogPrinter print
INFO: 1234
May 17, 2023 2:47:28 PM managers.LogPrinter print
INFO: ]


May 17, 2023 2:47:28 PM managers.LogPrinter print
INFO: >>> 
May 17, 2023 2:48:30 PM managers.CommandExecutor run
INFO: /login
May 17, 2023 2:48:30 PM managers.LogPrinter print
INFO: Введите логин: 
May 17, 2023 2:48:32 PM managers.LogPrinter print
INFO: Введите пароль: 
May 17, 2023 2:48:33 PM managers.LogPrinter print
INFO: Успешная авторизация.
May 17, 2023 2:48:33 PM managers.LogPrinter println
INFO: Успешная авторизация.
May 17, 2023 2:48:33 PM managers.LogPrinter print
INFO: [
May 17, 2023 2:48:33 PM managers.LogPrinter print
INFO: Kuchizu
May 17, 2023 2:48:33 PM managers.LogPrinter print
INFO: ] >>> 
