May 15, 2023 3:45:39 AM managers.LogPrinter print
INFO: [
May 15, 2023 3:45:39 AM managers.LogPrinter print
INFO: /127.0.0.1
May 15, 2023 3:45:39 AM managers.LogPrinter print
INFO: ][
May 15, 2023 3:45:39 AM managers.LogPrinter print
INFO: 38802
May 15, 2023 3:45:39 AM managers.LogPrinter print
INFO: ]: [Connected]

May 15, 2023 3:45:48 AM managers.LogPrinter print
INFO: [
May 15, 2023 3:45:48 AM managers.LogPrinter print
INFO: /127.0.0.1
May 15, 2023 3:45:48 AM managers.LogPrinter print
INFO: ][
May 15, 2023 3:45:48 AM managers.LogPrinter print
INFO: 38802
May 15, 2023 3:45:48 AM managers.LogPrinter print
INFO: ]: Got message:

May 15, 2023 3:45:48 AM managers.LogPrinter print
INFO: InfoPacket{cmd = '/login', arg = 'null', login = 'Kuchizu', password = 'kometa'}
May 15, 2023 3:45:48 AM managers.LogPrinter print
INFO: 

May 15, 2023 3:45:48 AM managers.LogPrinter print
INFO: [
May 15, 2023 3:45:48 AM managers.LogPrinter print
INFO: /127.0.0.1
May 15, 2023 3:45:48 AM managers.LogPrinter print
INFO: ][
May 15, 2023 3:45:48 AM managers.LogPrinter print
INFO: 38802
May 15, 2023 3:45:48 AM managers.LogPrinter print
INFO: ]: Sent response.


May 15, 2023 3:45:49 AM managers.LogPrinter print
INFO: [
May 15, 2023 3:45:49 AM managers.LogPrinter print
INFO: /127.0.0.1
May 15, 2023 3:45:49 AM managers.LogPrinter print
INFO: ][
May 15, 2023 3:45:49 AM managers.LogPrinter print
INFO: 38802
May 15, 2023 3:45:49 AM managers.LogPrinter print
INFO: ]: Got message:

May 15, 2023 3:45:49 AM managers.LogPrinter print
INFO: InfoPacket{cmd = 'help', arg = 'null', login = 'Kuchizu', password = 'kometa'}
May 15, 2023 3:45:49 AM managers.LogPrinter print
INFO: 

May 15, 2023 3:45:49 AM managers.LogPrinter print
INFO: [
May 15, 2023 3:45:49 AM managers.LogPrinter print
INFO: /127.0.0.1
May 15, 2023 3:45:49 AM managers.LogPrinter print
INFO: ][
May 15, 2023 3:45:49 AM managers.LogPrinter print
INFO: 38802
May 15, 2023 3:45:49 AM managers.LogPrinter print
INFO: ]: Sent response.


May 15, 2023 3:46:41 AM managers.LogPrinter print
INFO: [
May 15, 2023 3:46:41 AM managers.LogPrinter print
INFO: /127.0.0.1
May 15, 2023 3:46:41 AM managers.LogPrinter print
INFO: ][
May 15, 2023 3:46:41 AM managers.LogPrinter print
INFO: 39200
May 15, 2023 3:46:41 AM managers.LogPrinter print
INFO: ]: [Connected]

May 15, 2023 3:46:56 AM managers.LogPrinter print
INFO: [
May 15, 2023 3:46:56 AM managers.LogPrinter print
INFO: /127.0.0.1
May 15, 2023 3:46:56 AM managers.LogPrinter print
INFO: ][
May 15, 2023 3:46:56 AM managers.LogPrinter print
INFO: 39200
May 15, 2023 3:46:56 AM managers.LogPrinter print
INFO: ]: Got message:

May 15, 2023 3:46:56 AM managers.LogPrinter print
INFO: InfoPacket{cmd = '/login', arg = 'null', login = 'Kuchizu', password = 'kometa'}
May 15, 2023 3:46:56 AM managers.LogPrinter print
INFO: 

May 15, 2023 3:46:56 AM managers.LogPrinter print
INFO: [
May 15, 2023 3:46:56 AM managers.LogPrinter print
INFO: /127.0.0.1
May 15, 2023 3:46:56 AM managers.LogPrinter print
INFO: ][
May 15, 2023 3:46:56 AM managers.LogPrinter print
INFO: 39200
May 15, 2023 3:46:56 AM managers.LogPrinter print
INFO: ]: Sent response.


May 15, 2023 3:46:58 AM managers.LogPrinter print
INFO: [
May 15, 2023 3:46:58 AM managers.LogPrinter print
INFO: /127.0.0.1
May 15, 2023 3:46:58 AM managers.LogPrinter print
INFO: ][
May 15, 2023 3:46:58 AM managers.LogPrinter print
INFO: 39200
May 15, 2023 3:46:58 AM managers.LogPrinter print
INFO: ]: Got message:

May 15, 2023 3:46:58 AM managers.LogPrinter print
INFO: InfoPacket{cmd = 'info', arg = 'null', login = 'Kuchizu', password = 'kometa'}
May 15, 2023 3:46:58 AM managers.LogPrinter print
INFO: 

May 15, 2023 3:46:58 AM managers.LogPrinter print
INFO: [
May 15, 2023 3:46:58 AM managers.LogPrinter print
INFO: /127.0.0.1
May 15, 2023 3:46:58 AM managers.LogPrinter print
INFO: ][
May 15, 2023 3:46:58 AM managers.LogPrinter print
INFO: 39200
May 15, 2023 3:46:58 AM managers.LogPrinter print
INFO: ]: Sent response.


May 15, 2023 3:47:01 AM managers.LogPrinter print
INFO: [
May 15, 2023 3:47:01 AM managers.LogPrinter print
INFO: /127.0.0.1
May 15, 2023 3:47:01 AM managers.LogPrinter print
INFO: ][
May 15, 2023 3:47:01 AM managers.LogPrinter print
INFO: 39200
May 15, 2023 3:47:01 AM managers.LogPrinter print
INFO: ]: Got message:

May 15, 2023 3:47:01 AM managers.LogPrinter print
INFO: InfoPacket{cmd = 'help', arg = 'null', login = 'Kuchizu', password = 'kometa'}
May 15, 2023 3:47:01 AM managers.LogPrinter print
INFO: 

May 15, 2023 3:47:01 AM managers.LogPrinter print
INFO: [
May 15, 2023 3:47:01 AM managers.LogPrinter print
INFO: /127.0.0.1
May 15, 2023 3:47:01 AM managers.LogPrinter print
INFO: ][
May 15, 2023 3:47:01 AM managers.LogPrinter print
INFO: 39200
May 15, 2023 3:47:01 AM managers.LogPrinter print
INFO: ]: Sent response.


