May 15, 2023 5:50:29 AM managers.LogPrinter print
INFO: [
May 15, 2023 5:50:29 AM managers.LogPrinter print
INFO: /127.0.0.1
May 15, 2023 5:50:29 AM managers.LogPrinter print
INFO: ][
May 15, 2023 5:50:29 AM managers.LogPrinter print
INFO: 54275
May 15, 2023 5:50:29 AM managers.LogPrinter print
INFO: ]: [Connected]

May 15, 2023 5:50:40 AM managers.LogPrinter print
INFO: [
May 15, 2023 5:50:40 AM managers.LogPrinter print
INFO: /127.0.0.1
May 15, 2023 5:50:40 AM managers.LogPrinter print
INFO: ][
May 15, 2023 5:50:40 AM managers.LogPrinter print
INFO: 54275
May 15, 2023 5:50:40 AM managers.LogPrinter print
INFO: ]: Got message:

May 15, 2023 5:50:40 AM managers.LogPrinter print
INFO: InfoPacket{cmd = '/login', arg = 'null', login = 'Kuchizu', password = 'kometa'}
May 15, 2023 5:50:40 AM managers.LogPrinter print
INFO: 

May 15, 2023 5:50:40 AM managers.LogPrinter print
INFO: [
May 15, 2023 5:50:40 AM managers.LogPrinter print
INFO: /127.0.0.1
May 15, 2023 5:50:40 AM managers.LogPrinter print
INFO: ][
May 15, 2023 5:50:40 AM managers.LogPrinter print
INFO: 54275
May 15, 2023 5:50:40 AM managers.LogPrinter print
INFO: ]: Sent response.


May 15, 2023 5:50:42 AM managers.LogPrinter print
INFO: [
May 15, 2023 5:50:42 AM managers.LogPrinter print
INFO: /127.0.0.1
May 15, 2023 5:50:42 AM managers.LogPrinter print
INFO: ][
May 15, 2023 5:50:42 AM managers.LogPrinter print
INFO: 54275
May 15, 2023 5:50:42 AM managers.LogPrinter print
INFO: ]: Got message:

May 15, 2023 5:50:42 AM managers.LogPrinter print
INFO: InfoPacket{cmd = 'remove_by_id', arg = '123', login = 'Kuchizu', password = 'kometa'}
May 15, 2023 5:50:42 AM managers.LogPrinter print
INFO: 

May 15, 2023 5:50:43 AM managers.LogPrinter print
INFO: [
May 15, 2023 5:50:43 AM managers.LogPrinter print
INFO: /127.0.0.1
May 15, 2023 5:50:43 AM managers.LogPrinter print
INFO: ][
May 15, 2023 5:50:43 AM managers.LogPrinter print
INFO: 54275
May 15, 2023 5:50:43 AM managers.LogPrinter print
INFO: ]: Sent response.


May 15, 2023 5:50:48 AM managers.LogPrinter print
INFO: [
May 15, 2023 5:50:48 AM managers.LogPrinter print
INFO: /127.0.0.1
May 15, 2023 5:50:48 AM managers.LogPrinter print
INFO: ][
May 15, 2023 5:50:48 AM managers.LogPrinter print
INFO: 54275
May 15, 2023 5:50:48 AM managers.LogPrinter print
INFO: ]: Got message:

May 15, 2023 5:50:48 AM managers.LogPrinter print
INFO: InfoPacket{cmd = 'show', arg = 'null', login = 'Kuchizu', password = 'kometa'}
May 15, 2023 5:50:48 AM managers.LogPrinter print
INFO: 

May 15, 2023 5:50:48 AM managers.LogPrinter print
INFO: [
May 15, 2023 5:50:48 AM managers.LogPrinter print
INFO: /127.0.0.1
May 15, 2023 5:50:48 AM managers.LogPrinter print
INFO: ][
May 15, 2023 5:50:48 AM managers.LogPrinter print
INFO: 54275
May 15, 2023 5:50:48 AM managers.LogPrinter print
INFO: ]: Sent response.


May 15, 2023 5:51:01 AM managers.LogPrinter print
INFO: [
May 15, 2023 5:51:01 AM managers.LogPrinter print
INFO: /127.0.0.1
May 15, 2023 5:51:01 AM managers.LogPrinter print
INFO: ][
May 15, 2023 5:51:01 AM managers.LogPrinter print
INFO: 54275
May 15, 2023 5:51:01 AM managers.LogPrinter print
INFO: ]: Got message:

May 15, 2023 5:51:01 AM managers.LogPrinter print
INFO: InfoPacket{cmd = 'add', arg = 'null', login = 'Kuchizu', password = 'kometa'}
May 15, 2023 5:51:01 AM managers.LogPrinter print
INFO: 

May 15, 2023 5:51:01 AM managers.LogPrinter print
INFO: [
May 15, 2023 5:51:01 AM managers.LogPrinter print
INFO: /127.0.0.1
May 15, 2023 5:51:01 AM managers.LogPrinter print
INFO: ][
May 15, 2023 5:51:01 AM managers.LogPrinter print
INFO: 54275
May 15, 2023 5:51:01 AM managers.LogPrinter print
INFO: ]: Sent response.


May 15, 2023 5:51:03 AM managers.LogPrinter print
INFO: [
May 15, 2023 5:51:03 AM managers.LogPrinter print
INFO: /127.0.0.1
May 15, 2023 5:51:03 AM managers.LogPrinter print
INFO: ][
May 15, 2023 5:51:03 AM managers.LogPrinter print
INFO: 54275
May 15, 2023 5:51:03 AM managers.LogPrinter print
INFO: ]: Got message:

May 15, 2023 5:51:03 AM managers.LogPrinter print
INFO: InfoPacket{cmd = 'help', arg = 'null', login = 'Kuchizu', password = 'kometa'}
May 15, 2023 5:51:03 AM managers.LogPrinter print
INFO: 

May 15, 2023 5:51:03 AM managers.LogPrinter print
INFO: [
May 15, 2023 5:51:03 AM managers.LogPrinter print
INFO: /127.0.0.1
May 15, 2023 5:51:03 AM managers.LogPrinter print
INFO: ][
May 15, 2023 5:51:03 AM managers.LogPrinter print
INFO: 54275
May 15, 2023 5:51:03 AM managers.LogPrinter print
INFO: ]: Sent response.


May 15, 2023 5:51:04 AM managers.LogPrinter print
INFO: [
May 15, 2023 5:51:04 AM managers.LogPrinter print
INFO: /127.0.0.1
May 15, 2023 5:51:04 AM managers.LogPrinter print
INFO: ][
May 15, 2023 5:51:04 AM managers.LogPrinter print
INFO: 54275
May 15, 2023 5:51:04 AM managers.LogPrinter print
INFO: ]: Got message:

May 15, 2023 5:51:04 AM managers.LogPrinter print
INFO: InfoPacket{cmd = 'show', arg = 'null', login = 'Kuchizu', password = 'kometa'}
May 15, 2023 5:51:04 AM managers.LogPrinter print
INFO: 

May 15, 2023 5:51:04 AM managers.LogPrinter print
INFO: [
May 15, 2023 5:51:04 AM managers.LogPrinter print
INFO: /127.0.0.1
May 15, 2023 5:51:04 AM managers.LogPrinter print
INFO: ][
May 15, 2023 5:51:04 AM managers.LogPrinter print
INFO: 54275
May 15, 2023 5:51:04 AM managers.LogPrinter print
INFO: ]: Sent response.


May 15, 2023 5:51:09 AM managers.LogPrinter print
INFO: [
May 15, 2023 5:51:09 AM managers.LogPrinter print
INFO: /127.0.0.1
May 15, 2023 5:51:09 AM managers.LogPrinter print
INFO: ][
May 15, 2023 5:51:09 AM managers.LogPrinter print
INFO: 54275
May 15, 2023 5:51:09 AM managers.LogPrinter print
INFO: ]: Got message:

May 15, 2023 5:51:09 AM managers.LogPrinter print
INFO: InfoPacket{cmd = 'remove_by_id', arg = '6', login = 'Kuchizu', password = 'kometa'}
May 15, 2023 5:51:09 AM managers.LogPrinter print
INFO: 

May 15, 2023 5:51:09 AM managers.LogPrinter print
INFO: [
May 15, 2023 5:51:09 AM managers.LogPrinter print
INFO: /127.0.0.1
May 15, 2023 5:51:09 AM managers.LogPrinter print
INFO: ][
May 15, 2023 5:51:09 AM managers.LogPrinter print
INFO: 54275
May 15, 2023 5:51:09 AM managers.LogPrinter print
INFO: ]: Sent response.


May 15, 2023 5:51:17 AM managers.LogPrinter print
INFO: [
May 15, 2023 5:51:17 AM managers.LogPrinter print
INFO: /127.0.0.1
May 15, 2023 5:51:17 AM managers.LogPrinter print
INFO: ][
May 15, 2023 5:51:17 AM managers.LogPrinter print
INFO: 54275
May 15, 2023 5:51:17 AM managers.LogPrinter print
INFO: ]: Got message:

May 15, 2023 5:51:17 AM managers.LogPrinter print
INFO: InfoPacket{cmd = 'show', arg = 'null', login = 'Kuchizu', password = 'kometa'}
May 15, 2023 5:51:17 AM managers.LogPrinter print
INFO: 

May 15, 2023 5:51:17 AM managers.LogPrinter print
INFO: [
May 15, 2023 5:51:17 AM managers.LogPrinter print
INFO: /127.0.0.1
May 15, 2023 5:51:17 AM managers.LogPrinter print
INFO: ][
May 15, 2023 5:51:17 AM managers.LogPrinter print
INFO: 54275
May 15, 2023 5:51:17 AM managers.LogPrinter print
INFO: ]: Sent response.


May 15, 2023 5:52:05 AM managers.LogPrinter print
INFO: [
May 15, 2023 5:52:05 AM managers.LogPrinter print
INFO: /127.0.0.1
May 15, 2023 5:52:05 AM managers.LogPrinter print
INFO: ][
May 15, 2023 5:52:05 AM managers.LogPrinter print
INFO: 54275
May 15, 2023 5:52:05 AM managers.LogPrinter print
INFO: ]: Got message:

May 15, 2023 5:52:05 AM managers.LogPrinter print
INFO: InfoPacket{cmd = 'help', arg = 'null', login = 'Kuchizu', password = 'kometa'}
May 15, 2023 5:52:05 AM managers.LogPrinter print
INFO: 

May 15, 2023 5:52:05 AM managers.LogPrinter print
INFO: [
May 15, 2023 5:52:05 AM managers.LogPrinter print
INFO: /127.0.0.1
May 15, 2023 5:52:05 AM managers.LogPrinter print
INFO: ][
May 15, 2023 5:52:05 AM managers.LogPrinter print
INFO: 54275
May 15, 2023 5:52:05 AM managers.LogPrinter print
INFO: ]: Sent response.


May 15, 2023 5:52:11 AM managers.LogPrinter print
INFO: [
May 15, 2023 5:52:11 AM managers.LogPrinter print
INFO: /127.0.0.1
May 15, 2023 5:52:11 AM managers.LogPrinter print
INFO: ][
May 15, 2023 5:52:11 AM managers.LogPrinter print
INFO: 54275
May 15, 2023 5:52:11 AM managers.LogPrinter print
INFO: ]: Got message:

May 15, 2023 5:52:11 AM managers.LogPrinter print
INFO: InfoPacket{cmd = 'head', arg = 'null', login = 'Kuchizu', password = 'kometa'}
May 15, 2023 5:52:11 AM managers.LogPrinter print
INFO: 

May 15, 2023 5:52:11 AM managers.LogPrinter print
INFO: [
May 15, 2023 5:52:11 AM managers.LogPrinter print
INFO: /127.0.0.1
May 15, 2023 5:52:11 AM managers.LogPrinter print
INFO: ][
May 15, 2023 5:52:11 AM managers.LogPrinter print
INFO: 54275
May 15, 2023 5:52:11 AM managers.LogPrinter print
INFO: ]: Sent response.


May 15, 2023 5:52:19 AM managers.LogPrinter print
INFO: [
May 15, 2023 5:52:19 AM managers.LogPrinter print
INFO: /127.0.0.1
May 15, 2023 5:52:19 AM managers.LogPrinter print
INFO: ][
May 15, 2023 5:52:19 AM managers.LogPrinter print
INFO: 54275
May 15, 2023 5:52:19 AM managers.LogPrinter print
INFO: ]: Got message:

May 15, 2023 5:52:19 AM managers.LogPrinter print
INFO: InfoPacket{cmd = 'print_descending', arg = 'null', login = 'Kuchizu', password = 'kometa'}
May 15, 2023 5:52:19 AM managers.LogPrinter print
INFO: 

May 15, 2023 5:52:19 AM managers.LogPrinter print
INFO: [
May 15, 2023 5:52:19 AM managers.LogPrinter print
INFO: /127.0.0.1
May 15, 2023 5:52:19 AM managers.LogPrinter print
INFO: ][
May 15, 2023 5:52:19 AM managers.LogPrinter print
INFO: 54275
May 15, 2023 5:52:19 AM managers.LogPrinter print
INFO: ]: Sent response.


May 15, 2023 5:52:28 AM managers.LogPrinter print
INFO: [
May 15, 2023 5:52:28 AM managers.LogPrinter print
INFO: /127.0.0.1
May 15, 2023 5:52:28 AM managers.LogPrinter print
INFO: ][
May 15, 2023 5:52:28 AM managers.LogPrinter print
INFO: 54275
May 15, 2023 5:52:28 AM managers.LogPrinter print
INFO: ]: Got message:

May 15, 2023 5:52:28 AM managers.LogPrinter print
INFO: InfoPacket{cmd = 'add', arg = 'null', login = 'Kuchizu', password = 'kometa'}
May 15, 2023 5:52:28 AM managers.LogPrinter print
INFO: 

May 15, 2023 5:52:28 AM managers.LogPrinter print
INFO: [
May 15, 2023 5:52:28 AM managers.LogPrinter print
INFO: /127.0.0.1
May 15, 2023 5:52:28 AM managers.LogPrinter print
INFO: ][
May 15, 2023 5:52:28 AM managers.LogPrinter print
INFO: 54275
May 15, 2023 5:52:28 AM managers.LogPrinter print
INFO: ]: Sent response.


May 15, 2023 5:52:32 AM managers.LogPrinter print
INFO: [
May 15, 2023 5:52:32 AM managers.LogPrinter print
INFO: /127.0.0.1
May 15, 2023 5:52:32 AM managers.LogPrinter print
INFO: ][
May 15, 2023 5:52:32 AM managers.LogPrinter print
INFO: 54275
May 15, 2023 5:52:32 AM managers.LogPrinter print
INFO: ]: Got message:

May 15, 2023 5:52:32 AM managers.LogPrinter print
INFO: InfoPacket{cmd = 'print_descending', arg = 'null', login = 'Kuchizu', password = 'kometa'}
May 15, 2023 5:52:32 AM managers.LogPrinter print
INFO: 

May 15, 2023 5:52:32 AM managers.LogPrinter print
INFO: [
May 15, 2023 5:52:32 AM managers.LogPrinter print
INFO: /127.0.0.1
May 15, 2023 5:52:32 AM managers.LogPrinter print
INFO: ][
May 15, 2023 5:52:32 AM managers.LogPrinter print
INFO: 54275
May 15, 2023 5:52:32 AM managers.LogPrinter print
INFO: ]: Sent response.


May 15, 2023 5:52:34 AM managers.LogPrinter print
INFO: [
May 15, 2023 5:52:34 AM managers.LogPrinter print
INFO: /127.0.0.1
May 15, 2023 5:52:34 AM managers.LogPrinter print
INFO: ][
May 15, 2023 5:52:34 AM managers.LogPrinter print
INFO: 54275
May 15, 2023 5:52:34 AM managers.LogPrinter print
INFO: ]: Got message:

May 15, 2023 5:52:34 AM managers.LogPrinter print
INFO: InfoPacket{cmd = 'help', arg = 'null', login = 'Kuchizu', password = 'kometa'}
May 15, 2023 5:52:34 AM managers.LogPrinter print
INFO: 

May 15, 2023 5:52:34 AM managers.LogPrinter print
INFO: [
May 15, 2023 5:52:34 AM managers.LogPrinter print
INFO: /127.0.0.1
May 15, 2023 5:52:34 AM managers.LogPrinter print
INFO: ][
May 15, 2023 5:52:34 AM managers.LogPrinter print
INFO: 54275
May 15, 2023 5:52:34 AM managers.LogPrinter print
INFO: ]: Sent response.


May 15, 2023 5:52:38 AM managers.LogPrinter print
INFO: [
May 15, 2023 5:52:38 AM managers.LogPrinter print
INFO: /127.0.0.1
May 15, 2023 5:52:38 AM managers.LogPrinter print
INFO: ][
May 15, 2023 5:52:38 AM managers.LogPrinter print
INFO: 54275
May 15, 2023 5:52:38 AM managers.LogPrinter print
INFO: ]: Got message:

May 15, 2023 5:52:38 AM managers.LogPrinter print
INFO: InfoPacket{cmd = 'average_of_time_to_metro_by_transport', arg = 'null', login = 'Kuchizu', password = 'kometa'}
May 15, 2023 5:52:38 AM managers.LogPrinter print
INFO: 

May 15, 2023 5:52:38 AM managers.LogPrinter print
INFO: [
May 15, 2023 5:52:38 AM managers.LogPrinter print
INFO: /127.0.0.1
May 15, 2023 5:52:38 AM managers.LogPrinter print
INFO: ][
May 15, 2023 5:52:38 AM managers.LogPrinter print
INFO: 54275
May 15, 2023 5:52:38 AM managers.LogPrinter print
INFO: ]: Sent response.


May 15, 2023 5:52:42 AM managers.LogPrinter print
INFO: [
May 15, 2023 5:52:42 AM managers.LogPrinter print
INFO: /127.0.0.1
May 15, 2023 5:52:42 AM managers.LogPrinter print
INFO: ][
May 15, 2023 5:52:42 AM managers.LogPrinter print
INFO: 54275
May 15, 2023 5:52:42 AM managers.LogPrinter print
INFO: ]: Got message:

May 15, 2023 5:52:42 AM managers.LogPrinter print
INFO: InfoPacket{cmd = 'info', arg = 'null', login = 'Kuchizu', password = 'kometa'}
May 15, 2023 5:52:42 AM managers.LogPrinter print
INFO: 

May 15, 2023 5:52:42 AM managers.LogPrinter print
INFO: [
May 15, 2023 5:52:42 AM managers.LogPrinter print
INFO: /127.0.0.1
May 15, 2023 5:52:42 AM managers.LogPrinter print
INFO: ][
May 15, 2023 5:52:42 AM managers.LogPrinter print
INFO: 54275
May 15, 2023 5:52:42 AM managers.LogPrinter print
INFO: ]: Sent response.


