May 15, 2023 6:55:11 PM managers.LogPrinter print
INFO: [
May 15, 2023 6:55:11 PM managers.LogPrinter print
INFO: /127.0.0.1
May 15, 2023 6:55:11 PM managers.LogPrinter print
INFO: ][
May 15, 2023 6:55:11 PM managers.LogPrinter print
INFO: 53738
May 15, 2023 6:55:11 PM managers.LogPrinter print
INFO: ]: [Connected]

May 15, 2023 6:55:11 PM managers.LogPrinter print
INFO: [
May 15, 2023 6:55:11 PM managers.LogPrinter print
INFO: /127.0.0.1
May 15, 2023 6:55:11 PM managers.LogPrinter print
INFO: ][
May 15, 2023 6:55:11 PM managers.LogPrinter print
INFO: 53738
May 15, 2023 6:55:11 PM managers.LogPrinter print
INFO: ]: Got message:

May 15, 2023 6:55:11 PM managers.LogPrinter print
INFO: InfoPacket{cmd = 'connectme', arg = 'null', login = 'null', password = 'null'}
May 15, 2023 6:55:11 PM managers.LogPrinter print
INFO: 

May 15, 2023 6:58:41 PM managers.LogPrinter print
INFO: [
May 15, 2023 6:58:41 PM managers.LogPrinter print
INFO: /127.0.0.1
May 15, 2023 6:58:41 PM managers.LogPrinter print
INFO: ][
May 15, 2023 6:58:41 PM managers.LogPrinter print
INFO: 53738
May 15, 2023 6:58:41 PM managers.LogPrinter print
INFO: ]: Got message:

May 15, 2023 6:58:41 PM managers.LogPrinter print
INFO: InfoPacket{cmd = '/login', arg = 'null', login = 'Kuchizu', password = 'kometa'}
May 15, 2023 6:58:41 PM managers.LogPrinter print
INFO: 

May 15, 2023 6:58:41 PM managers.LogPrinter print
INFO: [
May 15, 2023 6:58:41 PM managers.LogPrinter print
INFO: /127.0.0.1
May 15, 2023 6:58:41 PM managers.LogPrinter print
INFO: ][
May 15, 2023 6:58:41 PM managers.LogPrinter print
INFO: 53738
May 15, 2023 6:58:41 PM managers.LogPrinter print
INFO: ]: Sent response.


May 15, 2023 6:58:43 PM managers.LogPrinter print
INFO: [
May 15, 2023 6:58:43 PM managers.LogPrinter print
INFO: /127.0.0.1
May 15, 2023 6:58:43 PM managers.LogPrinter print
INFO: ][
May 15, 2023 6:58:43 PM managers.LogPrinter print
INFO: 53738
May 15, 2023 6:58:43 PM managers.LogPrinter print
INFO: ]: Got message:

May 15, 2023 6:58:43 PM managers.LogPrinter print
INFO: InfoPacket{cmd = 'info', arg = 'null', login = 'Kuchizu', password = 'kometa'}
May 15, 2023 6:58:43 PM managers.LogPrinter print
INFO: 

May 15, 2023 6:58:43 PM managers.LogPrinter print
INFO: [
May 15, 2023 6:58:43 PM managers.LogPrinter print
INFO: /127.0.0.1
May 15, 2023 6:58:43 PM managers.LogPrinter print
INFO: ][
May 15, 2023 6:58:43 PM managers.LogPrinter print
INFO: 53738
May 15, 2023 6:58:43 PM managers.LogPrinter print
INFO: ]: Sent response.


May 15, 2023 6:58:45 PM managers.LogPrinter print
INFO: [
May 15, 2023 6:58:45 PM managers.LogPrinter print
INFO: /127.0.0.1
May 15, 2023 6:58:45 PM managers.LogPrinter print
INFO: ][
May 15, 2023 6:58:45 PM managers.LogPrinter print
INFO: 53738
May 15, 2023 6:58:45 PM managers.LogPrinter print
INFO: ]: Got message:

May 15, 2023 6:58:45 PM managers.LogPrinter print
INFO: InfoPacket{cmd = 'clear', arg = 'null', login = 'Kuchizu', password = 'kometa'}
May 15, 2023 6:58:45 PM managers.LogPrinter print
INFO: 

May 15, 2023 6:58:45 PM managers.LogPrinter print
INFO: [
May 15, 2023 6:58:45 PM managers.LogPrinter print
INFO: /127.0.0.1
May 15, 2023 6:58:45 PM managers.LogPrinter print
INFO: ][
May 15, 2023 6:58:45 PM managers.LogPrinter print
INFO: 53738
May 15, 2023 6:58:45 PM managers.LogPrinter print
INFO: ]: Sent response.


May 15, 2023 6:58:46 PM managers.LogPrinter print
INFO: [
May 15, 2023 6:58:46 PM managers.LogPrinter print
INFO: /127.0.0.1
May 15, 2023 6:58:46 PM managers.LogPrinter print
INFO: ][
May 15, 2023 6:58:46 PM managers.LogPrinter print
INFO: 53738
May 15, 2023 6:58:46 PM managers.LogPrinter print
INFO: ]: Got message:

May 15, 2023 6:58:46 PM managers.LogPrinter print
INFO: InfoPacket{cmd = 'info', arg = 'null', login = 'Kuchizu', password = 'kometa'}
May 15, 2023 6:58:46 PM managers.LogPrinter print
INFO: 

May 15, 2023 6:58:46 PM managers.LogPrinter print
INFO: [
May 15, 2023 6:58:46 PM managers.LogPrinter print
INFO: /127.0.0.1
May 15, 2023 6:58:46 PM managers.LogPrinter print
INFO: ][
May 15, 2023 6:58:46 PM managers.LogPrinter print
INFO: 53738
May 15, 2023 6:58:46 PM managers.LogPrinter print
INFO: ]: Sent response.


