May 03, 2023 2:23:18 PM managers.LogPrinter print
INFO: Server started handling [
May 03, 2023 2:23:18 PM managers.LogPrinter print
INFO: Kuchizu/127.0.1.1
May 03, 2023 2:23:18 PM managers.LogPrinter print
INFO: ][
May 03, 2023 2:23:18 PM managers.LogPrinter print
INFO: 10101
May 03, 2023 2:23:18 PM managers.LogPrinter print
INFO: ].

May 03, 2023 2:23:43 PM managers.LogPrinter print
INFO: [
May 03, 2023 2:23:43 PM managers.LogPrinter print
INFO: /127.0.0.1
May 03, 2023 2:23:43 PM managers.LogPrinter print
INFO: ][
May 03, 2023 2:23:43 PM managers.LogPrinter print
INFO: 33431
May 03, 2023 2:23:43 PM managers.LogPrinter print
INFO: ]: [Connected]

May 03, 2023 2:23:44 PM managers.LogPrinter print
INFO: [
May 03, 2023 2:23:44 PM managers.LogPrinter print
INFO: /127.0.0.1
May 03, 2023 2:23:44 PM managers.LogPrinter print
INFO: ][
May 03, 2023 2:23:44 PM managers.LogPrinter print
INFO: 33431
May 03, 2023 2:23:44 PM managers.LogPrinter print
INFO: ]: Got message:

May 03, 2023 2:23:44 PM managers.LogPrinter print
INFO: InfoPacket{cmd='info', arg='null'}
May 03, 2023 2:23:44 PM managers.LogPrinter print
INFO: 

May 03, 2023 2:23:44 PM managers.LogPrinter print
INFO: [
May 03, 2023 2:23:44 PM managers.LogPrinter print
INFO: /127.0.0.1
May 03, 2023 2:23:44 PM managers.LogPrinter print
INFO: ][
May 03, 2023 2:23:44 PM managers.LogPrinter print
INFO: 33431
May 03, 2023 2:23:44 PM managers.LogPrinter print
INFO: ]: Sent response.


