May 17, 2023 2:05:23 PM managers.LogPrinter print
INFO: Server started handling [
May 17, 2023 2:05:23 PM managers.LogPrinter print
INFO: Kuchizu/127.0.1.1
May 17, 2023 2:05:23 PM managers.LogPrinter print
INFO: ][
May 17, 2023 2:05:23 PM managers.LogPrinter print
INFO: 1234
May 17, 2023 2:05:23 PM managers.LogPrinter print
INFO: ].

May 17, 2023 2:05:32 PM managers.LogPrinter print
INFO: [
May 17, 2023 2:05:32 PM managers.LogPrinter print
INFO: /127.0.0.1
May 17, 2023 2:05:32 PM managers.LogPrinter print
INFO: ][
May 17, 2023 2:05:32 PM managers.LogPrinter print
INFO: 58963
May 17, 2023 2:05:32 PM managers.LogPrinter print
INFO: ]: Got message:

May 17, 2023 2:05:32 PM managers.LogPrinter print
INFO: InfoPacket{cmd='/login', arg='null'}
May 17, 2023 2:05:32 PM managers.LogPrinter print
INFO: 

