May 15, 2023 1:38:21 AM managers.LogPrinter print
INFO: Client started running on [
May 15, 2023 1:38:21 AM managers.LogPrinter print
INFO: localhost
May 15, 2023 1:38:21 AM managers.LogPrinter print
INFO: ][
May 15, 2023 1:38:21 AM managers.LogPrinter print
INFO: 1234
May 15, 2023 1:38:21 AM managers.LogPrinter print
INFO: ]


May 15, 2023 1:38:21 AM managers.LogPrinter print
INFO: >>> 
May 15, 2023 1:38:24 AM managers.CommandExecutor run
INFO: info
May 15, 2023 1:38:24 AM managers.LogPrinter print
INFO: 
Collection ArrayDeque
Size: 2 elements
CreationDate: 2023-05-14T18:52:14.622322+03:00[Europe/Moscow]
LastElementID: 1216448913

May 15, 2023 1:38:24 AM managers.LogPrinter println
INFO: 
Collection ArrayDeque
Size: 2 elements
CreationDate: 2023-05-14T18:52:14.622322+03:00[Europe/Moscow]
LastElementID: 1216448913

May 15, 2023 1:38:24 AM managers.LogPrinter print
INFO: >>> 
May 15, 2023 1:38:25 AM managers.CommandExecutor run
INFO: help
May 15, 2023 1:38:25 AM managers.LogPrinter print
INFO: 
remove_head: Вывести первый элемент коллекции и удалить его
count_by_time_to_metro_on_foot timeToMetroOnFoot: Вывести количество элементов, значение поля timeToMetroOnFoot которых равно заданному
execute_script file_name: Cчитать и исполнить скрипт из указанного файла. В скрипте содержатся команды в таком же виде, в котором их вводит пользователь в интерактивном режиме.
show: Вывести в стандартный поток вывода все элементы коллекции в строковом представлении
clear: Очистить коллекцию
update id {element}: Обновить значение элемента коллекции, id которого равен заданному
remove_by_id id: Удалить элемент из коллекции по его id
remove_lower: Удалить из коллекции все элементы, меньшие, чем заданный
head: Вывести первый элемент коллекции
help: Вывести справку по доступным командам
exit: Завершить программу (без сохранения в файл)
print_descending: Вывести элементы коллекции в порядке убывания
average_of_time_to_metro_by_transport: Вывести среднее значение поля timeToMetroByTransport для всех элементов коллекции
info: Вывести в стандартный поток вывода информацию о коллекции (тип, дата инициализации, количество элементов и т.д.)

May 15, 2023 1:38:25 AM managers.LogPrinter println
INFO: 
remove_head: Вывести первый элемент коллекции и удалить его
count_by_time_to_metro_on_foot timeToMetroOnFoot: Вывести количество элементов, значение поля timeToMetroOnFoot которых равно заданному
execute_script file_name: Cчитать и исполнить скрипт из указанного файла. В скрипте содержатся команды в таком же виде, в котором их вводит пользователь в интерактивном режиме.
show: Вывести в стандартный поток вывода все элементы коллекции в строковом представлении
clear: Очистить коллекцию
update id {element}: Обновить значение элемента коллекции, id которого равен заданному
remove_by_id id: Удалить элемент из коллекции по его id
remove_lower: Удалить из коллекции все элементы, меньшие, чем заданный
head: Вывести первый элемент коллекции
help: Вывести справку по доступным командам
exit: Завершить программу (без сохранения в файл)
print_descending: Вывести элементы коллекции в порядке убывания
average_of_time_to_metro_by_transport: Вывести среднее значение поля timeToMetroByTransport для всех элементов коллекции
info: Вывести в стандартный поток вывода информацию о коллекции (тип, дата инициализации, количество элементов и т.д.)

May 15, 2023 1:38:25 AM managers.LogPrinter print
INFO: >>> 
May 15, 2023 1:38:30 AM managers.CommandExecutor run
INFO: remove_head
May 15, 2023 1:38:30 AM managers.LogPrinter print
INFO: 
    ***    ***    ***

Flat №3
    name: 1
    coordinates: X: 1; Y: 1.1
    creationDate: 2023-05-14T18:52:14.622322+03:00[Europe/Moscow]
    area: 1
    numberOfRooms: 1
    timeToMetroOnFoot: 1.1
    timeToMetroByTransport: 1.123
    furnish: DESIGNER
House:
    name: 1
    year: 1
    numberOfFloors: 1
    numberOfLifts: 1

    ***    ***    ***

May 15, 2023 1:38:30 AM managers.LogPrinter println
INFO: 
    ***    ***    ***

Flat №3
    name: 1
    coordinates: X: 1; Y: 1.1
    creationDate: 2023-05-14T18:52:14.622322+03:00[Europe/Moscow]
    area: 1
    numberOfRooms: 1
    timeToMetroOnFoot: 1.1
    timeToMetroByTransport: 1.123
    furnish: DESIGNER
House:
    name: 1
    year: 1
    numberOfFloors: 1
    numberOfLifts: 1

    ***    ***    ***

May 15, 2023 1:38:30 AM managers.LogPrinter print
INFO: >>> 
