May 15, 2023 6:38:46 PM managers.LogPrinter print
INFO: Client started running on [
May 15, 2023 6:38:46 PM managers.LogPrinter print
INFO: localhost
May 15, 2023 6:38:46 PM managers.LogPrinter print
INFO: ][
May 15, 2023 6:38:46 PM managers.LogPrinter print
INFO: 1234
May 15, 2023 6:38:46 PM managers.LogPrinter print
INFO: ]


May 15, 2023 6:38:46 PM managers.LogPrinter print
INFO: >>> 
May 15, 2023 6:38:48 PM managers.CommandExecutor run
INFO: /login
May 15, 2023 6:38:48 PM managers.LogPrinter print
INFO: Введите логин: 
May 15, 2023 6:38:50 PM managers.LogPrinter print
INFO: Введите пароль: 
May 15, 2023 6:38:53 PM managers.LogPrinter print
INFO: Успешная авторизация.
May 15, 2023 6:38:53 PM managers.LogPrinter println
INFO: Успешная авторизация.
May 15, 2023 6:38:53 PM managers.LogPrinter print
INFO: [
May 15, 2023 6:38:53 PM managers.LogPrinter print
INFO: Kuchizu
May 15, 2023 6:38:53 PM managers.LogPrinter print
INFO: ] >>> 
May 15, 2023 6:39:00 PM managers.CommandExecutor run
INFO: info
May 15, 2023 6:39:00 PM managers.LogPrinter print
INFO: 
Collection ArrayDeque
Size: 1 elements
CreationDate: 2023-05-15T07:04:30.682844+03:00[Europe/Moscow]
LastElementID: 18

May 15, 2023 6:39:00 PM managers.LogPrinter println
INFO: 
Collection ArrayDeque
Size: 1 elements
CreationDate: 2023-05-15T07:04:30.682844+03:00[Europe/Moscow]
LastElementID: 18

May 15, 2023 6:39:00 PM managers.LogPrinter print
INFO: [
May 15, 2023 6:39:00 PM managers.LogPrinter print
INFO: Kuchizu
May 15, 2023 6:39:00 PM managers.LogPrinter print
INFO: ] >>> 
May 15, 2023 6:39:03 PM managers.CommandExecutor run
INFO: help
May 15, 2023 6:39:03 PM managers.LogPrinter print
INFO: 
remove_head: Вывести первый элемент коллекции и удалить его
add {element}: Добавить новый элемент в коллекцию
count_by_time_to_metro_on_foot timeToMetroOnFoot: Вывести количество элементов, значение поля timeToMetroOnFoot которых равно заданному
execute_script file_name: Cчитать и исполнить скрипт из указанного файла. В скрипте содержатся команды в таком же виде, в котором их вводит пользователь в интерактивном режиме.
show: Вывести в стандартный поток вывода все элементы коллекции в строковом представлении
clear: Очистить коллекцию
update id {element}: Обновить значение элемента коллекции, id которого равен заданному
remove_by_id id: Удалить элемент из коллекции по его id
remove_lower: Удалить из коллекции все элементы, меньшие, чем заданный
head: Вывести первый элемент коллекции
help: Вывести справку по доступным командам
exit: Завершить программу (без сохранения в файл)
print_descending: Вывести элементы коллекции в порядке убывания
average_of_time_to_metro_by_transport: Вывести среднее значение поля timeToMetroByTransport для всех элементов коллекции
info: Вывести в стандартный поток вывода информацию о коллекции (тип, дата инициализации, количество элементов и т.д.)

May 15, 2023 6:39:03 PM managers.LogPrinter println
INFO: 
remove_head: Вывести первый элемент коллекции и удалить его
add {element}: Добавить новый элемент в коллекцию
count_by_time_to_metro_on_foot timeToMetroOnFoot: Вывести количество элементов, значение поля timeToMetroOnFoot которых равно заданному
execute_script file_name: Cчитать и исполнить скрипт из указанного файла. В скрипте содержатся команды в таком же виде, в котором их вводит пользователь в интерактивном режиме.
show: Вывести в стандартный поток вывода все элементы коллекции в строковом представлении
clear: Очистить коллекцию
update id {element}: Обновить значение элемента коллекции, id которого равен заданному
remove_by_id id: Удалить элемент из коллекции по его id
remove_lower: Удалить из коллекции все элементы, меньшие, чем заданный
head: Вывести первый элемент коллекции
help: Вывести справку по доступным командам
exit: Завершить программу (без сохранения в файл)
print_descending: Вывести элементы коллекции в порядке убывания
average_of_time_to_metro_by_transport: Вывести среднее значение поля timeToMetroByTransport для всех элементов коллекции
info: Вывести в стандартный поток вывода информацию о коллекции (тип, дата инициализации, количество элементов и т.д.)

May 15, 2023 6:39:03 PM managers.LogPrinter print
INFO: [
May 15, 2023 6:39:03 PM managers.LogPrinter print
INFO: Kuchizu
May 15, 2023 6:39:03 PM managers.LogPrinter print
INFO: ] >>> 
May 15, 2023 6:39:06 PM managers.CommandExecutor run
INFO: clear
May 15, 2023 6:39:06 PM managers.LogPrinter print
INFO: Removed 0 objects in collection.
May 15, 2023 6:39:06 PM managers.LogPrinter println
INFO: Removed 0 objects in collection.
May 15, 2023 6:39:06 PM managers.LogPrinter print
INFO: [
May 15, 2023 6:39:06 PM managers.LogPrinter print
INFO: Kuchizu
May 15, 2023 6:39:06 PM managers.LogPrinter print
INFO: ] >>> 
May 15, 2023 6:39:11 PM managers.CommandExecutor run
INFO: help
May 15, 2023 6:39:11 PM managers.LogPrinter print
INFO: 
remove_head: Вывести первый элемент коллекции и удалить его
add {element}: Добавить новый элемент в коллекцию
count_by_time_to_metro_on_foot timeToMetroOnFoot: Вывести количество элементов, значение поля timeToMetroOnFoot которых равно заданному
execute_script file_name: Cчитать и исполнить скрипт из указанного файла. В скрипте содержатся команды в таком же виде, в котором их вводит пользователь в интерактивном режиме.
show: Вывести в стандартный поток вывода все элементы коллекции в строковом представлении
clear: Очистить коллекцию
update id {element}: Обновить значение элемента коллекции, id которого равен заданному
remove_by_id id: Удалить элемент из коллекции по его id
remove_lower: Удалить из коллекции все элементы, меньшие, чем заданный
head: Вывести первый элемент коллекции
help: Вывести справку по доступным командам
exit: Завершить программу (без сохранения в файл)
print_descending: Вывести элементы коллекции в порядке убывания
average_of_time_to_metro_by_transport: Вывести среднее значение поля timeToMetroByTransport для всех элементов коллекции
info: Вывести в стандартный поток вывода информацию о коллекции (тип, дата инициализации, количество элементов и т.д.)

May 15, 2023 6:39:11 PM managers.LogPrinter println
INFO: 
remove_head: Вывести первый элемент коллекции и удалить его
add {element}: Добавить новый элемент в коллекцию
count_by_time_to_metro_on_foot timeToMetroOnFoot: Вывести количество элементов, значение поля timeToMetroOnFoot которых равно заданному
execute_script file_name: Cчитать и исполнить скрипт из указанного файла. В скрипте содержатся команды в таком же виде, в котором их вводит пользователь в интерактивном режиме.
show: Вывести в стандартный поток вывода все элементы коллекции в строковом представлении
clear: Очистить коллекцию
update id {element}: Обновить значение элемента коллекции, id которого равен заданному
remove_by_id id: Удалить элемент из коллекции по его id
remove_lower: Удалить из коллекции все элементы, меньшие, чем заданный
head: Вывести первый элемент коллекции
help: Вывести справку по доступным командам
exit: Завершить программу (без сохранения в файл)
print_descending: Вывести элементы коллекции в порядке убывания
average_of_time_to_metro_by_transport: Вывести среднее значение поля timeToMetroByTransport для всех элементов коллекции
info: Вывести в стандартный поток вывода информацию о коллекции (тип, дата инициализации, количество элементов и т.д.)

May 15, 2023 6:39:11 PM managers.LogPrinter print
INFO: [
May 15, 2023 6:39:11 PM managers.LogPrinter print
INFO: Kuchizu
May 15, 2023 6:39:11 PM managers.LogPrinter print
INFO: ] >>> 
May 15, 2023 6:39:14 PM managers.CommandExecutor run
INFO: average_of_time_to_metro_by_transport
May 15, 2023 6:39:14 PM managers.LogPrinter print
INFO: Среднее значение timeToMetroByTransport: 1.0
May 15, 2023 6:39:14 PM managers.LogPrinter println
INFO: Среднее значение timeToMetroByTransport: 1.0
May 15, 2023 6:39:14 PM managers.LogPrinter print
INFO: [
May 15, 2023 6:39:14 PM managers.LogPrinter print
INFO: Kuchizu
May 15, 2023 6:39:14 PM managers.LogPrinter print
INFO: ] >>> 
May 15, 2023 6:39:20 PM managers.CommandExecutor run
INFO: execute_script 1234
May 15, 2023 6:39:20 PM managers.LogPrinter print
INFO: Объект 1 добавлен в коллекцию.

Collection ArrayDeque
Size: 2 elements
CreationDate: 2023-05-15T07:04:30.682844+03:00[Europe/Moscow]
LastElementID: 20

May 15, 2023 6:39:20 PM managers.LogPrinter println
INFO: Объект 1 добавлен в коллекцию.

Collection ArrayDeque
Size: 2 elements
CreationDate: 2023-05-15T07:04:30.682844+03:00[Europe/Moscow]
LastElementID: 20

May 15, 2023 6:39:20 PM managers.LogPrinter print
INFO: [
May 15, 2023 6:39:20 PM managers.LogPrinter print
INFO: Kuchizu
May 15, 2023 6:39:20 PM managers.LogPrinter print
INFO: ] >>> 
May 15, 2023 6:39:23 PM managers.CommandExecutor run
INFO: average_of_time_to_metro_by_transport
May 15, 2023 6:39:23 PM managers.LogPrinter print
INFO: Среднее значение timeToMetroByTransport: 4.0
May 15, 2023 6:39:23 PM managers.LogPrinter println
INFO: Среднее значение timeToMetroByTransport: 4.0
May 15, 2023 6:39:23 PM managers.LogPrinter print
INFO: [
May 15, 2023 6:39:23 PM managers.LogPrinter print
INFO: Kuchizu
May 15, 2023 6:39:23 PM managers.LogPrinter print
INFO: ] >>> 
May 15, 2023 6:39:27 PM managers.CommandExecutor run
INFO: execute_script 1234
May 15, 2023 6:39:27 PM managers.LogPrinter print
INFO: Объект 1 добавлен в коллекцию.

Collection ArrayDeque
Size: 3 elements
CreationDate: 2023-05-15T07:04:30.682844+03:00[Europe/Moscow]
LastElementID: 21

May 15, 2023 6:39:27 PM managers.LogPrinter println
INFO: Объект 1 добавлен в коллекцию.

Collection ArrayDeque
Size: 3 elements
CreationDate: 2023-05-15T07:04:30.682844+03:00[Europe/Moscow]
LastElementID: 21

May 15, 2023 6:39:27 PM managers.LogPrinter print
INFO: [
May 15, 2023 6:39:27 PM managers.LogPrinter print
INFO: Kuchizu
May 15, 2023 6:39:27 PM managers.LogPrinter print
INFO: ] >>> 
May 15, 2023 6:39:28 PM managers.CommandExecutor run
INFO: execute_script 1234
May 15, 2023 6:39:28 PM managers.LogPrinter print
INFO: Объект 1 добавлен в коллекцию.

Collection ArrayDeque
Size: 4 elements
CreationDate: 2023-05-15T07:04:30.682844+03:00[Europe/Moscow]
LastElementID: 22

May 15, 2023 6:39:28 PM managers.LogPrinter println
INFO: Объект 1 добавлен в коллекцию.

Collection ArrayDeque
Size: 4 elements
CreationDate: 2023-05-15T07:04:30.682844+03:00[Europe/Moscow]
LastElementID: 22

May 15, 2023 6:39:28 PM managers.LogPrinter print
INFO: [
May 15, 2023 6:39:28 PM managers.LogPrinter print
INFO: Kuchizu
May 15, 2023 6:39:28 PM managers.LogPrinter print
INFO: ] >>> 
May 15, 2023 6:39:28 PM managers.CommandExecutor run
INFO: execute_script 1234
May 15, 2023 6:39:28 PM managers.LogPrinter print
INFO: Объект 1 добавлен в коллекцию.

Collection ArrayDeque
Size: 5 elements
CreationDate: 2023-05-15T07:04:30.682844+03:00[Europe/Moscow]
LastElementID: 23

May 15, 2023 6:39:28 PM managers.LogPrinter println
INFO: Объект 1 добавлен в коллекцию.

Collection ArrayDeque
Size: 5 elements
CreationDate: 2023-05-15T07:04:30.682844+03:00[Europe/Moscow]
LastElementID: 23

May 15, 2023 6:39:28 PM managers.LogPrinter print
INFO: [
May 15, 2023 6:39:28 PM managers.LogPrinter print
INFO: Kuchizu
May 15, 2023 6:39:28 PM managers.LogPrinter print
INFO: ] >>> 
May 15, 2023 6:39:29 PM managers.CommandExecutor run
INFO: execute_script 1234
May 15, 2023 6:39:29 PM managers.LogPrinter print
INFO: Объект 1 добавлен в коллекцию.

Collection ArrayDeque
Size: 6 elements
CreationDate: 2023-05-15T07:04:30.682844+03:00[Europe/Moscow]
LastElementID: 24

May 15, 2023 6:39:29 PM managers.LogPrinter println
INFO: Объект 1 добавлен в коллекцию.

Collection ArrayDeque
Size: 6 elements
CreationDate: 2023-05-15T07:04:30.682844+03:00[Europe/Moscow]
LastElementID: 24

May 15, 2023 6:39:29 PM managers.LogPrinter print
INFO: [
May 15, 2023 6:39:29 PM managers.LogPrinter print
INFO: Kuchizu
May 15, 2023 6:39:29 PM managers.LogPrinter print
INFO: ] >>> 
May 15, 2023 6:39:29 PM managers.CommandExecutor run
INFO: execute_script 1234
May 15, 2023 6:39:29 PM managers.LogPrinter print
INFO: Объект 1 добавлен в коллекцию.

Collection ArrayDeque
Size: 7 elements
CreationDate: 2023-05-15T07:04:30.682844+03:00[Europe/Moscow]
LastElementID: 25

May 15, 2023 6:39:29 PM managers.LogPrinter println
INFO: Объект 1 добавлен в коллекцию.

Collection ArrayDeque
Size: 7 elements
CreationDate: 2023-05-15T07:04:30.682844+03:00[Europe/Moscow]
LastElementID: 25

May 15, 2023 6:39:29 PM managers.LogPrinter print
INFO: [
May 15, 2023 6:39:29 PM managers.LogPrinter print
INFO: Kuchizu
May 15, 2023 6:39:29 PM managers.LogPrinter print
INFO: ] >>> 
May 15, 2023 6:39:30 PM managers.CommandExecutor run
INFO: execute_script 1234
May 15, 2023 6:39:30 PM managers.LogPrinter print
INFO: Объект 1 добавлен в коллекцию.

Collection ArrayDeque
Size: 8 elements
CreationDate: 2023-05-15T07:04:30.682844+03:00[Europe/Moscow]
LastElementID: 26

May 15, 2023 6:39:30 PM managers.LogPrinter println
INFO: Объект 1 добавлен в коллекцию.

Collection ArrayDeque
Size: 8 elements
CreationDate: 2023-05-15T07:04:30.682844+03:00[Europe/Moscow]
LastElementID: 26

May 15, 2023 6:39:30 PM managers.LogPrinter print
INFO: [
May 15, 2023 6:39:30 PM managers.LogPrinter print
INFO: Kuchizu
May 15, 2023 6:39:30 PM managers.LogPrinter print
INFO: ] >>> 
May 15, 2023 6:39:30 PM managers.CommandExecutor run
INFO: execute_script 1234
May 15, 2023 6:39:30 PM managers.LogPrinter print
INFO: Объект 1 добавлен в коллекцию.

Collection ArrayDeque
Size: 9 elements
CreationDate: 2023-05-15T07:04:30.682844+03:00[Europe/Moscow]
LastElementID: 27

May 15, 2023 6:39:30 PM managers.LogPrinter println
INFO: Объект 1 добавлен в коллекцию.

Collection ArrayDeque
Size: 9 elements
CreationDate: 2023-05-15T07:04:30.682844+03:00[Europe/Moscow]
LastElementID: 27

May 15, 2023 6:39:30 PM managers.LogPrinter print
INFO: [
May 15, 2023 6:39:30 PM managers.LogPrinter print
INFO: Kuchizu
May 15, 2023 6:39:30 PM managers.LogPrinter print
INFO: ] >>> 
May 15, 2023 6:39:31 PM managers.CommandExecutor run
INFO: execute_script 1234
May 15, 2023 6:39:31 PM managers.LogPrinter print
INFO: Объект 1 добавлен в коллекцию.

Collection ArrayDeque
Size: 10 elements
CreationDate: 2023-05-15T07:04:30.682844+03:00[Europe/Moscow]
LastElementID: 28

May 15, 2023 6:39:31 PM managers.LogPrinter println
INFO: Объект 1 добавлен в коллекцию.

Collection ArrayDeque
Size: 10 elements
CreationDate: 2023-05-15T07:04:30.682844+03:00[Europe/Moscow]
LastElementID: 28

May 15, 2023 6:39:31 PM managers.LogPrinter print
INFO: [
May 15, 2023 6:39:31 PM managers.LogPrinter print
INFO: Kuchizu
May 15, 2023 6:39:31 PM managers.LogPrinter print
INFO: ] >>> 
May 15, 2023 6:39:32 PM managers.CommandExecutor run
INFO: clear
May 15, 2023 6:39:36 PM managers.CommandExecutor run
INFO: 
May 15, 2023 6:39:36 PM managers.LogPrinter print
INFO: [
May 15, 2023 6:39:36 PM managers.LogPrinter print
INFO: Kuchizu
May 15, 2023 6:39:36 PM managers.LogPrinter print
INFO: ] >>> 
May 15, 2023 6:39:37 PM managers.CommandExecutor run
INFO: clear
May 15, 2023 6:39:40 PM managers.CommandExecutor run
INFO: 
May 15, 2023 6:39:40 PM managers.LogPrinter print
INFO: [
May 15, 2023 6:39:40 PM managers.LogPrinter print
INFO: Kuchizu
May 15, 2023 6:39:40 PM managers.LogPrinter print
INFO: ] >>> 
May 15, 2023 6:39:42 PM managers.CommandExecutor run
INFO: info
May 15, 2023 6:39:42 PM managers.LogPrinter print
INFO: 
Collection ArrayDeque
Size: 3 elements
CreationDate: 2023-05-15T07:04:30.682844+03:00[Europe/Moscow]
LastElementID: 27

May 15, 2023 6:39:42 PM managers.LogPrinter println
INFO: 
Collection ArrayDeque
Size: 3 elements
CreationDate: 2023-05-15T07:04:30.682844+03:00[Europe/Moscow]
LastElementID: 27

May 15, 2023 6:39:42 PM managers.LogPrinter print
INFO: [
May 15, 2023 6:39:42 PM managers.LogPrinter print
INFO: Kuchizu
May 15, 2023 6:39:42 PM managers.LogPrinter print
INFO: ] >>> 
May 15, 2023 6:39:45 PM managers.CommandExecutor run
INFO: info
May 15, 2023 6:39:45 PM managers.LogPrinter print
INFO: 
Collection ArrayDeque
Size: 3 elements
CreationDate: 2023-05-15T07:04:30.682844+03:00[Europe/Moscow]
LastElementID: 27

May 15, 2023 6:39:45 PM managers.LogPrinter println
INFO: 
Collection ArrayDeque
Size: 3 elements
CreationDate: 2023-05-15T07:04:30.682844+03:00[Europe/Moscow]
LastElementID: 27

May 15, 2023 6:39:45 PM managers.LogPrinter print
INFO: [
May 15, 2023 6:39:45 PM managers.LogPrinter print
INFO: Kuchizu
May 15, 2023 6:39:45 PM managers.LogPrinter print
INFO: ] >>> 
May 15, 2023 6:39:47 PM managers.CommandExecutor run
INFO: clear
May 15, 2023 6:39:51 PM managers.CommandExecutor run
INFO: 
May 15, 2023 6:39:51 PM managers.LogPrinter print
INFO: [
May 15, 2023 6:39:51 PM managers.LogPrinter print
INFO: Kuchizu
May 15, 2023 6:39:51 PM managers.LogPrinter print
INFO: ] >>> 
May 15, 2023 6:39:52 PM managers.CommandExecutor run
INFO: info
May 15, 2023 6:39:52 PM managers.LogPrinter print
INFO: 
Collection ArrayDeque
Size: 2 elements
CreationDate: 2023-05-15T07:04:30.682844+03:00[Europe/Moscow]
LastElementID: 27

May 15, 2023 6:39:52 PM managers.LogPrinter println
INFO: 
Collection ArrayDeque
Size: 2 elements
CreationDate: 2023-05-15T07:04:30.682844+03:00[Europe/Moscow]
LastElementID: 27

May 15, 2023 6:39:52 PM managers.LogPrinter print
INFO: [
May 15, 2023 6:39:52 PM managers.LogPrinter print
INFO: Kuchizu
May 15, 2023 6:39:52 PM managers.LogPrinter print
INFO: ] >>> 
May 15, 2023 6:41:10 PM managers.CommandExecutor run
INFO: info
May 15, 2023 6:41:10 PM managers.LogPrinter print
INFO: 
Collection ArrayDeque
Size: 2 elements
CreationDate: 2023-05-15T07:04:30.682844+03:00[Europe/Moscow]
LastElementID: 27

May 15, 2023 6:41:10 PM managers.LogPrinter println
INFO: 
Collection ArrayDeque
Size: 2 elements
CreationDate: 2023-05-15T07:04:30.682844+03:00[Europe/Moscow]
LastElementID: 27

May 15, 2023 6:41:10 PM managers.LogPrinter print
INFO: [
May 15, 2023 6:41:10 PM managers.LogPrinter print
INFO: Kuchizu
May 15, 2023 6:41:10 PM managers.LogPrinter print
INFO: ] >>> 
May 15, 2023 6:41:11 PM managers.CommandExecutor run
INFO: clear
May 15, 2023 6:41:11 PM managers.LogPrinter print
INFO: Removed 1 objects in collection.
May 15, 2023 6:41:11 PM managers.LogPrinter println
INFO: Removed 1 objects in collection.
May 15, 2023 6:41:11 PM managers.LogPrinter print
INFO: [
May 15, 2023 6:41:11 PM managers.LogPrinter print
INFO: Kuchizu
May 15, 2023 6:41:11 PM managers.LogPrinter print
INFO: ] >>> 
May 15, 2023 6:41:13 PM managers.CommandExecutor run
INFO: info
May 15, 2023 6:41:13 PM managers.LogPrinter print
INFO: 
Collection ArrayDeque
Size: 1 elements
CreationDate: 2023-05-15T07:04:30.682844+03:00[Europe/Moscow]
LastElementID: 18

May 15, 2023 6:41:13 PM managers.LogPrinter println
INFO: 
Collection ArrayDeque
Size: 1 elements
CreationDate: 2023-05-15T07:04:30.682844+03:00[Europe/Moscow]
LastElementID: 18

May 15, 2023 6:41:13 PM managers.LogPrinter print
INFO: [
May 15, 2023 6:41:13 PM managers.LogPrinter print
INFO: Kuchizu
May 15, 2023 6:41:13 PM managers.LogPrinter print
INFO: ] >>> 
May 15, 2023 6:41:14 PM managers.CommandExecutor run
INFO: clear
May 15, 2023 6:41:14 PM managers.LogPrinter print
INFO: Removed 0 objects in collection.
May 15, 2023 6:41:14 PM managers.LogPrinter println
INFO: Removed 0 objects in collection.
May 15, 2023 6:41:14 PM managers.LogPrinter print
INFO: [
May 15, 2023 6:41:14 PM managers.LogPrinter print
INFO: Kuchizu
May 15, 2023 6:41:14 PM managers.LogPrinter print
INFO: ] >>> 
May 15, 2023 6:41:17 PM managers.CommandExecutor run
INFO: info
May 15, 2023 6:41:17 PM managers.LogPrinter print
INFO: 
Collection ArrayDeque
Size: 1 elements
CreationDate: 2023-05-15T07:04:30.682844+03:00[Europe/Moscow]
LastElementID: 18

May 15, 2023 6:41:17 PM managers.LogPrinter println
INFO: 
Collection ArrayDeque
Size: 1 elements
CreationDate: 2023-05-15T07:04:30.682844+03:00[Europe/Moscow]
LastElementID: 18

May 15, 2023 6:41:17 PM managers.LogPrinter print
INFO: [
May 15, 2023 6:41:17 PM managers.LogPrinter print
INFO: Kuchizu
May 15, 2023 6:41:17 PM managers.LogPrinter print
INFO: ] >>> 
