May 15, 2023 3:23:37 AM managers.LogPrinter print
INFO: Client started running on [
May 15, 2023 3:23:37 AM managers.LogPrinter print
INFO: localhost
May 15, 2023 3:23:37 AM managers.LogPrinter print
INFO: ][
May 15, 2023 3:23:37 AM managers.LogPrinter print
INFO: 1234
May 15, 2023 3:23:37 AM managers.LogPrinter print
INFO: ]


May 15, 2023 3:23:37 AM managers.LogPrinter print
INFO: >>> 
May 15, 2023 3:23:48 AM managers.CommandExecutor run
INFO: /login
May 15, 2023 3:23:48 AM managers.LogPrinter print
INFO: Введите логин: 
May 15, 2023 3:23:48 AM managers.LogPrinter print
INFO: Введите пароль: 
May 15, 2023 3:23:49 AM managers.LogPrinter print
INFO: 
User with login 1 not found.
May 15, 2023 3:23:49 AM managers.LogPrinter println
INFO: 
User with login 1 not found.
May 15, 2023 3:23:49 AM managers.LogPrinter print
INFO: >>> 
May 15, 2023 3:23:51 AM managers.CommandExecutor run
INFO: /reg
May 15, 2023 3:23:51 AM managers.LogPrinter print
INFO: Регистрация нового пользователя
May 15, 2023 3:23:51 AM managers.LogPrinter println
INFO: Регистрация нового пользователя
May 15, 2023 3:23:51 AM managers.LogPrinter print
INFO: Введите логин: 
May 15, 2023 3:23:55 AM managers.LogPrinter print
INFO: Введите пароль: 
May 15, 2023 3:23:57 AM managers.LogPrinter print
INFO: 
/reg
May 15, 2023 3:23:57 AM managers.LogPrinter println
INFO: 
/reg
May 15, 2023 3:23:57 AM managers.LogPrinter print
INFO: >>> 
May 15, 2023 3:25:00 AM managers.CommandExecutor run
INFO: 
May 15, 2023 3:25:00 AM managers.LogPrinter print
INFO: >>> 
