May 15, 2023 6:18:31 PM managers.LogPrinter print
INFO: Client started running on [
May 15, 2023 6:18:31 PM managers.LogPrinter print
INFO: localhost
May 15, 2023 6:18:31 PM managers.LogPrinter print
INFO: ][
May 15, 2023 6:18:31 PM managers.LogPrinter print
INFO: 1234
May 15, 2023 6:18:31 PM managers.LogPrinter print
INFO: ]


May 15, 2023 6:18:31 PM managers.LogPrinter print
INFO: >>> 
May 15, 2023 6:18:35 PM managers.CommandExecutor run
INFO: info
May 15, 2023 6:18:35 PM managers.LogPrinter print
INFO: Для использования команд войдите в систему (/login) или зарегистрируйтесь (/reg)
May 15, 2023 6:18:35 PM managers.LogPrinter println
INFO: Для использования команд войдите в систему (/login) или зарегистрируйтесь (/reg)
May 15, 2023 6:18:35 PM managers.LogPrinter print
INFO: >>> 
May 15, 2023 6:18:38 PM managers.CommandExecutor run
INFO: /login
May 15, 2023 6:18:38 PM managers.LogPrinter print
INFO: Введите логин: 
May 15, 2023 6:18:40 PM managers.LogPrinter print
INFO: Введите пароль: 
May 15, 2023 6:18:41 PM managers.LogPrinter print
INFO: User with login Kuhcizu not found.
May 15, 2023 6:18:41 PM managers.LogPrinter println
INFO: User with login Kuhcizu not found.
May 15, 2023 6:18:41 PM managers.LogPrinter print
INFO: >>> 
May 15, 2023 6:18:46 PM managers.CommandExecutor run
INFO: /login
May 15, 2023 6:18:46 PM managers.LogPrinter print
INFO: Введите логин: 
May 15, 2023 6:18:48 PM managers.LogPrinter print
INFO: Введите пароль: 
May 15, 2023 6:18:49 PM managers.LogPrinter print
INFO: Успешная авторизация.
May 15, 2023 6:18:49 PM managers.LogPrinter println
INFO: Успешная авторизация.
May 15, 2023 6:18:49 PM managers.LogPrinter print
INFO: [
May 15, 2023 6:18:49 PM managers.LogPrinter print
INFO: Kuchizu
May 15, 2023 6:18:49 PM managers.LogPrinter print
INFO: ] >>> 
May 15, 2023 6:18:52 PM managers.CommandExecutor run
INFO: info
May 15, 2023 6:18:52 PM managers.LogPrinter print
INFO: 
Collection ArrayDeque
Size: 8 elements
CreationDate: 2023-05-15T06:13:10.190003+03:00[Europe/Moscow]
LastElementID: 18

May 15, 2023 6:18:52 PM managers.LogPrinter println
INFO: 
Collection ArrayDeque
Size: 8 elements
CreationDate: 2023-05-15T06:13:10.190003+03:00[Europe/Moscow]
LastElementID: 18

May 15, 2023 6:18:52 PM managers.LogPrinter print
INFO: [
May 15, 2023 6:18:52 PM managers.LogPrinter print
INFO: Kuchizu
May 15, 2023 6:18:52 PM managers.LogPrinter print
INFO: ] >>> 
May 15, 2023 6:18:54 PM managers.CommandExecutor run
INFO: help
May 15, 2023 6:18:54 PM managers.LogPrinter print
INFO: 
remove_head: Вывести первый элемент коллекции и удалить его
add {element}: Добавить новый элемент в коллекцию
count_by_time_to_metro_on_foot timeToMetroOnFoot: Вывести количество элементов, значение поля timeToMetroOnFoot которых равно заданному
execute_script file_name: Cчитать и исполнить скрипт из указанного файла. В скрипте содержатся команды в таком же виде, в котором их вводит пользователь в интерактивном режиме.
show: Вывести в стандартный поток вывода все элементы коллекции в строковом представлении
clear: Очистить коллекцию
update id {element}: Обновить значение элемента коллекции, id которого равен заданному
remove_by_id id: Удалить элемент из коллекции по его id
remove_lower: Удалить из коллекции все элементы, меньшие, чем заданный
head: Вывести первый элемент коллекции
help: Вывести справку по доступным командам
exit: Завершить программу (без сохранения в файл)
print_descending: Вывести элементы коллекции в порядке убывания
average_of_time_to_metro_by_transport: Вывести среднее значение поля timeToMetroByTransport для всех элементов коллекции
info: Вывести в стандартный поток вывода информацию о коллекции (тип, дата инициализации, количество элементов и т.д.)

May 15, 2023 6:18:54 PM managers.LogPrinter println
INFO: 
remove_head: Вывести первый элемент коллекции и удалить его
add {element}: Добавить новый элемент в коллекцию
count_by_time_to_metro_on_foot timeToMetroOnFoot: Вывести количество элементов, значение поля timeToMetroOnFoot которых равно заданному
execute_script file_name: Cчитать и исполнить скрипт из указанного файла. В скрипте содержатся команды в таком же виде, в котором их вводит пользователь в интерактивном режиме.
show: Вывести в стандартный поток вывода все элементы коллекции в строковом представлении
clear: Очистить коллекцию
update id {element}: Обновить значение элемента коллекции, id которого равен заданному
remove_by_id id: Удалить элемент из коллекции по его id
remove_lower: Удалить из коллекции все элементы, меньшие, чем заданный
head: Вывести первый элемент коллекции
help: Вывести справку по доступным командам
exit: Завершить программу (без сохранения в файл)
print_descending: Вывести элементы коллекции в порядке убывания
average_of_time_to_metro_by_transport: Вывести среднее значение поля timeToMetroByTransport для всех элементов коллекции
info: Вывести в стандартный поток вывода информацию о коллекции (тип, дата инициализации, количество элементов и т.д.)

May 15, 2023 6:18:54 PM managers.LogPrinter print
INFO: [
May 15, 2023 6:18:54 PM managers.LogPrinter print
INFO: Kuchizu
May 15, 2023 6:18:54 PM managers.LogPrinter print
INFO: ] >>> 
May 15, 2023 6:19:48 PM managers.CommandExecutor run
INFO: info
May 15, 2023 6:19:48 PM managers.LogPrinter print
INFO: 
Collection ArrayDeque
Size: 9 elements
CreationDate: 2023-05-15T06:13:10.190003+03:00[Europe/Moscow]
LastElementID: 19

May 15, 2023 6:19:48 PM managers.LogPrinter println
INFO: 
Collection ArrayDeque
Size: 9 elements
CreationDate: 2023-05-15T06:13:10.190003+03:00[Europe/Moscow]
LastElementID: 19

May 15, 2023 6:19:48 PM managers.LogPrinter print
INFO: [
May 15, 2023 6:19:48 PM managers.LogPrinter print
INFO: Kuchizu
May 15, 2023 6:19:48 PM managers.LogPrinter print
INFO: ] >>> 
May 15, 2023 6:19:49 PM managers.CommandExecutor run
INFO: help
May 15, 2023 6:19:49 PM managers.LogPrinter print
INFO: 
remove_head: Вывести первый элемент коллекции и удалить его
add {element}: Добавить новый элемент в коллекцию
count_by_time_to_metro_on_foot timeToMetroOnFoot: Вывести количество элементов, значение поля timeToMetroOnFoot которых равно заданному
execute_script file_name: Cчитать и исполнить скрипт из указанного файла. В скрипте содержатся команды в таком же виде, в котором их вводит пользователь в интерактивном режиме.
show: Вывести в стандартный поток вывода все элементы коллекции в строковом представлении
clear: Очистить коллекцию
update id {element}: Обновить значение элемента коллекции, id которого равен заданному
remove_by_id id: Удалить элемент из коллекции по его id
remove_lower: Удалить из коллекции все элементы, меньшие, чем заданный
head: Вывести первый элемент коллекции
help: Вывести справку по доступным командам
exit: Завершить программу (без сохранения в файл)
print_descending: Вывести элементы коллекции в порядке убывания
average_of_time_to_metro_by_transport: Вывести среднее значение поля timeToMetroByTransport для всех элементов коллекции
info: Вывести в стандартный поток вывода информацию о коллекции (тип, дата инициализации, количество элементов и т.д.)

May 15, 2023 6:19:49 PM managers.LogPrinter println
INFO: 
remove_head: Вывести первый элемент коллекции и удалить его
add {element}: Добавить новый элемент в коллекцию
count_by_time_to_metro_on_foot timeToMetroOnFoot: Вывести количество элементов, значение поля timeToMetroOnFoot которых равно заданному
execute_script file_name: Cчитать и исполнить скрипт из указанного файла. В скрипте содержатся команды в таком же виде, в котором их вводит пользователь в интерактивном режиме.
show: Вывести в стандартный поток вывода все элементы коллекции в строковом представлении
clear: Очистить коллекцию
update id {element}: Обновить значение элемента коллекции, id которого равен заданному
remove_by_id id: Удалить элемент из коллекции по его id
remove_lower: Удалить из коллекции все элементы, меньшие, чем заданный
head: Вывести первый элемент коллекции
help: Вывести справку по доступным командам
exit: Завершить программу (без сохранения в файл)
print_descending: Вывести элементы коллекции в порядке убывания
average_of_time_to_metro_by_transport: Вывести среднее значение поля timeToMetroByTransport для всех элементов коллекции
info: Вывести в стандартный поток вывода информацию о коллекции (тип, дата инициализации, количество элементов и т.д.)

May 15, 2023 6:19:49 PM managers.LogPrinter print
INFO: [
May 15, 2023 6:19:49 PM managers.LogPrinter print
INFO: Kuchizu
May 15, 2023 6:19:49 PM managers.LogPrinter print
INFO: ] >>> 
