May 03, 2023 3:34:38 PM managers.LogPrinter print
INFO: Client started running on [
May 03, 2023 3:34:38 PM managers.LogPrinter print
INFO: localhost
May 03, 2023 3:34:38 PM managers.LogPrinter print
INFO: ][
May 03, 2023 3:34:38 PM managers.LogPrinter print
INFO: 1234
May 03, 2023 3:34:38 PM managers.LogPrinter print
INFO: ]


May 03, 2023 3:34:38 PM managers.LogPrinter print
INFO: >>> 
May 03, 2023 3:34:40 PM managers.CommandExecutor run
INFO: info
May 03, 2023 3:34:40 PM managers.LogPrinter print
INFO: 
Collection ArrayDeque
Size: 2 elements
CreationDate: 2023-04-19T05:05:11+03:00[Europe/Moscow]
LastElementID: 1985467341

May 03, 2023 3:34:40 PM managers.LogPrinter println
INFO: 
Collection ArrayDeque
Size: 2 elements
CreationDate: 2023-04-19T05:05:11+03:00[Europe/Moscow]
LastElementID: 1985467341

May 03, 2023 3:34:40 PM managers.LogPrinter print
INFO: >>> 
May 03, 2023 3:34:44 PM managers.CommandExecutor run
INFO: info
