May 03, 2023 3:36:16 PM managers.LogPrinter print
INFO: Client started running on [
May 03, 2023 3:36:16 PM managers.LogPrinter print
INFO: localhost
May 03, 2023 3:36:16 PM managers.LogPrinter print
INFO: ][
May 03, 2023 3:36:16 PM managers.LogPrinter print
INFO: 1234
May 03, 2023 3:36:16 PM managers.LogPrinter print
INFO: ]


May 03, 2023 3:36:16 PM managers.LogPrinter print
INFO: >>> 
May 03, 2023 3:36:24 PM managers.CommandExecutor run
INFO: info
May 03, 2023 3:36:24 PM managers.LogPrinter print
INFO: 
Collection ArrayDeque
Size: 2 elements
CreationDate: 2023-04-19T05:05:11+03:00[Europe/Moscow]
LastElementID: 1985467341

May 03, 2023 3:36:24 PM managers.LogPrinter println
INFO: 
Collection ArrayDeque
Size: 2 elements
CreationDate: 2023-04-19T05:05:11+03:00[Europe/Moscow]
LastElementID: 1985467341

May 03, 2023 3:36:24 PM managers.LogPrinter print
INFO: >>> 
May 03, 2023 3:36:26 PM managers.CommandExecutor run
INFO: shw
May 03, 2023 3:36:26 PM managers.LogPrinter print
INFO: Неизвестная команда
May 03, 2023 3:36:26 PM managers.LogPrinter println
INFO: Неизвестная команда
May 03, 2023 3:36:26 PM managers.LogPrinter print
INFO: >>> 
May 03, 2023 3:36:27 PM managers.CommandExecutor run
INFO: show
May 03, 2023 3:36:27 PM managers.LogPrinter print
INFO: 
    ***    ***    ***
Flat №1458791979
    name: 1
    coordinates: X: 1; Y: 1.0
    creationDate: 2023-04-19T05:05:11+03:00[Europe/Moscow]
    area: 1
    numberOfRooms: 1
    timeToMetroOnFoot: 11.0
    timeToMetroByTransport: 1.0
    furnish: NONE
House:
    name: 1
    year: 1
    numberOfFloors: 1
    numberOfLifts: 1

    ***    ***    ***
    ***    ***    ***
Flat №1985467341
    name: 123
    coordinates: X: 1; Y: 1.0
    creationDate: 2023-04-19T06:28:20+03:00[Europe/Moscow]
    area: 1
    numberOfRooms: 1
    timeToMetroOnFoot: 1.0
    timeToMetroByTransport: 1.0
    furnish: FINE
House:
    name: ASD
    year: 1
    numberOfFloors: 1
    numberOfLifts: 123

    ***    ***    ***

May 03, 2023 3:36:27 PM managers.LogPrinter println
INFO: 
    ***    ***    ***
Flat №1458791979
    name: 1
    coordinates: X: 1; Y: 1.0
    creationDate: 2023-04-19T05:05:11+03:00[Europe/Moscow]
    area: 1
    numberOfRooms: 1
    timeToMetroOnFoot: 11.0
    timeToMetroByTransport: 1.0
    furnish: NONE
House:
    name: 1
    year: 1
    numberOfFloors: 1
    numberOfLifts: 1

    ***    ***    ***
    ***    ***    ***
Flat №1985467341
    name: 123
    coordinates: X: 1; Y: 1.0
    creationDate: 2023-04-19T06:28:20+03:00[Europe/Moscow]
    area: 1
    numberOfRooms: 1
    timeToMetroOnFoot: 1.0
    timeToMetroByTransport: 1.0
    furnish: FINE
House:
    name: ASD
    year: 1
    numberOfFloors: 1
    numberOfLifts: 123

    ***    ***    ***

May 03, 2023 3:36:27 PM managers.LogPrinter print
INFO: >>> 
May 03, 2023 3:36:28 PM managers.CommandExecutor run
INFO: info
May 03, 2023 3:36:28 PM managers.LogPrinter print
INFO: 
Collection ArrayDeque
Size: 2 elements
CreationDate: 2023-04-19T05:05:11+03:00[Europe/Moscow]
LastElementID: 1985467341

May 03, 2023 3:36:28 PM managers.LogPrinter println
INFO: 
Collection ArrayDeque
Size: 2 elements
CreationDate: 2023-04-19T05:05:11+03:00[Europe/Moscow]
LastElementID: 1985467341

May 03, 2023 3:36:28 PM managers.LogPrinter print
INFO: >>> 
May 03, 2023 3:36:33 PM managers.CommandExecutor run
INFO: info
May 03, 2023 3:36:40 PM managers.CommandExecutor run
INFO: 
May 03, 2023 3:36:40 PM managers.LogPrinter print
INFO: >>> 
May 03, 2023 3:36:42 PM managers.CommandExecutor run
INFO: info
May 03, 2023 3:36:45 PM managers.CommandExecutor run
INFO: 
May 03, 2023 3:36:45 PM managers.LogPrinter print
INFO: >>> 
May 03, 2023 3:36:45 PM managers.CommandExecutor run
INFO: 
May 03, 2023 3:36:45 PM managers.LogPrinter print
INFO: >>> 
May 03, 2023 3:36:45 PM managers.CommandExecutor run
INFO: 
May 03, 2023 3:36:45 PM managers.LogPrinter print
INFO: >>> 
May 03, 2023 3:36:52 PM managers.CommandExecutor run
INFO: info
May 03, 2023 3:36:52 PM managers.LogPrinter print
INFO: 
Collection ArrayDeque
Size: 2 elements
CreationDate: 2023-04-19T05:05:11+03:00[Europe/Moscow]
LastElementID: 1985467341

May 03, 2023 3:36:52 PM managers.LogPrinter println
INFO: 
Collection ArrayDeque
Size: 2 elements
CreationDate: 2023-04-19T05:05:11+03:00[Europe/Moscow]
LastElementID: 1985467341

May 03, 2023 3:36:52 PM managers.LogPrinter print
INFO: >>> 
May 03, 2023 3:36:54 PM managers.CommandExecutor run
INFO: show
May 03, 2023 3:36:54 PM managers.LogPrinter print
INFO: 
    ***    ***    ***
Flat №1458791979
    name: 1
    coordinates: X: 1; Y: 1.0
    creationDate: 2023-04-19T05:05:11+03:00[Europe/Moscow]
    area: 1
    numberOfRooms: 1
    timeToMetroOnFoot: 11.0
    timeToMetroByTransport: 1.0
    furnish: NONE
House:
    name: 1
    year: 1
    numberOfFloors: 1
    numberOfLifts: 1

    ***    ***    ***
    ***    ***    ***
Flat №1985467341
    name: 123
    coordinates: X: 1; Y: 1.0
    creationDate: 2023-04-19T06:28:20+03:00[Europe/Moscow]
    area: 1
    numberOfRooms: 1
    timeToMetroOnFoot: 1.0
    timeToMetroByTransport: 1.0
    furnish: FINE
House:
    name: ASD
    year: 1
    numberOfFloors: 1
    numberOfLifts: 123

    ***    ***    ***

May 03, 2023 3:36:54 PM managers.LogPrinter println
INFO: 
    ***    ***    ***
Flat №1458791979
    name: 1
    coordinates: X: 1; Y: 1.0
    creationDate: 2023-04-19T05:05:11+03:00[Europe/Moscow]
    area: 1
    numberOfRooms: 1
    timeToMetroOnFoot: 11.0
    timeToMetroByTransport: 1.0
    furnish: NONE
House:
    name: 1
    year: 1
    numberOfFloors: 1
    numberOfLifts: 1

    ***    ***    ***
    ***    ***    ***
Flat №1985467341
    name: 123
    coordinates: X: 1; Y: 1.0
    creationDate: 2023-04-19T06:28:20+03:00[Europe/Moscow]
    area: 1
    numberOfRooms: 1
    timeToMetroOnFoot: 1.0
    timeToMetroByTransport: 1.0
    furnish: FINE
House:
    name: ASD
    year: 1
    numberOfFloors: 1
    numberOfLifts: 123

    ***    ***    ***

May 03, 2023 3:36:54 PM managers.LogPrinter print
INFO: >>> 
May 03, 2023 3:36:55 PM managers.CommandExecutor run
INFO: info
May 03, 2023 3:36:55 PM managers.LogPrinter print
INFO: 
Collection ArrayDeque
Size: 2 elements
CreationDate: 2023-04-19T05:05:11+03:00[Europe/Moscow]
LastElementID: 1985467341

May 03, 2023 3:36:55 PM managers.LogPrinter println
INFO: 
Collection ArrayDeque
Size: 2 elements
CreationDate: 2023-04-19T05:05:11+03:00[Europe/Moscow]
LastElementID: 1985467341

May 03, 2023 3:36:55 PM managers.LogPrinter print
INFO: >>> 
