May 15, 2023 5:56:31 AM managers.LogPrinter print
INFO: [
May 15, 2023 5:56:31 AM managers.LogPrinter print
INFO: /127.0.0.1
May 15, 2023 5:56:31 AM managers.LogPrinter print
INFO: ][
May 15, 2023 5:56:31 AM managers.LogPrinter print
INFO: 53101
May 15, 2023 5:56:31 AM managers.LogPrinter print
INFO: ]: [Connected]

May 15, 2023 5:57:04 AM managers.LogPrinter print
INFO: [
May 15, 2023 5:57:04 AM managers.LogPrinter print
INFO: /127.0.0.1
May 15, 2023 5:57:04 AM managers.LogPrinter print
INFO: ][
May 15, 2023 5:57:04 AM managers.LogPrinter print
INFO: 53101
May 15, 2023 5:57:04 AM managers.LogPrinter print
INFO: ]: Got message:

May 15, 2023 5:57:04 AM managers.LogPrinter print
INFO: InfoPacket{cmd = '/login', arg = 'null', login = 'Kuchizu', password = 'kometa'}
May 15, 2023 5:57:04 AM managers.LogPrinter print
INFO: 

May 15, 2023 5:57:04 AM managers.LogPrinter print
INFO: [
May 15, 2023 5:57:04 AM managers.LogPrinter print
INFO: /127.0.0.1
May 15, 2023 5:57:04 AM managers.LogPrinter print
INFO: ][
May 15, 2023 5:57:04 AM managers.LogPrinter print
INFO: 53101
May 15, 2023 5:57:04 AM managers.LogPrinter print
INFO: ]: Sent response.


May 15, 2023 5:57:31 AM managers.LogPrinter print
INFO: [
May 15, 2023 5:57:31 AM managers.LogPrinter print
INFO: /127.0.0.1
May 15, 2023 5:57:31 AM managers.LogPrinter print
INFO: ][
May 15, 2023 5:57:31 AM managers.LogPrinter print
INFO: 53101
May 15, 2023 5:57:31 AM managers.LogPrinter print
INFO: ]: Got message:

May 15, 2023 5:57:31 AM managers.LogPrinter print
INFO: InfoPacket{cmd = 'execute_script', arg = 'add
1
2 3
4
5
6
7
FINE
8
9
10
11
info
', login = 'Kuchizu', password = 'kometa'}
May 15, 2023 5:57:31 AM managers.LogPrinter print
INFO: 

May 15, 2023 5:57:31 AM managers.LogPrinter print
INFO: [
May 15, 2023 5:57:31 AM managers.LogPrinter print
INFO: /127.0.0.1
May 15, 2023 5:57:31 AM managers.LogPrinter print
INFO: ][
May 15, 2023 5:57:31 AM managers.LogPrinter print
INFO: 53101
May 15, 2023 5:57:31 AM managers.LogPrinter print
INFO: ]: Sent response.


