May 15, 2023 5:41:32 AM managers.LogPrinter print
INFO: [
May 15, 2023 5:41:32 AM managers.LogPrinter print
INFO: /127.0.0.1
May 15, 2023 5:41:32 AM managers.LogPrinter print
INFO: ][
May 15, 2023 5:41:32 AM managers.LogPrinter print
INFO: 60142
May 15, 2023 5:41:32 AM managers.LogPrinter print
INFO: ]: [Connected]

May 15, 2023 5:41:42 AM managers.LogPrinter print
INFO: [
May 15, 2023 5:41:42 AM managers.LogPrinter print
INFO: /127.0.0.1
May 15, 2023 5:41:42 AM managers.LogPrinter print
INFO: ][
May 15, 2023 5:41:42 AM managers.LogPrinter print
INFO: 60142
May 15, 2023 5:41:42 AM managers.LogPrinter print
INFO: ]: Got message:

May 15, 2023 5:41:42 AM managers.LogPrinter print
INFO: InfoPacket{cmd = '/login', arg = 'null', login = 'Kuchizu', password = 'kometa'}
May 15, 2023 5:41:42 AM managers.LogPrinter print
INFO: 

May 15, 2023 5:41:42 AM managers.LogPrinter print
INFO: [
May 15, 2023 5:41:42 AM managers.LogPrinter print
INFO: /127.0.0.1
May 15, 2023 5:41:42 AM managers.LogPrinter print
INFO: ][
May 15, 2023 5:41:42 AM managers.LogPrinter print
INFO: 60142
May 15, 2023 5:41:42 AM managers.LogPrinter print
INFO: ]: Sent response.


May 15, 2023 5:42:08 AM managers.LogPrinter print
INFO: [
May 15, 2023 5:42:08 AM managers.LogPrinter print
INFO: /127.0.0.1
May 15, 2023 5:42:09 AM managers.LogPrinter print
INFO: ][
May 15, 2023 5:42:09 AM managers.LogPrinter print
INFO: 60142
May 15, 2023 5:42:09 AM managers.LogPrinter print
INFO: ]: Got message:

May 15, 2023 5:42:09 AM managers.LogPrinter print
INFO: InfoPacket{cmd = 'remove_lower', arg = '1', login = 'Kuchizu', password = 'kometa'}
May 15, 2023 5:42:09 AM managers.LogPrinter print
INFO: 

May 15, 2023 5:42:09 AM managers.LogPrinter print
INFO: [
May 15, 2023 5:42:09 AM managers.LogPrinter print
INFO: /127.0.0.1
May 15, 2023 5:42:09 AM managers.LogPrinter print
INFO: ][
May 15, 2023 5:42:09 AM managers.LogPrinter print
INFO: 60142
May 15, 2023 5:42:09 AM managers.LogPrinter print
INFO: ]: Sent response.


May 15, 2023 5:42:13 AM managers.LogPrinter print
INFO: [
May 15, 2023 5:42:13 AM managers.LogPrinter print
INFO: /127.0.0.1
May 15, 2023 5:42:13 AM managers.LogPrinter print
INFO: ][
May 15, 2023 5:42:13 AM managers.LogPrinter print
INFO: 60142
May 15, 2023 5:42:13 AM managers.LogPrinter print
INFO: ]: Got message:

May 15, 2023 5:42:13 AM managers.LogPrinter print
INFO: InfoPacket{cmd = 'remove_lower', arg = '5', login = 'Kuchizu', password = 'kometa'}
May 15, 2023 5:42:13 AM managers.LogPrinter print
INFO: 

May 15, 2023 5:42:13 AM managers.LogPrinter print
INFO: [
May 15, 2023 5:42:13 AM managers.LogPrinter print
INFO: /127.0.0.1
May 15, 2023 5:42:13 AM managers.LogPrinter print
INFO: ][
May 15, 2023 5:42:13 AM managers.LogPrinter print
INFO: 60142
May 15, 2023 5:42:13 AM managers.LogPrinter print
INFO: ]: Sent response.


May 15, 2023 5:42:28 AM managers.LogPrinter print
INFO: [
May 15, 2023 5:42:28 AM managers.LogPrinter print
INFO: /127.0.0.1
May 15, 2023 5:42:28 AM managers.LogPrinter print
INFO: ][
May 15, 2023 5:42:28 AM managers.LogPrinter print
INFO: 60142
May 15, 2023 5:42:28 AM managers.LogPrinter print
INFO: ]: Got message:

May 15, 2023 5:42:28 AM managers.LogPrinter print
INFO: InfoPacket{cmd = 'add', arg = 'null', login = 'Kuchizu', password = 'kometa'}
May 15, 2023 5:42:28 AM managers.LogPrinter print
INFO: 

May 15, 2023 5:42:28 AM managers.LogPrinter print
INFO: [
May 15, 2023 5:42:28 AM managers.LogPrinter print
INFO: /127.0.0.1
May 15, 2023 5:42:28 AM managers.LogPrinter print
INFO: ][
May 15, 2023 5:42:28 AM managers.LogPrinter print
INFO: 60142
May 15, 2023 5:42:28 AM managers.LogPrinter print
INFO: ]: Sent response.


May 15, 2023 5:42:36 AM managers.LogPrinter print
INFO: [
May 15, 2023 5:42:36 AM managers.LogPrinter print
INFO: /127.0.0.1
May 15, 2023 5:42:36 AM managers.LogPrinter print
INFO: ][
May 15, 2023 5:42:36 AM managers.LogPrinter print
INFO: 60142
May 15, 2023 5:42:36 AM managers.LogPrinter print
INFO: ]: Got message:

May 15, 2023 5:42:36 AM managers.LogPrinter print
INFO: InfoPacket{cmd = 'show', arg = 'null', login = 'Kuchizu', password = 'kometa'}
May 15, 2023 5:42:36 AM managers.LogPrinter print
INFO: 

May 15, 2023 5:42:36 AM managers.LogPrinter print
INFO: [
May 15, 2023 5:42:36 AM managers.LogPrinter print
INFO: /127.0.0.1
May 15, 2023 5:42:36 AM managers.LogPrinter print
INFO: ][
May 15, 2023 5:42:36 AM managers.LogPrinter print
INFO: 60142
May 15, 2023 5:42:36 AM managers.LogPrinter print
INFO: ]: Sent response.


May 15, 2023 5:42:38 AM managers.LogPrinter print
INFO: [
May 15, 2023 5:42:38 AM managers.LogPrinter print
INFO: /127.0.0.1
May 15, 2023 5:42:38 AM managers.LogPrinter print
INFO: ][
May 15, 2023 5:42:38 AM managers.LogPrinter print
INFO: 60142
May 15, 2023 5:42:38 AM managers.LogPrinter print
INFO: ]: Got message:

May 15, 2023 5:42:38 AM managers.LogPrinter print
INFO: InfoPacket{cmd = 'help', arg = 'null', login = 'Kuchizu', password = 'kometa'}
May 15, 2023 5:42:38 AM managers.LogPrinter print
INFO: 

May 15, 2023 5:42:38 AM managers.LogPrinter print
INFO: [
May 15, 2023 5:42:38 AM managers.LogPrinter print
INFO: /127.0.0.1
May 15, 2023 5:42:38 AM managers.LogPrinter print
INFO: ][
May 15, 2023 5:42:38 AM managers.LogPrinter print
INFO: 60142
May 15, 2023 5:42:38 AM managers.LogPrinter print
INFO: ]: Sent response.


May 15, 2023 5:42:46 AM managers.LogPrinter print
INFO: [
May 15, 2023 5:42:46 AM managers.LogPrinter print
INFO: /127.0.0.1
May 15, 2023 5:42:46 AM managers.LogPrinter print
INFO: ][
May 15, 2023 5:42:46 AM managers.LogPrinter print
INFO: 60142
May 15, 2023 5:42:46 AM managers.LogPrinter print
INFO: ]: Got message:

May 15, 2023 5:42:46 AM managers.LogPrinter print
INFO: InfoPacket{cmd = 'count_by_time_to_metro_on_foot', arg = 'null', login = 'Kuchizu', password = 'kometa'}
May 15, 2023 5:42:46 AM managers.LogPrinter print
INFO: 

May 15, 2023 5:42:46 AM managers.LogPrinter print
INFO: [
May 15, 2023 5:42:46 AM managers.LogPrinter print
INFO: /127.0.0.1
May 15, 2023 5:42:46 AM managers.LogPrinter print
INFO: ][
May 15, 2023 5:42:46 AM managers.LogPrinter print
INFO: 60142
May 15, 2023 5:42:46 AM managers.LogPrinter print
INFO: ]: Sent response.


May 15, 2023 5:42:48 AM managers.LogPrinter print
INFO: [
May 15, 2023 5:42:48 AM managers.LogPrinter print
INFO: /127.0.0.1
May 15, 2023 5:42:48 AM managers.LogPrinter print
INFO: ][
May 15, 2023 5:42:48 AM managers.LogPrinter print
INFO: 60142
May 15, 2023 5:42:48 AM managers.LogPrinter print
INFO: ]: Got message:

May 15, 2023 5:42:48 AM managers.LogPrinter print
INFO: InfoPacket{cmd = 'count_by_time_to_metro_on_foot', arg = '1', login = 'Kuchizu', password = 'kometa'}
May 15, 2023 5:42:48 AM managers.LogPrinter print
INFO: 

May 15, 2023 5:42:48 AM managers.LogPrinter print
INFO: [
May 15, 2023 5:42:48 AM managers.LogPrinter print
INFO: /127.0.0.1
May 15, 2023 5:42:48 AM managers.LogPrinter print
INFO: ][
May 15, 2023 5:42:48 AM managers.LogPrinter print
INFO: 60142
May 15, 2023 5:42:48 AM managers.LogPrinter print
INFO: ]: Sent response.


May 15, 2023 5:42:56 AM managers.LogPrinter print
INFO: [
May 15, 2023 5:42:56 AM managers.LogPrinter print
INFO: /127.0.0.1
May 15, 2023 5:42:56 AM managers.LogPrinter print
INFO: ][
May 15, 2023 5:42:56 AM managers.LogPrinter print
INFO: 60142
May 15, 2023 5:42:56 AM managers.LogPrinter print
INFO: ]: Got message:

May 15, 2023 5:42:56 AM managers.LogPrinter print
INFO: InfoPacket{cmd = 'remove_by_id', arg = '123', login = 'Kuchizu', password = 'kometa'}
May 15, 2023 5:42:56 AM managers.LogPrinter print
INFO: 

May 15, 2023 5:42:56 AM managers.LogPrinter print
INFO: [
May 15, 2023 5:42:56 AM managers.LogPrinter print
INFO: /127.0.0.1
May 15, 2023 5:42:56 AM managers.LogPrinter print
INFO: ][
May 15, 2023 5:42:56 AM managers.LogPrinter print
INFO: 60142
May 15, 2023 5:42:56 AM managers.LogPrinter print
INFO: ]: Sent response.


May 15, 2023 5:43:01 AM managers.LogPrinter print
INFO: [
May 15, 2023 5:43:01 AM managers.LogPrinter print
INFO: /127.0.0.1
May 15, 2023 5:43:01 AM managers.LogPrinter print
INFO: ][
May 15, 2023 5:43:01 AM managers.LogPrinter print
INFO: 60142
May 15, 2023 5:43:01 AM managers.LogPrinter print
INFO: ]: Got message:

May 15, 2023 5:43:01 AM managers.LogPrinter print
INFO: InfoPacket{cmd = 'remove_by_id', arg = '123', login = 'Kuchizu', password = 'kometa'}
May 15, 2023 5:43:01 AM managers.LogPrinter print
INFO: 

May 15, 2023 5:43:01 AM managers.LogPrinter print
INFO: [
May 15, 2023 5:43:01 AM managers.LogPrinter print
INFO: /127.0.0.1
May 15, 2023 5:43:01 AM managers.LogPrinter print
INFO: ][
May 15, 2023 5:43:01 AM managers.LogPrinter print
INFO: 60142
May 15, 2023 5:43:01 AM managers.LogPrinter print
INFO: ]: Sent response.


May 15, 2023 5:43:03 AM managers.LogPrinter print
INFO: [
May 15, 2023 5:43:03 AM managers.LogPrinter print
INFO: /127.0.0.1
May 15, 2023 5:43:03 AM managers.LogPrinter print
INFO: ][
May 15, 2023 5:43:03 AM managers.LogPrinter print
INFO: 60142
May 15, 2023 5:43:03 AM managers.LogPrinter print
INFO: ]: Got message:

May 15, 2023 5:43:03 AM managers.LogPrinter print
INFO: InfoPacket{cmd = 'remove_by_id', arg = '5', login = 'Kuchizu', password = 'kometa'}
May 15, 2023 5:43:03 AM managers.LogPrinter print
INFO: 

May 15, 2023 5:43:03 AM managers.LogPrinter print
INFO: [
May 15, 2023 5:43:03 AM managers.LogPrinter print
INFO: /127.0.0.1
May 15, 2023 5:43:03 AM managers.LogPrinter print
INFO: ][
May 15, 2023 5:43:03 AM managers.LogPrinter print
INFO: 60142
May 15, 2023 5:43:03 AM managers.LogPrinter print
INFO: ]: Sent response.


