May 15, 2023 6:18:31 PM managers.LogPrinter print
INFO: [
May 15, 2023 6:18:31 PM managers.LogPrinter print
INFO: /127.0.0.1
May 15, 2023 6:18:31 PM managers.LogPrinter print
INFO: ][
May 15, 2023 6:18:31 PM managers.LogPrinter print
INFO: 33257
May 15, 2023 6:18:31 PM managers.LogPrinter print
INFO: ]: [Connected]

May 15, 2023 6:18:31 PM managers.LogPrinter print
INFO: [
May 15, 2023 6:18:31 PM managers.LogPrinter print
INFO: /127.0.0.1
May 15, 2023 6:18:31 PM managers.LogPrinter print
INFO: ][
May 15, 2023 6:18:31 PM managers.LogPrinter print
INFO: 33257
May 15, 2023 6:18:31 PM managers.LogPrinter print
INFO: ]: Got message:

May 15, 2023 6:18:31 PM managers.LogPrinter print
INFO: InfoPacket{cmd = 'connectme', arg = 'null', login = 'null', password = 'null'}
May 15, 2023 6:18:31 PM managers.LogPrinter print
INFO: 

May 15, 2023 6:18:41 PM managers.LogPrinter print
INFO: [
May 15, 2023 6:18:41 PM managers.LogPrinter print
INFO: /127.0.0.1
May 15, 2023 6:18:41 PM managers.LogPrinter print
INFO: ][
May 15, 2023 6:18:41 PM managers.LogPrinter print
INFO: 33257
May 15, 2023 6:18:41 PM managers.LogPrinter print
INFO: ]: Got message:

May 15, 2023 6:18:41 PM managers.LogPrinter print
INFO: InfoPacket{cmd = '/login', arg = 'null', login = 'Kuhcizu', password = ''}
May 15, 2023 6:18:41 PM managers.LogPrinter print
INFO: 

May 15, 2023 6:18:41 PM managers.LogPrinter print
INFO: [
May 15, 2023 6:18:41 PM managers.LogPrinter print
INFO: /127.0.0.1
May 15, 2023 6:18:41 PM managers.LogPrinter print
INFO: ][
May 15, 2023 6:18:41 PM managers.LogPrinter print
INFO: 33257
May 15, 2023 6:18:41 PM managers.LogPrinter print
INFO: ]: Sent response.


May 15, 2023 6:18:49 PM managers.LogPrinter print
INFO: [
May 15, 2023 6:18:49 PM managers.LogPrinter print
INFO: /127.0.0.1
May 15, 2023 6:18:49 PM managers.LogPrinter print
INFO: ][
May 15, 2023 6:18:49 PM managers.LogPrinter print
INFO: 33257
May 15, 2023 6:18:49 PM managers.LogPrinter print
INFO: ]: Got message:

May 15, 2023 6:18:49 PM managers.LogPrinter print
INFO: InfoPacket{cmd = '/login', arg = 'null', login = 'Kuchizu', password = 'kometa'}
May 15, 2023 6:18:49 PM managers.LogPrinter print
INFO: 

May 15, 2023 6:18:49 PM managers.LogPrinter print
INFO: [
May 15, 2023 6:18:49 PM managers.LogPrinter print
INFO: /127.0.0.1
May 15, 2023 6:18:49 PM managers.LogPrinter print
INFO: ][
May 15, 2023 6:18:49 PM managers.LogPrinter print
INFO: 33257
May 15, 2023 6:18:49 PM managers.LogPrinter print
INFO: ]: Sent response.


May 15, 2023 6:18:52 PM managers.LogPrinter print
INFO: [
May 15, 2023 6:18:52 PM managers.LogPrinter print
INFO: /127.0.0.1
May 15, 2023 6:18:52 PM managers.LogPrinter print
INFO: ][
May 15, 2023 6:18:52 PM managers.LogPrinter print
INFO: 33257
May 15, 2023 6:18:52 PM managers.LogPrinter print
INFO: ]: Got message:

May 15, 2023 6:18:52 PM managers.LogPrinter print
INFO: InfoPacket{cmd = 'info', arg = 'null', login = 'Kuchizu', password = 'kometa'}
May 15, 2023 6:18:52 PM managers.LogPrinter print
INFO: 

May 15, 2023 6:18:52 PM managers.LogPrinter print
INFO: [
May 15, 2023 6:18:52 PM managers.LogPrinter print
INFO: /127.0.0.1
May 15, 2023 6:18:52 PM managers.LogPrinter print
INFO: ][
May 15, 2023 6:18:52 PM managers.LogPrinter print
INFO: 33257
May 15, 2023 6:18:52 PM managers.LogPrinter print
INFO: ]: Sent response.


May 15, 2023 6:18:54 PM managers.LogPrinter print
INFO: [
May 15, 2023 6:18:54 PM managers.LogPrinter print
INFO: /127.0.0.1
May 15, 2023 6:18:54 PM managers.LogPrinter print
INFO: ][
May 15, 2023 6:18:54 PM managers.LogPrinter print
INFO: 33257
May 15, 2023 6:18:54 PM managers.LogPrinter print
INFO: ]: Got message:

May 15, 2023 6:18:54 PM managers.LogPrinter print
INFO: InfoPacket{cmd = 'help', arg = 'null', login = 'Kuchizu', password = 'kometa'}
May 15, 2023 6:18:54 PM managers.LogPrinter print
INFO: 

May 15, 2023 6:18:54 PM managers.LogPrinter print
INFO: [
May 15, 2023 6:18:54 PM managers.LogPrinter print
INFO: /127.0.0.1
May 15, 2023 6:18:54 PM managers.LogPrinter print
INFO: ][
May 15, 2023 6:18:54 PM managers.LogPrinter print
INFO: 33257
May 15, 2023 6:18:54 PM managers.LogPrinter print
INFO: ]: Sent response.


May 15, 2023 6:19:13 PM managers.LogPrinter print
INFO: [
May 15, 2023 6:19:13 PM managers.LogPrinter print
INFO: /127.0.0.1
May 15, 2023 6:19:13 PM managers.LogPrinter print
INFO: ][
May 15, 2023 6:19:13 PM managers.LogPrinter print
INFO: 51911
May 15, 2023 6:19:13 PM managers.LogPrinter print
INFO: ]: [Connected]

May 15, 2023 6:19:13 PM managers.LogPrinter print
INFO: [
May 15, 2023 6:19:13 PM managers.LogPrinter print
INFO: /127.0.0.1
May 15, 2023 6:19:13 PM managers.LogPrinter print
INFO: ][
May 15, 2023 6:19:13 PM managers.LogPrinter print
INFO: 51911
May 15, 2023 6:19:13 PM managers.LogPrinter print
INFO: ]: Got message:

May 15, 2023 6:19:13 PM managers.LogPrinter print
INFO: InfoPacket{cmd = 'connectme', arg = 'null', login = 'null', password = 'null'}
May 15, 2023 6:19:13 PM managers.LogPrinter print
INFO: 

May 15, 2023 6:19:26 PM managers.LogPrinter print
INFO: [
May 15, 2023 6:19:26 PM managers.LogPrinter print
INFO: /127.0.0.1
May 15, 2023 6:19:26 PM managers.LogPrinter print
INFO: ][
May 15, 2023 6:19:26 PM managers.LogPrinter print
INFO: 51911
May 15, 2023 6:19:26 PM managers.LogPrinter print
INFO: ]: Got message:

May 15, 2023 6:19:26 PM managers.LogPrinter print
INFO: InfoPacket{cmd = '/login', arg = 'null', login = 'Kuchizu', password = 'kometa'}
May 15, 2023 6:19:26 PM managers.LogPrinter print
INFO: 

May 15, 2023 6:19:26 PM managers.LogPrinter print
INFO: [
May 15, 2023 6:19:26 PM managers.LogPrinter print
INFO: /127.0.0.1
May 15, 2023 6:19:26 PM managers.LogPrinter print
INFO: ][
May 15, 2023 6:19:26 PM managers.LogPrinter print
INFO: 51911
May 15, 2023 6:19:26 PM managers.LogPrinter print
INFO: ]: Sent response.


May 15, 2023 6:19:28 PM managers.LogPrinter print
INFO: [
May 15, 2023 6:19:28 PM managers.LogPrinter print
INFO: /127.0.0.1
May 15, 2023 6:19:28 PM managers.LogPrinter print
INFO: ][
May 15, 2023 6:19:28 PM managers.LogPrinter print
INFO: 51911
May 15, 2023 6:19:28 PM managers.LogPrinter print
INFO: ]: Got message:

May 15, 2023 6:19:28 PM managers.LogPrinter print
INFO: InfoPacket{cmd = 'help', arg = 'null', login = 'Kuchizu', password = 'kometa'}
May 15, 2023 6:19:28 PM managers.LogPrinter print
INFO: 

May 15, 2023 6:19:28 PM managers.LogPrinter print
INFO: [
May 15, 2023 6:19:28 PM managers.LogPrinter print
INFO: /127.0.0.1
May 15, 2023 6:19:28 PM managers.LogPrinter print
INFO: ][
May 15, 2023 6:19:28 PM managers.LogPrinter print
INFO: 51911
May 15, 2023 6:19:28 PM managers.LogPrinter print
INFO: ]: Sent response.


May 15, 2023 6:19:40 PM managers.LogPrinter print
INFO: [
May 15, 2023 6:19:40 PM managers.LogPrinter print
INFO: /127.0.0.1
May 15, 2023 6:19:40 PM managers.LogPrinter print
INFO: ][
May 15, 2023 6:19:40 PM managers.LogPrinter print
INFO: 51911
May 15, 2023 6:19:40 PM managers.LogPrinter print
INFO: ]: Got message:

May 15, 2023 6:19:40 PM managers.LogPrinter print
INFO: InfoPacket{cmd = 'add', arg = 'null', login = 'Kuchizu', password = 'kometa'}
May 15, 2023 6:19:40 PM managers.LogPrinter print
INFO: 

May 15, 2023 6:19:40 PM managers.LogPrinter print
INFO: [
May 15, 2023 6:19:40 PM managers.LogPrinter print
INFO: /127.0.0.1
May 15, 2023 6:19:40 PM managers.LogPrinter print
INFO: ][
May 15, 2023 6:19:40 PM managers.LogPrinter print
INFO: 51911
May 15, 2023 6:19:40 PM managers.LogPrinter print
INFO: ]: Sent response.


May 15, 2023 6:19:44 PM managers.LogPrinter print
INFO: [
May 15, 2023 6:19:44 PM managers.LogPrinter print
INFO: /127.0.0.1
May 15, 2023 6:19:44 PM managers.LogPrinter print
INFO: ][
May 15, 2023 6:19:44 PM managers.LogPrinter print
INFO: 51911
May 15, 2023 6:19:44 PM managers.LogPrinter print
INFO: ]: Got message:

May 15, 2023 6:19:44 PM managers.LogPrinter print
INFO: InfoPacket{cmd = 'info', arg = 'null', login = 'Kuchizu', password = 'kometa'}
May 15, 2023 6:19:44 PM managers.LogPrinter print
INFO: 

May 15, 2023 6:19:44 PM managers.LogPrinter print
INFO: [
May 15, 2023 6:19:44 PM managers.LogPrinter print
INFO: /127.0.0.1
May 15, 2023 6:19:44 PM managers.LogPrinter print
INFO: ][
May 15, 2023 6:19:44 PM managers.LogPrinter print
INFO: 51911
May 15, 2023 6:19:44 PM managers.LogPrinter print
INFO: ]: Sent response.


May 15, 2023 6:19:48 PM managers.LogPrinter print
INFO: [
May 15, 2023 6:19:48 PM managers.LogPrinter print
INFO: /127.0.0.1
May 15, 2023 6:19:48 PM managers.LogPrinter print
INFO: ][
May 15, 2023 6:19:48 PM managers.LogPrinter print
INFO: 33257
May 15, 2023 6:19:48 PM managers.LogPrinter print
INFO: ]: Got message:

May 15, 2023 6:19:48 PM managers.LogPrinter print
INFO: InfoPacket{cmd = 'info', arg = 'null', login = 'Kuchizu', password = 'kometa'}
May 15, 2023 6:19:48 PM managers.LogPrinter print
INFO: 

May 15, 2023 6:19:48 PM managers.LogPrinter print
INFO: [
May 15, 2023 6:19:48 PM managers.LogPrinter print
INFO: /127.0.0.1
May 15, 2023 6:19:48 PM managers.LogPrinter print
INFO: ][
May 15, 2023 6:19:48 PM managers.LogPrinter print
INFO: 33257
May 15, 2023 6:19:48 PM managers.LogPrinter print
INFO: ]: Sent response.


May 15, 2023 6:19:49 PM managers.LogPrinter print
INFO: [
May 15, 2023 6:19:49 PM managers.LogPrinter print
INFO: /127.0.0.1
May 15, 2023 6:19:49 PM managers.LogPrinter print
INFO: ][
May 15, 2023 6:19:49 PM managers.LogPrinter print
INFO: 33257
May 15, 2023 6:19:49 PM managers.LogPrinter print
INFO: ]: Got message:

May 15, 2023 6:19:49 PM managers.LogPrinter print
INFO: InfoPacket{cmd = 'help', arg = 'null', login = 'Kuchizu', password = 'kometa'}
May 15, 2023 6:19:49 PM managers.LogPrinter print
INFO: 

May 15, 2023 6:19:49 PM managers.LogPrinter print
INFO: [
May 15, 2023 6:19:49 PM managers.LogPrinter print
INFO: /127.0.0.1
May 15, 2023 6:19:49 PM managers.LogPrinter print
INFO: ][
May 15, 2023 6:19:49 PM managers.LogPrinter print
INFO: 33257
May 15, 2023 6:19:49 PM managers.LogPrinter print
INFO: ]: Sent response.


May 15, 2023 6:33:36 PM managers.LogPrinter print
INFO: [
May 15, 2023 6:33:36 PM managers.LogPrinter print
INFO: /127.0.0.1
May 15, 2023 6:33:36 PM managers.LogPrinter print
INFO: ][
May 15, 2023 6:33:36 PM managers.LogPrinter print
INFO: 41221
May 15, 2023 6:33:36 PM managers.LogPrinter print
INFO: ]: [Connected]

May 15, 2023 6:33:36 PM managers.LogPrinter print
INFO: [
May 15, 2023 6:33:36 PM managers.LogPrinter print
INFO: /127.0.0.1
May 15, 2023 6:33:36 PM managers.LogPrinter print
INFO: ][
May 15, 2023 6:33:36 PM managers.LogPrinter print
INFO: 41221
May 15, 2023 6:33:36 PM managers.LogPrinter print
INFO: ]: Got message:

May 15, 2023 6:33:36 PM managers.LogPrinter print
INFO: InfoPacket{cmd = 'connectme', arg = 'null', login = 'null', password = 'null'}
May 15, 2023 6:33:36 PM managers.LogPrinter print
INFO: 

