May 15, 2023 6:43:53 PM managers.LogPrinter print
INFO: [
May 15, 2023 6:43:53 PM managers.LogPrinter print
INFO: /127.0.0.1
May 15, 2023 6:43:53 PM managers.LogPrinter print
INFO: ][
May 15, 2023 6:43:53 PM managers.LogPrinter print
INFO: 51970
May 15, 2023 6:43:53 PM managers.LogPrinter print
INFO: ]: Got message:

May 15, 2023 6:43:53 PM managers.LogPrinter print
INFO: InfoPacket{cmd = '/login', arg = 'null', login = 'Kuchizu', password = 'kometa'}
May 15, 2023 6:43:53 PM managers.LogPrinter print
INFO: 

May 15, 2023 6:43:53 PM managers.LogPrinter print
INFO: [
May 15, 2023 6:43:53 PM managers.LogPrinter print
INFO: /127.0.0.1
May 15, 2023 6:43:53 PM managers.LogPrinter print
INFO: ][
May 15, 2023 6:43:53 PM managers.LogPrinter print
INFO: 51970
May 15, 2023 6:43:53 PM managers.LogPrinter print
INFO: ]: Sent response.


May 15, 2023 6:43:56 PM managers.LogPrinter print
INFO: [
May 15, 2023 6:43:56 PM managers.LogPrinter print
INFO: /127.0.0.1
May 15, 2023 6:43:56 PM managers.LogPrinter print
INFO: ][
May 15, 2023 6:43:56 PM managers.LogPrinter print
INFO: 51970
May 15, 2023 6:43:56 PM managers.LogPrinter print
INFO: ]: Got message:

May 15, 2023 6:43:56 PM managers.LogPrinter print
INFO: InfoPacket{cmd = 'info', arg = 'null', login = 'Kuchizu', password = 'kometa'}
May 15, 2023 6:43:56 PM managers.LogPrinter print
INFO: 

May 15, 2023 6:43:56 PM managers.LogPrinter print
INFO: [
May 15, 2023 6:43:56 PM managers.LogPrinter print
INFO: /127.0.0.1
May 15, 2023 6:43:56 PM managers.LogPrinter print
INFO: ][
May 15, 2023 6:43:56 PM managers.LogPrinter print
INFO: 51970
May 15, 2023 6:43:56 PM managers.LogPrinter print
INFO: ]: Sent response.


May 15, 2023 6:44:08 PM managers.LogPrinter print
INFO: [
May 15, 2023 6:44:08 PM managers.LogPrinter print
INFO: /127.0.0.1
May 15, 2023 6:44:08 PM managers.LogPrinter print
INFO: ][
May 15, 2023 6:44:08 PM managers.LogPrinter print
INFO: 51970
May 15, 2023 6:44:08 PM managers.LogPrinter print
INFO: ]: Got message:

May 15, 2023 6:44:08 PM managers.LogPrinter print
INFO: InfoPacket{cmd = 'execute_script', arg = 'add
1
2 3
4
5
6
7
FINE
8
9
10
11
info
', login = 'Kuchizu', password = 'kometa'}
May 15, 2023 6:44:08 PM managers.LogPrinter print
INFO: 

May 15, 2023 6:44:08 PM managers.LogPrinter print
INFO: Объект 1 добавлен в коллекцию.

Collection ArrayDeque
Size: 2 elements
CreationDate: 2023-05-15T07:04:30.682844+03:00[Europe/Moscow]
LastElementID: 29

May 15, 2023 6:44:08 PM managers.LogPrinter print
INFO: [
May 15, 2023 6:44:08 PM managers.LogPrinter print
INFO: /127.0.0.1
May 15, 2023 6:44:08 PM managers.LogPrinter print
INFO: ][
May 15, 2023 6:44:08 PM managers.LogPrinter print
INFO: 51970
May 15, 2023 6:44:08 PM managers.LogPrinter print
INFO: ]: Sent response.


May 15, 2023 6:44:08 PM managers.LogPrinter print
INFO: [
May 15, 2023 6:44:08 PM managers.LogPrinter print
INFO: /127.0.0.1
May 15, 2023 6:44:08 PM managers.LogPrinter print
INFO: ][
May 15, 2023 6:44:08 PM managers.LogPrinter print
INFO: 51970
May 15, 2023 6:44:08 PM managers.LogPrinter print
INFO: ]: Got message:

May 15, 2023 6:44:08 PM managers.LogPrinter print
INFO: InfoPacket{cmd = 'execute_script', arg = 'add
1
2 3
4
5
6
7
FINE
8
9
10
11
info
', login = 'Kuchizu', password = 'kometa'}
May 15, 2023 6:44:08 PM managers.LogPrinter print
INFO: 

May 15, 2023 6:44:08 PM managers.LogPrinter print
INFO: Объект 1 добавлен в коллекцию.

Collection ArrayDeque
Size: 3 elements
CreationDate: 2023-05-15T07:04:30.682844+03:00[Europe/Moscow]
LastElementID: 30

May 15, 2023 6:44:08 PM managers.LogPrinter print
INFO: [
May 15, 2023 6:44:08 PM managers.LogPrinter print
INFO: /127.0.0.1
May 15, 2023 6:44:08 PM managers.LogPrinter print
INFO: ][
May 15, 2023 6:44:08 PM managers.LogPrinter print
INFO: 51970
May 15, 2023 6:44:08 PM managers.LogPrinter print
INFO: ]: Sent response.


May 15, 2023 6:44:09 PM managers.LogPrinter print
INFO: [
May 15, 2023 6:44:09 PM managers.LogPrinter print
INFO: /127.0.0.1
May 15, 2023 6:44:09 PM managers.LogPrinter print
INFO: ][
May 15, 2023 6:44:09 PM managers.LogPrinter print
INFO: 51970
May 15, 2023 6:44:09 PM managers.LogPrinter print
INFO: ]: Got message:

May 15, 2023 6:44:09 PM managers.LogPrinter print
INFO: InfoPacket{cmd = 'execute_script', arg = 'add
1
2 3
4
5
6
7
FINE
8
9
10
11
info
', login = 'Kuchizu', password = 'kometa'}
May 15, 2023 6:44:09 PM managers.LogPrinter print
INFO: 

May 15, 2023 6:44:09 PM managers.LogPrinter print
INFO: Объект 1 добавлен в коллекцию.

Collection ArrayDeque
Size: 4 elements
CreationDate: 2023-05-15T07:04:30.682844+03:00[Europe/Moscow]
LastElementID: 31

May 15, 2023 6:44:09 PM managers.LogPrinter print
INFO: [
May 15, 2023 6:44:09 PM managers.LogPrinter print
INFO: /127.0.0.1
May 15, 2023 6:44:09 PM managers.LogPrinter print
INFO: ][
May 15, 2023 6:44:09 PM managers.LogPrinter print
INFO: 51970
May 15, 2023 6:44:09 PM managers.LogPrinter print
INFO: ]: Sent response.


May 15, 2023 6:44:09 PM managers.LogPrinter print
INFO: [
May 15, 2023 6:44:09 PM managers.LogPrinter print
INFO: /127.0.0.1
May 15, 2023 6:44:09 PM managers.LogPrinter print
INFO: ][
May 15, 2023 6:44:09 PM managers.LogPrinter print
INFO: 51970
May 15, 2023 6:44:09 PM managers.LogPrinter print
INFO: ]: Got message:

May 15, 2023 6:44:09 PM managers.LogPrinter print
INFO: InfoPacket{cmd = 'execute_script', arg = 'add
1
2 3
4
5
6
7
FINE
8
9
10
11
info
', login = 'Kuchizu', password = 'kometa'}
May 15, 2023 6:44:09 PM managers.LogPrinter print
INFO: 

May 15, 2023 6:44:09 PM managers.LogPrinter print
INFO: Объект 1 добавлен в коллекцию.

Collection ArrayDeque
Size: 5 elements
CreationDate: 2023-05-15T07:04:30.682844+03:00[Europe/Moscow]
LastElementID: 32

May 15, 2023 6:44:09 PM managers.LogPrinter print
INFO: [
May 15, 2023 6:44:09 PM managers.LogPrinter print
INFO: /127.0.0.1
May 15, 2023 6:44:09 PM managers.LogPrinter print
INFO: ][
May 15, 2023 6:44:09 PM managers.LogPrinter print
INFO: 51970
May 15, 2023 6:44:09 PM managers.LogPrinter print
INFO: ]: Sent response.


May 15, 2023 6:44:10 PM managers.LogPrinter print
INFO: [
May 15, 2023 6:44:10 PM managers.LogPrinter print
INFO: /127.0.0.1
May 15, 2023 6:44:10 PM managers.LogPrinter print
INFO: ][
May 15, 2023 6:44:10 PM managers.LogPrinter print
INFO: 51970
May 15, 2023 6:44:10 PM managers.LogPrinter print
INFO: ]: Got message:

May 15, 2023 6:44:10 PM managers.LogPrinter print
INFO: InfoPacket{cmd = 'execute_script', arg = 'add
1
2 3
4
5
6
7
FINE
8
9
10
11
info
', login = 'Kuchizu', password = 'kometa'}
May 15, 2023 6:44:10 PM managers.LogPrinter print
INFO: 

May 15, 2023 6:44:10 PM managers.LogPrinter print
INFO: Объект 1 добавлен в коллекцию.

Collection ArrayDeque
Size: 6 elements
CreationDate: 2023-05-15T07:04:30.682844+03:00[Europe/Moscow]
LastElementID: 33

May 15, 2023 6:44:10 PM managers.LogPrinter print
INFO: [
May 15, 2023 6:44:10 PM managers.LogPrinter print
INFO: /127.0.0.1
May 15, 2023 6:44:10 PM managers.LogPrinter print
INFO: ][
May 15, 2023 6:44:10 PM managers.LogPrinter print
INFO: 51970
May 15, 2023 6:44:10 PM managers.LogPrinter print
INFO: ]: Sent response.


May 15, 2023 6:44:10 PM managers.LogPrinter print
INFO: [
May 15, 2023 6:44:10 PM managers.LogPrinter print
INFO: /127.0.0.1
May 15, 2023 6:44:10 PM managers.LogPrinter print
INFO: ][
May 15, 2023 6:44:10 PM managers.LogPrinter print
INFO: 51970
May 15, 2023 6:44:10 PM managers.LogPrinter print
INFO: ]: Got message:

May 15, 2023 6:44:10 PM managers.LogPrinter print
INFO: InfoPacket{cmd = 'clear', arg = 'null', login = 'Kuchizu', password = 'kometa'}
May 15, 2023 6:44:10 PM managers.LogPrinter print
INFO: 

May 15, 2023 6:44:11 PM managers.LogPrinter print
INFO: [
May 15, 2023 6:44:11 PM managers.LogPrinter print
INFO: /127.0.0.1
May 15, 2023 6:44:11 PM managers.LogPrinter print
INFO: ][
May 15, 2023 6:44:11 PM managers.LogPrinter print
INFO: 51970
May 15, 2023 6:44:11 PM managers.LogPrinter print
INFO: ]: Sent response.


May 15, 2023 6:44:13 PM managers.LogPrinter print
INFO: [
May 15, 2023 6:44:13 PM managers.LogPrinter print
INFO: /127.0.0.1
May 15, 2023 6:44:13 PM managers.LogPrinter print
INFO: ][
May 15, 2023 6:44:13 PM managers.LogPrinter print
INFO: 51970
May 15, 2023 6:44:13 PM managers.LogPrinter print
INFO: ]: Got message:

May 15, 2023 6:44:13 PM managers.LogPrinter print
INFO: InfoPacket{cmd = 'execute_script', arg = 'add
1
2 3
4
5
6
7
FINE
8
9
10
11
info
', login = 'Kuchizu', password = 'kometa'}
May 15, 2023 6:44:13 PM managers.LogPrinter print
INFO: 

May 15, 2023 6:44:13 PM managers.LogPrinter print
INFO: Объект 1 добавлен в коллекцию.

Collection ArrayDeque
Size: 2 elements
CreationDate: 2023-05-15T07:04:30.682844+03:00[Europe/Moscow]
LastElementID: 34

May 15, 2023 6:44:13 PM managers.LogPrinter print
INFO: [
May 15, 2023 6:44:13 PM managers.LogPrinter print
INFO: /127.0.0.1
May 15, 2023 6:44:13 PM managers.LogPrinter print
INFO: ][
May 15, 2023 6:44:13 PM managers.LogPrinter print
INFO: 51970
May 15, 2023 6:44:13 PM managers.LogPrinter print
INFO: ]: Sent response.


May 15, 2023 6:44:13 PM managers.LogPrinter print
INFO: [
May 15, 2023 6:44:13 PM managers.LogPrinter print
INFO: /127.0.0.1
May 15, 2023 6:44:13 PM managers.LogPrinter print
INFO: ][
May 15, 2023 6:44:13 PM managers.LogPrinter print
INFO: 51970
May 15, 2023 6:44:13 PM managers.LogPrinter print
INFO: ]: Got message:

May 15, 2023 6:44:13 PM managers.LogPrinter print
INFO: InfoPacket{cmd = 'execute_script', arg = 'add
1
2 3
4
5
6
7
FINE
8
9
10
11
info
', login = 'Kuchizu', password = 'kometa'}
May 15, 2023 6:44:13 PM managers.LogPrinter print
INFO: 

May 15, 2023 6:44:13 PM managers.LogPrinter print
INFO: Объект 1 добавлен в коллекцию.

Collection ArrayDeque
Size: 3 elements
CreationDate: 2023-05-15T07:04:30.682844+03:00[Europe/Moscow]
LastElementID: 35

May 15, 2023 6:44:13 PM managers.LogPrinter print
INFO: [
May 15, 2023 6:44:13 PM managers.LogPrinter print
INFO: /127.0.0.1
May 15, 2023 6:44:13 PM managers.LogPrinter print
INFO: ][
May 15, 2023 6:44:13 PM managers.LogPrinter print
INFO: 51970
May 15, 2023 6:44:13 PM managers.LogPrinter print
INFO: ]: Sent response.


May 15, 2023 6:44:14 PM managers.LogPrinter print
INFO: [
May 15, 2023 6:44:14 PM managers.LogPrinter print
INFO: /127.0.0.1
May 15, 2023 6:44:14 PM managers.LogPrinter print
INFO: ][
May 15, 2023 6:44:14 PM managers.LogPrinter print
INFO: 51970
May 15, 2023 6:44:14 PM managers.LogPrinter print
INFO: ]: Got message:

May 15, 2023 6:44:14 PM managers.LogPrinter print
INFO: InfoPacket{cmd = 'execute_script', arg = 'add
1
2 3
4
5
6
7
FINE
8
9
10
11
info
', login = 'Kuchizu', password = 'kometa'}
May 15, 2023 6:44:14 PM managers.LogPrinter print
INFO: 

May 15, 2023 6:44:14 PM managers.LogPrinter print
INFO: Объект 1 добавлен в коллекцию.

Collection ArrayDeque
Size: 4 elements
CreationDate: 2023-05-15T07:04:30.682844+03:00[Europe/Moscow]
LastElementID: 36

May 15, 2023 6:44:14 PM managers.LogPrinter print
INFO: [
May 15, 2023 6:44:14 PM managers.LogPrinter print
INFO: /127.0.0.1
May 15, 2023 6:44:14 PM managers.LogPrinter print
INFO: ][
May 15, 2023 6:44:14 PM managers.LogPrinter print
INFO: 51970
May 15, 2023 6:44:14 PM managers.LogPrinter print
INFO: ]: Sent response.


May 15, 2023 6:44:14 PM managers.LogPrinter print
INFO: [
May 15, 2023 6:44:14 PM managers.LogPrinter print
INFO: /127.0.0.1
May 15, 2023 6:44:14 PM managers.LogPrinter print
INFO: ][
May 15, 2023 6:44:14 PM managers.LogPrinter print
INFO: 51970
May 15, 2023 6:44:14 PM managers.LogPrinter print
INFO: ]: Got message:

May 15, 2023 6:44:14 PM managers.LogPrinter print
INFO: InfoPacket{cmd = 'execute_script', arg = 'add
1
2 3
4
5
6
7
FINE
8
9
10
11
info
', login = 'Kuchizu', password = 'kometa'}
May 15, 2023 6:44:14 PM managers.LogPrinter print
INFO: 

May 15, 2023 6:44:14 PM managers.LogPrinter print
INFO: Объект 1 добавлен в коллекцию.

Collection ArrayDeque
Size: 5 elements
CreationDate: 2023-05-15T07:04:30.682844+03:00[Europe/Moscow]
LastElementID: 37

May 15, 2023 6:44:14 PM managers.LogPrinter print
INFO: [
May 15, 2023 6:44:14 PM managers.LogPrinter print
INFO: /127.0.0.1
May 15, 2023 6:44:14 PM managers.LogPrinter print
INFO: ][
May 15, 2023 6:44:14 PM managers.LogPrinter print
INFO: 51970
May 15, 2023 6:44:14 PM managers.LogPrinter print
INFO: ]: Sent response.


May 15, 2023 6:44:14 PM managers.LogPrinter print
INFO: [
May 15, 2023 6:44:14 PM managers.LogPrinter print
INFO: /127.0.0.1
May 15, 2023 6:44:14 PM managers.LogPrinter print
INFO: ][
May 15, 2023 6:44:14 PM managers.LogPrinter print
INFO: 51970
May 15, 2023 6:44:14 PM managers.LogPrinter print
INFO: ]: Got message:

May 15, 2023 6:44:14 PM managers.LogPrinter print
INFO: InfoPacket{cmd = 'execute_script', arg = 'add
1
2 3
4
5
6
7
FINE
8
9
10
11
info
', login = 'Kuchizu', password = 'kometa'}
May 15, 2023 6:44:14 PM managers.LogPrinter print
INFO: 

May 15, 2023 6:44:14 PM managers.LogPrinter print
INFO: Объект 1 добавлен в коллекцию.

Collection ArrayDeque
Size: 6 elements
CreationDate: 2023-05-15T07:04:30.682844+03:00[Europe/Moscow]
LastElementID: 38

May 15, 2023 6:44:14 PM managers.LogPrinter print
INFO: [
May 15, 2023 6:44:14 PM managers.LogPrinter print
INFO: /127.0.0.1
May 15, 2023 6:44:14 PM managers.LogPrinter print
INFO: ][
May 15, 2023 6:44:14 PM managers.LogPrinter print
INFO: 51970
May 15, 2023 6:44:14 PM managers.LogPrinter print
INFO: ]: Sent response.


May 15, 2023 6:44:14 PM managers.LogPrinter print
INFO: [
May 15, 2023 6:44:14 PM managers.LogPrinter print
INFO: /127.0.0.1
May 15, 2023 6:44:14 PM managers.LogPrinter print
INFO: ][
May 15, 2023 6:44:14 PM managers.LogPrinter print
INFO: 51970
May 15, 2023 6:44:14 PM managers.LogPrinter print
INFO: ]: Got message:

May 15, 2023 6:44:14 PM managers.LogPrinter print
INFO: InfoPacket{cmd = 'execute_script', arg = 'add
1
2 3
4
5
6
7
FINE
8
9
10
11
info
', login = 'Kuchizu', password = 'kometa'}
May 15, 2023 6:44:14 PM managers.LogPrinter print
INFO: 

May 15, 2023 6:44:14 PM managers.LogPrinter print
INFO: Объект 1 добавлен в коллекцию.

Collection ArrayDeque
Size: 7 elements
CreationDate: 2023-05-15T07:04:30.682844+03:00[Europe/Moscow]
LastElementID: 39

May 15, 2023 6:44:14 PM managers.LogPrinter print
INFO: [
May 15, 2023 6:44:14 PM managers.LogPrinter print
INFO: /127.0.0.1
May 15, 2023 6:44:14 PM managers.LogPrinter print
INFO: ][
May 15, 2023 6:44:14 PM managers.LogPrinter print
INFO: 51970
May 15, 2023 6:44:14 PM managers.LogPrinter print
INFO: ]: Sent response.


May 15, 2023 6:44:15 PM managers.LogPrinter print
INFO: [
May 15, 2023 6:44:15 PM managers.LogPrinter print
INFO: /127.0.0.1
May 15, 2023 6:44:15 PM managers.LogPrinter print
INFO: ][
May 15, 2023 6:44:15 PM managers.LogPrinter print
INFO: 51970
May 15, 2023 6:44:15 PM managers.LogPrinter print
INFO: ]: Got message:

May 15, 2023 6:44:15 PM managers.LogPrinter print
INFO: InfoPacket{cmd = 'execute_script', arg = 'add
1
2 3
4
5
6
7
FINE
8
9
10
11
info
', login = 'Kuchizu', password = 'kometa'}
May 15, 2023 6:44:15 PM managers.LogPrinter print
INFO: 

May 15, 2023 6:44:15 PM managers.LogPrinter print
INFO: Объект 1 добавлен в коллекцию.

Collection ArrayDeque
Size: 8 elements
CreationDate: 2023-05-15T07:04:30.682844+03:00[Europe/Moscow]
LastElementID: 40

May 15, 2023 6:44:15 PM managers.LogPrinter print
INFO: [
May 15, 2023 6:44:15 PM managers.LogPrinter print
INFO: /127.0.0.1
May 15, 2023 6:44:15 PM managers.LogPrinter print
INFO: ][
May 15, 2023 6:44:15 PM managers.LogPrinter print
INFO: 51970
May 15, 2023 6:44:15 PM managers.LogPrinter print
INFO: ]: Sent response.


May 15, 2023 6:44:15 PM managers.LogPrinter print
INFO: [
May 15, 2023 6:44:15 PM managers.LogPrinter print
INFO: /127.0.0.1
May 15, 2023 6:44:15 PM managers.LogPrinter print
INFO: ][
May 15, 2023 6:44:15 PM managers.LogPrinter print
INFO: 51970
May 15, 2023 6:44:15 PM managers.LogPrinter print
INFO: ]: Got message:

May 15, 2023 6:44:15 PM managers.LogPrinter print
INFO: InfoPacket{cmd = 'execute_script', arg = 'add
1
2 3
4
5
6
7
FINE
8
9
10
11
info
', login = 'Kuchizu', password = 'kometa'}
May 15, 2023 6:44:15 PM managers.LogPrinter print
INFO: 

May 15, 2023 6:44:15 PM managers.LogPrinter print
INFO: Объект 1 добавлен в коллекцию.

Collection ArrayDeque
Size: 9 elements
CreationDate: 2023-05-15T07:04:30.682844+03:00[Europe/Moscow]
LastElementID: 41

May 15, 2023 6:44:15 PM managers.LogPrinter print
INFO: [
May 15, 2023 6:44:15 PM managers.LogPrinter print
INFO: /127.0.0.1
May 15, 2023 6:44:15 PM managers.LogPrinter print
INFO: ][
May 15, 2023 6:44:15 PM managers.LogPrinter print
INFO: 51970
May 15, 2023 6:44:15 PM managers.LogPrinter print
INFO: ]: Sent response.


May 15, 2023 6:44:15 PM managers.LogPrinter print
INFO: [
May 15, 2023 6:44:15 PM managers.LogPrinter print
INFO: /127.0.0.1
May 15, 2023 6:44:15 PM managers.LogPrinter print
INFO: ][
May 15, 2023 6:44:15 PM managers.LogPrinter print
INFO: 51970
May 15, 2023 6:44:15 PM managers.LogPrinter print
INFO: ]: Got message:

May 15, 2023 6:44:15 PM managers.LogPrinter print
INFO: InfoPacket{cmd = 'execute_script', arg = 'add
1
2 3
4
5
6
7
FINE
8
9
10
11
info
', login = 'Kuchizu', password = 'kometa'}
May 15, 2023 6:44:15 PM managers.LogPrinter print
INFO: 

May 15, 2023 6:44:15 PM managers.LogPrinter print
INFO: Объект 1 добавлен в коллекцию.

Collection ArrayDeque
Size: 10 elements
CreationDate: 2023-05-15T07:04:30.682844+03:00[Europe/Moscow]
LastElementID: 42

May 15, 2023 6:44:15 PM managers.LogPrinter print
INFO: [
May 15, 2023 6:44:15 PM managers.LogPrinter print
INFO: /127.0.0.1
May 15, 2023 6:44:15 PM managers.LogPrinter print
INFO: ][
May 15, 2023 6:44:15 PM managers.LogPrinter print
INFO: 51970
May 15, 2023 6:44:15 PM managers.LogPrinter print
INFO: ]: Sent response.


May 15, 2023 6:44:16 PM managers.LogPrinter print
INFO: [
May 15, 2023 6:44:16 PM managers.LogPrinter print
INFO: /127.0.0.1
May 15, 2023 6:44:16 PM managers.LogPrinter print
INFO: ][
May 15, 2023 6:44:16 PM managers.LogPrinter print
INFO: 51970
May 15, 2023 6:44:16 PM managers.LogPrinter print
INFO: ]: Got message:

May 15, 2023 6:44:16 PM managers.LogPrinter print
INFO: InfoPacket{cmd = 'execute_script', arg = 'add
1
2 3
4
5
6
7
FINE
8
9
10
11
info
', login = 'Kuchizu', password = 'kometa'}
May 15, 2023 6:44:16 PM managers.LogPrinter print
INFO: 

May 15, 2023 6:44:16 PM managers.LogPrinter print
INFO: Объект 1 добавлен в коллекцию.

Collection ArrayDeque
Size: 11 elements
CreationDate: 2023-05-15T07:04:30.682844+03:00[Europe/Moscow]
LastElementID: 43

May 15, 2023 6:44:16 PM managers.LogPrinter print
INFO: [
May 15, 2023 6:44:16 PM managers.LogPrinter print
INFO: /127.0.0.1
May 15, 2023 6:44:16 PM managers.LogPrinter print
INFO: ][
May 15, 2023 6:44:16 PM managers.LogPrinter print
INFO: 51970
May 15, 2023 6:44:16 PM managers.LogPrinter print
INFO: ]: Sent response.


May 15, 2023 6:44:16 PM managers.LogPrinter print
INFO: [
May 15, 2023 6:44:16 PM managers.LogPrinter print
INFO: /127.0.0.1
May 15, 2023 6:44:16 PM managers.LogPrinter print
INFO: ][
May 15, 2023 6:44:16 PM managers.LogPrinter print
INFO: 51970
May 15, 2023 6:44:16 PM managers.LogPrinter print
INFO: ]: Got message:

May 15, 2023 6:44:16 PM managers.LogPrinter print
INFO: InfoPacket{cmd = 'execute_script', arg = 'add
1
2 3
4
5
6
7
FINE
8
9
10
11
info
', login = 'Kuchizu', password = 'kometa'}
May 15, 2023 6:44:16 PM managers.LogPrinter print
INFO: 

May 15, 2023 6:44:16 PM managers.LogPrinter print
INFO: Объект 1 добавлен в коллекцию.

Collection ArrayDeque
Size: 12 elements
CreationDate: 2023-05-15T07:04:30.682844+03:00[Europe/Moscow]
LastElementID: 44

May 15, 2023 6:44:16 PM managers.LogPrinter print
INFO: [
May 15, 2023 6:44:16 PM managers.LogPrinter print
INFO: /127.0.0.1
May 15, 2023 6:44:16 PM managers.LogPrinter print
INFO: ][
May 15, 2023 6:44:16 PM managers.LogPrinter print
INFO: 51970
May 15, 2023 6:44:16 PM managers.LogPrinter print
INFO: ]: Sent response.


May 15, 2023 6:44:16 PM managers.LogPrinter print
INFO: [
May 15, 2023 6:44:16 PM managers.LogPrinter print
INFO: /127.0.0.1
May 15, 2023 6:44:16 PM managers.LogPrinter print
INFO: ][
May 15, 2023 6:44:16 PM managers.LogPrinter print
INFO: 51970
May 15, 2023 6:44:16 PM managers.LogPrinter print
INFO: ]: Got message:

May 15, 2023 6:44:16 PM managers.LogPrinter print
INFO: InfoPacket{cmd = 'execute_script', arg = 'add
1
2 3
4
5
6
7
FINE
8
9
10
11
info
', login = 'Kuchizu', password = 'kometa'}
May 15, 2023 6:44:16 PM managers.LogPrinter print
INFO: 

May 15, 2023 6:44:16 PM managers.LogPrinter print
INFO: Объект 1 добавлен в коллекцию.

Collection ArrayDeque
Size: 13 elements
CreationDate: 2023-05-15T07:04:30.682844+03:00[Europe/Moscow]
LastElementID: 45

May 15, 2023 6:44:16 PM managers.LogPrinter print
INFO: [
May 15, 2023 6:44:16 PM managers.LogPrinter print
INFO: /127.0.0.1
May 15, 2023 6:44:16 PM managers.LogPrinter print
INFO: ][
May 15, 2023 6:44:16 PM managers.LogPrinter print
INFO: 51970
May 15, 2023 6:44:16 PM managers.LogPrinter print
INFO: ]: Sent response.


May 15, 2023 6:44:18 PM managers.LogPrinter print
INFO: [
May 15, 2023 6:44:18 PM managers.LogPrinter print
INFO: /127.0.0.1
May 15, 2023 6:44:18 PM managers.LogPrinter print
INFO: ][
May 15, 2023 6:44:18 PM managers.LogPrinter print
INFO: 51970
May 15, 2023 6:44:18 PM managers.LogPrinter print
INFO: ]: Got message:

May 15, 2023 6:44:18 PM managers.LogPrinter print
INFO: InfoPacket{cmd = 'info', arg = 'null', login = 'Kuchizu', password = 'kometa'}
May 15, 2023 6:44:18 PM managers.LogPrinter print
INFO: 

May 15, 2023 6:44:18 PM managers.LogPrinter print
INFO: [
May 15, 2023 6:44:18 PM managers.LogPrinter print
INFO: /127.0.0.1
May 15, 2023 6:44:18 PM managers.LogPrinter print
INFO: ][
May 15, 2023 6:44:18 PM managers.LogPrinter print
INFO: 51970
May 15, 2023 6:44:18 PM managers.LogPrinter print
INFO: ]: Sent response.


May 15, 2023 6:44:19 PM managers.LogPrinter print
INFO: [
May 15, 2023 6:44:19 PM managers.LogPrinter print
INFO: /127.0.0.1
May 15, 2023 6:44:19 PM managers.LogPrinter print
INFO: ][
May 15, 2023 6:44:19 PM managers.LogPrinter print
INFO: 51970
May 15, 2023 6:44:19 PM managers.LogPrinter print
INFO: ]: Got message:

May 15, 2023 6:44:19 PM managers.LogPrinter print
INFO: InfoPacket{cmd = 'help', arg = 'null', login = 'Kuchizu', password = 'kometa'}
May 15, 2023 6:44:19 PM managers.LogPrinter print
INFO: 

May 15, 2023 6:44:19 PM managers.LogPrinter print
INFO: [
May 15, 2023 6:44:19 PM managers.LogPrinter print
INFO: /127.0.0.1
May 15, 2023 6:44:19 PM managers.LogPrinter print
INFO: ][
May 15, 2023 6:44:19 PM managers.LogPrinter print
INFO: 51970
May 15, 2023 6:44:19 PM managers.LogPrinter print
INFO: ]: Sent response.


May 15, 2023 6:44:21 PM managers.LogPrinter print
INFO: [
May 15, 2023 6:44:21 PM managers.LogPrinter print
INFO: /127.0.0.1
May 15, 2023 6:44:21 PM managers.LogPrinter print
INFO: ][
May 15, 2023 6:44:21 PM managers.LogPrinter print
INFO: 51970
May 15, 2023 6:44:21 PM managers.LogPrinter print
INFO: ]: Got message:

May 15, 2023 6:44:21 PM managers.LogPrinter print
INFO: InfoPacket{cmd = 'execute_script', arg = 'add
1
2 3
4
5
6
7
FINE
8
9
10
11
info
', login = 'Kuchizu', password = 'kometa'}
May 15, 2023 6:44:21 PM managers.LogPrinter print
INFO: 

May 15, 2023 6:44:21 PM managers.LogPrinter print
INFO: Объект 1 добавлен в коллекцию.

Collection ArrayDeque
Size: 14 elements
CreationDate: 2023-05-15T07:04:30.682844+03:00[Europe/Moscow]
LastElementID: 46

May 15, 2023 6:44:21 PM managers.LogPrinter print
INFO: [
May 15, 2023 6:44:21 PM managers.LogPrinter print
INFO: /127.0.0.1
May 15, 2023 6:44:21 PM managers.LogPrinter print
INFO: ][
May 15, 2023 6:44:21 PM managers.LogPrinter print
INFO: 51970
May 15, 2023 6:44:21 PM managers.LogPrinter print
INFO: ]: Sent response.


May 15, 2023 6:44:25 PM managers.LogPrinter print
INFO: [
May 15, 2023 6:44:25 PM managers.LogPrinter print
INFO: /127.0.0.1
May 15, 2023 6:44:25 PM managers.LogPrinter print
INFO: ][
May 15, 2023 6:44:25 PM managers.LogPrinter print
INFO: 51970
May 15, 2023 6:44:25 PM managers.LogPrinter print
INFO: ]: Got message:

May 15, 2023 6:44:25 PM managers.LogPrinter print
INFO: InfoPacket{cmd = 'remove_lower', arg = '1', login = 'Kuchizu', password = 'kometa'}
May 15, 2023 6:44:25 PM managers.LogPrinter print
INFO: 

May 15, 2023 6:44:25 PM managers.LogPrinter print
INFO: [
May 15, 2023 6:44:25 PM managers.LogPrinter print
INFO: /127.0.0.1
May 15, 2023 6:44:25 PM managers.LogPrinter print
INFO: ][
May 15, 2023 6:44:25 PM managers.LogPrinter print
INFO: 51970
May 15, 2023 6:44:25 PM managers.LogPrinter print
INFO: ]: Sent response.


May 15, 2023 6:44:28 PM managers.LogPrinter print
INFO: [
May 15, 2023 6:44:28 PM managers.LogPrinter print
INFO: /127.0.0.1
May 15, 2023 6:44:28 PM managers.LogPrinter print
INFO: ][
May 15, 2023 6:44:28 PM managers.LogPrinter print
INFO: 51970
May 15, 2023 6:44:28 PM managers.LogPrinter print
INFO: ]: Got message:

May 15, 2023 6:44:28 PM managers.LogPrinter print
INFO: InfoPacket{cmd = 'remove_lower', arg = '123', login = 'Kuchizu', password = 'kometa'}
May 15, 2023 6:44:28 PM managers.LogPrinter print
INFO: 

