May 15, 2023 3:10:45 AM managers.LogPrinter print
INFO: [
May 15, 2023 3:10:45 AM managers.LogPrinter print
INFO: /127.0.0.1
May 15, 2023 3:10:45 AM managers.LogPrinter print
INFO: ][
May 15, 2023 3:10:45 AM managers.LogPrinter print
INFO: 45944
May 15, 2023 3:10:45 AM managers.LogPrinter print
INFO: ]: [Connected]

May 15, 2023 3:10:49 AM managers.LogPrinter print
INFO: [
May 15, 2023 3:10:49 AM managers.LogPrinter print
INFO: /127.0.0.1
May 15, 2023 3:10:49 AM managers.LogPrinter print
INFO: ][
May 15, 2023 3:10:49 AM managers.LogPrinter print
INFO: 45944
May 15, 2023 3:10:49 AM managers.LogPrinter print
INFO: ]: Got message:

May 15, 2023 3:10:49 AM managers.LogPrinter print
INFO: InfoPacket{cmd = 'info', arg = 'null', login = 'null', password = 'null'}
May 15, 2023 3:10:49 AM managers.LogPrinter print
INFO: 

May 15, 2023 3:10:49 AM managers.LogPrinter print
INFO: [
May 15, 2023 3:10:49 AM managers.LogPrinter print
INFO: /127.0.0.1
May 15, 2023 3:10:49 AM managers.LogPrinter print
INFO: ][
May 15, 2023 3:10:49 AM managers.LogPrinter print
INFO: 45944
May 15, 2023 3:10:49 AM managers.LogPrinter print
INFO: ]: Sent response.


May 15, 2023 3:12:17 AM managers.LogPrinter print
INFO: [
May 15, 2023 3:12:17 AM managers.LogPrinter print
INFO: /127.0.0.1
May 15, 2023 3:12:17 AM managers.LogPrinter print
INFO: ][
May 15, 2023 3:12:17 AM managers.LogPrinter print
INFO: 50048
May 15, 2023 3:12:17 AM managers.LogPrinter print
INFO: ]: [Connected]

May 15, 2023 3:12:18 AM managers.LogPrinter print
INFO: [
May 15, 2023 3:12:18 AM managers.LogPrinter print
INFO: /127.0.0.1
May 15, 2023 3:12:18 AM managers.LogPrinter print
INFO: ][
May 15, 2023 3:12:18 AM managers.LogPrinter print
INFO: 50048
May 15, 2023 3:12:18 AM managers.LogPrinter print
INFO: ]: Got message:

May 15, 2023 3:12:18 AM managers.LogPrinter print
INFO: InfoPacket{cmd = 'info', arg = 'null', login = 'null', password = 'null'}
May 15, 2023 3:12:18 AM managers.LogPrinter print
INFO: 

May 15, 2023 3:12:18 AM managers.LogPrinter print
INFO: [
May 15, 2023 3:12:18 AM managers.LogPrinter print
INFO: /127.0.0.1
May 15, 2023 3:12:18 AM managers.LogPrinter print
INFO: ][
May 15, 2023 3:12:18 AM managers.LogPrinter print
INFO: 50048
May 15, 2023 3:12:18 AM managers.LogPrinter print
INFO: ]: Sent response.


May 15, 2023 3:12:22 AM managers.LogPrinter print
INFO: [
May 15, 2023 3:12:22 AM managers.LogPrinter print
INFO: /127.0.0.1
May 15, 2023 3:12:22 AM managers.LogPrinter print
INFO: ][
May 15, 2023 3:12:22 AM managers.LogPrinter print
INFO: 50048
May 15, 2023 3:12:22 AM managers.LogPrinter print
INFO: ]: Got message:

May 15, 2023 3:12:22 AM managers.LogPrinter print
INFO: InfoPacket{cmd = 'help', arg = 'null', login = 'null', password = 'null'}
May 15, 2023 3:12:22 AM managers.LogPrinter print
INFO: 

May 15, 2023 3:12:22 AM managers.LogPrinter print
INFO: [
May 15, 2023 3:12:22 AM managers.LogPrinter print
INFO: /127.0.0.1
May 15, 2023 3:12:22 AM managers.LogPrinter print
INFO: ][
May 15, 2023 3:12:22 AM managers.LogPrinter print
INFO: 50048
May 15, 2023 3:12:22 AM managers.LogPrinter print
INFO: ]: Sent response.


May 15, 2023 3:12:33 AM managers.LogPrinter print
INFO: [
May 15, 2023 3:12:33 AM managers.LogPrinter print
INFO: /127.0.0.1
May 15, 2023 3:12:33 AM managers.LogPrinter print
INFO: ][
May 15, 2023 3:12:33 AM managers.LogPrinter print
INFO: 50048
May 15, 2023 3:12:33 AM managers.LogPrinter print
INFO: ]: Got message:

May 15, 2023 3:12:33 AM managers.LogPrinter print
INFO: InfoPacket{cmd = '/login', arg = 'null', login = 'a', password = 'a'}
May 15, 2023 3:12:33 AM managers.LogPrinter print
INFO: 

