May 17, 2023 2:30:19 PM managers.LogPrinter print
INFO: [
May 17, 2023 2:30:19 PM managers.LogPrinter print
INFO: /127.0.0.1
May 17, 2023 2:30:19 PM managers.LogPrinter print
INFO: ][
May 17, 2023 2:30:19 PM managers.LogPrinter print
INFO: 33839
May 17, 2023 2:30:19 PM managers.LogPrinter print
INFO: ]: [Connected]

May 17, 2023 2:30:19 PM managers.LogPrinter print
INFO: [
May 17, 2023 2:30:19 PM managers.LogPrinter print
INFO: /127.0.0.1
May 17, 2023 2:30:19 PM managers.LogPrinter print
INFO: ][
May 17, 2023 2:30:19 PM managers.LogPrinter print
INFO: 33839
May 17, 2023 2:30:19 PM managers.LogPrinter print
INFO: ]: Got message:

May 17, 2023 2:30:19 PM managers.LogPrinter print
INFO: InfoPacket{cmd = 'connectme', arg = 'null', login = 'null', password = 'null'}
May 17, 2023 2:30:19 PM managers.LogPrinter print
INFO: 

May 17, 2023 2:30:24 PM managers.LogPrinter print
INFO: [
May 17, 2023 2:30:24 PM managers.LogPrinter print
INFO: /127.0.0.1
May 17, 2023 2:30:24 PM managers.LogPrinter print
INFO: ][
May 17, 2023 2:30:24 PM managers.LogPrinter print
INFO: 33839
May 17, 2023 2:30:24 PM managers.LogPrinter print
INFO: ]: Got message:

May 17, 2023 2:30:24 PM managers.LogPrinter print
INFO: InfoPacket{cmd = '/login', arg = 'null', login = 'Kuchizu', password = 'kometa'}
May 17, 2023 2:30:24 PM managers.LogPrinter print
INFO: 

May 17, 2023 2:30:24 PM managers.LogPrinter print
INFO: [
May 17, 2023 2:30:24 PM managers.LogPrinter print
INFO: /127.0.0.1
May 17, 2023 2:30:24 PM managers.LogPrinter print
INFO: ][
May 17, 2023 2:30:24 PM managers.LogPrinter print
INFO: 33839
May 17, 2023 2:30:24 PM managers.LogPrinter print
INFO: ]: Sent response.


May 17, 2023 2:30:40 PM managers.LogPrinter print
INFO: [
May 17, 2023 2:30:40 PM managers.LogPrinter print
INFO: /127.0.0.1
May 17, 2023 2:30:40 PM managers.LogPrinter print
INFO: ][
May 17, 2023 2:30:40 PM managers.LogPrinter print
INFO: 55248
May 17, 2023 2:30:40 PM managers.LogPrinter print
INFO: ]: [Connected]

May 17, 2023 2:30:40 PM managers.LogPrinter print
INFO: [
May 17, 2023 2:30:40 PM managers.LogPrinter print
INFO: /127.0.0.1
May 17, 2023 2:30:40 PM managers.LogPrinter print
INFO: ][
May 17, 2023 2:30:40 PM managers.LogPrinter print
INFO: 55248
May 17, 2023 2:30:40 PM managers.LogPrinter print
INFO: ]: Got message:

May 17, 2023 2:30:40 PM managers.LogPrinter print
INFO: InfoPacket{cmd = 'connectme', arg = 'null', login = 'null', password = 'null'}
May 17, 2023 2:30:40 PM managers.LogPrinter print
INFO: 

May 17, 2023 2:30:45 PM managers.LogPrinter print
INFO: [
May 17, 2023 2:30:45 PM managers.LogPrinter print
INFO: /127.0.0.1
May 17, 2023 2:30:45 PM managers.LogPrinter print
INFO: ][
May 17, 2023 2:30:45 PM managers.LogPrinter print
INFO: 55248
May 17, 2023 2:30:45 PM managers.LogPrinter print
INFO: ]: Got message:

May 17, 2023 2:30:45 PM managers.LogPrinter print
INFO: InfoPacket{cmd = '/login', arg = 'null', login = 'Kuchizu', password = 'kometa'}
May 17, 2023 2:30:45 PM managers.LogPrinter print
INFO: 

May 17, 2023 2:30:45 PM managers.LogPrinter print
INFO: [
May 17, 2023 2:30:45 PM managers.LogPrinter print
INFO: /127.0.0.1
May 17, 2023 2:30:45 PM managers.LogPrinter print
INFO: ][
May 17, 2023 2:30:45 PM managers.LogPrinter print
INFO: 55248
May 17, 2023 2:30:45 PM managers.LogPrinter print
INFO: ]: Sent response.


