Jun 03, 2023 11:42:26 PM managers.LogPrinter print
INFO: [
Jun 03, 2023 11:42:26 PM managers.LogPrinter print
INFO: /127.0.0.1
Jun 03, 2023 11:42:26 PM managers.LogPrinter print
INFO: ][
Jun 03, 2023 11:42:26 PM managers.LogPrinter print
INFO: 43792
Jun 03, 2023 11:42:26 PM managers.LogPrinter print
INFO: ]: [Connected]

Jun 03, 2023 11:42:26 PM managers.LogPrinter print
INFO: [
Jun 03, 2023 11:42:26 PM managers.LogPrinter print
INFO: /127.0.0.1
Jun 03, 2023 11:42:26 PM managers.LogPrinter print
INFO: ][
Jun 03, 2023 11:42:26 PM managers.LogPrinter print
INFO: 43792
Jun 03, 2023 11:42:26 PM managers.LogPrinter print
INFO: ]: Got message:

Jun 03, 2023 11:42:26 PM managers.LogPrinter print
INFO: InfoPacket{cmd = 'connectme', arg = 'null', login = 'null', password = 'null'}
Jun 03, 2023 11:42:26 PM managers.LogPrinter print
INFO: 

Jun 03, 2023 11:42:26 PM managers.LogPrinter print
INFO: [
Jun 03, 2023 11:42:26 PM managers.LogPrinter print
INFO: /127.0.0.1
Jun 03, 2023 11:42:26 PM managers.LogPrinter print
INFO: ][
Jun 03, 2023 11:42:26 PM managers.LogPrinter print
INFO: 43792
Jun 03, 2023 11:42:26 PM managers.LogPrinter print
INFO: ]: [Connected]

Jun 03, 2023 11:42:26 PM managers.LogPrinter print
INFO: [
Jun 03, 2023 11:42:26 PM managers.LogPrinter print
INFO: /127.0.0.1
Jun 03, 2023 11:42:26 PM managers.LogPrinter print
INFO: ][
Jun 03, 2023 11:42:26 PM managers.LogPrinter print
INFO: 43792
Jun 03, 2023 11:42:26 PM managers.LogPrinter print
INFO: ]: Got message:

Jun 03, 2023 11:42:26 PM managers.LogPrinter print
INFO: InfoPacket{cmd = 'connectme', arg = 'null', login = 'null', password = 'null'}
Jun 03, 2023 11:42:26 PM managers.LogPrinter print
INFO: 

