Jun 03, 2023 11:50:20 PM managers.LogPrinter print
INFO: [
Jun 03, 2023 11:50:20 PM managers.LogPrinter print
INFO: /127.0.0.1
Jun 03, 2023 11:50:20 PM managers.LogPrinter print
INFO: ][
Jun 03, 2023 11:50:20 PM managers.LogPrinter print
INFO: 60368
Jun 03, 2023 11:50:20 PM managers.LogPrinter print
INFO: ]: Got message:

Jun 03, 2023 11:50:20 PM managers.LogPrinter print
INFO: InfoPacket{cmd = '/login', arg = 'null', login = 'Kuchizu', password = 'kometa'}
Jun 03, 2023 11:50:20 PM managers.LogPrinter print
INFO: 

Jun 03, 2023 11:50:20 PM managers.LogPrinter print
INFO: [Succ, Успешная авторизация., 1]
Jun 03, 2023 11:50:20 PM managers.LogPrinter println
INFO: [Succ, Успешная авторизация., 1]
Jun 03, 2023 11:50:20 PM managers.LogPrinter print
INFO: [
Jun 03, 2023 11:50:20 PM managers.LogPrinter print
INFO: /127.0.0.1
Jun 03, 2023 11:50:20 PM managers.LogPrinter print
INFO: ][
Jun 03, 2023 11:50:20 PM managers.LogPrinter print
INFO: 60368
Jun 03, 2023 11:50:20 PM managers.LogPrinter print
INFO: ]: Sent response.


Jun 03, 2023 11:50:20 PM managers.LogPrinter print
INFO: [
Jun 03, 2023 11:50:20 PM managers.LogPrinter print
INFO: /127.0.0.1
Jun 03, 2023 11:50:20 PM managers.LogPrinter print
INFO: ][
Jun 03, 2023 11:50:20 PM managers.LogPrinter print
INFO: 60368
Jun 03, 2023 11:50:20 PM managers.LogPrinter print
INFO: ]: Got message:

Jun 03, 2023 11:50:20 PM managers.LogPrinter print
INFO: InfoPacket{cmd = '/loadDB', arg = 'null', login = 'Kuchizu', password = 'kometa'}
Jun 03, 2023 11:50:20 PM managers.LogPrinter print
INFO: 

Jun 03, 2023 11:50:20 PM managers.LogPrinter print
INFO: DB
Jun 03, 2023 11:50:20 PM managers.LogPrinter println
INFO: DB
Jun 03, 2023 11:50:20 PM managers.LogPrinter print
INFO: [
Jun 03, 2023 11:50:20 PM managers.LogPrinter print
INFO: /127.0.0.1
Jun 03, 2023 11:50:20 PM managers.LogPrinter print
INFO: ][
Jun 03, 2023 11:50:20 PM managers.LogPrinter print
INFO: 60368
Jun 03, 2023 11:50:20 PM managers.LogPrinter print
INFO: ]: Sent response.


Jun 03, 2023 11:50:37 PM managers.LogPrinter print
INFO: [
Jun 03, 2023 11:50:37 PM managers.LogPrinter print
INFO: /127.0.0.1
Jun 03, 2023 11:50:37 PM managers.LogPrinter print
INFO: ][
Jun 03, 2023 11:50:37 PM managers.LogPrinter print
INFO: 46262
Jun 03, 2023 11:50:37 PM managers.LogPrinter print
INFO: ]: [Connected]

Jun 03, 2023 11:50:37 PM managers.LogPrinter print
INFO: [
Jun 03, 2023 11:50:37 PM managers.LogPrinter print
INFO: /127.0.0.1
Jun 03, 2023 11:50:37 PM managers.LogPrinter print
INFO: ][
Jun 03, 2023 11:50:37 PM managers.LogPrinter print
INFO: 46262
Jun 03, 2023 11:50:37 PM managers.LogPrinter print
INFO: ]: Got message:

Jun 03, 2023 11:50:37 PM managers.LogPrinter print
INFO: InfoPacket{cmd = 'connectme', arg = 'null', login = 'null', password = 'null'}
Jun 03, 2023 11:50:37 PM managers.LogPrinter print
INFO: 

Jun 03, 2023 11:50:38 PM managers.LogPrinter print
INFO: [
Jun 03, 2023 11:50:38 PM managers.LogPrinter print
INFO: /127.0.0.1
Jun 03, 2023 11:50:38 PM managers.LogPrinter print
INFO: ][
Jun 03, 2023 11:50:38 PM managers.LogPrinter print
INFO: 46262
Jun 03, 2023 11:50:38 PM managers.LogPrinter print
INFO: ]: [Connected]

Jun 03, 2023 11:50:38 PM managers.LogPrinter print
INFO: [
Jun 03, 2023 11:50:38 PM managers.LogPrinter print
INFO: /127.0.0.1
Jun 03, 2023 11:50:38 PM managers.LogPrinter print
INFO: ][
Jun 03, 2023 11:50:38 PM managers.LogPrinter print
INFO: 46262
Jun 03, 2023 11:50:38 PM managers.LogPrinter print
INFO: ]: Got message:

Jun 03, 2023 11:50:38 PM managers.LogPrinter print
INFO: InfoPacket{cmd = 'connectme', arg = 'null', login = 'null', password = 'null'}
Jun 03, 2023 11:50:38 PM managers.LogPrinter print
INFO: 

Jun 03, 2023 11:50:41 PM managers.LogPrinter print
INFO: [
Jun 03, 2023 11:50:41 PM managers.LogPrinter print
INFO: /127.0.0.1
Jun 03, 2023 11:50:41 PM managers.LogPrinter print
INFO: ][
Jun 03, 2023 11:50:41 PM managers.LogPrinter print
INFO: 46262
Jun 03, 2023 11:50:41 PM managers.LogPrinter print
INFO: ]: Got message:

Jun 03, 2023 11:50:41 PM managers.LogPrinter print
INFO: InfoPacket{cmd = '/login', arg = 'null', login = 'Zukuchi', password = 'kometa'}
Jun 03, 2023 11:50:41 PM managers.LogPrinter print
INFO: 

Jun 03, 2023 11:50:41 PM managers.LogPrinter print
INFO: [Succ, Успешная авторизация., 2]
Jun 03, 2023 11:50:41 PM managers.LogPrinter println
INFO: [Succ, Успешная авторизация., 2]
Jun 03, 2023 11:50:41 PM managers.LogPrinter print
INFO: [
Jun 03, 2023 11:50:41 PM managers.LogPrinter print
INFO: /127.0.0.1
Jun 03, 2023 11:50:41 PM managers.LogPrinter print
INFO: ][
Jun 03, 2023 11:50:41 PM managers.LogPrinter print
INFO: 46262
Jun 03, 2023 11:50:41 PM managers.LogPrinter print
INFO: ]: Sent response.


Jun 03, 2023 11:50:41 PM managers.LogPrinter print
INFO: [
Jun 03, 2023 11:50:41 PM managers.LogPrinter print
INFO: /127.0.0.1
Jun 03, 2023 11:50:41 PM managers.LogPrinter print
INFO: ][
Jun 03, 2023 11:50:41 PM managers.LogPrinter print
INFO: 46262
Jun 03, 2023 11:50:41 PM managers.LogPrinter print
INFO: ]: Got message:

Jun 03, 2023 11:50:41 PM managers.LogPrinter print
INFO: InfoPacket{cmd = '/loadDB', arg = 'null', login = 'Zukuchi', password = 'kometa'}
Jun 03, 2023 11:50:41 PM managers.LogPrinter print
INFO: 

Jun 03, 2023 11:50:41 PM managers.LogPrinter print
INFO: DB
Jun 03, 2023 11:50:41 PM managers.LogPrinter println
INFO: DB
Jun 03, 2023 11:50:41 PM managers.LogPrinter print
INFO: [
Jun 03, 2023 11:50:41 PM managers.LogPrinter print
INFO: /127.0.0.1
Jun 03, 2023 11:50:41 PM managers.LogPrinter print
INFO: ][
Jun 03, 2023 11:50:41 PM managers.LogPrinter print
INFO: 46262
Jun 03, 2023 11:50:41 PM managers.LogPrinter print
INFO: ]: Sent response.


Jun 04, 2023 12:01:35 AM managers.LogPrinter print
INFO: [
Jun 04, 2023 12:01:35 AM managers.LogPrinter print
INFO: /127.0.0.1
Jun 04, 2023 12:01:35 AM managers.LogPrinter print
INFO: ][
Jun 04, 2023 12:01:35 AM managers.LogPrinter print
INFO: 46262
Jun 04, 2023 12:01:35 AM managers.LogPrinter print
INFO: ]: Got message:

Jun 04, 2023 12:01:35 AM managers.LogPrinter print
INFO: InfoPacket{cmd = 'update', arg = '18', login = 'Zukuchi', password = 'kometa'}
Jun 04, 2023 12:01:35 AM managers.LogPrinter print
INFO: 

Jun 04, 2023 12:01:35 AM managers.LogPrinter print
INFO: [
Jun 04, 2023 12:01:35 AM managers.LogPrinter print
INFO: /127.0.0.1
Jun 04, 2023 12:01:35 AM managers.LogPrinter print
INFO: ][
Jun 04, 2023 12:01:35 AM managers.LogPrinter print
INFO: 46262
Jun 04, 2023 12:01:35 AM managers.LogPrinter print
INFO: ]: Sent response.


Jun 04, 2023 12:03:01 AM managers.LogPrinter print
INFO: [
Jun 04, 2023 12:03:01 AM managers.LogPrinter print
INFO: /127.0.0.1
Jun 04, 2023 12:03:01 AM managers.LogPrinter print
INFO: ][
Jun 04, 2023 12:03:01 AM managers.LogPrinter print
INFO: 43490
Jun 04, 2023 12:03:01 AM managers.LogPrinter print
INFO: ]: [Connected]

Jun 04, 2023 12:03:01 AM managers.LogPrinter print
INFO: [
Jun 04, 2023 12:03:01 AM managers.LogPrinter print
INFO: /127.0.0.1
Jun 04, 2023 12:03:01 AM managers.LogPrinter print
INFO: ][
Jun 04, 2023 12:03:01 AM managers.LogPrinter print
INFO: 43490
Jun 04, 2023 12:03:01 AM managers.LogPrinter print
INFO: ]: Got message:

Jun 04, 2023 12:03:01 AM managers.LogPrinter print
INFO: InfoPacket{cmd = 'connectme', arg = 'null', login = 'null', password = 'null'}
Jun 04, 2023 12:03:01 AM managers.LogPrinter print
INFO: 

Jun 04, 2023 12:03:01 AM managers.LogPrinter print
INFO: [
Jun 04, 2023 12:03:01 AM managers.LogPrinter print
INFO: /127.0.0.1
Jun 04, 2023 12:03:01 AM managers.LogPrinter print
INFO: ][
Jun 04, 2023 12:03:01 AM managers.LogPrinter print
INFO: 43490
Jun 04, 2023 12:03:01 AM managers.LogPrinter print
INFO: ]: [Connected]

Jun 04, 2023 12:03:01 AM managers.LogPrinter print
INFO: [
Jun 04, 2023 12:03:01 AM managers.LogPrinter print
INFO: /127.0.0.1
Jun 04, 2023 12:03:01 AM managers.LogPrinter print
INFO: ][
Jun 04, 2023 12:03:01 AM managers.LogPrinter print
INFO: 43490
Jun 04, 2023 12:03:01 AM managers.LogPrinter print
INFO: ]: Got message:

Jun 04, 2023 12:03:01 AM managers.LogPrinter print
INFO: InfoPacket{cmd = 'connectme', arg = 'null', login = 'null', password = 'null'}
Jun 04, 2023 12:03:01 AM managers.LogPrinter print
INFO: 

Jun 04, 2023 12:03:08 AM managers.LogPrinter print
INFO: [
Jun 04, 2023 12:03:08 AM managers.LogPrinter print
INFO: /127.0.0.1
Jun 04, 2023 12:03:08 AM managers.LogPrinter print
INFO: ][
Jun 04, 2023 12:03:08 AM managers.LogPrinter print
INFO: 43490
Jun 04, 2023 12:03:08 AM managers.LogPrinter print
INFO: ]: Got message:

Jun 04, 2023 12:03:08 AM managers.LogPrinter print
INFO: InfoPacket{cmd = '/login', arg = 'null', login = 'Kuchizu', password = 'kometa'}
Jun 04, 2023 12:03:08 AM managers.LogPrinter print
INFO: 

Jun 04, 2023 12:03:08 AM managers.LogPrinter print
INFO: [Succ, Успешная авторизация., 1]
Jun 04, 2023 12:03:08 AM managers.LogPrinter println
INFO: [Succ, Успешная авторизация., 1]
Jun 04, 2023 12:03:08 AM managers.LogPrinter print
INFO: [
Jun 04, 2023 12:03:08 AM managers.LogPrinter print
INFO: /127.0.0.1
Jun 04, 2023 12:03:08 AM managers.LogPrinter print
INFO: ][
Jun 04, 2023 12:03:08 AM managers.LogPrinter print
INFO: 43490
Jun 04, 2023 12:03:08 AM managers.LogPrinter print
INFO: ]: Sent response.


Jun 04, 2023 12:03:08 AM managers.LogPrinter print
INFO: [
Jun 04, 2023 12:03:08 AM managers.LogPrinter print
INFO: /127.0.0.1
Jun 04, 2023 12:03:08 AM managers.LogPrinter print
INFO: ][
Jun 04, 2023 12:03:08 AM managers.LogPrinter print
INFO: 43490
Jun 04, 2023 12:03:08 AM managers.LogPrinter print
INFO: ]: Got message:

Jun 04, 2023 12:03:08 AM managers.LogPrinter print
INFO: InfoPacket{cmd = '/loadDB', arg = 'null', login = 'Kuchizu', password = 'kometa'}
Jun 04, 2023 12:03:08 AM managers.LogPrinter print
INFO: 

Jun 04, 2023 12:03:08 AM managers.LogPrinter print
INFO: DB
Jun 04, 2023 12:03:08 AM managers.LogPrinter println
INFO: DB
Jun 04, 2023 12:03:08 AM managers.LogPrinter print
INFO: [
Jun 04, 2023 12:03:08 AM managers.LogPrinter print
INFO: /127.0.0.1
Jun 04, 2023 12:03:08 AM managers.LogPrinter print
INFO: ][
Jun 04, 2023 12:03:08 AM managers.LogPrinter print
INFO: 43490
Jun 04, 2023 12:03:08 AM managers.LogPrinter print
INFO: ]: Sent response.


Jun 04, 2023 12:03:15 AM managers.LogPrinter print
INFO: [
Jun 04, 2023 12:03:15 AM managers.LogPrinter print
INFO: /127.0.0.1
Jun 04, 2023 12:03:15 AM managers.LogPrinter print
INFO: ][
Jun 04, 2023 12:03:15 AM managers.LogPrinter print
INFO: 43490
Jun 04, 2023 12:03:15 AM managers.LogPrinter print
INFO: ]: Got message:

Jun 04, 2023 12:03:15 AM managers.LogPrinter print
INFO: InfoPacket{cmd = 'update', arg = '12', login = 'Kuchizu', password = 'kometa'}
Jun 04, 2023 12:03:15 AM managers.LogPrinter print
INFO: 

Jun 04, 2023 12:03:15 AM managers.LogPrinter print
INFO: [
Jun 04, 2023 12:03:15 AM managers.LogPrinter print
INFO: /127.0.0.1
Jun 04, 2023 12:03:15 AM managers.LogPrinter print
INFO: ][
Jun 04, 2023 12:03:15 AM managers.LogPrinter print
INFO: 43490
Jun 04, 2023 12:03:15 AM managers.LogPrinter print
INFO: ]: Sent response.


Jun 04, 2023 12:03:31 AM managers.LogPrinter print
INFO: [
Jun 04, 2023 12:03:31 AM managers.LogPrinter print
INFO: /127.0.0.1
Jun 04, 2023 12:03:31 AM managers.LogPrinter print
INFO: ][
Jun 04, 2023 12:03:31 AM managers.LogPrinter print
INFO: 43490
Jun 04, 2023 12:03:31 AM managers.LogPrinter print
INFO: ]: Got message:

Jun 04, 2023 12:03:31 AM managers.LogPrinter print
INFO: InfoPacket{cmd = 'update', arg = '8', login = 'Kuchizu', password = 'kometa'}
Jun 04, 2023 12:03:31 AM managers.LogPrinter print
INFO: 

Jun 04, 2023 12:03:31 AM managers.LogPrinter print
INFO: [
Jun 04, 2023 12:03:31 AM managers.LogPrinter print
INFO: /127.0.0.1
Jun 04, 2023 12:03:31 AM managers.LogPrinter print
INFO: ][
Jun 04, 2023 12:03:31 AM managers.LogPrinter print
INFO: 43490
Jun 04, 2023 12:03:31 AM managers.LogPrinter print
INFO: ]: Sent response.


Jun 04, 2023 12:03:40 AM managers.LogPrinter print
INFO: [
Jun 04, 2023 12:03:40 AM managers.LogPrinter print
INFO: /127.0.0.1
Jun 04, 2023 12:03:40 AM managers.LogPrinter print
INFO: ][
Jun 04, 2023 12:03:40 AM managers.LogPrinter print
INFO: 43490
Jun 04, 2023 12:03:40 AM managers.LogPrinter print
INFO: ]: Got message:

Jun 04, 2023 12:03:40 AM managers.LogPrinter print
INFO: InfoPacket{cmd = 'update', arg = '13', login = 'Kuchizu', password = 'kometa'}
Jun 04, 2023 12:03:40 AM managers.LogPrinter print
INFO: 

Jun 04, 2023 12:03:40 AM managers.LogPrinter print
INFO: [
Jun 04, 2023 12:03:40 AM managers.LogPrinter print
INFO: /127.0.0.1
Jun 04, 2023 12:03:40 AM managers.LogPrinter print
INFO: ][
Jun 04, 2023 12:03:40 AM managers.LogPrinter print
INFO: 43490
Jun 04, 2023 12:03:40 AM managers.LogPrinter print
INFO: ]: Sent response.


Jun 04, 2023 12:41:06 AM managers.LogPrinter print
INFO: [
Jun 04, 2023 12:41:06 AM managers.LogPrinter print
INFO: /127.0.0.1
Jun 04, 2023 12:41:06 AM managers.LogPrinter print
INFO: ][
Jun 04, 2023 12:41:06 AM managers.LogPrinter print
INFO: 53531
Jun 04, 2023 12:41:06 AM managers.LogPrinter print
INFO: ]: [Connected]

Jun 04, 2023 12:41:06 AM managers.LogPrinter print
INFO: [
Jun 04, 2023 12:41:06 AM managers.LogPrinter print
INFO: /127.0.0.1
Jun 04, 2023 12:41:06 AM managers.LogPrinter print
INFO: ][
Jun 04, 2023 12:41:06 AM managers.LogPrinter print
INFO: 53531
Jun 04, 2023 12:41:06 AM managers.LogPrinter print
INFO: ]: Got message:

Jun 04, 2023 12:41:06 AM managers.LogPrinter print
INFO: InfoPacket{cmd = 'connectme', arg = 'null', login = 'null', password = 'null'}
Jun 04, 2023 12:41:06 AM managers.LogPrinter print
INFO: 

Jun 04, 2023 12:41:06 AM managers.LogPrinter print
INFO: [
Jun 04, 2023 12:41:06 AM managers.LogPrinter print
INFO: /127.0.0.1
Jun 04, 2023 12:41:06 AM managers.LogPrinter print
INFO: ][
Jun 04, 2023 12:41:06 AM managers.LogPrinter print
INFO: 53531
Jun 04, 2023 12:41:06 AM managers.LogPrinter print
INFO: ]: [Connected]

Jun 04, 2023 12:41:06 AM managers.LogPrinter print
INFO: [
Jun 04, 2023 12:41:06 AM managers.LogPrinter print
INFO: /127.0.0.1
Jun 04, 2023 12:41:06 AM managers.LogPrinter print
INFO: ][
Jun 04, 2023 12:41:06 AM managers.LogPrinter print
INFO: 53531
Jun 04, 2023 12:41:06 AM managers.LogPrinter print
INFO: ]: Got message:

Jun 04, 2023 12:41:06 AM managers.LogPrinter print
INFO: InfoPacket{cmd = 'connectme', arg = 'null', login = 'null', password = 'null'}
Jun 04, 2023 12:41:06 AM managers.LogPrinter print
INFO: 

Jun 04, 2023 12:41:11 AM managers.LogPrinter print
INFO: [
Jun 04, 2023 12:41:11 AM managers.LogPrinter print
INFO: /127.0.0.1
Jun 04, 2023 12:41:11 AM managers.LogPrinter print
INFO: ][
Jun 04, 2023 12:41:11 AM managers.LogPrinter print
INFO: 53531
Jun 04, 2023 12:41:11 AM managers.LogPrinter print
INFO: ]: Got message:

Jun 04, 2023 12:41:11 AM managers.LogPrinter print
INFO: InfoPacket{cmd = '/login', arg = 'null', login = 'Kuchizu', password = 'kometa'}
Jun 04, 2023 12:41:11 AM managers.LogPrinter print
INFO: 

Jun 04, 2023 12:41:11 AM managers.LogPrinter print
INFO: [Succ, Успешная авторизация., 1]
Jun 04, 2023 12:41:11 AM managers.LogPrinter println
INFO: [Succ, Успешная авторизация., 1]
Jun 04, 2023 12:41:11 AM managers.LogPrinter print
INFO: [
Jun 04, 2023 12:41:11 AM managers.LogPrinter print
INFO: /127.0.0.1
Jun 04, 2023 12:41:11 AM managers.LogPrinter print
INFO: ][
Jun 04, 2023 12:41:11 AM managers.LogPrinter print
INFO: 53531
Jun 04, 2023 12:41:11 AM managers.LogPrinter print
INFO: ]: Sent response.


Jun 04, 2023 12:41:11 AM managers.LogPrinter print
INFO: [
Jun 04, 2023 12:41:11 AM managers.LogPrinter print
INFO: /127.0.0.1
Jun 04, 2023 12:41:11 AM managers.LogPrinter print
INFO: ][
Jun 04, 2023 12:41:11 AM managers.LogPrinter print
INFO: 53531
Jun 04, 2023 12:41:11 AM managers.LogPrinter print
INFO: ]: Got message:

Jun 04, 2023 12:41:11 AM managers.LogPrinter print
INFO: InfoPacket{cmd = '/loadDB', arg = 'null', login = 'Kuchizu', password = 'kometa'}
Jun 04, 2023 12:41:11 AM managers.LogPrinter print
INFO: 

Jun 04, 2023 12:41:11 AM managers.LogPrinter print
INFO: DB
Jun 04, 2023 12:41:11 AM managers.LogPrinter println
INFO: DB
Jun 04, 2023 12:41:11 AM managers.LogPrinter print
INFO: [
Jun 04, 2023 12:41:11 AM managers.LogPrinter print
INFO: /127.0.0.1
Jun 04, 2023 12:41:11 AM managers.LogPrinter print
INFO: ][
Jun 04, 2023 12:41:11 AM managers.LogPrinter print
INFO: 53531
Jun 04, 2023 12:41:11 AM managers.LogPrinter print
INFO: ]: Sent response.


Jun 04, 2023 12:41:19 AM managers.LogPrinter print
INFO: [
Jun 04, 2023 12:41:19 AM managers.LogPrinter print
INFO: /127.0.0.1
Jun 04, 2023 12:41:19 AM managers.LogPrinter print
INFO: ][
Jun 04, 2023 12:41:19 AM managers.LogPrinter print
INFO: 53531
Jun 04, 2023 12:41:19 AM managers.LogPrinter print
INFO: ]: Got message:

Jun 04, 2023 12:41:19 AM managers.LogPrinter print
INFO: InfoPacket{cmd = 'update', arg = '15', login = 'Kuchizu', password = 'kometa'}
Jun 04, 2023 12:41:19 AM managers.LogPrinter print
INFO: 

Jun 04, 2023 12:41:19 AM managers.LogPrinter print
INFO: [
Jun 04, 2023 12:41:19 AM managers.LogPrinter print
INFO: /127.0.0.1
Jun 04, 2023 12:41:19 AM managers.LogPrinter print
INFO: ][
Jun 04, 2023 12:41:19 AM managers.LogPrinter print
INFO: 53531
Jun 04, 2023 12:41:19 AM managers.LogPrinter print
INFO: ]: Sent response.


Jun 04, 2023 12:41:32 AM managers.LogPrinter print
INFO: [
Jun 04, 2023 12:41:32 AM managers.LogPrinter print
INFO: /127.0.0.1
Jun 04, 2023 12:41:32 AM managers.LogPrinter print
INFO: ][
Jun 04, 2023 12:41:32 AM managers.LogPrinter print
INFO: 53531
Jun 04, 2023 12:41:32 AM managers.LogPrinter print
INFO: ]: Got message:

Jun 04, 2023 12:41:32 AM managers.LogPrinter print
INFO: InfoPacket{cmd = 'update', arg = '15', login = 'Kuchizu', password = 'kometa'}
Jun 04, 2023 12:41:32 AM managers.LogPrinter print
INFO: 

Jun 04, 2023 12:41:32 AM managers.LogPrinter print
INFO: [
Jun 04, 2023 12:41:32 AM managers.LogPrinter print
INFO: /127.0.0.1
Jun 04, 2023 12:41:32 AM managers.LogPrinter print
INFO: ][
Jun 04, 2023 12:41:32 AM managers.LogPrinter print
INFO: 53531
Jun 04, 2023 12:41:32 AM managers.LogPrinter print
INFO: ]: Sent response.


Jun 04, 2023 12:45:01 AM managers.LogPrinter print
INFO: [
Jun 04, 2023 12:45:01 AM managers.LogPrinter print
INFO: /127.0.0.1
Jun 04, 2023 12:45:01 AM managers.LogPrinter print
INFO: ][
Jun 04, 2023 12:45:01 AM managers.LogPrinter print
INFO: 53531
Jun 04, 2023 12:45:01 AM managers.LogPrinter print
INFO: ]: Got message:

Jun 04, 2023 12:45:01 AM managers.LogPrinter print
INFO: InfoPacket{cmd = 'update', arg = '14', login = 'Kuchizu', password = 'kometa'}
Jun 04, 2023 12:45:01 AM managers.LogPrinter print
INFO: 

Jun 04, 2023 12:45:01 AM managers.LogPrinter print
INFO: [
Jun 04, 2023 12:45:01 AM managers.LogPrinter print
INFO: /127.0.0.1
Jun 04, 2023 12:45:01 AM managers.LogPrinter print
INFO: ][
Jun 04, 2023 12:45:01 AM managers.LogPrinter print
INFO: 53531
Jun 04, 2023 12:45:01 AM managers.LogPrinter print
INFO: ]: Sent response.


Jun 04, 2023 1:28:26 AM managers.LogPrinter print
INFO: [
Jun 04, 2023 1:28:26 AM managers.LogPrinter print
INFO: /127.0.0.1
Jun 04, 2023 1:28:26 AM managers.LogPrinter print
INFO: ][
Jun 04, 2023 1:28:26 AM managers.LogPrinter print
INFO: 59252
Jun 04, 2023 1:28:26 AM managers.LogPrinter print
INFO: ]: [Connected]

Jun 04, 2023 1:28:26 AM managers.LogPrinter print
INFO: [
Jun 04, 2023 1:28:26 AM managers.LogPrinter print
INFO: /127.0.0.1
Jun 04, 2023 1:28:26 AM managers.LogPrinter print
INFO: ][
Jun 04, 2023 1:28:26 AM managers.LogPrinter print
INFO: 59252
Jun 04, 2023 1:28:26 AM managers.LogPrinter print
INFO: ]: Got message:

Jun 04, 2023 1:28:26 AM managers.LogPrinter print
INFO: InfoPacket{cmd = 'connectme', arg = 'null', login = 'null', password = 'null'}
Jun 04, 2023 1:28:26 AM managers.LogPrinter print
INFO: 

Jun 04, 2023 1:28:26 AM managers.LogPrinter print
INFO: [
Jun 04, 2023 1:28:26 AM managers.LogPrinter print
INFO: /127.0.0.1
Jun 04, 2023 1:28:26 AM managers.LogPrinter print
INFO: ][
Jun 04, 2023 1:28:26 AM managers.LogPrinter print
INFO: 59252
Jun 04, 2023 1:28:26 AM managers.LogPrinter print
INFO: ]: [Connected]

Jun 04, 2023 1:28:26 AM managers.LogPrinter print
INFO: [
Jun 04, 2023 1:28:26 AM managers.LogPrinter print
INFO: /127.0.0.1
Jun 04, 2023 1:28:26 AM managers.LogPrinter print
INFO: ][
Jun 04, 2023 1:28:26 AM managers.LogPrinter print
INFO: 59252
Jun 04, 2023 1:28:26 AM managers.LogPrinter print
INFO: ]: Got message:

Jun 04, 2023 1:28:26 AM managers.LogPrinter print
INFO: InfoPacket{cmd = 'connectme', arg = 'null', login = 'null', password = 'null'}
Jun 04, 2023 1:28:26 AM managers.LogPrinter print
INFO: 

