Jun 03, 2023 11:42:55 PM managers.LogPrinter print
INFO: [
Jun 03, 2023 11:42:55 PM managers.LogPrinter print
INFO: /127.0.0.1
Jun 03, 2023 11:42:55 PM managers.LogPrinter print
INFO: ][
Jun 03, 2023 11:42:55 PM managers.LogPrinter print
INFO: 54918
Jun 03, 2023 11:42:55 PM managers.LogPrinter print
INFO: ]: [Connected]

Jun 03, 2023 11:42:55 PM managers.LogPrinter print
INFO: [
Jun 03, 2023 11:42:55 PM managers.LogPrinter print
INFO: /127.0.0.1
Jun 03, 2023 11:42:55 PM managers.LogPrinter print
INFO: ][
Jun 03, 2023 11:42:55 PM managers.LogPrinter print
INFO: 54918
Jun 03, 2023 11:42:55 PM managers.LogPrinter print
INFO: ]: Got message:

Jun 03, 2023 11:42:55 PM managers.LogPrinter print
INFO: InfoPacket{cmd = 'connectme', arg = 'null', login = 'null', password = 'null'}
Jun 03, 2023 11:42:55 PM managers.LogPrinter print
INFO: 

Jun 03, 2023 11:42:56 PM managers.LogPrinter print
INFO: [
Jun 03, 2023 11:42:56 PM managers.LogPrinter print
INFO: /127.0.0.1
Jun 03, 2023 11:42:56 PM managers.LogPrinter print
INFO: ][
Jun 03, 2023 11:42:56 PM managers.LogPrinter print
INFO: 54918
Jun 03, 2023 11:42:56 PM managers.LogPrinter print
INFO: ]: [Connected]

Jun 03, 2023 11:42:56 PM managers.LogPrinter print
INFO: [
Jun 03, 2023 11:42:56 PM managers.LogPrinter print
INFO: /127.0.0.1
Jun 03, 2023 11:42:56 PM managers.LogPrinter print
INFO: ][
Jun 03, 2023 11:42:56 PM managers.LogPrinter print
INFO: 54918
Jun 03, 2023 11:42:56 PM managers.LogPrinter print
INFO: ]: Got message:

Jun 03, 2023 11:42:56 PM managers.LogPrinter print
INFO: InfoPacket{cmd = 'connectme', arg = 'null', login = 'null', password = 'null'}
Jun 03, 2023 11:42:56 PM managers.LogPrinter print
INFO: 

Jun 03, 2023 11:48:57 PM managers.LogPrinter print
INFO: [
Jun 03, 2023 11:48:57 PM managers.LogPrinter print
INFO: /127.0.0.1
Jun 03, 2023 11:48:57 PM managers.LogPrinter print
INFO: ][
Jun 03, 2023 11:48:57 PM managers.LogPrinter print
INFO: 60368
Jun 03, 2023 11:48:57 PM managers.LogPrinter print
INFO: ]: [Connected]

Jun 03, 2023 11:48:57 PM managers.LogPrinter print
INFO: [
Jun 03, 2023 11:48:57 PM managers.LogPrinter print
INFO: /127.0.0.1
Jun 03, 2023 11:48:57 PM managers.LogPrinter print
INFO: ][
Jun 03, 2023 11:48:57 PM managers.LogPrinter print
INFO: 60368
Jun 03, 2023 11:48:57 PM managers.LogPrinter print
INFO: ]: Got message:

Jun 03, 2023 11:48:57 PM managers.LogPrinter print
INFO: InfoPacket{cmd = 'connectme', arg = 'null', login = 'null', password = 'null'}
Jun 03, 2023 11:48:57 PM managers.LogPrinter print
INFO: 

Jun 03, 2023 11:48:57 PM managers.LogPrinter print
INFO: [
Jun 03, 2023 11:48:57 PM managers.LogPrinter print
INFO: /127.0.0.1
Jun 03, 2023 11:48:57 PM managers.LogPrinter print
INFO: ][
Jun 03, 2023 11:48:57 PM managers.LogPrinter print
INFO: 60368
Jun 03, 2023 11:48:57 PM managers.LogPrinter print
INFO: ]: [Connected]

Jun 03, 2023 11:48:57 PM managers.LogPrinter print
INFO: [
Jun 03, 2023 11:48:57 PM managers.LogPrinter print
INFO: /127.0.0.1
Jun 03, 2023 11:48:57 PM managers.LogPrinter print
INFO: ][
Jun 03, 2023 11:48:57 PM managers.LogPrinter print
INFO: 60368
Jun 03, 2023 11:48:57 PM managers.LogPrinter print
INFO: ]: Got message:

Jun 03, 2023 11:48:57 PM managers.LogPrinter print
INFO: InfoPacket{cmd = 'connectme', arg = 'null', login = 'null', password = 'null'}
Jun 03, 2023 11:48:57 PM managers.LogPrinter print
INFO: 

Jun 03, 2023 11:49:04 PM managers.LogPrinter print
INFO: [
Jun 03, 2023 11:49:04 PM managers.LogPrinter print
INFO: /127.0.0.1
Jun 03, 2023 11:49:04 PM managers.LogPrinter print
INFO: ][
Jun 03, 2023 11:49:04 PM managers.LogPrinter print
INFO: 60368
Jun 03, 2023 11:49:04 PM managers.LogPrinter print
INFO: ]: Got message:

Jun 03, 2023 11:49:04 PM managers.LogPrinter print
INFO: InfoPacket{cmd = '/login', arg = 'null', login = 'Kuchizu', password = 'kometa1'}
Jun 03, 2023 11:49:04 PM managers.LogPrinter print
INFO: 

Jun 03, 2023 11:49:04 PM managers.LogPrinter print
INFO: [
Jun 03, 2023 11:49:04 PM managers.LogPrinter print
INFO: /127.0.0.1
Jun 03, 2023 11:49:04 PM managers.LogPrinter print
INFO: ][
Jun 03, 2023 11:49:04 PM managers.LogPrinter print
INFO: 60368
Jun 03, 2023 11:49:04 PM managers.LogPrinter print
INFO: ]: Sent response.


Jun 03, 2023 11:49:08 PM managers.LogPrinter print
INFO: [
Jun 03, 2023 11:49:08 PM managers.LogPrinter print
INFO: /127.0.0.1
Jun 03, 2023 11:49:08 PM managers.LogPrinter print
INFO: ][
Jun 03, 2023 11:49:08 PM managers.LogPrinter print
INFO: 60368
Jun 03, 2023 11:49:08 PM managers.LogPrinter print
INFO: ]: Got message:

Jun 03, 2023 11:49:08 PM managers.LogPrinter print
INFO: InfoPacket{cmd = '/login', arg = 'null', login = 'Kuchizu', password = 'kometa'}
Jun 03, 2023 11:49:08 PM managers.LogPrinter print
INFO: 

Jun 03, 2023 11:49:08 PM managers.LogPrinter print
INFO: [
Jun 03, 2023 11:49:08 PM managers.LogPrinter print
INFO: /127.0.0.1
Jun 03, 2023 11:49:08 PM managers.LogPrinter print
INFO: ][
Jun 03, 2023 11:49:09 PM managers.LogPrinter print
INFO: 60368
Jun 03, 2023 11:49:09 PM managers.LogPrinter print
INFO: ]: Sent response.


