Jun 03, 2023 11:04:18 PM managers.LogPrinter print
INFO: [
Jun 03, 2023 11:04:18 PM managers.LogPrinter print
INFO: /127.0.0.1
Jun 03, 2023 11:04:18 PM managers.LogPrinter print
INFO: ][
Jun 03, 2023 11:04:18 PM managers.LogPrinter print
INFO: 55243
Jun 03, 2023 11:04:18 PM managers.LogPrinter print
INFO: ]: [Connected]

Jun 03, 2023 11:04:18 PM managers.LogPrinter print
INFO: [
Jun 03, 2023 11:04:18 PM managers.LogPrinter print
INFO: /127.0.0.1
Jun 03, 2023 11:04:18 PM managers.LogPrinter print
INFO: ][
Jun 03, 2023 11:04:18 PM managers.LogPrinter print
INFO: 55243
Jun 03, 2023 11:04:18 PM managers.LogPrinter print
INFO: ]: Got message:

Jun 03, 2023 11:04:18 PM managers.LogPrinter print
INFO: InfoPacket{cmd = 'connectme', arg = 'null', login = 'null', password = 'null'}
Jun 03, 2023 11:04:18 PM managers.LogPrinter print
INFO: 

Jun 03, 2023 11:04:18 PM managers.LogPrinter print
INFO: [
Jun 03, 2023 11:04:18 PM managers.LogPrinter print
INFO: /127.0.0.1
Jun 03, 2023 11:04:18 PM managers.LogPrinter print
INFO: ][
Jun 03, 2023 11:04:18 PM managers.LogPrinter print
INFO: 55243
Jun 03, 2023 11:04:18 PM managers.LogPrinter print
INFO: ]: [Connected]

Jun 03, 2023 11:04:18 PM managers.LogPrinter print
INFO: [
Jun 03, 2023 11:04:18 PM managers.LogPrinter print
INFO: /127.0.0.1
Jun 03, 2023 11:04:18 PM managers.LogPrinter print
INFO: ][
Jun 03, 2023 11:04:18 PM managers.LogPrinter print
INFO: 55243
Jun 03, 2023 11:04:18 PM managers.LogPrinter print
INFO: ]: Got message:

Jun 03, 2023 11:04:18 PM managers.LogPrinter print
INFO: InfoPacket{cmd = 'connectme', arg = 'null', login = 'null', password = 'null'}
Jun 03, 2023 11:04:18 PM managers.LogPrinter print
INFO: 

Jun 03, 2023 11:04:27 PM managers.LogPrinter print
INFO: [
Jun 03, 2023 11:04:27 PM managers.LogPrinter print
INFO: /127.0.0.1
Jun 03, 2023 11:04:27 PM managers.LogPrinter print
INFO: ][
Jun 03, 2023 11:04:27 PM managers.LogPrinter print
INFO: 55243
Jun 03, 2023 11:04:27 PM managers.LogPrinter print
INFO: ]: Got message:

Jun 03, 2023 11:04:27 PM managers.LogPrinter print
INFO: InfoPacket{cmd = '/login', arg = 'null', login = 'Kuchizu', password = 'kometa'}
Jun 03, 2023 11:04:27 PM managers.LogPrinter print
INFO: 

Jun 03, 2023 11:04:27 PM managers.LogPrinter print
INFO: [
Jun 03, 2023 11:04:27 PM managers.LogPrinter print
INFO: /127.0.0.1
Jun 03, 2023 11:04:27 PM managers.LogPrinter print
INFO: ][
Jun 03, 2023 11:04:27 PM managers.LogPrinter print
INFO: 55243
Jun 03, 2023 11:04:27 PM managers.LogPrinter print
INFO: ]: Sent response.


Jun 03, 2023 11:04:27 PM managers.LogPrinter print
INFO: [
Jun 03, 2023 11:04:27 PM managers.LogPrinter print
INFO: /127.0.0.1
Jun 03, 2023 11:04:27 PM managers.LogPrinter print
INFO: ][
Jun 03, 2023 11:04:27 PM managers.LogPrinter print
INFO: 55243
Jun 03, 2023 11:04:27 PM managers.LogPrinter print
INFO: ]: Got message:

Jun 03, 2023 11:04:27 PM managers.LogPrinter print
INFO: InfoPacket{cmd = '/loadDB', arg = 'null', login = 'Kuchizu', password = 'kometa'}
Jun 03, 2023 11:04:27 PM managers.LogPrinter print
INFO: 

Jun 03, 2023 11:04:27 PM managers.LogPrinter print
INFO: DB
Jun 03, 2023 11:04:27 PM managers.LogPrinter println
INFO: DB
Jun 03, 2023 11:04:27 PM managers.LogPrinter print
INFO: [
Jun 03, 2023 11:04:27 PM managers.LogPrinter print
INFO: /127.0.0.1
Jun 03, 2023 11:04:27 PM managers.LogPrinter print
INFO: ][
Jun 03, 2023 11:04:27 PM managers.LogPrinter print
INFO: 55243
Jun 03, 2023 11:04:27 PM managers.LogPrinter print
INFO: ]: Sent response.


Jun 03, 2023 11:04:53 PM managers.LogPrinter print
INFO: [
Jun 03, 2023 11:04:53 PM managers.LogPrinter print
INFO: /127.0.0.1
Jun 03, 2023 11:04:53 PM managers.LogPrinter print
INFO: ][
Jun 03, 2023 11:04:53 PM managers.LogPrinter print
INFO: 59011
Jun 03, 2023 11:04:53 PM managers.LogPrinter print
INFO: ]: [Connected]

Jun 03, 2023 11:04:53 PM managers.LogPrinter print
INFO: [
Jun 03, 2023 11:04:53 PM managers.LogPrinter print
INFO: /127.0.0.1
Jun 03, 2023 11:04:53 PM managers.LogPrinter print
INFO: ][
Jun 03, 2023 11:04:53 PM managers.LogPrinter print
INFO: 59011
Jun 03, 2023 11:04:53 PM managers.LogPrinter print
INFO: ]: Got message:

Jun 03, 2023 11:04:53 PM managers.LogPrinter print
INFO: InfoPacket{cmd = 'connectme', arg = 'null', login = 'null', password = 'null'}
Jun 03, 2023 11:04:53 PM managers.LogPrinter print
INFO: 

Jun 03, 2023 11:04:54 PM managers.LogPrinter print
INFO: [
Jun 03, 2023 11:04:54 PM managers.LogPrinter print
INFO: /127.0.0.1
Jun 03, 2023 11:04:54 PM managers.LogPrinter print
INFO: ][
Jun 03, 2023 11:04:54 PM managers.LogPrinter print
INFO: 59011
Jun 03, 2023 11:04:54 PM managers.LogPrinter print
INFO: ]: [Connected]

Jun 03, 2023 11:04:54 PM managers.LogPrinter print
INFO: [
Jun 03, 2023 11:04:54 PM managers.LogPrinter print
INFO: /127.0.0.1
Jun 03, 2023 11:04:54 PM managers.LogPrinter print
INFO: ][
Jun 03, 2023 11:04:54 PM managers.LogPrinter print
INFO: 59011
Jun 03, 2023 11:04:54 PM managers.LogPrinter print
INFO: ]: Got message:

Jun 03, 2023 11:04:54 PM managers.LogPrinter print
INFO: InfoPacket{cmd = 'connectme', arg = 'null', login = 'null', password = 'null'}
Jun 03, 2023 11:04:54 PM managers.LogPrinter print
INFO: 

Jun 03, 2023 11:04:58 PM managers.LogPrinter print
INFO: [
Jun 03, 2023 11:04:58 PM managers.LogPrinter print
INFO: /127.0.0.1
Jun 03, 2023 11:04:58 PM managers.LogPrinter print
INFO: ][
Jun 03, 2023 11:04:58 PM managers.LogPrinter print
INFO: 59011
Jun 03, 2023 11:04:58 PM managers.LogPrinter print
INFO: ]: Got message:

Jun 03, 2023 11:04:58 PM managers.LogPrinter print
INFO: InfoPacket{cmd = '/login', arg = 'null', login = 'Kuchizu', password = 'kometa'}
Jun 03, 2023 11:04:58 PM managers.LogPrinter print
INFO: 

Jun 03, 2023 11:04:58 PM managers.LogPrinter print
INFO: [
Jun 03, 2023 11:04:58 PM managers.LogPrinter print
INFO: /127.0.0.1
Jun 03, 2023 11:04:58 PM managers.LogPrinter print
INFO: ][
Jun 03, 2023 11:04:58 PM managers.LogPrinter print
INFO: 59011
Jun 03, 2023 11:04:58 PM managers.LogPrinter print
INFO: ]: Sent response.


Jun 03, 2023 11:04:58 PM managers.LogPrinter print
INFO: [
Jun 03, 2023 11:04:58 PM managers.LogPrinter print
INFO: /127.0.0.1
Jun 03, 2023 11:04:58 PM managers.LogPrinter print
INFO: ][
Jun 03, 2023 11:04:58 PM managers.LogPrinter print
INFO: 59011
Jun 03, 2023 11:04:58 PM managers.LogPrinter print
INFO: ]: Got message:

Jun 03, 2023 11:04:58 PM managers.LogPrinter print
INFO: InfoPacket{cmd = '/loadDB', arg = 'null', login = 'Kuchizu', password = 'kometa'}
Jun 03, 2023 11:04:58 PM managers.LogPrinter print
INFO: 

Jun 03, 2023 11:04:58 PM managers.LogPrinter print
INFO: DB
Jun 03, 2023 11:04:58 PM managers.LogPrinter println
INFO: DB
Jun 03, 2023 11:04:58 PM managers.LogPrinter print
INFO: [
Jun 03, 2023 11:04:58 PM managers.LogPrinter print
INFO: /127.0.0.1
Jun 03, 2023 11:04:58 PM managers.LogPrinter print
INFO: ][
Jun 03, 2023 11:04:58 PM managers.LogPrinter print
INFO: 59011
Jun 03, 2023 11:04:58 PM managers.LogPrinter print
INFO: ]: Sent response.


Jun 03, 2023 11:28:21 PM managers.LogPrinter print
INFO: [
Jun 03, 2023 11:28:21 PM managers.LogPrinter print
INFO: /127.0.0.1
Jun 03, 2023 11:28:21 PM managers.LogPrinter print
INFO: ][
Jun 03, 2023 11:28:21 PM managers.LogPrinter print
INFO: 48809
Jun 03, 2023 11:28:21 PM managers.LogPrinter print
INFO: ]: [Connected]

Jun 03, 2023 11:28:21 PM managers.LogPrinter print
INFO: [
Jun 03, 2023 11:28:21 PM managers.LogPrinter print
INFO: /127.0.0.1
Jun 03, 2023 11:28:21 PM managers.LogPrinter print
INFO: ][
Jun 03, 2023 11:28:21 PM managers.LogPrinter print
INFO: 48809
Jun 03, 2023 11:28:21 PM managers.LogPrinter print
INFO: ]: Got message:

Jun 03, 2023 11:28:21 PM managers.LogPrinter print
INFO: InfoPacket{cmd = 'connectme', arg = 'null', login = 'null', password = 'null'}
Jun 03, 2023 11:28:21 PM managers.LogPrinter print
INFO: 

Jun 03, 2023 11:28:22 PM managers.LogPrinter print
INFO: [
Jun 03, 2023 11:28:22 PM managers.LogPrinter print
INFO: /127.0.0.1
Jun 03, 2023 11:28:22 PM managers.LogPrinter print
INFO: ][
Jun 03, 2023 11:28:22 PM managers.LogPrinter print
INFO: 48809
Jun 03, 2023 11:28:22 PM managers.LogPrinter print
INFO: ]: [Connected]

Jun 03, 2023 11:28:22 PM managers.LogPrinter print
INFO: [
Jun 03, 2023 11:28:22 PM managers.LogPrinter print
INFO: /127.0.0.1
Jun 03, 2023 11:28:22 PM managers.LogPrinter print
INFO: ][
Jun 03, 2023 11:28:22 PM managers.LogPrinter print
INFO: 48809
Jun 03, 2023 11:28:22 PM managers.LogPrinter print
INFO: ]: Got message:

Jun 03, 2023 11:28:22 PM managers.LogPrinter print
INFO: InfoPacket{cmd = 'connectme', arg = 'null', login = 'null', password = 'null'}
Jun 03, 2023 11:28:22 PM managers.LogPrinter print
INFO: 

Jun 03, 2023 11:28:28 PM managers.LogPrinter print
INFO: [
Jun 03, 2023 11:28:28 PM managers.LogPrinter print
INFO: /127.0.0.1
Jun 03, 2023 11:28:28 PM managers.LogPrinter print
INFO: ][
Jun 03, 2023 11:28:28 PM managers.LogPrinter print
INFO: 48809
Jun 03, 2023 11:28:28 PM managers.LogPrinter print
INFO: ]: Got message:

Jun 03, 2023 11:28:28 PM managers.LogPrinter print
INFO: InfoPacket{cmd = '/login', arg = 'null', login = 'Kuchizu', password = 'kometa'}
Jun 03, 2023 11:28:28 PM managers.LogPrinter print
INFO: 

Jun 03, 2023 11:28:28 PM managers.LogPrinter print
INFO: [
Jun 03, 2023 11:28:28 PM managers.LogPrinter print
INFO: /127.0.0.1
Jun 03, 2023 11:28:28 PM managers.LogPrinter print
INFO: ][
Jun 03, 2023 11:28:28 PM managers.LogPrinter print
INFO: 48809
Jun 03, 2023 11:28:28 PM managers.LogPrinter print
INFO: ]: Sent response.


Jun 03, 2023 11:28:28 PM managers.LogPrinter print
INFO: [
Jun 03, 2023 11:28:28 PM managers.LogPrinter print
INFO: /127.0.0.1
Jun 03, 2023 11:28:28 PM managers.LogPrinter print
INFO: ][
Jun 03, 2023 11:28:28 PM managers.LogPrinter print
INFO: 48809
Jun 03, 2023 11:28:28 PM managers.LogPrinter print
INFO: ]: Got message:

Jun 03, 2023 11:28:28 PM managers.LogPrinter print
INFO: InfoPacket{cmd = '/loadDB', arg = 'null', login = 'Kuchizu', password = 'kometa'}
Jun 03, 2023 11:28:28 PM managers.LogPrinter print
INFO: 

Jun 03, 2023 11:28:28 PM managers.LogPrinter print
INFO: DB
Jun 03, 2023 11:28:28 PM managers.LogPrinter println
INFO: DB
Jun 03, 2023 11:28:28 PM managers.LogPrinter print
INFO: [
Jun 03, 2023 11:28:28 PM managers.LogPrinter print
INFO: /127.0.0.1
Jun 03, 2023 11:28:28 PM managers.LogPrinter print
INFO: ][
Jun 03, 2023 11:28:28 PM managers.LogPrinter print
INFO: 48809
Jun 03, 2023 11:28:28 PM managers.LogPrinter print
INFO: ]: Sent response.


Jun 03, 2023 11:40:33 PM managers.LogPrinter print
INFO: [
Jun 03, 2023 11:40:33 PM managers.LogPrinter print
INFO: /127.0.0.1
Jun 03, 2023 11:40:33 PM managers.LogPrinter print
INFO: ][
Jun 03, 2023 11:40:33 PM managers.LogPrinter print
INFO: 34140
Jun 03, 2023 11:40:33 PM managers.LogPrinter print
INFO: ]: [Connected]

Jun 03, 2023 11:40:33 PM managers.LogPrinter print
INFO: [
Jun 03, 2023 11:40:33 PM managers.LogPrinter print
INFO: /127.0.0.1
Jun 03, 2023 11:40:33 PM managers.LogPrinter print
INFO: ][
Jun 03, 2023 11:40:33 PM managers.LogPrinter print
INFO: 34140
Jun 03, 2023 11:40:33 PM managers.LogPrinter print
INFO: ]: Got message:

Jun 03, 2023 11:40:33 PM managers.LogPrinter print
INFO: InfoPacket{cmd = 'connectme', arg = 'null', login = 'null', password = 'null'}
Jun 03, 2023 11:40:33 PM managers.LogPrinter print
INFO: 

Jun 03, 2023 11:40:34 PM managers.LogPrinter print
INFO: [
Jun 03, 2023 11:40:34 PM managers.LogPrinter print
INFO: /127.0.0.1
Jun 03, 2023 11:40:34 PM managers.LogPrinter print
INFO: ][
Jun 03, 2023 11:40:34 PM managers.LogPrinter print
INFO: 34140
Jun 03, 2023 11:40:34 PM managers.LogPrinter print
INFO: ]: [Connected]

Jun 03, 2023 11:40:34 PM managers.LogPrinter print
INFO: [
Jun 03, 2023 11:40:34 PM managers.LogPrinter print
INFO: /127.0.0.1
Jun 03, 2023 11:40:34 PM managers.LogPrinter print
INFO: ][
Jun 03, 2023 11:40:34 PM managers.LogPrinter print
INFO: 34140
Jun 03, 2023 11:40:34 PM managers.LogPrinter print
INFO: ]: Got message:

Jun 03, 2023 11:40:34 PM managers.LogPrinter print
INFO: InfoPacket{cmd = 'connectme', arg = 'null', login = 'null', password = 'null'}
Jun 03, 2023 11:40:34 PM managers.LogPrinter print
INFO: 

Jun 03, 2023 11:40:55 PM managers.LogPrinter print
INFO: [
Jun 03, 2023 11:40:55 PM managers.LogPrinter print
INFO: /127.0.0.1
Jun 03, 2023 11:40:55 PM managers.LogPrinter print
INFO: ][
Jun 03, 2023 11:40:55 PM managers.LogPrinter print
INFO: 43438
Jun 03, 2023 11:40:55 PM managers.LogPrinter print
INFO: ]: [Connected]

Jun 03, 2023 11:40:55 PM managers.LogPrinter print
INFO: [
Jun 03, 2023 11:40:55 PM managers.LogPrinter print
INFO: /127.0.0.1
Jun 03, 2023 11:40:55 PM managers.LogPrinter print
INFO: ][
Jun 03, 2023 11:40:55 PM managers.LogPrinter print
INFO: 43438
Jun 03, 2023 11:40:55 PM managers.LogPrinter print
INFO: ]: Got message:

Jun 03, 2023 11:40:55 PM managers.LogPrinter print
INFO: InfoPacket{cmd = 'connectme', arg = 'null', login = 'null', password = 'null'}
Jun 03, 2023 11:40:55 PM managers.LogPrinter print
INFO: 

Jun 03, 2023 11:40:55 PM managers.LogPrinter print
INFO: [
Jun 03, 2023 11:40:55 PM managers.LogPrinter print
INFO: /127.0.0.1
Jun 03, 2023 11:40:55 PM managers.LogPrinter print
INFO: ][
Jun 03, 2023 11:40:55 PM managers.LogPrinter print
INFO: 43438
Jun 03, 2023 11:40:55 PM managers.LogPrinter print
INFO: ]: [Connected]

Jun 03, 2023 11:40:55 PM managers.LogPrinter print
INFO: [
Jun 03, 2023 11:40:55 PM managers.LogPrinter print
INFO: /127.0.0.1
Jun 03, 2023 11:40:55 PM managers.LogPrinter print
INFO: ][
Jun 03, 2023 11:40:55 PM managers.LogPrinter print
INFO: 43438
Jun 03, 2023 11:40:55 PM managers.LogPrinter print
INFO: ]: Got message:

Jun 03, 2023 11:40:55 PM managers.LogPrinter print
INFO: InfoPacket{cmd = 'connectme', arg = 'null', login = 'null', password = 'null'}
Jun 03, 2023 11:40:55 PM managers.LogPrinter print
INFO: 

