Jun 04, 2023 4:20:58 PM managers.LogPrinter print
INFO: Connected Users: [/127.0.0.1:55028]
Jun 04, 2023 4:20:58 PM managers.LogPrinter println
INFO: Connected Users: [/127.0.0.1:55028]
Jun 04, 2023 4:20:58 PM managers.LogPrinter print
INFO: [
Jun 04, 2023 4:20:58 PM managers.LogPrinter print
INFO: /127.0.0.1
Jun 04, 2023 4:20:58 PM managers.LogPrinter print
INFO: ][
Jun 04, 2023 4:20:58 PM managers.LogPrinter print
INFO: 55028
Jun 04, 2023 4:20:58 PM managers.LogPrinter print
INFO: ]: Got message:

Jun 04, 2023 4:20:59 PM managers.LogPrinter print
INFO: InfoPacket{cmd = '/login', arg = 'null', login = 'Kuchizu', password = 'kometa'}
Jun 04, 2023 4:20:59 PM managers.LogPrinter print
INFO: 

Jun 04, 2023 4:20:59 PM managers.LogPrinter print
INFO: [Succ, Успешная авторизация., 1]
Jun 04, 2023 4:20:59 PM managers.LogPrinter println
INFO: [Succ, Успешная авторизация., 1]
Jun 04, 2023 4:20:59 PM managers.LogPrinter print
INFO: [
Jun 04, 2023 4:20:59 PM managers.LogPrinter print
INFO: /127.0.0.1
Jun 04, 2023 4:20:59 PM managers.LogPrinter print
INFO: ][
Jun 04, 2023 4:20:59 PM managers.LogPrinter print
INFO: 55028
Jun 04, 2023 4:20:59 PM managers.LogPrinter print
INFO: ]: Sent response.


Jun 04, 2023 4:20:59 PM managers.LogPrinter print
INFO: Connected Users: [/127.0.0.1:55028]
Jun 04, 2023 4:20:59 PM managers.LogPrinter println
INFO: Connected Users: [/127.0.0.1:55028]
Jun 04, 2023 4:20:59 PM managers.LogPrinter print
INFO: [
Jun 04, 2023 4:20:59 PM managers.LogPrinter print
INFO: /127.0.0.1
Jun 04, 2023 4:20:59 PM managers.LogPrinter print
INFO: ][
Jun 04, 2023 4:20:59 PM managers.LogPrinter print
INFO: 55028
Jun 04, 2023 4:20:59 PM managers.LogPrinter print
INFO: ]: Got message:

Jun 04, 2023 4:20:59 PM managers.LogPrinter print
INFO: InfoPacket{cmd = '/loadDB', arg = 'null', login = 'Kuchizu', password = 'kometa'}
Jun 04, 2023 4:20:59 PM managers.LogPrinter print
INFO: 

Jun 04, 2023 4:20:59 PM managers.LogPrinter print
INFO: DB
Jun 04, 2023 4:20:59 PM managers.LogPrinter println
INFO: DB
Jun 04, 2023 4:20:59 PM managers.LogPrinter print
INFO: [
Jun 04, 2023 4:20:59 PM managers.LogPrinter print
INFO: /127.0.0.1
Jun 04, 2023 4:20:59 PM managers.LogPrinter print
INFO: ][
Jun 04, 2023 4:20:59 PM managers.LogPrinter print
INFO: 55028
Jun 04, 2023 4:20:59 PM managers.LogPrinter print
INFO: ]: Sent response.


