Jun 04, 2023 4:38:03 PM managers.LogPrinter print
INFO: Connected Users: [/127.0.0.1:38937]
Jun 04, 2023 4:38:03 PM managers.LogPrinter println
INFO: Connected Users: [/127.0.0.1:38937]
Jun 04, 2023 4:38:03 PM managers.LogPrinter print
INFO: [
Jun 04, 2023 4:38:03 PM managers.LogPrinter print
INFO: /127.0.0.1
Jun 04, 2023 4:38:03 PM managers.LogPrinter print
INFO: ][
Jun 04, 2023 4:38:03 PM managers.LogPrinter print
INFO: 38937
Jun 04, 2023 4:38:03 PM managers.LogPrinter print
INFO: ]: [Connected]

Jun 04, 2023 4:38:03 PM managers.LogPrinter print
INFO: [
Jun 04, 2023 4:38:03 PM managers.LogPrinter print
INFO: /127.0.0.1
Jun 04, 2023 4:38:03 PM managers.LogPrinter print
INFO: ][
Jun 04, 2023 4:38:03 PM managers.LogPrinter print
INFO: 38937
Jun 04, 2023 4:38:03 PM managers.LogPrinter print
INFO: ]: Got message:

Jun 04, 2023 4:38:03 PM managers.LogPrinter print
INFO: InfoPacket{cmd = 'connectme', arg = 'null', login = 'null', password = 'null'}
Jun 04, 2023 4:38:03 PM managers.LogPrinter print
INFO: 

Jun 04, 2023 4:38:03 PM managers.LogPrinter print
INFO: Sent update to: /127.0.0.1:38937
Jun 04, 2023 4:38:03 PM managers.LogPrinter println
INFO: Sent update to: /127.0.0.1:38937
Jun 04, 2023 4:38:03 PM managers.LogPrinter print
INFO: Connected Users: [/127.0.0.1:38937]
Jun 04, 2023 4:38:03 PM managers.LogPrinter println
INFO: Connected Users: [/127.0.0.1:38937]
Jun 04, 2023 4:38:03 PM managers.LogPrinter print
INFO: [
Jun 04, 2023 4:38:03 PM managers.LogPrinter print
INFO: /127.0.0.1
Jun 04, 2023 4:38:03 PM managers.LogPrinter print
INFO: ][
Jun 04, 2023 4:38:03 PM managers.LogPrinter print
INFO: 38937
Jun 04, 2023 4:38:03 PM managers.LogPrinter print
INFO: ]: [Connected]

Jun 04, 2023 4:38:03 PM managers.LogPrinter print
INFO: [
Jun 04, 2023 4:38:03 PM managers.LogPrinter print
INFO: /127.0.0.1
Jun 04, 2023 4:38:03 PM managers.LogPrinter print
INFO: ][
Jun 04, 2023 4:38:03 PM managers.LogPrinter print
INFO: 38937
Jun 04, 2023 4:38:03 PM managers.LogPrinter print
INFO: ]: Got message:

Jun 04, 2023 4:38:03 PM managers.LogPrinter print
INFO: InfoPacket{cmd = 'connectme', arg = 'null', login = 'null', password = 'null'}
Jun 04, 2023 4:38:03 PM managers.LogPrinter print
INFO: 

Jun 04, 2023 4:38:03 PM managers.LogPrinter print
INFO: Sent update to: /127.0.0.1:38937
Jun 04, 2023 4:38:03 PM managers.LogPrinter println
INFO: Sent update to: /127.0.0.1:38937
Jun 04, 2023 4:38:07 PM managers.LogPrinter print
INFO: Connected Users: [/127.0.0.1:38937]
Jun 04, 2023 4:38:07 PM managers.LogPrinter println
INFO: Connected Users: [/127.0.0.1:38937]
Jun 04, 2023 4:38:07 PM managers.LogPrinter print
INFO: [
Jun 04, 2023 4:38:07 PM managers.LogPrinter print
INFO: /127.0.0.1
Jun 04, 2023 4:38:07 PM managers.LogPrinter print
INFO: ][
Jun 04, 2023 4:38:07 PM managers.LogPrinter print
INFO: 38937
Jun 04, 2023 4:38:07 PM managers.LogPrinter print
INFO: ]: Got message:

Jun 04, 2023 4:38:07 PM managers.LogPrinter print
INFO: InfoPacket{cmd = '/login', arg = 'null', login = 'Kuchizu', password = 'kometa'}
Jun 04, 2023 4:38:07 PM managers.LogPrinter print
INFO: 

Jun 04, 2023 4:38:07 PM managers.LogPrinter print
INFO: Sent update to: /127.0.0.1:38937
Jun 04, 2023 4:38:07 PM managers.LogPrinter println
INFO: Sent update to: /127.0.0.1:38937
Jun 04, 2023 4:38:07 PM managers.LogPrinter print
INFO: [Succ, Успешная авторизация., 1]
Jun 04, 2023 4:38:07 PM managers.LogPrinter println
INFO: [Succ, Успешная авторизация., 1]
Jun 04, 2023 4:38:07 PM managers.LogPrinter print
INFO: [
Jun 04, 2023 4:38:07 PM managers.LogPrinter print
INFO: /127.0.0.1
Jun 04, 2023 4:38:07 PM managers.LogPrinter print
INFO: ][
Jun 04, 2023 4:38:07 PM managers.LogPrinter print
INFO: 38937
Jun 04, 2023 4:38:07 PM managers.LogPrinter print
INFO: ]: Sent response.


Jun 04, 2023 4:38:07 PM managers.LogPrinter print
INFO: Connected Users: [/127.0.0.1:38937]
Jun 04, 2023 4:38:07 PM managers.LogPrinter println
INFO: Connected Users: [/127.0.0.1:38937]
Jun 04, 2023 4:38:07 PM managers.LogPrinter print
INFO: [
Jun 04, 2023 4:38:07 PM managers.LogPrinter print
INFO: /127.0.0.1
Jun 04, 2023 4:38:07 PM managers.LogPrinter print
INFO: ][
Jun 04, 2023 4:38:07 PM managers.LogPrinter print
INFO: 38937
Jun 04, 2023 4:38:07 PM managers.LogPrinter print
INFO: ]: Got message:

Jun 04, 2023 4:38:07 PM managers.LogPrinter print
INFO: InfoPacket{cmd = '/loadDB', arg = 'null', login = 'Kuchizu', password = 'kometa'}
Jun 04, 2023 4:38:07 PM managers.LogPrinter print
INFO: 

Jun 04, 2023 4:38:07 PM managers.LogPrinter print
INFO: Sent update to: /127.0.0.1:38937
Jun 04, 2023 4:38:07 PM managers.LogPrinter println
INFO: Sent update to: /127.0.0.1:38937
Jun 04, 2023 4:38:07 PM managers.LogPrinter print
INFO: DB
Jun 04, 2023 4:38:07 PM managers.LogPrinter println
INFO: DB
Jun 04, 2023 4:38:07 PM managers.LogPrinter print
INFO: [
Jun 04, 2023 4:38:07 PM managers.LogPrinter print
INFO: /127.0.0.1
Jun 04, 2023 4:38:07 PM managers.LogPrinter print
INFO: ][
Jun 04, 2023 4:38:07 PM managers.LogPrinter print
INFO: 38937
Jun 04, 2023 4:38:07 PM managers.LogPrinter print
INFO: ]: Sent response.


Jun 04, 2023 4:38:18 PM managers.LogPrinter print
INFO: Connected Users: [/127.0.0.1:38937]
Jun 04, 2023 4:38:18 PM managers.LogPrinter println
INFO: Connected Users: [/127.0.0.1:38937]
Jun 04, 2023 4:38:18 PM managers.LogPrinter print
INFO: [
Jun 04, 2023 4:38:18 PM managers.LogPrinter print
INFO: /127.0.0.1
Jun 04, 2023 4:38:18 PM managers.LogPrinter print
INFO: ][
Jun 04, 2023 4:38:18 PM managers.LogPrinter print
INFO: 38937
Jun 04, 2023 4:38:18 PM managers.LogPrinter print
INFO: ]: Got message:

Jun 04, 2023 4:38:18 PM managers.LogPrinter print
INFO: InfoPacket{cmd = 'info', arg = 'null', login = 'Kuchizu', password = 'kometa'}
Jun 04, 2023 4:38:18 PM managers.LogPrinter print
INFO: 

Jun 04, 2023 4:38:18 PM managers.LogPrinter print
INFO: Sent update to: /127.0.0.1:38937
Jun 04, 2023 4:38:18 PM managers.LogPrinter println
INFO: Sent update to: /127.0.0.1:38937
Jun 04, 2023 4:38:18 PM managers.LogPrinter print
INFO: [
Jun 04, 2023 4:38:18 PM managers.LogPrinter print
INFO: /127.0.0.1
Jun 04, 2023 4:38:18 PM managers.LogPrinter print
INFO: ][
Jun 04, 2023 4:38:18 PM managers.LogPrinter print
INFO: 38937
Jun 04, 2023 4:38:18 PM managers.LogPrinter print
INFO: ]: Sent response.


