Jun 04, 2023 4:25:01 PM managers.LogPrinter print
INFO: Connected Users: [/127.0.0.1:44244]
Jun 04, 2023 4:25:01 PM managers.LogPrinter println
INFO: Connected Users: [/127.0.0.1:44244]
Jun 04, 2023 4:25:01 PM managers.LogPrinter print
INFO: [
Jun 04, 2023 4:25:01 PM managers.LogPrinter print
INFO: /127.0.0.1
Jun 04, 2023 4:25:01 PM managers.LogPrinter print
INFO: ][
Jun 04, 2023 4:25:01 PM managers.LogPrinter print
INFO: 44244
Jun 04, 2023 4:25:01 PM managers.LogPrinter print
INFO: ]: [Connected]

Jun 04, 2023 4:25:01 PM managers.LogPrinter print
INFO: [
Jun 04, 2023 4:25:01 PM managers.LogPrinter print
INFO: /127.0.0.1
Jun 04, 2023 4:25:01 PM managers.LogPrinter print
INFO: ][
Jun 04, 2023 4:25:01 PM managers.LogPrinter print
INFO: 44244
Jun 04, 2023 4:25:01 PM managers.LogPrinter print
INFO: ]: Got message:

Jun 04, 2023 4:25:02 PM managers.LogPrinter print
INFO: InfoPacket{cmd = 'connectme', arg = 'null', login = 'null', password = 'null'}
Jun 04, 2023 4:25:02 PM managers.LogPrinter print
INFO: 

Jun 04, 2023 4:25:02 PM managers.LogPrinter print
INFO: Connected Users: [/127.0.0.1:44244]
Jun 04, 2023 4:25:02 PM managers.LogPrinter println
INFO: Connected Users: [/127.0.0.1:44244]
Jun 04, 2023 4:25:02 PM managers.LogPrinter print
INFO: [
Jun 04, 2023 4:25:02 PM managers.LogPrinter print
INFO: /127.0.0.1
Jun 04, 2023 4:25:02 PM managers.LogPrinter print
INFO: ][
Jun 04, 2023 4:25:02 PM managers.LogPrinter print
INFO: 44244
Jun 04, 2023 4:25:02 PM managers.LogPrinter print
INFO: ]: [Connected]

Jun 04, 2023 4:25:02 PM managers.LogPrinter print
INFO: [
Jun 04, 2023 4:25:02 PM managers.LogPrinter print
INFO: /127.0.0.1
Jun 04, 2023 4:25:02 PM managers.LogPrinter print
INFO: ][
Jun 04, 2023 4:25:02 PM managers.LogPrinter print
INFO: 44244
Jun 04, 2023 4:25:02 PM managers.LogPrinter print
INFO: ]: Got message:

Jun 04, 2023 4:25:02 PM managers.LogPrinter print
INFO: InfoPacket{cmd = 'connectme', arg = 'null', login = 'null', password = 'null'}
Jun 04, 2023 4:25:02 PM managers.LogPrinter print
INFO: 

Jun 04, 2023 4:25:08 PM managers.LogPrinter print
INFO: Connected Users: [/127.0.0.1:44244]
Jun 04, 2023 4:25:08 PM managers.LogPrinter println
INFO: Connected Users: [/127.0.0.1:44244]
Jun 04, 2023 4:25:08 PM managers.LogPrinter print
INFO: [
Jun 04, 2023 4:25:08 PM managers.LogPrinter print
INFO: /127.0.0.1
Jun 04, 2023 4:25:08 PM managers.LogPrinter print
INFO: ][
Jun 04, 2023 4:25:08 PM managers.LogPrinter print
INFO: 44244
Jun 04, 2023 4:25:08 PM managers.LogPrinter print
INFO: ]: Got message:

Jun 04, 2023 4:25:08 PM managers.LogPrinter print
INFO: InfoPacket{cmd = '/login', arg = 'null', login = 'Kuchizu', password = 'kometa'}
Jun 04, 2023 4:25:08 PM managers.LogPrinter print
INFO: 

Jun 04, 2023 4:25:08 PM managers.LogPrinter print
INFO: [Succ, Успешная авторизация., 1]
Jun 04, 2023 4:25:08 PM managers.LogPrinter println
INFO: [Succ, Успешная авторизация., 1]
Jun 04, 2023 4:25:08 PM managers.LogPrinter print
INFO: [
Jun 04, 2023 4:25:08 PM managers.LogPrinter print
INFO: /127.0.0.1
Jun 04, 2023 4:25:08 PM managers.LogPrinter print
INFO: ][
Jun 04, 2023 4:25:08 PM managers.LogPrinter print
INFO: 44244
Jun 04, 2023 4:25:08 PM managers.LogPrinter print
INFO: ]: Sent response.


Jun 04, 2023 4:25:08 PM managers.LogPrinter print
INFO: Connected Users: [/127.0.0.1:44244]
Jun 04, 2023 4:25:08 PM managers.LogPrinter println
INFO: Connected Users: [/127.0.0.1:44244]
Jun 04, 2023 4:25:08 PM managers.LogPrinter print
INFO: [
Jun 04, 2023 4:25:08 PM managers.LogPrinter print
INFO: /127.0.0.1
Jun 04, 2023 4:25:08 PM managers.LogPrinter print
INFO: ][
Jun 04, 2023 4:25:08 PM managers.LogPrinter print
INFO: 44244
Jun 04, 2023 4:25:08 PM managers.LogPrinter print
INFO: ]: Got message:

Jun 04, 2023 4:25:08 PM managers.LogPrinter print
INFO: InfoPacket{cmd = '/loadDB', arg = 'null', login = 'Kuchizu', password = 'kometa'}
Jun 04, 2023 4:25:08 PM managers.LogPrinter print
INFO: 

Jun 04, 2023 4:25:08 PM managers.LogPrinter print
INFO: DB
Jun 04, 2023 4:25:08 PM managers.LogPrinter println
INFO: DB
Jun 04, 2023 4:25:08 PM managers.LogPrinter print
INFO: [
Jun 04, 2023 4:25:08 PM managers.LogPrinter print
INFO: /127.0.0.1
Jun 04, 2023 4:25:08 PM managers.LogPrinter print
INFO: ][
Jun 04, 2023 4:25:08 PM managers.LogPrinter print
INFO: 44244
Jun 04, 2023 4:25:08 PM managers.LogPrinter print
INFO: ]: Sent response.


Jun 04, 2023 4:25:34 PM managers.LogPrinter print
INFO: Connected Users: [/127.0.0.1:44244, /127.0.0.1:52986]
Jun 04, 2023 4:25:34 PM managers.LogPrinter println
INFO: Connected Users: [/127.0.0.1:44244, /127.0.0.1:52986]
Jun 04, 2023 4:25:34 PM managers.LogPrinter print
INFO: [
Jun 04, 2023 4:25:34 PM managers.LogPrinter print
INFO: /127.0.0.1
Jun 04, 2023 4:25:34 PM managers.LogPrinter print
INFO: ][
Jun 04, 2023 4:25:34 PM managers.LogPrinter print
INFO: 52986
Jun 04, 2023 4:25:34 PM managers.LogPrinter print
INFO: ]: [Connected]

Jun 04, 2023 4:25:34 PM managers.LogPrinter print
INFO: [
Jun 04, 2023 4:25:34 PM managers.LogPrinter print
INFO: /127.0.0.1
Jun 04, 2023 4:25:34 PM managers.LogPrinter print
INFO: ][
Jun 04, 2023 4:25:34 PM managers.LogPrinter print
INFO: 52986
Jun 04, 2023 4:25:34 PM managers.LogPrinter print
INFO: ]: Got message:

Jun 04, 2023 4:25:34 PM managers.LogPrinter print
INFO: InfoPacket{cmd = 'connectme', arg = 'null', login = 'null', password = 'null'}
Jun 04, 2023 4:25:34 PM managers.LogPrinter print
INFO: 

Jun 04, 2023 4:25:35 PM managers.LogPrinter print
INFO: [
Jun 04, 2023 4:25:35 PM managers.LogPrinter print
INFO: /127.0.0.1
Jun 04, 2023 4:25:35 PM managers.LogPrinter print
INFO: ][
Jun 04, 2023 4:25:35 PM managers.LogPrinter print
INFO: 52986
Jun 04, 2023 4:25:35 PM managers.LogPrinter print
INFO: ]: [Connected]

Jun 04, 2023 4:25:35 PM managers.LogPrinter print
INFO: [
Jun 04, 2023 4:25:35 PM managers.LogPrinter print
INFO: /127.0.0.1
Jun 04, 2023 4:25:35 PM managers.LogPrinter print
INFO: ][
Jun 04, 2023 4:25:35 PM managers.LogPrinter print
INFO: 52986
Jun 04, 2023 4:25:35 PM managers.LogPrinter print
INFO: ]: Got message:

Jun 04, 2023 4:25:35 PM managers.LogPrinter print
INFO: InfoPacket{cmd = 'connectme', arg = 'null', login = 'null', password = 'null'}
Jun 04, 2023 4:25:35 PM managers.LogPrinter print
INFO: 

Jun 04, 2023 4:25:35 PM managers.LogPrinter print
INFO: Connected Users: [/127.0.0.1:44244, /127.0.0.1:52986]
Jun 04, 2023 4:25:35 PM managers.LogPrinter println
INFO: Connected Users: [/127.0.0.1:44244, /127.0.0.1:52986]
Jun 04, 2023 4:25:40 PM managers.LogPrinter print
INFO: Connected Users: [/127.0.0.1:44244, /127.0.0.1:52986]
Jun 04, 2023 4:25:40 PM managers.LogPrinter println
INFO: Connected Users: [/127.0.0.1:44244, /127.0.0.1:52986]
Jun 04, 2023 4:25:40 PM managers.LogPrinter print
INFO: [
Jun 04, 2023 4:25:40 PM managers.LogPrinter print
INFO: /127.0.0.1
Jun 04, 2023 4:25:40 PM managers.LogPrinter print
INFO: ][
Jun 04, 2023 4:25:40 PM managers.LogPrinter print
INFO: 52986
Jun 04, 2023 4:25:40 PM managers.LogPrinter print
INFO: ]: Got message:

Jun 04, 2023 4:25:40 PM managers.LogPrinter print
INFO: InfoPacket{cmd = '/login', arg = 'null', login = 'Kuchizu', password = 'kometa'}
Jun 04, 2023 4:25:40 PM managers.LogPrinter print
INFO: 

Jun 04, 2023 4:25:40 PM managers.LogPrinter print
INFO: [Succ, Успешная авторизация., 1]
Jun 04, 2023 4:25:40 PM managers.LogPrinter println
INFO: [Succ, Успешная авторизация., 1]
Jun 04, 2023 4:25:40 PM managers.LogPrinter print
INFO: [
Jun 04, 2023 4:25:40 PM managers.LogPrinter print
INFO: /127.0.0.1
Jun 04, 2023 4:25:40 PM managers.LogPrinter print
INFO: ][
Jun 04, 2023 4:25:40 PM managers.LogPrinter print
INFO: 52986
Jun 04, 2023 4:25:40 PM managers.LogPrinter print
INFO: ]: Sent response.


Jun 04, 2023 4:25:40 PM managers.LogPrinter print
INFO: [
Jun 04, 2023 4:25:40 PM managers.LogPrinter print
INFO: /127.0.0.1
Jun 04, 2023 4:25:40 PM managers.LogPrinter print
INFO: ][
Jun 04, 2023 4:25:40 PM managers.LogPrinter print
INFO: 52986
Jun 04, 2023 4:25:40 PM managers.LogPrinter print
INFO: ]: Got message:

Jun 04, 2023 4:25:40 PM managers.LogPrinter print
INFO: InfoPacket{cmd = '/loadDB', arg = 'null', login = 'Kuchizu', password = 'kometa'}
Jun 04, 2023 4:25:40 PM managers.LogPrinter print
INFO: 

Jun 04, 2023 4:25:40 PM managers.LogPrinter print
INFO: Connected Users: [/127.0.0.1:44244, /127.0.0.1:52986]
Jun 04, 2023 4:25:40 PM managers.LogPrinter println
INFO: Connected Users: [/127.0.0.1:44244, /127.0.0.1:52986]
Jun 04, 2023 4:25:40 PM managers.LogPrinter print
INFO: DB
Jun 04, 2023 4:25:40 PM managers.LogPrinter println
INFO: DB
Jun 04, 2023 4:25:40 PM managers.LogPrinter print
INFO: [
Jun 04, 2023 4:25:40 PM managers.LogPrinter print
INFO: /127.0.0.1
Jun 04, 2023 4:25:40 PM managers.LogPrinter print
INFO: ][
Jun 04, 2023 4:25:40 PM managers.LogPrinter print
INFO: 52986
Jun 04, 2023 4:25:40 PM managers.LogPrinter print
INFO: ]: Sent response.


Jun 04, 2023 4:25:51 PM managers.LogPrinter print
INFO: Connected Users: [/127.0.0.1:44244, /127.0.0.1:52986]
Jun 04, 2023 4:25:51 PM managers.LogPrinter println
INFO: Connected Users: [/127.0.0.1:44244, /127.0.0.1:52986]
Jun 04, 2023 4:25:51 PM managers.LogPrinter print
INFO: [
Jun 04, 2023 4:25:51 PM managers.LogPrinter print
INFO: /127.0.0.1
Jun 04, 2023 4:25:51 PM managers.LogPrinter print
INFO: ][
Jun 04, 2023 4:25:51 PM managers.LogPrinter print
INFO: 52986
Jun 04, 2023 4:25:51 PM managers.LogPrinter print
INFO: ]: Got message:

Jun 04, 2023 4:25:51 PM managers.LogPrinter print
INFO: InfoPacket{cmd = 'info', arg = 'null', login = 'Kuchizu', password = 'kometa'}
Jun 04, 2023 4:25:51 PM managers.LogPrinter print
INFO: 

Jun 04, 2023 4:25:51 PM managers.LogPrinter print
INFO: [
Jun 04, 2023 4:25:51 PM managers.LogPrinter print
INFO: /127.0.0.1
Jun 04, 2023 4:25:51 PM managers.LogPrinter print
INFO: ][
Jun 04, 2023 4:25:51 PM managers.LogPrinter print
INFO: 52986
Jun 04, 2023 4:25:51 PM managers.LogPrinter print
INFO: ]: Sent response.


