May 17, 2023 2:06:54 PM managers.LogPrinter print
INFO: [
May 17, 2023 2:06:54 PM managers.LogPrinter print
INFO: /127.0.0.1
May 17, 2023 2:06:54 PM managers.LogPrinter print
INFO: ][
May 17, 2023 2:06:54 PM managers.LogPrinter print
INFO: 44608
May 17, 2023 2:06:54 PM managers.LogPrinter print
INFO: ]: [Connected]

May 17, 2023 2:06:54 PM managers.LogPrinter print
INFO: [
May 17, 2023 2:06:54 PM managers.LogPrinter print
INFO: /127.0.0.1
May 17, 2023 2:06:54 PM managers.LogPrinter print
INFO: ][
May 17, 2023 2:06:54 PM managers.LogPrinter print
INFO: 44608
May 17, 2023 2:06:54 PM managers.LogPrinter print
INFO: ]: Got message:

May 17, 2023 2:06:54 PM managers.LogPrinter print
INFO: InfoPacket{cmd = 'connectme', arg = 'null', login = 'null', password = 'null'}
May 17, 2023 2:06:54 PM managers.LogPrinter print
INFO: 

May 17, 2023 2:07:02 PM managers.LogPrinter print
INFO: [
May 17, 2023 2:07:02 PM managers.LogPrinter print
INFO: /127.0.0.1
May 17, 2023 2:07:02 PM managers.LogPrinter print
INFO: ][
May 17, 2023 2:07:02 PM managers.LogPrinter print
INFO: 44608
May 17, 2023 2:07:02 PM managers.LogPrinter print
INFO: ]: Got message:

May 17, 2023 2:07:02 PM managers.LogPrinter print
INFO: InfoPacket{cmd = '/login', arg = 'null', login = 'Kuchizu', password = 'kometa'}
May 17, 2023 2:07:02 PM managers.LogPrinter print
INFO: 

May 17, 2023 2:07:02 PM managers.LogPrinter print
INFO: [
May 17, 2023 2:07:02 PM managers.LogPrinter print
INFO: /127.0.0.1
May 17, 2023 2:07:02 PM managers.LogPrinter print
INFO: ][
May 17, 2023 2:07:02 PM managers.LogPrinter print
INFO: 44608
May 17, 2023 2:07:02 PM managers.LogPrinter print
INFO: ]: Sent response.


May 17, 2023 2:07:03 PM managers.LogPrinter print
INFO: [
May 17, 2023 2:07:03 PM managers.LogPrinter print
INFO: /127.0.0.1
May 17, 2023 2:07:03 PM managers.LogPrinter print
INFO: ][
May 17, 2023 2:07:03 PM managers.LogPrinter print
INFO: 44608
May 17, 2023 2:07:03 PM managers.LogPrinter print
INFO: ]: Got message:

May 17, 2023 2:07:03 PM managers.LogPrinter print
INFO: InfoPacket{cmd = 'info', arg = 'null', login = 'Kuchizu', password = 'kometa'}
May 17, 2023 2:07:03 PM managers.LogPrinter print
INFO: 

May 17, 2023 2:07:03 PM managers.LogPrinter print
INFO: [
May 17, 2023 2:07:03 PM managers.LogPrinter print
INFO: /127.0.0.1
May 17, 2023 2:07:03 PM managers.LogPrinter print
INFO: ][
May 17, 2023 2:07:03 PM managers.LogPrinter print
INFO: 44608
May 17, 2023 2:07:03 PM managers.LogPrinter print
INFO: ]: Sent response.


May 17, 2023 2:07:26 PM managers.LogPrinter print
INFO: [
May 17, 2023 2:07:26 PM managers.LogPrinter print
INFO: /127.0.0.1
May 17, 2023 2:07:26 PM managers.LogPrinter print
INFO: ][
May 17, 2023 2:07:26 PM managers.LogPrinter print
INFO: 44608
May 17, 2023 2:07:26 PM managers.LogPrinter print
INFO: ]: Got message:

May 17, 2023 2:07:26 PM managers.LogPrinter print
INFO: InfoPacket{cmd = 'execute_script', arg = 'add
1
2 3
4
5
6
7
FINE
8
9
10
11
info
', login = 'Kuchizu', password = 'kometa'}
May 17, 2023 2:07:26 PM managers.LogPrinter print
INFO: 

May 17, 2023 2:07:26 PM managers.LogPrinter print
INFO: Объект 1 добавлен в коллекцию.

Collection ArrayDeque
Size: 2 elements
CreationDate: 2023-05-15T07:04:30.682844+03:00[Europe/Moscow]
LastElementID: 49

May 17, 2023 2:07:26 PM managers.LogPrinter print
INFO: [
May 17, 2023 2:07:26 PM managers.LogPrinter print
INFO: /127.0.0.1
May 17, 2023 2:07:26 PM managers.LogPrinter print
INFO: ][
May 17, 2023 2:07:26 PM managers.LogPrinter print
INFO: 44608
May 17, 2023 2:07:26 PM managers.LogPrinter print
INFO: ]: Sent response.


May 17, 2023 2:09:55 PM managers.LogPrinter print
INFO: [
May 17, 2023 2:09:55 PM managers.LogPrinter print
INFO: /127.0.0.1
May 17, 2023 2:09:55 PM managers.LogPrinter print
INFO: ][
May 17, 2023 2:09:55 PM managers.LogPrinter print
INFO: 47209
May 17, 2023 2:09:55 PM managers.LogPrinter print
INFO: ]: [Connected]

May 17, 2023 2:09:55 PM managers.LogPrinter print
INFO: [
May 17, 2023 2:09:55 PM managers.LogPrinter print
INFO: /127.0.0.1
May 17, 2023 2:09:55 PM managers.LogPrinter print
INFO: ][
May 17, 2023 2:09:55 PM managers.LogPrinter print
INFO: 47209
May 17, 2023 2:09:55 PM managers.LogPrinter print
INFO: ]: Got message:

May 17, 2023 2:09:55 PM managers.LogPrinter print
INFO: InfoPacket{cmd = 'connectme', arg = 'null', login = 'null', password = 'null'}
May 17, 2023 2:09:55 PM managers.LogPrinter print
INFO: 

May 17, 2023 2:09:59 PM managers.LogPrinter print
INFO: [
May 17, 2023 2:09:59 PM managers.LogPrinter print
INFO: /127.0.0.1
May 17, 2023 2:09:59 PM managers.LogPrinter print
INFO: ][
May 17, 2023 2:09:59 PM managers.LogPrinter print
INFO: 47209
May 17, 2023 2:09:59 PM managers.LogPrinter print
INFO: ]: Got message:

May 17, 2023 2:09:59 PM managers.LogPrinter print
INFO: InfoPacket{cmd = '/login', arg = 'null', login = 'Kuchizu', password = 'kometa'}
May 17, 2023 2:09:59 PM managers.LogPrinter print
INFO: 

May 17, 2023 2:09:59 PM managers.LogPrinter print
INFO: [
May 17, 2023 2:09:59 PM managers.LogPrinter print
INFO: /127.0.0.1
May 17, 2023 2:09:59 PM managers.LogPrinter print
INFO: ][
May 17, 2023 2:09:59 PM managers.LogPrinter print
INFO: 47209
May 17, 2023 2:09:59 PM managers.LogPrinter print
INFO: ]: Sent response.


May 17, 2023 2:10:03 PM managers.LogPrinter print
INFO: [
May 17, 2023 2:10:03 PM managers.LogPrinter print
INFO: /127.0.0.1
May 17, 2023 2:10:03 PM managers.LogPrinter print
INFO: ][
May 17, 2023 2:10:03 PM managers.LogPrinter print
INFO: 47209
May 17, 2023 2:10:03 PM managers.LogPrinter print
INFO: ]: Got message:

May 17, 2023 2:10:03 PM managers.LogPrinter print
INFO: InfoPacket{cmd = 'execute_script', arg = 'add
1
2 3
4
5
6
7
FINE
8
9
10
11
info
', login = 'Kuchizu', password = 'kometa'}
May 17, 2023 2:10:03 PM managers.LogPrinter print
INFO: 

May 17, 2023 2:10:03 PM managers.LogPrinter print
INFO: Объект 1 добавлен в коллекцию.

Collection ArrayDeque
Size: 3 elements
CreationDate: 2023-05-15T07:04:30.682844+03:00[Europe/Moscow]
LastElementID: 50

May 17, 2023 2:10:03 PM managers.LogPrinter print
INFO: [
May 17, 2023 2:10:03 PM managers.LogPrinter print
INFO: /127.0.0.1
May 17, 2023 2:10:03 PM managers.LogPrinter print
INFO: ][
May 17, 2023 2:10:03 PM managers.LogPrinter print
INFO: 47209
May 17, 2023 2:10:03 PM managers.LogPrinter print
INFO: ]: Sent response.


May 17, 2023 2:10:54 PM managers.LogPrinter print
INFO: [
May 17, 2023 2:10:54 PM managers.LogPrinter print
INFO: /127.0.0.1
May 17, 2023 2:10:54 PM managers.LogPrinter print
INFO: ][
May 17, 2023 2:10:54 PM managers.LogPrinter print
INFO: 44607
May 17, 2023 2:10:54 PM managers.LogPrinter print
INFO: ]: [Connected]

May 17, 2023 2:10:54 PM managers.LogPrinter print
INFO: [
May 17, 2023 2:10:54 PM managers.LogPrinter print
INFO: /127.0.0.1
May 17, 2023 2:10:54 PM managers.LogPrinter print
INFO: ][
May 17, 2023 2:10:54 PM managers.LogPrinter print
INFO: 44607
May 17, 2023 2:10:54 PM managers.LogPrinter print
INFO: ]: Got message:

May 17, 2023 2:10:54 PM managers.LogPrinter print
INFO: InfoPacket{cmd = 'connectme', arg = 'null', login = 'null', password = 'null'}
May 17, 2023 2:10:54 PM managers.LogPrinter print
INFO: 

May 17, 2023 2:11:00 PM managers.LogPrinter print
INFO: [
May 17, 2023 2:11:00 PM managers.LogPrinter print
INFO: /127.0.0.1
May 17, 2023 2:11:00 PM managers.LogPrinter print
INFO: ][
May 17, 2023 2:11:00 PM managers.LogPrinter print
INFO: 44607
May 17, 2023 2:11:00 PM managers.LogPrinter print
INFO: ]: Got message:

May 17, 2023 2:11:00 PM managers.LogPrinter print
INFO: InfoPacket{cmd = '/login', arg = 'null', login = 'Kuchizu', password = 'kometa'}
May 17, 2023 2:11:00 PM managers.LogPrinter print
INFO: 

May 17, 2023 2:11:00 PM managers.LogPrinter print
INFO: [
May 17, 2023 2:11:00 PM managers.LogPrinter print
INFO: /127.0.0.1
May 17, 2023 2:11:00 PM managers.LogPrinter print
INFO: ][
May 17, 2023 2:11:00 PM managers.LogPrinter print
INFO: 44607
May 17, 2023 2:11:00 PM managers.LogPrinter print
INFO: ]: Sent response.


May 17, 2023 2:11:52 PM managers.LogPrinter print
INFO: [
May 17, 2023 2:11:52 PM managers.LogPrinter print
INFO: /127.0.0.1
May 17, 2023 2:11:52 PM managers.LogPrinter print
INFO: ][
May 17, 2023 2:11:52 PM managers.LogPrinter print
INFO: 42437
May 17, 2023 2:11:52 PM managers.LogPrinter print
INFO: ]: [Connected]

May 17, 2023 2:11:52 PM managers.LogPrinter print
INFO: [
May 17, 2023 2:11:52 PM managers.LogPrinter print
INFO: /127.0.0.1
May 17, 2023 2:11:52 PM managers.LogPrinter print
INFO: ][
May 17, 2023 2:11:52 PM managers.LogPrinter print
INFO: 42437
May 17, 2023 2:11:52 PM managers.LogPrinter print
INFO: ]: Got message:

May 17, 2023 2:11:52 PM managers.LogPrinter print
INFO: InfoPacket{cmd = 'connectme', arg = 'null', login = 'null', password = 'null'}
May 17, 2023 2:11:52 PM managers.LogPrinter print
INFO: 

May 17, 2023 2:12:18 PM managers.LogPrinter print
INFO: [
May 17, 2023 2:12:18 PM managers.LogPrinter print
INFO: /127.0.0.1
May 17, 2023 2:12:18 PM managers.LogPrinter print
INFO: ][
May 17, 2023 2:12:18 PM managers.LogPrinter print
INFO: 42437
May 17, 2023 2:12:18 PM managers.LogPrinter print
INFO: ]: Got message:

May 17, 2023 2:12:18 PM managers.LogPrinter print
INFO: InfoPacket{cmd = '/login', arg = 'null', login = 'Kuchizu', password = 'kometa'}
May 17, 2023 2:12:18 PM managers.LogPrinter print
INFO: 

May 17, 2023 2:12:18 PM managers.LogPrinter print
INFO: [
May 17, 2023 2:12:18 PM managers.LogPrinter print
INFO: /127.0.0.1
May 17, 2023 2:12:18 PM managers.LogPrinter print
INFO: ][
May 17, 2023 2:12:18 PM managers.LogPrinter print
INFO: 42437
May 17, 2023 2:12:18 PM managers.LogPrinter print
INFO: ]: Sent response.


May 17, 2023 2:12:20 PM managers.LogPrinter print
INFO: [
May 17, 2023 2:12:20 PM managers.LogPrinter print
INFO: /127.0.0.1
May 17, 2023 2:12:20 PM managers.LogPrinter print
INFO: ][
May 17, 2023 2:12:20 PM managers.LogPrinter print
INFO: 42437
May 17, 2023 2:12:20 PM managers.LogPrinter print
INFO: ]: Got message:

May 17, 2023 2:12:20 PM managers.LogPrinter print
INFO: InfoPacket{cmd = 'execute_script', arg = 'add
1
2 3
4
5
6
7
FINE
8
9
10
11
info
help
add
1
2 3
4
5
2
7
FINE
1
9
10
11

', login = 'Kuchizu', password = 'kometa'}
May 17, 2023 2:12:20 PM managers.LogPrinter print
INFO: 

May 17, 2023 2:12:20 PM managers.LogPrinter print
INFO: Объект 1 добавлен в коллекцию.

Collection ArrayDeque
Size: 4 elements
CreationDate: 2023-05-15T07:04:30.682844+03:00[Europe/Moscow]
LastElementID: 51

remove_head: Вывести первый элемент коллекции и удалить его
add {element}: Добавить новый элемент в коллекцию
count_by_time_to_metro_on_foot timeToMetroOnFoot: Вывести количество элементов, значение поля timeToMetroOnFoot которых равно заданному
execute_script file_name: Cчитать и исполнить скрипт из указанного файла. В скрипте содержатся команды в таком же виде, в котором их вводит пользователь в интерактивном режиме.
show: Вывести в стандартный поток вывода все элементы коллекции в строковом представлении
clear: Очистить коллекцию
update id {element}: Обновить значение элемента коллекции, id которого равен заданному
remove_by_id id: Удалить элемент из коллекции по его id
remove_lower: Удалить из коллекции все элементы, меньшие, чем заданный
head: Вывести первый элемент коллекции
help: Вывести справку по доступным командам
exit: Завершить программу (без сохранения в файл)
print_descending: Вывести элементы коллекции в порядке убывания
average_of_time_to_metro_by_transport: Вывести среднее значение поля timeToMetroByTransport для всех элементов коллекции
info: Вывести в стандартный поток вывода информацию о коллекции (тип, дата инициализации, количество элементов и т.д.)
Объект 1 добавлен в коллекцию.

May 17, 2023 2:12:20 PM managers.LogPrinter print
INFO: [
May 17, 2023 2:12:20 PM managers.LogPrinter print
INFO: /127.0.0.1
May 17, 2023 2:12:20 PM managers.LogPrinter print
INFO: ][
May 17, 2023 2:12:20 PM managers.LogPrinter print
INFO: 42437
May 17, 2023 2:12:20 PM managers.LogPrinter print
INFO: ]: Sent response.


May 17, 2023 2:20:48 PM managers.LogPrinter print
INFO: [
May 17, 2023 2:20:48 PM managers.LogPrinter print
INFO: /127.0.0.1
May 17, 2023 2:20:48 PM managers.LogPrinter print
INFO: ][
May 17, 2023 2:20:48 PM managers.LogPrinter print
INFO: 37096
May 17, 2023 2:20:48 PM managers.LogPrinter print
INFO: ]: [Connected]

May 17, 2023 2:20:48 PM managers.LogPrinter print
INFO: [
May 17, 2023 2:20:48 PM managers.LogPrinter print
INFO: /127.0.0.1
May 17, 2023 2:20:48 PM managers.LogPrinter print
INFO: ][
May 17, 2023 2:20:48 PM managers.LogPrinter print
INFO: 37096
May 17, 2023 2:20:48 PM managers.LogPrinter print
INFO: ]: Got message:

May 17, 2023 2:20:48 PM managers.LogPrinter print
INFO: InfoPacket{cmd = 'connectme', arg = 'null', login = 'null', password = 'null'}
May 17, 2023 2:20:48 PM managers.LogPrinter print
INFO: 

May 17, 2023 2:20:56 PM managers.LogPrinter print
INFO: [
May 17, 2023 2:20:56 PM managers.LogPrinter print
INFO: /127.0.0.1
May 17, 2023 2:20:56 PM managers.LogPrinter print
INFO: ][
May 17, 2023 2:20:56 PM managers.LogPrinter print
INFO: 37096
May 17, 2023 2:20:56 PM managers.LogPrinter print
INFO: ]: Got message:

May 17, 2023 2:20:56 PM managers.LogPrinter print
INFO: InfoPacket{cmd = '/login', arg = 'null', login = 'Kuchizu', password = 'kometa'}
May 17, 2023 2:20:56 PM managers.LogPrinter print
INFO: 

May 17, 2023 2:20:56 PM managers.LogPrinter print
INFO: [
May 17, 2023 2:20:56 PM managers.LogPrinter print
INFO: /127.0.0.1
May 17, 2023 2:20:56 PM managers.LogPrinter print
INFO: ][
May 17, 2023 2:20:56 PM managers.LogPrinter print
INFO: 37096
May 17, 2023 2:20:56 PM managers.LogPrinter print
INFO: ]: Sent response.


May 17, 2023 2:20:59 PM managers.LogPrinter print
INFO: [
May 17, 2023 2:20:59 PM managers.LogPrinter print
INFO: /127.0.0.1
May 17, 2023 2:20:59 PM managers.LogPrinter print
INFO: ][
May 17, 2023 2:20:59 PM managers.LogPrinter print
INFO: 37096
May 17, 2023 2:20:59 PM managers.LogPrinter print
INFO: ]: Got message:

May 17, 2023 2:20:59 PM managers.LogPrinter print
INFO: InfoPacket{cmd = '/login', arg = 'null', login = 'Kuchizu', password = 'kometa'}
May 17, 2023 2:20:59 PM managers.LogPrinter print
INFO: 

May 17, 2023 2:20:59 PM managers.LogPrinter print
INFO: [
May 17, 2023 2:20:59 PM managers.LogPrinter print
INFO: /127.0.0.1
May 17, 2023 2:20:59 PM managers.LogPrinter print
INFO: ][
May 17, 2023 2:20:59 PM managers.LogPrinter print
INFO: 37096
May 17, 2023 2:20:59 PM managers.LogPrinter print
INFO: ]: Sent response.


May 17, 2023 2:20:59 PM managers.LogPrinter print
INFO: [
May 17, 2023 2:20:59 PM managers.LogPrinter print
INFO: /127.0.0.1
May 17, 2023 2:20:59 PM managers.LogPrinter print
INFO: ][
May 17, 2023 2:20:59 PM managers.LogPrinter print
INFO: 37096
May 17, 2023 2:20:59 PM managers.LogPrinter print
INFO: ]: Got message:

May 17, 2023 2:20:59 PM managers.LogPrinter print
INFO: InfoPacket{cmd = '/login', arg = 'null', login = 'Kuchizu', password = 'kometa'}
May 17, 2023 2:20:59 PM managers.LogPrinter print
INFO: 

May 17, 2023 2:20:59 PM managers.LogPrinter print
INFO: [
May 17, 2023 2:20:59 PM managers.LogPrinter print
INFO: /127.0.0.1
May 17, 2023 2:20:59 PM managers.LogPrinter print
INFO: ][
May 17, 2023 2:20:59 PM managers.LogPrinter print
INFO: 37096
May 17, 2023 2:20:59 PM managers.LogPrinter print
INFO: ]: Sent response.


May 17, 2023 2:20:59 PM managers.LogPrinter print
INFO: [
May 17, 2023 2:20:59 PM managers.LogPrinter print
INFO: /127.0.0.1
May 17, 2023 2:20:59 PM managers.LogPrinter print
INFO: ][
May 17, 2023 2:20:59 PM managers.LogPrinter print
INFO: 37096
May 17, 2023 2:20:59 PM managers.LogPrinter print
INFO: ]: Got message:

May 17, 2023 2:20:59 PM managers.LogPrinter print
INFO: InfoPacket{cmd = 'execute_script', arg = '1234', login = 'Kuchizu', password = 'kometa'}
May 17, 2023 2:20:59 PM managers.LogPrinter print
INFO: 

May 17, 2023 2:20:59 PM managers.LogPrinter print
INFO: Неизвестная команда: 1234

May 17, 2023 2:20:59 PM managers.LogPrinter print
INFO: [
May 17, 2023 2:20:59 PM managers.LogPrinter print
INFO: /127.0.0.1
May 17, 2023 2:20:59 PM managers.LogPrinter print
INFO: ][
May 17, 2023 2:20:59 PM managers.LogPrinter print
INFO: 37096
May 17, 2023 2:20:59 PM managers.LogPrinter print
INFO: ]: Sent response.


May 17, 2023 2:21:16 PM managers.LogPrinter print
INFO: [
May 17, 2023 2:21:16 PM managers.LogPrinter print
INFO: /127.0.0.1
May 17, 2023 2:21:16 PM managers.LogPrinter print
INFO: ][
May 17, 2023 2:21:16 PM managers.LogPrinter print
INFO: 37096
May 17, 2023 2:21:16 PM managers.LogPrinter print
INFO: ]: Got message:

May 17, 2023 2:21:16 PM managers.LogPrinter print
INFO: InfoPacket{cmd = 'info', arg = 'null', login = 'Kuchizu', password = 'kometa'}
May 17, 2023 2:21:16 PM managers.LogPrinter print
INFO: 

May 17, 2023 2:21:16 PM managers.LogPrinter print
INFO: [
May 17, 2023 2:21:16 PM managers.LogPrinter print
INFO: /127.0.0.1
May 17, 2023 2:21:16 PM managers.LogPrinter print
INFO: ][
May 17, 2023 2:21:16 PM managers.LogPrinter print
INFO: 37096
May 17, 2023 2:21:16 PM managers.LogPrinter print
INFO: ]: Sent response.


May 17, 2023 2:21:18 PM managers.LogPrinter print
INFO: [
May 17, 2023 2:21:18 PM managers.LogPrinter print
INFO: /127.0.0.1
May 17, 2023 2:21:18 PM managers.LogPrinter print
INFO: ][
May 17, 2023 2:21:18 PM managers.LogPrinter print
INFO: 37096
May 17, 2023 2:21:18 PM managers.LogPrinter print
INFO: ]: Got message:

May 17, 2023 2:21:18 PM managers.LogPrinter print
INFO: InfoPacket{cmd = 'info', arg = 'null', login = 'Kuchizu', password = 'kometa'}
May 17, 2023 2:21:18 PM managers.LogPrinter print
INFO: 

May 17, 2023 2:21:18 PM managers.LogPrinter print
INFO: [
May 17, 2023 2:21:18 PM managers.LogPrinter print
INFO: /127.0.0.1
May 17, 2023 2:21:18 PM managers.LogPrinter print
INFO: ][
May 17, 2023 2:21:18 PM managers.LogPrinter print
INFO: 37096
May 17, 2023 2:21:18 PM managers.LogPrinter print
INFO: ]: Sent response.


May 17, 2023 2:21:20 PM managers.LogPrinter print
INFO: [
May 17, 2023 2:21:20 PM managers.LogPrinter print
INFO: /127.0.0.1
May 17, 2023 2:21:20 PM managers.LogPrinter print
INFO: ][
May 17, 2023 2:21:20 PM managers.LogPrinter print
INFO: 37096
May 17, 2023 2:21:20 PM managers.LogPrinter print
INFO: ]: Got message:

May 17, 2023 2:21:20 PM managers.LogPrinter print
INFO: InfoPacket{cmd = 'info', arg = 'null', login = 'Kuchizu', password = 'kometa'}
May 17, 2023 2:21:20 PM managers.LogPrinter print
INFO: 

May 17, 2023 2:21:20 PM managers.LogPrinter print
INFO: [
May 17, 2023 2:21:20 PM managers.LogPrinter print
INFO: /127.0.0.1
May 17, 2023 2:21:20 PM managers.LogPrinter print
INFO: ][
May 17, 2023 2:21:20 PM managers.LogPrinter print
INFO: 37096
May 17, 2023 2:21:20 PM managers.LogPrinter print
INFO: ]: Sent response.


May 17, 2023 2:21:31 PM managers.LogPrinter print
INFO: [
May 17, 2023 2:21:31 PM managers.LogPrinter print
INFO: /127.0.0.1
May 17, 2023 2:21:31 PM managers.LogPrinter print
INFO: ][
May 17, 2023 2:21:31 PM managers.LogPrinter print
INFO: 37096
May 17, 2023 2:21:31 PM managers.LogPrinter print
INFO: ]: Got message:

May 17, 2023 2:21:31 PM managers.LogPrinter print
INFO: InfoPacket{cmd = 'info', arg = 'null', login = 'Kuchizu', password = 'kometa'}
May 17, 2023 2:21:31 PM managers.LogPrinter print
INFO: 

May 17, 2023 2:21:31 PM managers.LogPrinter print
INFO: [
May 17, 2023 2:21:31 PM managers.LogPrinter print
INFO: /127.0.0.1
May 17, 2023 2:21:31 PM managers.LogPrinter print
INFO: ][
May 17, 2023 2:21:31 PM managers.LogPrinter print
INFO: 37096
May 17, 2023 2:21:31 PM managers.LogPrinter print
INFO: ]: Sent response.


May 17, 2023 2:21:35 PM managers.LogPrinter print
INFO: [
May 17, 2023 2:21:35 PM managers.LogPrinter print
INFO: /127.0.0.1
May 17, 2023 2:21:35 PM managers.LogPrinter print
INFO: ][
May 17, 2023 2:21:35 PM managers.LogPrinter print
INFO: 37096
May 17, 2023 2:21:35 PM managers.LogPrinter print
INFO: ]: Got message:

May 17, 2023 2:21:35 PM managers.LogPrinter print
INFO: InfoPacket{cmd = 'info', arg = 'null', login = 'Kuchizu', password = 'kometa'}
May 17, 2023 2:21:35 PM managers.LogPrinter print
INFO: 

May 17, 2023 2:21:35 PM managers.LogPrinter print
INFO: [
May 17, 2023 2:21:35 PM managers.LogPrinter print
INFO: /127.0.0.1
May 17, 2023 2:21:35 PM managers.LogPrinter print
INFO: ][
May 17, 2023 2:21:35 PM managers.LogPrinter print
INFO: 37096
May 17, 2023 2:21:35 PM managers.LogPrinter print
INFO: ]: Sent response.


May 17, 2023 2:21:35 PM managers.LogPrinter print
INFO: [
May 17, 2023 2:21:35 PM managers.LogPrinter print
INFO: /127.0.0.1
May 17, 2023 2:21:35 PM managers.LogPrinter print
INFO: ][
May 17, 2023 2:21:35 PM managers.LogPrinter print
INFO: 37096
May 17, 2023 2:21:35 PM managers.LogPrinter print
INFO: ]: Got message:

May 17, 2023 2:21:35 PM managers.LogPrinter print
INFO: InfoPacket{cmd = 'info', arg = 'null', login = 'Kuchizu', password = 'kometa'}
May 17, 2023 2:21:35 PM managers.LogPrinter print
INFO: 

May 17, 2023 2:21:35 PM managers.LogPrinter print
INFO: [
May 17, 2023 2:21:35 PM managers.LogPrinter print
INFO: /127.0.0.1
May 17, 2023 2:21:35 PM managers.LogPrinter print
INFO: ][
May 17, 2023 2:21:35 PM managers.LogPrinter print
INFO: 37096
May 17, 2023 2:21:35 PM managers.LogPrinter print
INFO: ]: Got message:

May 17, 2023 2:21:35 PM managers.LogPrinter print
INFO: InfoPacket{cmd = 'execute_script', arg = '1234', login = 'Kuchizu', password = 'kometa'}
May 17, 2023 2:21:35 PM managers.LogPrinter print
INFO: 

May 17, 2023 2:21:35 PM managers.LogPrinter print
INFO: [
May 17, 2023 2:21:35 PM managers.LogPrinter print
INFO: /127.0.0.1
May 17, 2023 2:21:35 PM managers.LogPrinter print
INFO: ][
May 17, 2023 2:21:35 PM managers.LogPrinter print
INFO: 37096
May 17, 2023 2:21:35 PM managers.LogPrinter print
INFO: ]: Sent response.


May 17, 2023 2:21:35 PM managers.LogPrinter print
INFO: Неизвестная команда: 1234

May 17, 2023 2:21:35 PM managers.LogPrinter print
INFO: [
May 17, 2023 2:21:35 PM managers.LogPrinter print
INFO: /127.0.0.1
May 17, 2023 2:21:35 PM managers.LogPrinter print
INFO: ][
May 17, 2023 2:21:35 PM managers.LogPrinter print
INFO: 37096
May 17, 2023 2:21:35 PM managers.LogPrinter print
INFO: ]: Sent response.


May 17, 2023 2:21:40 PM managers.LogPrinter print
INFO: [
May 17, 2023 2:21:40 PM managers.LogPrinter print
INFO: /127.0.0.1
May 17, 2023 2:21:40 PM managers.LogPrinter print
INFO: ][
May 17, 2023 2:21:40 PM managers.LogPrinter print
INFO: 37096
May 17, 2023 2:21:40 PM managers.LogPrinter print
INFO: ]: Got message:

May 17, 2023 2:21:40 PM managers.LogPrinter print
INFO: InfoPacket{cmd = 'info', arg = 'null', login = 'Kuchizu', password = 'kometa'}
May 17, 2023 2:21:40 PM managers.LogPrinter print
INFO: 

May 17, 2023 2:21:40 PM managers.LogPrinter print
INFO: [
May 17, 2023 2:21:40 PM managers.LogPrinter print
INFO: /127.0.0.1
May 17, 2023 2:21:40 PM managers.LogPrinter print
INFO: ][
May 17, 2023 2:21:40 PM managers.LogPrinter print
INFO: 37096
May 17, 2023 2:21:40 PM managers.LogPrinter print
INFO: ]: Sent response.


