May 17, 2023 2:33:48 PM managers.LogPrinter print
INFO: [
May 17, 2023 2:33:48 PM managers.LogPrinter print
INFO: /127.0.0.1
May 17, 2023 2:33:48 PM managers.LogPrinter print
INFO: ][
May 17, 2023 2:33:48 PM managers.LogPrinter print
INFO: 55262
May 17, 2023 2:33:48 PM managers.LogPrinter print
INFO: ]: Got message:

May 17, 2023 2:33:48 PM managers.LogPrinter print
INFO: InfoPacket{cmd = '/login', arg = 'null', login = 'Kuchizu', password = 'kometa'}
May 17, 2023 2:33:48 PM managers.LogPrinter print
INFO: 

May 17, 2023 2:33:48 PM managers.LogPrinter print
INFO: [
May 17, 2023 2:33:48 PM managers.LogPrinter print
INFO: /127.0.0.1
May 17, 2023 2:33:48 PM managers.LogPrinter print
INFO: ][
May 17, 2023 2:33:48 PM managers.LogPrinter print
INFO: 55262
May 17, 2023 2:33:48 PM managers.LogPrinter print
INFO: ]: Sent response.


May 17, 2023 2:33:52 PM managers.LogPrinter print
INFO: [
May 17, 2023 2:33:52 PM managers.LogPrinter print
INFO: /127.0.0.1
May 17, 2023 2:33:52 PM managers.LogPrinter print
INFO: ][
May 17, 2023 2:33:52 PM managers.LogPrinter print
INFO: 55262
May 17, 2023 2:33:52 PM managers.LogPrinter print
INFO: ]: Got message:

May 17, 2023 2:33:52 PM managers.LogPrinter print
INFO: InfoPacket{cmd = 'info', arg = 'null', login = 'Kuchizu', password = 'kometa'}
May 17, 2023 2:33:52 PM managers.LogPrinter print
INFO: 

May 17, 2023 2:33:52 PM managers.LogPrinter print
INFO: [
May 17, 2023 2:33:52 PM managers.LogPrinter print
INFO: /127.0.0.1
May 17, 2023 2:33:52 PM managers.LogPrinter print
INFO: ][
May 17, 2023 2:33:52 PM managers.LogPrinter print
INFO: 55262
May 17, 2023 2:33:52 PM managers.LogPrinter print
INFO: ]: Sent response.


May 17, 2023 2:33:54 PM managers.LogPrinter print
INFO: [
May 17, 2023 2:33:54 PM managers.LogPrinter print
INFO: /127.0.0.1
May 17, 2023 2:33:54 PM managers.LogPrinter print
INFO: ][
May 17, 2023 2:33:54 PM managers.LogPrinter print
INFO: 55262
May 17, 2023 2:33:54 PM managers.LogPrinter print
INFO: ]: Got message:

May 17, 2023 2:33:54 PM managers.LogPrinter print
INFO: InfoPacket{cmd = 'info', arg = 'null', login = 'Kuchizu', password = 'kometa'}
May 17, 2023 2:33:54 PM managers.LogPrinter print
INFO: 

May 17, 2023 2:33:54 PM managers.LogPrinter print
INFO: [
May 17, 2023 2:33:54 PM managers.LogPrinter print
INFO: /127.0.0.1
May 17, 2023 2:33:54 PM managers.LogPrinter print
INFO: ][
May 17, 2023 2:33:54 PM managers.LogPrinter print
INFO: 55262
May 17, 2023 2:33:54 PM managers.LogPrinter print
INFO: ]: Sent response.


May 17, 2023 2:33:55 PM managers.LogPrinter print
INFO: [
May 17, 2023 2:33:55 PM managers.LogPrinter print
INFO: /127.0.0.1
May 17, 2023 2:33:55 PM managers.LogPrinter print
INFO: ][
May 17, 2023 2:33:55 PM managers.LogPrinter print
INFO: 55262
May 17, 2023 2:33:55 PM managers.LogPrinter print
INFO: ]: Got message:

May 17, 2023 2:33:55 PM managers.LogPrinter print
INFO: InfoPacket{cmd = 'info', arg = 'null', login = 'Kuchizu', password = 'kometa'}
May 17, 2023 2:33:55 PM managers.LogPrinter print
INFO: 

May 17, 2023 2:33:55 PM managers.LogPrinter print
INFO: [
May 17, 2023 2:33:55 PM managers.LogPrinter print
INFO: /127.0.0.1
May 17, 2023 2:33:55 PM managers.LogPrinter print
INFO: ][
May 17, 2023 2:33:55 PM managers.LogPrinter print
INFO: 55262
May 17, 2023 2:33:55 PM managers.LogPrinter print
INFO: ]: Sent response.


May 17, 2023 2:33:56 PM managers.LogPrinter print
INFO: [
May 17, 2023 2:33:56 PM managers.LogPrinter print
INFO: /127.0.0.1
May 17, 2023 2:33:56 PM managers.LogPrinter print
INFO: ][
May 17, 2023 2:33:56 PM managers.LogPrinter print
INFO: 55262
May 17, 2023 2:33:56 PM managers.LogPrinter print
INFO: ]: Got message:

May 17, 2023 2:33:56 PM managers.LogPrinter print
INFO: InfoPacket{cmd = 'help', arg = 'null', login = 'Kuchizu', password = 'kometa'}
May 17, 2023 2:33:56 PM managers.LogPrinter print
INFO: 

May 17, 2023 2:33:56 PM managers.LogPrinter print
INFO: [
May 17, 2023 2:33:56 PM managers.LogPrinter print
INFO: /127.0.0.1
May 17, 2023 2:33:56 PM managers.LogPrinter print
INFO: ][
May 17, 2023 2:33:56 PM managers.LogPrinter print
INFO: 55262
May 17, 2023 2:33:56 PM managers.LogPrinter print
INFO: ]: Sent response.


