May 15, 2023 3:34:35 AM managers.LogPrinter print
INFO: Client started running on [
May 15, 2023 3:34:35 AM managers.LogPrinter print
INFO: localhost
May 15, 2023 3:34:35 AM managers.LogPrinter print
INFO: ][
May 15, 2023 3:34:35 AM managers.LogPrinter print
INFO: 1234
May 15, 2023 3:34:35 AM managers.LogPrinter print
INFO: ]


May 15, 2023 3:34:35 AM managers.LogPrinter print
INFO: >>> 
May 15, 2023 3:34:38 AM managers.CommandExecutor run
INFO: 
May 15, 2023 3:34:38 AM managers.LogPrinter print
INFO: >>> 
May 15, 2023 3:34:39 AM managers.CommandExecutor run
INFO: 
May 15, 2023 3:34:39 AM managers.LogPrinter print
INFO: >>> 
May 15, 2023 3:34:43 AM managers.CommandExecutor run
INFO: info
May 15, 2023 3:34:43 AM managers.LogPrinter print
INFO: Для использования команд войдите в систему (/login) или зарегистрируйтесь (/reg)
May 15, 2023 3:34:43 AM managers.LogPrinter println
INFO: Для использования команд войдите в систему (/login) или зарегистрируйтесь (/reg)
May 15, 2023 3:34:43 AM managers.LogPrinter print
INFO: >>> 
May 15, 2023 3:34:54 AM managers.CommandExecutor run
INFO: help
May 15, 2023 3:34:54 AM managers.LogPrinter print
INFO: Для использования команд войдите в систему (/login) или зарегистрируйтесь (/reg)
May 15, 2023 3:34:54 AM managers.LogPrinter println
INFO: Для использования команд войдите в систему (/login) или зарегистрируйтесь (/reg)
May 15, 2023 3:34:54 AM managers.LogPrinter print
INFO: >>> 
May 15, 2023 3:34:55 AM managers.CommandExecutor run
INFO: asd
May 15, 2023 3:34:55 AM managers.LogPrinter print
INFO: Неизвестная команда
May 15, 2023 3:34:55 AM managers.LogPrinter println
INFO: Неизвестная команда
May 15, 2023 3:34:55 AM managers.LogPrinter print
INFO: >>> 
May 15, 2023 3:34:58 AM managers.CommandExecutor run
INFO: /login
May 15, 2023 3:34:58 AM managers.LogPrinter print
INFO: Для использования команд войдите в систему (/login) или зарегистрируйтесь (/reg)
May 15, 2023 3:34:58 AM managers.LogPrinter println
INFO: Для использования команд войдите в систему (/login) или зарегистрируйтесь (/reg)
May 15, 2023 3:34:58 AM managers.LogPrinter print
INFO: >>> 
May 15, 2023 3:36:47 AM managers.CommandExecutor run
INFO: info
May 15, 2023 3:36:47 AM managers.LogPrinter print
INFO: Для использования команд войдите в систему (/login) или зарегистрируйтесь (/reg)
May 15, 2023 3:36:47 AM managers.LogPrinter println
INFO: Для использования команд войдите в систему (/login) или зарегистрируйтесь (/reg)
May 15, 2023 3:36:47 AM managers.LogPrinter print
INFO: >>> 
May 15, 2023 3:36:50 AM managers.CommandExecutor run
INFO: /login
May 15, 2023 3:36:50 AM managers.LogPrinter print
INFO: Для использования команд войдите в систему (/login) или зарегистрируйтесь (/reg)
May 15, 2023 3:36:50 AM managers.LogPrinter println
INFO: Для использования команд войдите в систему (/login) или зарегистрируйтесь (/reg)
May 15, 2023 3:36:50 AM managers.LogPrinter print
INFO: >>> 
