May 15, 2023 6:07:30 AM managers.LogPrinter print
INFO: Client started running on [
May 15, 2023 6:07:31 AM managers.LogPrinter print
INFO: localhost
May 15, 2023 6:07:31 AM managers.LogPrinter print
INFO: ][
May 15, 2023 6:07:31 AM managers.LogPrinter print
INFO: 1234
May 15, 2023 6:07:31 AM managers.LogPrinter print
INFO: ]


May 15, 2023 6:07:31 AM managers.LogPrinter print
INFO: >>> 
May 15, 2023 6:07:34 AM managers.CommandExecutor run
INFO: /login
May 15, 2023 6:07:34 AM managers.LogPrinter print
INFO: Введите логин: 
May 15, 2023 6:07:36 AM managers.LogPrinter print
INFO: Введите пароль: 
May 15, 2023 6:07:37 AM managers.LogPrinter print
INFO: User with login Kuhcizu not found.
May 15, 2023 6:07:37 AM managers.LogPrinter println
INFO: User with login Kuhcizu not found.
May 15, 2023 6:07:37 AM managers.LogPrinter print
INFO: >>> 
May 15, 2023 6:07:39 AM managers.CommandExecutor run
INFO: /lgin
May 15, 2023 6:07:39 AM managers.LogPrinter print
INFO: Неизвестная команда
May 15, 2023 6:07:39 AM managers.LogPrinter println
INFO: Неизвестная команда
May 15, 2023 6:07:39 AM managers.LogPrinter print
INFO: >>> 
May 15, 2023 6:07:41 AM managers.CommandExecutor run
INFO: /login
May 15, 2023 6:07:41 AM managers.LogPrinter print
INFO: Введите логин: 
May 15, 2023 6:07:45 AM managers.LogPrinter print
INFO: Введите пароль: 
May 15, 2023 6:07:46 AM managers.LogPrinter print
INFO: Wrong password for user Kuchizu
May 15, 2023 6:07:46 AM managers.LogPrinter println
INFO: Wrong password for user Kuchizu
May 15, 2023 6:07:46 AM managers.LogPrinter print
INFO: >>> 
May 15, 2023 6:07:48 AM managers.CommandExecutor run
INFO: /login
May 15, 2023 6:07:48 AM managers.LogPrinter print
INFO: Введите логин: 
May 15, 2023 6:07:50 AM managers.LogPrinter print
INFO: Введите пароль: 
May 15, 2023 6:07:52 AM managers.LogPrinter print
INFO: Успешная авторизация.
May 15, 2023 6:07:52 AM managers.LogPrinter println
INFO: Успешная авторизация.
May 15, 2023 6:07:52 AM managers.LogPrinter print
INFO: [
May 15, 2023 6:07:52 AM managers.LogPrinter print
INFO: Kuchizu
May 15, 2023 6:07:52 AM managers.LogPrinter print
INFO: ] >>> 
May 15, 2023 6:07:58 AM managers.CommandExecutor run
INFO: execute_script 1234
