May 15, 2023 3:26:57 AM managers.LogPrinter print
INFO: Client started running on [
May 15, 2023 3:26:57 AM managers.LogPrinter print
INFO: localhost
May 15, 2023 3:26:57 AM managers.LogPrinter print
INFO: ][
May 15, 2023 3:26:57 AM managers.LogPrinter print
INFO: 1234
May 15, 2023 3:26:57 AM managers.LogPrinter print
INFO: ]


May 15, 2023 3:26:57 AM managers.LogPrinter print
INFO: >>> 
May 15, 2023 3:26:59 AM managers.CommandExecutor run
INFO: /reg
May 15, 2023 3:26:59 AM managers.LogPrinter print
INFO: Регистрация нового пользователя
May 15, 2023 3:26:59 AM managers.LogPrinter println
INFO: Регистрация нового пользователя
May 15, 2023 3:26:59 AM managers.LogPrinter print
INFO: Введите логин: 
May 15, 2023 3:27:01 AM managers.LogPrinter print
INFO: Введите пароль: 
May 15, 2023 3:27:03 AM managers.LogPrinter print
INFO: Пользователь Kuchizu успешно зарегистрирован
May 15, 2023 3:27:03 AM managers.LogPrinter println
INFO: Пользователь Kuchizu успешно зарегистрирован
May 15, 2023 3:27:03 AM managers.LogPrinter print
INFO: [
May 15, 2023 3:27:03 AM managers.LogPrinter print
INFO: Kuchizu
May 15, 2023 3:27:03 AM managers.LogPrinter print
INFO: ] >>> 
May 15, 2023 3:27:05 AM managers.CommandExecutor run
INFO: 
May 15, 2023 3:27:05 AM managers.LogPrinter print
INFO: [
May 15, 2023 3:27:05 AM managers.LogPrinter print
INFO: Kuchizu
May 15, 2023 3:27:05 AM managers.LogPrinter print
INFO: ] >>> 
May 15, 2023 3:27:06 AM managers.CommandExecutor run
INFO: 
May 15, 2023 3:27:06 AM managers.LogPrinter print
INFO: [
May 15, 2023 3:27:06 AM managers.LogPrinter print
INFO: Kuchizu
May 15, 2023 3:27:06 AM managers.LogPrinter print
INFO: ] >>> 
