May 15, 2023 3:58:02 AM managers.LogPrinter print
INFO: Client started running on [
May 15, 2023 3:58:02 AM managers.LogPrinter print
INFO: localhost
May 15, 2023 3:58:02 AM managers.LogPrinter print
INFO: ][
May 15, 2023 3:58:02 AM managers.LogPrinter print
INFO: 1234
May 15, 2023 3:58:02 AM managers.LogPrinter print
INFO: ]


May 15, 2023 3:58:02 AM managers.LogPrinter print
INFO: >>> 
May 15, 2023 3:58:04 AM managers.CommandExecutor run
INFO: info
May 15, 2023 3:58:04 AM managers.LogPrinter print
INFO: Для использования команд войдите в систему (/login) или зарегистрируйтесь (/reg)
May 15, 2023 3:58:04 AM managers.LogPrinter println
INFO: Для использования команд войдите в систему (/login) или зарегистрируйтесь (/reg)
May 15, 2023 3:58:04 AM managers.LogPrinter print
INFO: >>> 
May 15, 2023 3:58:07 AM managers.CommandExecutor run
INFO: /login
May 15, 2023 3:58:07 AM managers.LogPrinter print
INFO: Введите логин: 
May 15, 2023 3:58:09 AM managers.LogPrinter print
INFO: Введите пароль: 
May 15, 2023 3:58:10 AM managers.LogPrinter print
INFO: 
User with login Kuchizu not found.
May 15, 2023 3:58:10 AM managers.LogPrinter println
INFO: 
User with login Kuchizu not found.
May 15, 2023 3:58:10 AM managers.LogPrinter print
INFO: >>> 
May 15, 2023 3:58:13 AM managers.CommandExecutor run
INFO: /reg
May 15, 2023 3:58:13 AM managers.LogPrinter print
INFO: Регистрация нового пользователя
May 15, 2023 3:58:13 AM managers.LogPrinter println
INFO: Регистрация нового пользователя
May 15, 2023 3:58:13 AM managers.LogPrinter print
INFO: Введите логин: 
May 15, 2023 3:58:14 AM managers.LogPrinter print
INFO: Введите пароль: 
May 15, 2023 3:58:16 AM managers.LogPrinter print
INFO: Пользователь Kuchizu успешно зарегистрирован
May 15, 2023 3:58:16 AM managers.LogPrinter println
INFO: Пользователь Kuchizu успешно зарегистрирован
May 15, 2023 3:58:16 AM managers.LogPrinter print
INFO: [
May 15, 2023 3:58:16 AM managers.LogPrinter print
INFO: Kuchizu
May 15, 2023 3:58:16 AM managers.LogPrinter print
INFO: ] >>> 
May 15, 2023 3:58:29 AM managers.CommandExecutor run
INFO: help
May 15, 2023 3:58:29 AM managers.LogPrinter print
INFO: 
remove_head: Вывести первый элемент коллекции и удалить его
add {element}: Добавить новый элемент в коллекцию
count_by_time_to_metro_on_foot timeToMetroOnFoot: Вывести количество элементов, значение поля timeToMetroOnFoot которых равно заданному
execute_script file_name: Cчитать и исполнить скрипт из указанного файла. В скрипте содержатся команды в таком же виде, в котором их вводит пользователь в интерактивном режиме.
show: Вывести в стандартный поток вывода все элементы коллекции в строковом представлении
clear: Очистить коллекцию
update id {element}: Обновить значение элемента коллекции, id которого равен заданному
remove_by_id id: Удалить элемент из коллекции по его id
remove_lower: Удалить из коллекции все элементы, меньшие, чем заданный
head: Вывести первый элемент коллекции
help: Вывести справку по доступным командам
exit: Завершить программу (без сохранения в файл)
print_descending: Вывести элементы коллекции в порядке убывания
average_of_time_to_metro_by_transport: Вывести среднее значение поля timeToMetroByTransport для всех элементов коллекции
info: Вывести в стандартный поток вывода информацию о коллекции (тип, дата инициализации, количество элементов и т.д.)

May 15, 2023 3:58:29 AM managers.LogPrinter println
INFO: 
remove_head: Вывести первый элемент коллекции и удалить его
add {element}: Добавить новый элемент в коллекцию
count_by_time_to_metro_on_foot timeToMetroOnFoot: Вывести количество элементов, значение поля timeToMetroOnFoot которых равно заданному
execute_script file_name: Cчитать и исполнить скрипт из указанного файла. В скрипте содержатся команды в таком же виде, в котором их вводит пользователь в интерактивном режиме.
show: Вывести в стандартный поток вывода все элементы коллекции в строковом представлении
clear: Очистить коллекцию
update id {element}: Обновить значение элемента коллекции, id которого равен заданному
remove_by_id id: Удалить элемент из коллекции по его id
remove_lower: Удалить из коллекции все элементы, меньшие, чем заданный
head: Вывести первый элемент коллекции
help: Вывести справку по доступным командам
exit: Завершить программу (без сохранения в файл)
print_descending: Вывести элементы коллекции в порядке убывания
average_of_time_to_metro_by_transport: Вывести среднее значение поля timeToMetroByTransport для всех элементов коллекции
info: Вывести в стандартный поток вывода информацию о коллекции (тип, дата инициализации, количество элементов и т.д.)

May 15, 2023 3:58:29 AM managers.LogPrinter print
INFO: [
May 15, 2023 3:58:29 AM managers.LogPrinter print
INFO: Kuchizu
May 15, 2023 3:58:29 AM managers.LogPrinter print
INFO: ] >>> 
May 15, 2023 3:58:31 AM managers.CommandExecutor run
INFO: info
May 15, 2023 3:58:31 AM managers.LogPrinter print
INFO: 
Collection ArrayDeque
Size: 0 elements

May 15, 2023 3:58:31 AM managers.LogPrinter println
INFO: 
Collection ArrayDeque
Size: 0 elements

May 15, 2023 3:58:31 AM managers.LogPrinter print
INFO: [
May 15, 2023 3:58:31 AM managers.LogPrinter print
INFO: Kuchizu
May 15, 2023 3:58:31 AM managers.LogPrinter print
INFO: ] >>> 
May 15, 2023 3:58:35 AM managers.CommandExecutor run
INFO: add
May 15, 2023 3:58:35 AM managers.LogPrinter print
INFO: Введите Name (String), /q для отмены:
May 15, 2023 3:58:35 AM managers.LogPrinter println
INFO: Введите Name (String), /q для отмены:
May 15, 2023 3:58:36 AM managers.LogPrinter print
INFO: Введите координаты x, y (Long, Double):
May 15, 2023 3:58:36 AM managers.LogPrinter println
INFO: Введите координаты x, y (Long, Double):
May 15, 2023 3:58:37 AM managers.LogPrinter print
INFO: Введите area (Integer): 
May 15, 2023 3:58:37 AM managers.LogPrinter println
INFO: Введите area (Integer): 
May 15, 2023 3:58:38 AM managers.LogPrinter print
INFO: Введите numberOfRooms (Integer):
May 15, 2023 3:58:38 AM managers.LogPrinter println
INFO: Введите numberOfRooms (Integer):
May 15, 2023 3:58:38 AM managers.LogPrinter print
INFO: Введите timeToMetroOnFoot (Float):
May 15, 2023 3:58:38 AM managers.LogPrinter println
INFO: Введите timeToMetroOnFoot (Float):
May 15, 2023 3:58:38 AM managers.LogPrinter print
INFO: Введите timeToMetroByTransport (Double):
May 15, 2023 3:58:38 AM managers.LogPrinter println
INFO: Введите timeToMetroByTransport (Double):
May 15, 2023 3:58:38 AM managers.LogPrinter print
INFO: Введите furnish (Enum [NONE, DESIGNER, FINE, LITTLE]):
May 15, 2023 3:58:38 AM managers.LogPrinter println
INFO: Введите furnish (Enum [NONE, DESIGNER, FINE, LITTLE]):
May 15, 2023 3:58:40 AM managers.LogPrinter print
INFO: Введите name of House (String):
May 15, 2023 3:58:40 AM managers.LogPrinter println
INFO: Введите name of House (String):
May 15, 2023 3:58:41 AM managers.LogPrinter print
INFO: Введите year of House (Long):
May 15, 2023 3:58:41 AM managers.LogPrinter println
INFO: Введите year of House (Long):
May 15, 2023 3:58:41 AM managers.LogPrinter print
INFO: Введите numberOfFloors of House (Long):
May 15, 2023 3:58:41 AM managers.LogPrinter println
INFO: Введите numberOfFloors of House (Long):
May 15, 2023 3:58:41 AM managers.LogPrinter print
INFO: Введите numberOfLifts of House (Int):
May 15, 2023 3:58:41 AM managers.LogPrinter println
INFO: Введите numberOfLifts of House (Int):
May 15, 2023 3:58:42 AM managers.LogPrinter print
INFO:     ***    ***    ***
Flat №940672966
    name: 1
    coordinates: X: 1; Y: 1.0
    creationDate: 2023-05-15T03:58:42.179563107+03:00[Europe/Moscow]
    area: 1
    numberOfRooms: 1
    timeToMetroOnFoot: 1.0
    timeToMetroByTransport: 1.0
    furnish: NONE
House:
    name: 1
    year: 1
    numberOfFloors: 1
    numberOfLifts: 1

    ***    ***    ***

May 15, 2023 3:58:42 AM managers.LogPrinter print
INFO: 
Объект 1 добавлен в коллекцию.
May 15, 2023 3:58:42 AM managers.LogPrinter println
INFO: 
Объект 1 добавлен в коллекцию.
May 15, 2023 3:58:42 AM managers.LogPrinter print
INFO: [
May 15, 2023 3:58:42 AM managers.LogPrinter print
INFO: Kuchizu
May 15, 2023 3:58:42 AM managers.LogPrinter print
INFO: ] >>> 
May 15, 2023 3:58:57 AM managers.CommandExecutor run
INFO: show
May 15, 2023 3:58:57 AM managers.LogPrinter print
INFO: 
    ***    ***    ***

Flat №940672966
    name: 1
    coordinates: X: 1; Y: 1.0
    creationDate: 2023-05-15T03:58:42.179563107+03:00[Europe/Moscow]
    area: 1
    numberOfRooms: 1
    timeToMetroOnFoot: 1.0
    timeToMetroByTransport: 1.0
    furnish: NONE
House:
    name: 1
    year: 1
    numberOfFloors: 1
    numberOfLifts: 1

    ***    ***    ***

May 15, 2023 3:58:57 AM managers.LogPrinter println
INFO: 
    ***    ***    ***

Flat №940672966
    name: 1
    coordinates: X: 1; Y: 1.0
    creationDate: 2023-05-15T03:58:42.179563107+03:00[Europe/Moscow]
    area: 1
    numberOfRooms: 1
    timeToMetroOnFoot: 1.0
    timeToMetroByTransport: 1.0
    furnish: NONE
House:
    name: 1
    year: 1
    numberOfFloors: 1
    numberOfLifts: 1

    ***    ***    ***

May 15, 2023 3:58:57 AM managers.LogPrinter print
INFO: [
May 15, 2023 3:58:57 AM managers.LogPrinter print
INFO: Kuchizu
May 15, 2023 3:58:57 AM managers.LogPrinter print
INFO: ] >>> 
