May 15, 2023 6:55:11 PM managers.LogPrinter print
INFO: Client started running on [
May 15, 2023 6:55:11 PM managers.LogPrinter print
INFO: localhost
May 15, 2023 6:55:11 PM managers.LogPrinter print
INFO: ][
May 15, 2023 6:55:11 PM managers.LogPrinter print
INFO: 1234
May 15, 2023 6:55:11 PM managers.LogPrinter print
INFO: ]


May 15, 2023 6:55:11 PM managers.LogPrinter print
INFO: >>> 
May 15, 2023 6:55:15 PM managers.CommandExecutor run
INFO: .дщпшт
May 15, 2023 6:55:15 PM managers.LogPrinter print
INFO: Неизвестная команда
May 15, 2023 6:55:15 PM managers.LogPrinter println
INFO: Неизвестная команда
May 15, 2023 6:55:15 PM managers.LogPrinter print
INFO: >>> 
May 15, 2023 6:58:38 PM managers.CommandExecutor run
INFO: /login
May 15, 2023 6:58:38 PM managers.LogPrinter print
INFO: Введите логин: 
May 15, 2023 6:58:40 PM managers.LogPrinter print
INFO: Введите пароль: 
May 15, 2023 6:58:41 PM managers.LogPrinter print
INFO: Успешная авторизация.
May 15, 2023 6:58:41 PM managers.LogPrinter println
INFO: Успешная авторизация.
May 15, 2023 6:58:41 PM managers.LogPrinter print
INFO: [
May 15, 2023 6:58:41 PM managers.LogPrinter print
INFO: Kuchizu
May 15, 2023 6:58:41 PM managers.LogPrinter print
INFO: ] >>> 
May 15, 2023 6:58:43 PM managers.CommandExecutor run
INFO: info
May 15, 2023 6:58:43 PM managers.LogPrinter print
INFO: 
Collection ArrayDeque
Size: 2 elements
CreationDate: 2023-05-15T07:04:30.682844+03:00[Europe/Moscow]
LastElementID: 47

May 15, 2023 6:58:43 PM managers.LogPrinter println
INFO: 
Collection ArrayDeque
Size: 2 elements
CreationDate: 2023-05-15T07:04:30.682844+03:00[Europe/Moscow]
LastElementID: 47

May 15, 2023 6:58:43 PM managers.LogPrinter print
INFO: [
May 15, 2023 6:58:43 PM managers.LogPrinter print
INFO: Kuchizu
May 15, 2023 6:58:43 PM managers.LogPrinter print
INFO: ] >>> 
May 15, 2023 6:58:45 PM managers.CommandExecutor run
INFO: clear
May 15, 2023 6:58:45 PM managers.LogPrinter print
INFO: Removed 1 objects from collection.
May 15, 2023 6:58:45 PM managers.LogPrinter println
INFO: Removed 1 objects from collection.
May 15, 2023 6:58:45 PM managers.LogPrinter print
INFO: [
May 15, 2023 6:58:45 PM managers.LogPrinter print
INFO: Kuchizu
May 15, 2023 6:58:45 PM managers.LogPrinter print
INFO: ] >>> 
May 15, 2023 6:58:46 PM managers.CommandExecutor run
INFO: info
May 15, 2023 6:58:46 PM managers.LogPrinter print
INFO: 
Collection ArrayDeque
Size: 1 elements
CreationDate: 2023-05-15T07:04:30.682844+03:00[Europe/Moscow]
LastElementID: 18

May 15, 2023 6:58:46 PM managers.LogPrinter println
INFO: 
Collection ArrayDeque
Size: 1 elements
CreationDate: 2023-05-15T07:04:30.682844+03:00[Europe/Moscow]
LastElementID: 18

May 15, 2023 6:58:46 PM managers.LogPrinter print
INFO: [
May 15, 2023 6:58:46 PM managers.LogPrinter print
INFO: Kuchizu
May 15, 2023 6:58:46 PM managers.LogPrinter print
INFO: ] >>> 
May 15, 2023 7:03:00 PM managers.CommandExecutor run
INFO: info
May 15, 2023 7:03:00 PM managers.LogPrinter print
INFO: 
Collection ArrayDeque
Size: 1 elements
CreationDate: 2023-05-15T07:04:30.682844+03:00[Europe/Moscow]
LastElementID: 18

May 15, 2023 7:03:00 PM managers.LogPrinter println
INFO: 
Collection ArrayDeque
Size: 1 elements
CreationDate: 2023-05-15T07:04:30.682844+03:00[Europe/Moscow]
LastElementID: 18

May 15, 2023 7:03:00 PM managers.LogPrinter print
INFO: [
May 15, 2023 7:03:00 PM managers.LogPrinter print
INFO: Kuchizu
May 15, 2023 7:03:00 PM managers.LogPrinter print
INFO: ] >>> 
May 15, 2023 7:03:01 PM managers.CommandExecutor run
INFO: help
May 15, 2023 7:03:03 PM managers.LogPrinter print
INFO: 
remove_head: Вывести первый элемент коллекции и удалить его
add {element}: Добавить новый элемент в коллекцию
count_by_time_to_metro_on_foot timeToMetroOnFoot: Вывести количество элементов, значение поля timeToMetroOnFoot которых равно заданному
execute_script file_name: Cчитать и исполнить скрипт из указанного файла. В скрипте содержатся команды в таком же виде, в котором их вводит пользователь в интерактивном режиме.
show: Вывести в стандартный поток вывода все элементы коллекции в строковом представлении
clear: Очистить коллекцию
update id {element}: Обновить значение элемента коллекции, id которого равен заданному
remove_by_id id: Удалить элемент из коллекции по его id
remove_lower: Удалить из коллекции все элементы, меньшие, чем заданный
head: Вывести первый элемент коллекции
help: Вывести справку по доступным командам
exit: Завершить программу (без сохранения в файл)
print_descending: Вывести элементы коллекции в порядке убывания
average_of_time_to_metro_by_transport: Вывести среднее значение поля timeToMetroByTransport для всех элементов коллекции
info: Вывести в стандартный поток вывода информацию о коллекции (тип, дата инициализации, количество элементов и т.д.)

May 15, 2023 7:03:03 PM managers.LogPrinter println
INFO: 
remove_head: Вывести первый элемент коллекции и удалить его
add {element}: Добавить новый элемент в коллекцию
count_by_time_to_metro_on_foot timeToMetroOnFoot: Вывести количество элементов, значение поля timeToMetroOnFoot которых равно заданному
execute_script file_name: Cчитать и исполнить скрипт из указанного файла. В скрипте содержатся команды в таком же виде, в котором их вводит пользователь в интерактивном режиме.
show: Вывести в стандартный поток вывода все элементы коллекции в строковом представлении
clear: Очистить коллекцию
update id {element}: Обновить значение элемента коллекции, id которого равен заданному
remove_by_id id: Удалить элемент из коллекции по его id
remove_lower: Удалить из коллекции все элементы, меньшие, чем заданный
head: Вывести первый элемент коллекции
help: Вывести справку по доступным командам
exit: Завершить программу (без сохранения в файл)
print_descending: Вывести элементы коллекции в порядке убывания
average_of_time_to_metro_by_transport: Вывести среднее значение поля timeToMetroByTransport для всех элементов коллекции
info: Вывести в стандартный поток вывода информацию о коллекции (тип, дата инициализации, количество элементов и т.д.)

May 15, 2023 7:03:03 PM managers.LogPrinter print
INFO: [
May 15, 2023 7:03:03 PM managers.LogPrinter print
INFO: Kuchizu
May 15, 2023 7:03:03 PM managers.LogPrinter print
INFO: ] >>> 
May 15, 2023 7:03:13 PM managers.CommandExecutor run
INFO: average_of_time_to_metro_by_transport
May 15, 2023 7:03:13 PM managers.LogPrinter print
INFO: Среднее значение timeToMetroByTransport: 1.0
May 15, 2023 7:03:13 PM managers.LogPrinter println
INFO: Среднее значение timeToMetroByTransport: 1.0
May 15, 2023 7:03:13 PM managers.LogPrinter print
INFO: [
May 15, 2023 7:03:13 PM managers.LogPrinter print
INFO: Kuchizu
May 15, 2023 7:03:13 PM managers.LogPrinter print
INFO: ] >>> 
May 15, 2023 7:03:17 PM managers.CommandExecutor run
INFO: count_by_time_to_metro_on_foot
May 15, 2023 7:03:17 PM managers.LogPrinter print
INFO: Usage: count_by_time_to_metro_on_foot {arg}
May 15, 2023 7:03:17 PM managers.LogPrinter println
INFO: Usage: count_by_time_to_metro_on_foot {arg}
May 15, 2023 7:03:17 PM managers.LogPrinter print
INFO: [
May 15, 2023 7:03:17 PM managers.LogPrinter print
INFO: Kuchizu
May 15, 2023 7:03:17 PM managers.LogPrinter print
INFO: ] >>> 
