May 17, 2023 2:09:55 PM managers.LogPrinter print
INFO: Client started running on [
May 17, 2023 2:09:55 PM managers.LogPrinter print
INFO: localhost
May 17, 2023 2:09:55 PM managers.LogPrinter print
INFO: ][
May 17, 2023 2:09:55 PM managers.LogPrinter print
INFO: 1234
May 17, 2023 2:09:55 PM managers.LogPrinter print
INFO: ]


May 17, 2023 2:09:55 PM managers.LogPrinter print
INFO: >>> 
May 17, 2023 2:09:57 PM managers.CommandExecutor run
INFO: /login
May 17, 2023 2:09:57 PM managers.LogPrinter print
INFO: Введите логин: 
May 17, 2023 2:09:58 PM managers.LogPrinter print
INFO: Введите пароль: 
May 17, 2023 2:09:59 PM managers.LogPrinter print
INFO: Успешная авторизация.
May 17, 2023 2:09:59 PM managers.LogPrinter println
INFO: Успешная авторизация.
May 17, 2023 2:09:59 PM managers.LogPrinter print
INFO: [
May 17, 2023 2:09:59 PM managers.LogPrinter print
INFO: Kuchizu
May 17, 2023 2:09:59 PM managers.LogPrinter print
INFO: ] >>> 
May 17, 2023 2:10:03 PM managers.CommandExecutor run
INFO: execute_script 1234
May 17, 2023 2:10:03 PM managers.LogPrinter print
INFO: add 1 2 3 4 5 6 7 FINE 8 9 10 11
May 17, 2023 2:10:03 PM managers.LogPrinter print
INFO: :add:
May 17, 2023 2:10:03 PM managers.LogPrinter println
INFO: :add:
May 17, 2023 2:10:03 PM managers.LogPrinter print
INFO: :info:
May 17, 2023 2:10:03 PM managers.LogPrinter println
INFO: :info:
May 17, 2023 2:10:03 PM managers.LogPrinter print
INFO: Объект 1 добавлен в коллекцию.

Collection ArrayDeque
Size: 3 elements
CreationDate: 2023-05-15T07:04:30.682844+03:00[Europe/Moscow]
LastElementID: 50

May 17, 2023 2:10:03 PM managers.LogPrinter println
INFO: Объект 1 добавлен в коллекцию.

Collection ArrayDeque
Size: 3 elements
CreationDate: 2023-05-15T07:04:30.682844+03:00[Europe/Moscow]
LastElementID: 50

May 17, 2023 2:10:03 PM managers.LogPrinter print
INFO: [
May 17, 2023 2:10:03 PM managers.LogPrinter print
INFO: Kuchizu
May 17, 2023 2:10:03 PM managers.LogPrinter print
INFO: ] >>> 
