May 26, 2023 12:48:37 AM managers.LogPrinter print
INFO: [
May 26, 2023 12:48:37 AM managers.LogPrinter print
INFO: /127.0.0.1
May 26, 2023 12:48:37 AM managers.LogPrinter print
INFO: ][
May 26, 2023 12:48:37 AM managers.LogPrinter print
INFO: 53611
May 26, 2023 12:48:37 AM managers.LogPrinter print
INFO: ]: [Connected]

May 26, 2023 12:48:37 AM managers.LogPrinter print
INFO: [
May 26, 2023 12:48:37 AM managers.LogPrinter print
INFO: /127.0.0.1
May 26, 2023 12:48:37 AM managers.LogPrinter print
INFO: ][
May 26, 2023 12:48:37 AM managers.LogPrinter print
INFO: 53611
May 26, 2023 12:48:37 AM managers.LogPrinter print
INFO: ]: Got message:

May 26, 2023 12:48:37 AM managers.LogPrinter print
INFO: InfoPacket{cmd = 'connectme', arg = 'null', login = 'null', password = 'null'}
May 26, 2023 12:48:37 AM managers.LogPrinter print
INFO: 

May 26, 2023 12:48:37 AM managers.LogPrinter print
INFO: [
May 26, 2023 12:48:37 AM managers.LogPrinter print
INFO: /127.0.0.1
May 26, 2023 12:48:37 AM managers.LogPrinter print
INFO: ][
May 26, 2023 12:48:37 AM managers.LogPrinter print
INFO: 53611
May 26, 2023 12:48:37 AM managers.LogPrinter print
INFO: ]: [Connected]

May 26, 2023 12:48:37 AM managers.LogPrinter print
INFO: [
May 26, 2023 12:48:37 AM managers.LogPrinter print
INFO: /127.0.0.1
May 26, 2023 12:48:37 AM managers.LogPrinter print
INFO: ][
May 26, 2023 12:48:37 AM managers.LogPrinter print
INFO: 53611
May 26, 2023 12:48:37 AM managers.LogPrinter print
INFO: ]: Got message:

May 26, 2023 12:48:37 AM managers.LogPrinter print
INFO: InfoPacket{cmd = 'connectme', arg = 'null', login = 'null', password = 'null'}
May 26, 2023 12:48:37 AM managers.LogPrinter print
INFO: 

May 26, 2023 12:48:45 AM managers.LogPrinter print
INFO: [
May 26, 2023 12:48:45 AM managers.LogPrinter print
INFO: /127.0.0.1
May 26, 2023 12:48:45 AM managers.LogPrinter print
INFO: ][
May 26, 2023 12:48:45 AM managers.LogPrinter print
INFO: 53611
May 26, 2023 12:48:45 AM managers.LogPrinter print
INFO: ]: Got message:

May 26, 2023 12:48:45 AM managers.LogPrinter print
INFO: InfoPacket{cmd = '/login', arg = 'null', login = 'Kuchizu', password = 'komea'}
May 26, 2023 12:48:45 AM managers.LogPrinter print
INFO: 

May 26, 2023 12:48:45 AM managers.LogPrinter print
INFO: [
May 26, 2023 12:48:45 AM managers.LogPrinter print
INFO: /127.0.0.1
May 26, 2023 12:48:45 AM managers.LogPrinter print
INFO: ][
May 26, 2023 12:48:45 AM managers.LogPrinter print
INFO: 53611
May 26, 2023 12:48:45 AM managers.LogPrinter print
INFO: ]: Sent response.


May 26, 2023 12:48:49 AM managers.LogPrinter print
INFO: [
May 26, 2023 12:48:49 AM managers.LogPrinter print
INFO: /127.0.0.1
May 26, 2023 12:48:49 AM managers.LogPrinter print
INFO: ][
May 26, 2023 12:48:49 AM managers.LogPrinter print
INFO: 53611
May 26, 2023 12:48:49 AM managers.LogPrinter print
INFO: ]: Got message:

May 26, 2023 12:48:49 AM managers.LogPrinter print
INFO: InfoPacket{cmd = '/login', arg = 'null', login = 'Kuchizu', password = 'kometa'}
May 26, 2023 12:48:49 AM managers.LogPrinter print
INFO: 

May 26, 2023 12:48:49 AM managers.LogPrinter print
INFO: [
May 26, 2023 12:48:49 AM managers.LogPrinter print
INFO: /127.0.0.1
May 26, 2023 12:48:49 AM managers.LogPrinter print
INFO: ][
May 26, 2023 12:48:49 AM managers.LogPrinter print
INFO: 53611
May 26, 2023 12:48:49 AM managers.LogPrinter print
INFO: ]: Sent response.


May 26, 2023 12:49:03 AM managers.LogPrinter print
INFO: [
May 26, 2023 12:49:03 AM managers.LogPrinter print
INFO: /127.0.0.1
May 26, 2023 12:49:03 AM managers.LogPrinter print
INFO: ][
May 26, 2023 12:49:03 AM managers.LogPrinter print
INFO: 53611
May 26, 2023 12:49:03 AM managers.LogPrinter print
INFO: ]: Got message:

May 26, 2023 12:49:03 AM managers.LogPrinter print
INFO: InfoPacket{cmd = 'info', arg = 'null', login = 'Kuchizu', password = 'kometa'}
May 26, 2023 12:49:03 AM managers.LogPrinter print
INFO: 

May 26, 2023 12:49:03 AM managers.LogPrinter print
INFO: [
May 26, 2023 12:49:03 AM managers.LogPrinter print
INFO: /127.0.0.1
May 26, 2023 12:49:03 AM managers.LogPrinter print
INFO: ][
May 26, 2023 12:49:03 AM managers.LogPrinter print
INFO: 53611
May 26, 2023 12:49:03 AM managers.LogPrinter print
INFO: ]: Sent response.


May 26, 2023 12:49:10 AM managers.LogPrinter print
INFO: [
May 26, 2023 12:49:10 AM managers.LogPrinter print
INFO: /127.0.0.1
May 26, 2023 12:49:10 AM managers.LogPrinter print
INFO: ][
May 26, 2023 12:49:10 AM managers.LogPrinter print
INFO: 53611
May 26, 2023 12:49:10 AM managers.LogPrinter print
INFO: ]: Got message:

May 26, 2023 12:49:10 AM managers.LogPrinter print
INFO: InfoPacket{cmd = 'info', arg = 'null', login = 'Kuchizu', password = 'kometa'}
May 26, 2023 12:49:10 AM managers.LogPrinter print
INFO: 

May 26, 2023 12:49:10 AM managers.LogPrinter print
INFO: [
May 26, 2023 12:49:10 AM managers.LogPrinter print
INFO: /127.0.0.1
May 26, 2023 12:49:10 AM managers.LogPrinter print
INFO: ][
May 26, 2023 12:49:10 AM managers.LogPrinter print
INFO: 53611
May 26, 2023 12:49:10 AM managers.LogPrinter print
INFO: ]: Sent response.


May 26, 2023 12:49:13 AM managers.LogPrinter print
INFO: [
May 26, 2023 12:49:13 AM managers.LogPrinter print
INFO: /127.0.0.1
May 26, 2023 12:49:13 AM managers.LogPrinter print
INFO: ][
May 26, 2023 12:49:13 AM managers.LogPrinter print
INFO: 53611
May 26, 2023 12:49:13 AM managers.LogPrinter print
INFO: ]: Got message:

May 26, 2023 12:49:13 AM managers.LogPrinter print
INFO: InfoPacket{cmd = 'head', arg = 'null', login = 'Kuchizu', password = 'kometa'}
May 26, 2023 12:49:13 AM managers.LogPrinter print
INFO: 

May 26, 2023 12:49:13 AM managers.LogPrinter print
INFO: [
May 26, 2023 12:49:13 AM managers.LogPrinter print
INFO: /127.0.0.1
May 26, 2023 12:49:13 AM managers.LogPrinter print
INFO: ][
May 26, 2023 12:49:13 AM managers.LogPrinter print
INFO: 53611
May 26, 2023 12:49:13 AM managers.LogPrinter print
INFO: ]: Sent response.


May 26, 2023 12:49:22 AM managers.LogPrinter print
INFO: [
May 26, 2023 12:49:22 AM managers.LogPrinter print
INFO: /127.0.0.1
May 26, 2023 12:49:22 AM managers.LogPrinter print
INFO: ][
May 26, 2023 12:49:22 AM managers.LogPrinter print
INFO: 45230
May 26, 2023 12:49:22 AM managers.LogPrinter print
INFO: ]: [Connected]

May 26, 2023 12:49:22 AM managers.LogPrinter print
INFO: [
May 26, 2023 12:49:22 AM managers.LogPrinter print
INFO: /127.0.0.1
May 26, 2023 12:49:22 AM managers.LogPrinter print
INFO: ][
May 26, 2023 12:49:22 AM managers.LogPrinter print
INFO: 45230
May 26, 2023 12:49:22 AM managers.LogPrinter print
INFO: ]: Got message:

May 26, 2023 12:49:22 AM managers.LogPrinter print
INFO: InfoPacket{cmd = 'connectme', arg = 'null', login = 'null', password = 'null'}
May 26, 2023 12:49:22 AM managers.LogPrinter print
INFO: 

May 26, 2023 12:49:22 AM managers.LogPrinter print
INFO: [
May 26, 2023 12:49:22 AM managers.LogPrinter print
INFO: /127.0.0.1
May 26, 2023 12:49:22 AM managers.LogPrinter print
INFO: ][
May 26, 2023 12:49:22 AM managers.LogPrinter print
INFO: 45230
May 26, 2023 12:49:22 AM managers.LogPrinter print
INFO: ]: [Connected]

May 26, 2023 12:49:22 AM managers.LogPrinter print
INFO: [
May 26, 2023 12:49:22 AM managers.LogPrinter print
INFO: /127.0.0.1
May 26, 2023 12:49:22 AM managers.LogPrinter print
INFO: ][
May 26, 2023 12:49:22 AM managers.LogPrinter print
INFO: 45230
May 26, 2023 12:49:22 AM managers.LogPrinter print
INFO: ]: Got message:

May 26, 2023 12:49:22 AM managers.LogPrinter print
INFO: InfoPacket{cmd = 'connectme', arg = 'null', login = 'null', password = 'null'}
May 26, 2023 12:49:22 AM managers.LogPrinter print
INFO: 

May 26, 2023 12:49:29 AM managers.LogPrinter print
INFO: [
May 26, 2023 12:49:29 AM managers.LogPrinter print
INFO: /127.0.0.1
May 26, 2023 12:49:29 AM managers.LogPrinter print
INFO: ][
May 26, 2023 12:49:29 AM managers.LogPrinter print
INFO: 45230
May 26, 2023 12:49:29 AM managers.LogPrinter print
INFO: ]: Got message:

May 26, 2023 12:49:29 AM managers.LogPrinter print
INFO: InfoPacket{cmd = '/login', arg = 'null', login = 'Kuchizu', password = 'kometa'}
May 26, 2023 12:49:29 AM managers.LogPrinter print
INFO: 

May 26, 2023 12:49:29 AM managers.LogPrinter print
INFO: [
May 26, 2023 12:49:29 AM managers.LogPrinter print
INFO: /127.0.0.1
May 26, 2023 12:49:29 AM managers.LogPrinter print
INFO: ][
May 26, 2023 12:49:29 AM managers.LogPrinter print
INFO: 45230
May 26, 2023 12:49:29 AM managers.LogPrinter print
INFO: ]: Sent response.


