May 26, 2023 1:14:14 AM managers.LogPrinter print
INFO: [
May 26, 2023 1:14:14 AM managers.LogPrinter print
INFO: /127.0.0.1
May 26, 2023 1:14:14 AM managers.LogPrinter print
INFO: ][
May 26, 2023 1:14:14 AM managers.LogPrinter print
INFO: 50789
May 26, 2023 1:14:14 AM managers.LogPrinter print
INFO: ]: Got message:

May 26, 2023 1:14:14 AM managers.LogPrinter print
INFO: InfoPacket{cmd = '/login', arg = 'null', login = 'Kuchizu', password = 'kometa'}
May 26, 2023 1:14:14 AM managers.LogPrinter print
INFO: 

May 26, 2023 1:14:14 AM managers.LogPrinter print
INFO: [
May 26, 2023 1:14:14 AM managers.LogPrinter print
INFO: /127.0.0.1
May 26, 2023 1:14:14 AM managers.LogPrinter print
INFO: ][
May 26, 2023 1:14:14 AM managers.LogPrinter print
INFO: 50789
May 26, 2023 1:14:14 AM managers.LogPrinter print
INFO: ]: Sent response.


May 26, 2023 1:14:14 AM managers.LogPrinter print
INFO: [
May 26, 2023 1:14:14 AM managers.LogPrinter print
INFO: /127.0.0.1
May 26, 2023 1:14:14 AM managers.LogPrinter print
INFO: ][
May 26, 2023 1:14:14 AM managers.LogPrinter print
INFO: 50789
May 26, 2023 1:14:14 AM managers.LogPrinter print
INFO: ]: Got message:

May 26, 2023 1:14:14 AM managers.LogPrinter print
INFO: InfoPacket{cmd = '/loadDB', arg = 'null', login = 'Kuchizu', password = 'kometa'}
May 26, 2023 1:14:14 AM managers.LogPrinter print
INFO: 

May 26, 2023 1:14:14 AM managers.LogPrinter print
INFO: DB
May 26, 2023 1:14:14 AM managers.LogPrinter println
INFO: DB
May 26, 2023 1:14:14 AM managers.LogPrinter print
INFO: [
May 26, 2023 1:14:14 AM managers.LogPrinter print
INFO: /127.0.0.1
May 26, 2023 1:14:14 AM managers.LogPrinter print
INFO: ][
May 26, 2023 1:14:14 AM managers.LogPrinter print
INFO: 50789
May 26, 2023 1:14:14 AM managers.LogPrinter print
INFO: ]: Sent response.


May 26, 2023 1:26:34 AM managers.LogPrinter print
INFO: [
May 26, 2023 1:26:34 AM managers.LogPrinter print
INFO: /127.0.0.1
May 26, 2023 1:26:34 AM managers.LogPrinter print
INFO: ][
May 26, 2023 1:26:34 AM managers.LogPrinter print
INFO: 55039
May 26, 2023 1:26:34 AM managers.LogPrinter print
INFO: ]: [Connected]

May 26, 2023 1:26:34 AM managers.LogPrinter print
INFO: [
May 26, 2023 1:26:34 AM managers.LogPrinter print
INFO: /127.0.0.1
May 26, 2023 1:26:34 AM managers.LogPrinter print
INFO: ][
May 26, 2023 1:26:34 AM managers.LogPrinter print
INFO: 55039
May 26, 2023 1:26:34 AM managers.LogPrinter print
INFO: ]: Got message:

May 26, 2023 1:26:34 AM managers.LogPrinter print
INFO: InfoPacket{cmd = 'connectme', arg = 'null', login = 'null', password = 'null'}
May 26, 2023 1:26:34 AM managers.LogPrinter print
INFO: 

May 26, 2023 1:26:35 AM managers.LogPrinter print
INFO: [
May 26, 2023 1:26:35 AM managers.LogPrinter print
INFO: /127.0.0.1
May 26, 2023 1:26:35 AM managers.LogPrinter print
INFO: ][
May 26, 2023 1:26:35 AM managers.LogPrinter print
INFO: 55039
May 26, 2023 1:26:35 AM managers.LogPrinter print
INFO: ]: [Connected]

May 26, 2023 1:26:35 AM managers.LogPrinter print
INFO: [
May 26, 2023 1:26:35 AM managers.LogPrinter print
INFO: /127.0.0.1
May 26, 2023 1:26:35 AM managers.LogPrinter print
INFO: ][
May 26, 2023 1:26:35 AM managers.LogPrinter print
INFO: 55039
May 26, 2023 1:26:35 AM managers.LogPrinter print
INFO: ]: Got message:

May 26, 2023 1:26:35 AM managers.LogPrinter print
INFO: InfoPacket{cmd = 'connectme', arg = 'null', login = 'null', password = 'null'}
May 26, 2023 1:26:35 AM managers.LogPrinter print
INFO: 

May 26, 2023 1:26:39 AM managers.LogPrinter print
INFO: [
May 26, 2023 1:26:39 AM managers.LogPrinter print
INFO: /127.0.0.1
May 26, 2023 1:26:39 AM managers.LogPrinter print
INFO: ][
May 26, 2023 1:26:39 AM managers.LogPrinter print
INFO: 55039
May 26, 2023 1:26:39 AM managers.LogPrinter print
INFO: ]: Got message:

May 26, 2023 1:26:39 AM managers.LogPrinter print
INFO: InfoPacket{cmd = '/login', arg = 'null', login = 'null', password = 'null'}
May 26, 2023 1:26:39 AM managers.LogPrinter print
INFO: 

May 26, 2023 1:26:39 AM managers.LogPrinter print
INFO: [
May 26, 2023 1:26:39 AM managers.LogPrinter print
INFO: /127.0.0.1
May 26, 2023 1:26:39 AM managers.LogPrinter print
INFO: ][
May 26, 2023 1:26:39 AM managers.LogPrinter print
INFO: 55039
May 26, 2023 1:26:39 AM managers.LogPrinter print
INFO: ]: Sent response.


May 26, 2023 1:26:43 AM managers.LogPrinter print
INFO: [
May 26, 2023 1:26:43 AM managers.LogPrinter print
INFO: /127.0.0.1
May 26, 2023 1:26:43 AM managers.LogPrinter print
INFO: ][
May 26, 2023 1:26:43 AM managers.LogPrinter print
INFO: 55039
May 26, 2023 1:26:43 AM managers.LogPrinter print
INFO: ]: Got message:

May 26, 2023 1:26:43 AM managers.LogPrinter print
INFO: InfoPacket{cmd = '/login', arg = 'null', login = 'null', password = 'null'}
May 26, 2023 1:26:43 AM managers.LogPrinter print
INFO: 

May 26, 2023 1:26:43 AM managers.LogPrinter print
INFO: [
May 26, 2023 1:26:43 AM managers.LogPrinter print
INFO: /127.0.0.1
May 26, 2023 1:26:43 AM managers.LogPrinter print
INFO: ][
May 26, 2023 1:26:43 AM managers.LogPrinter print
INFO: 55039
May 26, 2023 1:26:43 AM managers.LogPrinter print
INFO: ]: Sent response.


May 26, 2023 1:27:20 AM managers.LogPrinter print
INFO: [
May 26, 2023 1:27:20 AM managers.LogPrinter print
INFO: /127.0.0.1
May 26, 2023 1:27:20 AM managers.LogPrinter print
INFO: ][
May 26, 2023 1:27:20 AM managers.LogPrinter print
INFO: 55039
May 26, 2023 1:27:20 AM managers.LogPrinter print
INFO: ]: Got message:

May 26, 2023 1:27:20 AM managers.LogPrinter print
INFO: InfoPacket{cmd = '/login', arg = 'null', login = 'null', password = 'null'}
May 26, 2023 1:27:20 AM managers.LogPrinter print
INFO: 

May 26, 2023 1:27:20 AM managers.LogPrinter print
INFO: [
May 26, 2023 1:27:20 AM managers.LogPrinter print
INFO: /127.0.0.1
May 26, 2023 1:27:20 AM managers.LogPrinter print
INFO: ][
May 26, 2023 1:27:20 AM managers.LogPrinter print
INFO: 55039
May 26, 2023 1:27:20 AM managers.LogPrinter print
INFO: ]: Sent response.


May 26, 2023 1:29:20 AM managers.LogPrinter print
INFO: [
May 26, 2023 1:29:20 AM managers.LogPrinter print
INFO: /127.0.0.1
May 26, 2023 1:29:20 AM managers.LogPrinter print
INFO: ][
May 26, 2023 1:29:20 AM managers.LogPrinter print
INFO: 58371
May 26, 2023 1:29:20 AM managers.LogPrinter print
INFO: ]: [Connected]

May 26, 2023 1:29:20 AM managers.LogPrinter print
INFO: [
May 26, 2023 1:29:20 AM managers.LogPrinter print
INFO: /127.0.0.1
May 26, 2023 1:29:20 AM managers.LogPrinter print
INFO: ][
May 26, 2023 1:29:20 AM managers.LogPrinter print
INFO: 58371
May 26, 2023 1:29:20 AM managers.LogPrinter print
INFO: ]: Got message:

May 26, 2023 1:29:20 AM managers.LogPrinter print
INFO: InfoPacket{cmd = 'connectme', arg = 'null', login = 'null', password = 'null'}
May 26, 2023 1:29:20 AM managers.LogPrinter print
INFO: 

May 26, 2023 1:29:21 AM managers.LogPrinter print
INFO: [
May 26, 2023 1:29:21 AM managers.LogPrinter print
INFO: /127.0.0.1
May 26, 2023 1:29:21 AM managers.LogPrinter print
INFO: ][
May 26, 2023 1:29:21 AM managers.LogPrinter print
INFO: 58371
May 26, 2023 1:29:21 AM managers.LogPrinter print
INFO: ]: [Connected]

May 26, 2023 1:29:21 AM managers.LogPrinter print
INFO: [
May 26, 2023 1:29:21 AM managers.LogPrinter print
INFO: /127.0.0.1
May 26, 2023 1:29:21 AM managers.LogPrinter print
INFO: ][
May 26, 2023 1:29:21 AM managers.LogPrinter print
INFO: 58371
May 26, 2023 1:29:21 AM managers.LogPrinter print
INFO: ]: Got message:

May 26, 2023 1:29:21 AM managers.LogPrinter print
INFO: InfoPacket{cmd = 'connectme', arg = 'null', login = 'null', password = 'null'}
May 26, 2023 1:29:21 AM managers.LogPrinter print
INFO: 

May 26, 2023 1:29:24 AM managers.LogPrinter print
INFO: [
May 26, 2023 1:29:24 AM managers.LogPrinter print
INFO: /127.0.0.1
May 26, 2023 1:29:24 AM managers.LogPrinter print
INFO: ][
May 26, 2023 1:29:24 AM managers.LogPrinter print
INFO: 58371
May 26, 2023 1:29:24 AM managers.LogPrinter print
INFO: ]: Got message:

May 26, 2023 1:29:24 AM managers.LogPrinter print
INFO: InfoPacket{cmd = '/login', arg = 'null', login = 'asd', password = '123'}
May 26, 2023 1:29:24 AM managers.LogPrinter print
INFO: 

May 26, 2023 1:29:24 AM managers.LogPrinter print
INFO: [
May 26, 2023 1:29:24 AM managers.LogPrinter print
INFO: /127.0.0.1
May 26, 2023 1:29:24 AM managers.LogPrinter print
INFO: ][
May 26, 2023 1:29:24 AM managers.LogPrinter print
INFO: 58371
May 26, 2023 1:29:24 AM managers.LogPrinter print
INFO: ]: Sent response.


May 26, 2023 1:29:28 AM managers.LogPrinter print
INFO: [
May 26, 2023 1:29:28 AM managers.LogPrinter print
INFO: /127.0.0.1
May 26, 2023 1:29:28 AM managers.LogPrinter print
INFO: ][
May 26, 2023 1:29:28 AM managers.LogPrinter print
INFO: 58371
May 26, 2023 1:29:28 AM managers.LogPrinter print
INFO: ]: Got message:

May 26, 2023 1:29:28 AM managers.LogPrinter print
INFO: InfoPacket{cmd = '/login', arg = 'null', login = 'Kuchizu', password = 'asd'}
May 26, 2023 1:29:28 AM managers.LogPrinter print
INFO: 

May 26, 2023 1:29:28 AM managers.LogPrinter print
INFO: [
May 26, 2023 1:29:28 AM managers.LogPrinter print
INFO: /127.0.0.1
May 26, 2023 1:29:28 AM managers.LogPrinter print
INFO: ][
May 26, 2023 1:29:28 AM managers.LogPrinter print
INFO: 58371
May 26, 2023 1:29:28 AM managers.LogPrinter print
INFO: ]: Sent response.


May 26, 2023 1:29:34 AM managers.LogPrinter print
INFO: [
May 26, 2023 1:29:34 AM managers.LogPrinter print
INFO: /127.0.0.1
May 26, 2023 1:29:34 AM managers.LogPrinter print
INFO: ][
May 26, 2023 1:29:34 AM managers.LogPrinter print
INFO: 58371
May 26, 2023 1:29:34 AM managers.LogPrinter print
INFO: ]: Got message:

May 26, 2023 1:29:34 AM managers.LogPrinter print
INFO: InfoPacket{cmd = '/login', arg = 'null', login = 'Kuchizu', password = 'kometa'}
May 26, 2023 1:29:34 AM managers.LogPrinter print
INFO: 

May 26, 2023 1:29:34 AM managers.LogPrinter print
INFO: [
May 26, 2023 1:29:34 AM managers.LogPrinter print
INFO: /127.0.0.1
May 26, 2023 1:29:34 AM managers.LogPrinter print
INFO: ][
May 26, 2023 1:29:34 AM managers.LogPrinter print
INFO: 58371
May 26, 2023 1:29:34 AM managers.LogPrinter print
INFO: ]: Sent response.


May 26, 2023 1:29:34 AM managers.LogPrinter print
INFO: [
May 26, 2023 1:29:34 AM managers.LogPrinter print
INFO: /127.0.0.1
May 26, 2023 1:29:34 AM managers.LogPrinter print
INFO: ][
May 26, 2023 1:29:34 AM managers.LogPrinter print
INFO: 58371
May 26, 2023 1:29:34 AM managers.LogPrinter print
INFO: ]: Got message:

May 26, 2023 1:29:34 AM managers.LogPrinter print
INFO: InfoPacket{cmd = '/loadDB', arg = 'null', login = 'Kuchizu', password = 'kometa'}
May 26, 2023 1:29:34 AM managers.LogPrinter print
INFO: 

May 26, 2023 1:29:34 AM managers.LogPrinter print
INFO: DB
May 26, 2023 1:29:34 AM managers.LogPrinter println
INFO: DB
May 26, 2023 1:29:34 AM managers.LogPrinter print
INFO: [
May 26, 2023 1:29:34 AM managers.LogPrinter print
INFO: /127.0.0.1
May 26, 2023 1:29:34 AM managers.LogPrinter print
INFO: ][
May 26, 2023 1:29:34 AM managers.LogPrinter print
INFO: 58371
May 26, 2023 1:29:34 AM managers.LogPrinter print
INFO: ]: Sent response.


May 26, 2023 1:29:42 AM managers.LogPrinter print
INFO: [
May 26, 2023 1:29:42 AM managers.LogPrinter print
INFO: /127.0.0.1
May 26, 2023 1:29:42 AM managers.LogPrinter print
INFO: ][
May 26, 2023 1:29:42 AM managers.LogPrinter print
INFO: 58371
May 26, 2023 1:29:42 AM managers.LogPrinter print
INFO: ]: Got message:

May 26, 2023 1:29:42 AM managers.LogPrinter print
INFO: InfoPacket{cmd = 'update', arg = '8', login = 'Kuchizu', password = 'kometa'}
May 26, 2023 1:29:42 AM managers.LogPrinter print
INFO: 

May 26, 2023 1:29:42 AM managers.LogPrinter print
INFO: [
May 26, 2023 1:29:42 AM managers.LogPrinter print
INFO: /127.0.0.1
May 26, 2023 1:29:42 AM managers.LogPrinter print
INFO: ][
May 26, 2023 1:29:42 AM managers.LogPrinter print
INFO: 58371
May 26, 2023 1:29:42 AM managers.LogPrinter print
INFO: ]: Sent response.


May 26, 2023 1:29:48 AM managers.LogPrinter print
INFO: [
May 26, 2023 1:29:48 AM managers.LogPrinter print
INFO: /127.0.0.1
May 26, 2023 1:29:48 AM managers.LogPrinter print
INFO: ][
May 26, 2023 1:29:48 AM managers.LogPrinter print
INFO: 58371
May 26, 2023 1:29:48 AM managers.LogPrinter print
INFO: ]: Got message:

May 26, 2023 1:29:48 AM managers.LogPrinter print
INFO: InfoPacket{cmd = 'update', arg = '7', login = 'Kuchizu', password = 'kometa'}
May 26, 2023 1:29:48 AM managers.LogPrinter print
INFO: 

May 26, 2023 1:29:48 AM managers.LogPrinter print
INFO: [
May 26, 2023 1:29:48 AM managers.LogPrinter print
INFO: /127.0.0.1
May 26, 2023 1:29:48 AM managers.LogPrinter print
INFO: ][
May 26, 2023 1:29:48 AM managers.LogPrinter print
INFO: 58371
May 26, 2023 1:29:48 AM managers.LogPrinter print
INFO: ]: Sent response.


May 26, 2023 1:29:59 AM managers.LogPrinter print
INFO: [
May 26, 2023 1:29:59 AM managers.LogPrinter print
INFO: /127.0.0.1
May 26, 2023 1:29:59 AM managers.LogPrinter print
INFO: ][
May 26, 2023 1:29:59 AM managers.LogPrinter print
INFO: 58371
May 26, 2023 1:29:59 AM managers.LogPrinter print
INFO: ]: Got message:

May 26, 2023 1:29:59 AM managers.LogPrinter print
INFO: InfoPacket{cmd = 'update', arg = '7', login = 'Kuchizu', password = 'kometa'}
May 26, 2023 1:29:59 AM managers.LogPrinter print
INFO: 

May 26, 2023 1:29:59 AM managers.LogPrinter print
INFO: [
May 26, 2023 1:29:59 AM managers.LogPrinter print
INFO: /127.0.0.1
May 26, 2023 1:29:59 AM managers.LogPrinter print
INFO: ][
May 26, 2023 1:29:59 AM managers.LogPrinter print
INFO: 58371
May 26, 2023 1:29:59 AM managers.LogPrinter print
INFO: ]: Sent response.


May 26, 2023 1:30:05 AM managers.LogPrinter print
INFO: [
May 26, 2023 1:30:05 AM managers.LogPrinter print
INFO: /127.0.0.1
May 26, 2023 1:30:05 AM managers.LogPrinter print
INFO: ][
May 26, 2023 1:30:05 AM managers.LogPrinter print
INFO: 58371
May 26, 2023 1:30:05 AM managers.LogPrinter print
INFO: ]: Got message:

May 26, 2023 1:30:05 AM managers.LogPrinter print
INFO: InfoPacket{cmd = 'update', arg = '6', login = 'Kuchizu', password = 'kometa'}
May 26, 2023 1:30:05 AM managers.LogPrinter print
INFO: 

May 26, 2023 1:30:05 AM managers.LogPrinter print
INFO: [
May 26, 2023 1:30:05 AM managers.LogPrinter print
INFO: /127.0.0.1
May 26, 2023 1:30:05 AM managers.LogPrinter print
INFO: ][
May 26, 2023 1:30:05 AM managers.LogPrinter print
INFO: 58371
May 26, 2023 1:30:05 AM managers.LogPrinter print
INFO: ]: Sent response.


May 26, 2023 1:30:20 AM managers.LogPrinter print
INFO: [
May 26, 2023 1:30:20 AM managers.LogPrinter print
INFO: /127.0.0.1
May 26, 2023 1:30:20 AM managers.LogPrinter print
INFO: ][
May 26, 2023 1:30:20 AM managers.LogPrinter print
INFO: 58371
May 26, 2023 1:30:20 AM managers.LogPrinter print
INFO: ]: Got message:

May 26, 2023 1:30:20 AM managers.LogPrinter print
INFO: InfoPacket{cmd = 'update', arg = '9', login = 'Kuchizu', password = 'kometa'}
May 26, 2023 1:30:20 AM managers.LogPrinter print
INFO: 

May 26, 2023 1:30:20 AM managers.LogPrinter print
INFO: [
May 26, 2023 1:30:20 AM managers.LogPrinter print
INFO: /127.0.0.1
May 26, 2023 1:30:20 AM managers.LogPrinter print
INFO: ][
May 26, 2023 1:30:20 AM managers.LogPrinter print
INFO: 58371
May 26, 2023 1:30:20 AM managers.LogPrinter print
INFO: ]: Sent response.


May 26, 2023 1:30:32 AM managers.LogPrinter print
INFO: [
May 26, 2023 1:30:32 AM managers.LogPrinter print
INFO: /127.0.0.1
May 26, 2023 1:30:32 AM managers.LogPrinter print
INFO: ][
May 26, 2023 1:30:32 AM managers.LogPrinter print
INFO: 49879
May 26, 2023 1:30:32 AM managers.LogPrinter print
INFO: ]: [Connected]

May 26, 2023 1:30:32 AM managers.LogPrinter print
INFO: [
May 26, 2023 1:30:32 AM managers.LogPrinter print
INFO: /127.0.0.1
May 26, 2023 1:30:32 AM managers.LogPrinter print
INFO: ][
May 26, 2023 1:30:32 AM managers.LogPrinter print
INFO: 49879
May 26, 2023 1:30:32 AM managers.LogPrinter print
INFO: ]: Got message:

May 26, 2023 1:30:32 AM managers.LogPrinter print
INFO: InfoPacket{cmd = 'connectme', arg = 'null', login = 'null', password = 'null'}
May 26, 2023 1:30:32 AM managers.LogPrinter print
INFO: 

May 26, 2023 1:30:33 AM managers.LogPrinter print
INFO: [
May 26, 2023 1:30:33 AM managers.LogPrinter print
INFO: /127.0.0.1
May 26, 2023 1:30:33 AM managers.LogPrinter print
INFO: ][
May 26, 2023 1:30:33 AM managers.LogPrinter print
INFO: 49879
May 26, 2023 1:30:33 AM managers.LogPrinter print
INFO: ]: [Connected]

May 26, 2023 1:30:33 AM managers.LogPrinter print
INFO: [
May 26, 2023 1:30:33 AM managers.LogPrinter print
INFO: /127.0.0.1
May 26, 2023 1:30:33 AM managers.LogPrinter print
INFO: ][
May 26, 2023 1:30:33 AM managers.LogPrinter print
INFO: 49879
May 26, 2023 1:30:33 AM managers.LogPrinter print
INFO: ]: Got message:

May 26, 2023 1:30:33 AM managers.LogPrinter print
INFO: InfoPacket{cmd = 'connectme', arg = 'null', login = 'null', password = 'null'}
May 26, 2023 1:30:33 AM managers.LogPrinter print
INFO: 

May 26, 2023 1:30:37 AM managers.LogPrinter print
INFO: [
May 26, 2023 1:30:37 AM managers.LogPrinter print
INFO: /127.0.0.1
May 26, 2023 1:30:37 AM managers.LogPrinter print
INFO: ][
May 26, 2023 1:30:37 AM managers.LogPrinter print
INFO: 49879
May 26, 2023 1:30:37 AM managers.LogPrinter print
INFO: ]: Got message:

May 26, 2023 1:30:37 AM managers.LogPrinter print
INFO: InfoPacket{cmd = '/login', arg = 'null', login = 'Kuchizu', password = 'kometa'}
May 26, 2023 1:30:37 AM managers.LogPrinter print
INFO: 

May 26, 2023 1:30:37 AM managers.LogPrinter print
INFO: [
May 26, 2023 1:30:37 AM managers.LogPrinter print
INFO: /127.0.0.1
May 26, 2023 1:30:37 AM managers.LogPrinter print
INFO: ][
May 26, 2023 1:30:37 AM managers.LogPrinter print
INFO: 49879
May 26, 2023 1:30:37 AM managers.LogPrinter print
INFO: ]: Sent response.


May 26, 2023 1:30:37 AM managers.LogPrinter print
INFO: [
May 26, 2023 1:30:37 AM managers.LogPrinter print
INFO: /127.0.0.1
May 26, 2023 1:30:37 AM managers.LogPrinter print
INFO: ][
May 26, 2023 1:30:37 AM managers.LogPrinter print
INFO: 49879
May 26, 2023 1:30:37 AM managers.LogPrinter print
INFO: ]: Got message:

May 26, 2023 1:30:37 AM managers.LogPrinter print
INFO: InfoPacket{cmd = '/loadDB', arg = 'null', login = 'Kuchizu', password = 'kometa'}
May 26, 2023 1:30:37 AM managers.LogPrinter print
INFO: 

May 26, 2023 1:30:37 AM managers.LogPrinter print
INFO: DB
May 26, 2023 1:30:37 AM managers.LogPrinter println
INFO: DB
May 26, 2023 1:30:37 AM managers.LogPrinter print
INFO: [
May 26, 2023 1:30:37 AM managers.LogPrinter print
INFO: /127.0.0.1
May 26, 2023 1:30:37 AM managers.LogPrinter print
INFO: ][
May 26, 2023 1:30:37 AM managers.LogPrinter print
INFO: 49879
May 26, 2023 1:30:37 AM managers.LogPrinter print
INFO: ]: Sent response.


May 26, 2023 1:31:17 AM managers.LogPrinter print
INFO: [
May 26, 2023 1:31:17 AM managers.LogPrinter print
INFO: /127.0.0.1
May 26, 2023 1:31:17 AM managers.LogPrinter print
INFO: ][
May 26, 2023 1:31:17 AM managers.LogPrinter print
INFO: 49879
May 26, 2023 1:31:17 AM managers.LogPrinter print
INFO: ]: Got message:

May 26, 2023 1:31:17 AM managers.LogPrinter print
INFO: InfoPacket{cmd = 'update', arg = '10', login = 'Kuchizu', password = 'kometa'}
May 26, 2023 1:31:17 AM managers.LogPrinter print
INFO: 

May 26, 2023 1:31:17 AM managers.LogPrinter print
INFO: [
May 26, 2023 1:31:17 AM managers.LogPrinter print
INFO: /127.0.0.1
May 26, 2023 1:31:17 AM managers.LogPrinter print
INFO: ][
May 26, 2023 1:31:17 AM managers.LogPrinter print
INFO: 49879
May 26, 2023 1:31:17 AM managers.LogPrinter print
INFO: ]: Sent response.


May 26, 2023 1:31:22 AM managers.LogPrinter print
INFO: [
May 26, 2023 1:31:22 AM managers.LogPrinter print
INFO: /127.0.0.1
May 26, 2023 1:31:22 AM managers.LogPrinter print
INFO: ][
May 26, 2023 1:31:22 AM managers.LogPrinter print
INFO: 59525
May 26, 2023 1:31:22 AM managers.LogPrinter print
INFO: ]: [Connected]

May 26, 2023 1:31:22 AM managers.LogPrinter print
INFO: [
May 26, 2023 1:31:22 AM managers.LogPrinter print
INFO: /127.0.0.1
May 26, 2023 1:31:22 AM managers.LogPrinter print
INFO: ][
May 26, 2023 1:31:22 AM managers.LogPrinter print
INFO: 59525
May 26, 2023 1:31:22 AM managers.LogPrinter print
INFO: ]: Got message:

May 26, 2023 1:31:22 AM managers.LogPrinter print
INFO: InfoPacket{cmd = 'connectme', arg = 'null', login = 'null', password = 'null'}
May 26, 2023 1:31:22 AM managers.LogPrinter print
INFO: 

May 26, 2023 1:31:22 AM managers.LogPrinter print
INFO: [
May 26, 2023 1:31:22 AM managers.LogPrinter print
INFO: /127.0.0.1
May 26, 2023 1:31:22 AM managers.LogPrinter print
INFO: ][
May 26, 2023 1:31:22 AM managers.LogPrinter print
INFO: 59525
May 26, 2023 1:31:22 AM managers.LogPrinter print
INFO: ]: [Connected]

May 26, 2023 1:31:22 AM managers.LogPrinter print
INFO: [
May 26, 2023 1:31:22 AM managers.LogPrinter print
INFO: /127.0.0.1
May 26, 2023 1:31:22 AM managers.LogPrinter print
INFO: ][
May 26, 2023 1:31:22 AM managers.LogPrinter print
INFO: 59525
May 26, 2023 1:31:22 AM managers.LogPrinter print
INFO: ]: Got message:

May 26, 2023 1:31:22 AM managers.LogPrinter print
INFO: InfoPacket{cmd = 'connectme', arg = 'null', login = 'null', password = 'null'}
May 26, 2023 1:31:22 AM managers.LogPrinter print
INFO: 

May 26, 2023 1:31:27 AM managers.LogPrinter print
INFO: [
May 26, 2023 1:31:27 AM managers.LogPrinter print
INFO: /127.0.0.1
May 26, 2023 1:31:27 AM managers.LogPrinter print
INFO: ][
May 26, 2023 1:31:27 AM managers.LogPrinter print
INFO: 59525
May 26, 2023 1:31:27 AM managers.LogPrinter print
INFO: ]: Got message:

May 26, 2023 1:31:27 AM managers.LogPrinter print
INFO: InfoPacket{cmd = '/login', arg = 'null', login = 'Kuchizu', password = 'kometa'}
May 26, 2023 1:31:27 AM managers.LogPrinter print
INFO: 

May 26, 2023 1:31:27 AM managers.LogPrinter print
INFO: [
May 26, 2023 1:31:27 AM managers.LogPrinter print
INFO: /127.0.0.1
May 26, 2023 1:31:27 AM managers.LogPrinter print
INFO: ][
May 26, 2023 1:31:27 AM managers.LogPrinter print
INFO: 59525
May 26, 2023 1:31:27 AM managers.LogPrinter print
INFO: ]: Sent response.


May 26, 2023 1:31:27 AM managers.LogPrinter print
INFO: [
May 26, 2023 1:31:27 AM managers.LogPrinter print
INFO: /127.0.0.1
May 26, 2023 1:31:27 AM managers.LogPrinter print
INFO: ][
May 26, 2023 1:31:27 AM managers.LogPrinter print
INFO: 59525
May 26, 2023 1:31:27 AM managers.LogPrinter print
INFO: ]: Got message:

May 26, 2023 1:31:27 AM managers.LogPrinter print
INFO: InfoPacket{cmd = '/loadDB', arg = 'null', login = 'Kuchizu', password = 'kometa'}
May 26, 2023 1:31:27 AM managers.LogPrinter print
INFO: 

May 26, 2023 1:31:27 AM managers.LogPrinter print
INFO: DB
May 26, 2023 1:31:27 AM managers.LogPrinter println
INFO: DB
May 26, 2023 1:31:27 AM managers.LogPrinter print
INFO: [
May 26, 2023 1:31:27 AM managers.LogPrinter print
INFO: /127.0.0.1
May 26, 2023 1:31:27 AM managers.LogPrinter print
INFO: ][
May 26, 2023 1:31:27 AM managers.LogPrinter print
INFO: 59525
May 26, 2023 1:31:27 AM managers.LogPrinter print
INFO: ]: Sent response.


