May 03, 2023 2:31:52 AM managers.LogPrinter print
INFO: Server started handling [
May 03, 2023 2:31:52 AM managers.LogPrinter print
INFO: Kuchizu/127.0.1.1
May 03, 2023 2:31:52 AM managers.LogPrinter print
INFO: ][1234].

May 03, 2023 2:31:53 AM managers.LogPrinter print
INFO: [
May 03, 2023 2:31:53 AM managers.LogPrinter print
INFO: /127.0.0.1
May 03, 2023 2:31:53 AM managers.LogPrinter print
INFO: ][
May 03, 2023 2:31:53 AM managers.LogPrinter print
INFO: 59996
May 03, 2023 2:31:53 AM managers.LogPrinter print
INFO: ]: Got message:

May 03, 2023 2:31:53 AM managers.LogPrinter print
INFO: InfoPacket{cmd='info', arg='null'}
May 03, 2023 2:31:53 AM managers.LogPrinter print
INFO: 

May 03, 2023 2:31:53 AM managers.LogPrinter print
INFO: [
May 03, 2023 2:31:53 AM managers.LogPrinter print
INFO: /127.0.0.1
May 03, 2023 2:31:53 AM managers.LogPrinter print
INFO: ][
May 03, 2023 2:31:53 AM managers.LogPrinter print
INFO: 59996
May 03, 2023 2:31:53 AM managers.LogPrinter print
INFO: ]: Sent response.


May 03, 2023 2:31:54 AM managers.LogPrinter print
INFO: [
May 03, 2023 2:31:54 AM managers.LogPrinter print
INFO: /127.0.0.1
May 03, 2023 2:31:54 AM managers.LogPrinter print
INFO: ][
May 03, 2023 2:31:54 AM managers.LogPrinter print
INFO: 59996
May 03, 2023 2:31:54 AM managers.LogPrinter print
INFO: ]: Got message:

May 03, 2023 2:31:54 AM managers.LogPrinter print
INFO: InfoPacket{cmd='help', arg='null'}
May 03, 2023 2:31:54 AM managers.LogPrinter print
INFO: 

May 03, 2023 2:31:54 AM managers.LogPrinter print
INFO: [
May 03, 2023 2:31:54 AM managers.LogPrinter print
INFO: /127.0.0.1
May 03, 2023 2:31:54 AM managers.LogPrinter print
INFO: ][
May 03, 2023 2:31:54 AM managers.LogPrinter print
INFO: 59996
May 03, 2023 2:31:54 AM managers.LogPrinter print
INFO: ]: Sent response.


May 03, 2023 2:31:57 AM managers.LogPrinter print
INFO: [
May 03, 2023 2:31:57 AM managers.LogPrinter print
INFO: /127.0.0.1
May 03, 2023 2:31:57 AM managers.LogPrinter print
INFO: ][
May 03, 2023 2:31:57 AM managers.LogPrinter print
INFO: 59996
May 03, 2023 2:31:57 AM managers.LogPrinter print
INFO: ]: Got message:

May 03, 2023 2:31:57 AM managers.LogPrinter print
INFO: InfoPacket{cmd='head', arg='null'}
May 03, 2023 2:31:57 AM managers.LogPrinter print
INFO: 

May 03, 2023 2:31:57 AM managers.LogPrinter print
INFO: [
May 03, 2023 2:31:57 AM managers.LogPrinter print
INFO: /127.0.0.1
May 03, 2023 2:31:57 AM managers.LogPrinter print
INFO: ][
May 03, 2023 2:31:57 AM managers.LogPrinter print
INFO: 59996
May 03, 2023 2:31:57 AM managers.LogPrinter print
INFO: ]: Sent response.


May 03, 2023 2:31:59 AM managers.LogPrinter print
INFO: [
May 03, 2023 2:31:59 AM managers.LogPrinter print
INFO: /127.0.0.1
May 03, 2023 2:31:59 AM managers.LogPrinter print
INFO: ][
May 03, 2023 2:31:59 AM managers.LogPrinter print
INFO: 59996
May 03, 2023 2:31:59 AM managers.LogPrinter print
INFO: ]: Got message:

May 03, 2023 2:31:59 AM managers.LogPrinter print
INFO: InfoPacket{cmd='info', arg='null'}
May 03, 2023 2:31:59 AM managers.LogPrinter print
INFO: 

May 03, 2023 2:31:59 AM managers.LogPrinter print
INFO: [
May 03, 2023 2:31:59 AM managers.LogPrinter print
INFO: /127.0.0.1
May 03, 2023 2:31:59 AM managers.LogPrinter print
INFO: ][
May 03, 2023 2:31:59 AM managers.LogPrinter print
INFO: 59996
May 03, 2023 2:31:59 AM managers.LogPrinter print
INFO: ]: Sent response.


May 03, 2023 2:32:01 AM managers.LogPrinter print
INFO: [
May 03, 2023 2:32:01 AM managers.LogPrinter print
INFO: /127.0.0.1
May 03, 2023 2:32:01 AM managers.LogPrinter print
INFO: ][
May 03, 2023 2:32:01 AM managers.LogPrinter print
INFO: 59996
May 03, 2023 2:32:01 AM managers.LogPrinter print
INFO: ]: Got message:

May 03, 2023 2:32:01 AM managers.LogPrinter print
INFO: InfoPacket{cmd='show', arg='null'}
May 03, 2023 2:32:01 AM managers.LogPrinter print
INFO: 

May 03, 2023 2:32:01 AM managers.LogPrinter print
INFO: [
May 03, 2023 2:32:01 AM managers.LogPrinter print
INFO: /127.0.0.1
May 03, 2023 2:32:01 AM managers.LogPrinter print
INFO: ][
May 03, 2023 2:32:01 AM managers.LogPrinter print
INFO: 59996
May 03, 2023 2:32:01 AM managers.LogPrinter print
INFO: ]: Sent response.


